---------------------------------------------------------------
[ 2019-04-02T08:00:01+08:00 ] 172.16.101.22 GET 172.16.101.22/home/login/logins?username=cmlaw_renxiaoman&password=%21cmlaw0
[运行时间：0.016877s] [吞吐率：59.25req/s] [内存消耗：993.85kb] [文件加载：76]
[ info ] [ LANG ] /var/www/manager_cmlaw/thinkphp/lang/zh-cn.php
[ info ] [ ROUTE ] array (
)
[ info ] [ HEADER ] array (
  'host' => '172.16.101.22',
  'accept' => '*/*',
)
[ info ] [ PARAM ] array (
  'username' => 'cmlaw_renxiaoman',
  'password' => '!cmlaw0',
)
[ info ] [ DB ] INIT mysql
[ sql ] [ DB ] CONNECT:[ UseTime:0.002988s ] mysql:host=172.16.101.20;port=3306;dbname=lawyer_cmlaw;charset=utf8
[ sql ] [ SQL ] SHOW COLUMNS FROM `user_dangan` [ RunTime:0.002374s ]
[ sql ] [ SQL ] SELECT * FROM `user_dangan` WHERE (  ( `login_name` = 'renxiaoman' OR `user_phone` = 'renxiaoman' OR `user_email` = 'renxiaoman' ) ) AND `user_dangan`.`delete_time` IS NULL LIMIT 1 [ RunTime:0.001552s ]
---------------------------------------------------------------
[ 2019-04-02T08:00:01+08:00 ] 172.16.101.22 GET 172.16.101.22/api/Load?aaaa=1
[运行时间：0.012509s] [吞吐率：79.94req/s] [内存消耗：965.97kb] [文件加载：72]
[ info ] [ LANG ] /var/www/manager_cmlaw/thinkphp/lang/zh-cn.php
[ info ] [ ROUTE ] array (
  'rule' => 'api/Load',
  'route' => 'api/load/index',
  'option' => 
  array (
    'merge_rule_regex' => false,
    'method' => 'get|post',
  ),
  'var' => 
  array (
  ),
)
[ info ] [ HEADER ] array (
  'host' => '172.16.101.22',
  'accept' => '*/*',
)
[ info ] [ PARAM ] array (
  'aaaa' => '1',
)
[ info ] [ DB ] INIT mysql
[ sql ] [ DB ] CONNECT:[ UseTime:0.001517s ] mysql:host=172.16.101.20;port=3306;dbname=lawyer_cmlaw;charset=utf8
[ sql ] [ SQL ] SHOW COLUMNS FROM `jishi` [ RunTime:0.001591s ]
[ sql ] [ SQL ] SELECT * FROM `jishi` WHERE (  `jishi_status` = 1  AND `jishi_jiezhi_date` <= '2019-04-02' ) AND `jishi`.`delete_time` IS NULL [ RunTime:0.001441s ]
---------------------------------------------------------------
[ 2019-04-02T08:00:01+08:00 ] 172.16.101.22 GET 172.16.101.22/api/load.lichong/?aaaa=1
[运行时间：0.012460s] [吞吐率：80.26req/s] [内存消耗：965.15kb] [文件加载：72]
[ info ] [ LANG ] /var/www/manager_cmlaw/thinkphp/lang/zh-cn.php
[ info ] [ ROUTE ] array (
  'rule' => 'api/load.lichong',
  'route' => 'api/load/lichong',
  'option' => 
  array (
    'merge_rule_regex' => false,
    'method' => 'get|post',
  ),
  'var' => 
  array (
  ),
)
[ info ] [ HEADER ] array (
  'host' => '172.16.101.22',
  'accept' => '*/*',
)
[ info ] [ PARAM ] array (
  'aaaa' => '1',
)
[ info ] [ DB ] INIT mysql
[ sql ] [ DB ] CONNECT:[ UseTime:0.001368s ] mysql:host=172.16.101.20;port=3306;dbname=lawyer_cmlaw;charset=utf8
[ sql ] [ SQL ] SHOW COLUMNS FROM `lichong` [ RunTime:0.001501s ]
[ sql ] [ SQL ] SELECT * FROM `lichong` WHERE (  `lichong_status` = 1  AND `gongshijieshu_time` <= '2019-04-02' ) AND `lichong`.`delete_time` IS NULL [ RunTime:0.001836s ]
---------------------------------------------------------------
[ 2019-04-02T08:00:01+08:00 ] 172.16.101.22 GET 172.16.101.22/api/load.sum/?aaaa=1
[运行时间：0.037962s] [吞吐率：26.34req/s] [内存消耗：1,016.60kb] [文件加载：73]
[ info ] [ LANG ] /var/www/manager_cmlaw/thinkphp/lang/zh-cn.php
[ info ] [ ROUTE ] array (
  'rule' => 'api/load.sum',
  'route' => 'api/load/sum',
  'option' => 
  array (
    'merge_rule_regex' => false,
    'method' => 'get|post',
  ),
  'var' => 
  array (
  ),
)
[ info ] [ HEADER ] array (
  'host' => '172.16.101.22',
  'accept' => '*/*',
)
[ info ] [ PARAM ] array (
  'aaaa' => '1',
)
[ info ] [ DB ] INIT mysql
[ sql ] [ DB ] CONNECT:[ UseTime:0.001516s ] mysql:host=172.16.101.20;port=3306;dbname=lawyer_cmlaw;charset=utf8
[ sql ] [ SQL ] SHOW COLUMNS FROM `fensuo` [ RunTime:0.001496s ]
[ sql ] [ SQL ] SELECT * FROM `fensuo` WHERE (  `fensuo_delete` = 0 ) AND `fensuo`.`delete_time` IS NULL [ RunTime:0.001204s ]
[ sql ] [ SQL ] SHOW COLUMNS FROM `user` [ RunTime:0.001895s ]
[ sql ] [ SQL ] SELECT COUNT(*) AS tp_count FROM `user` WHERE (  `fensuoid` = 1 ) AND `user`.`delete_time` IS NULL LIMIT 1 [ RunTime:0.000849s ]
[ sql ] [ SQL ] SELECT COUNT(*) AS tp_count FROM `user` WHERE (  `fensuoid` = 2 ) AND `user`.`delete_time` IS NULL LIMIT 1 [ RunTime:0.001488s ]
[ sql ] [ SQL ] SELECT COUNT(*) AS tp_count FROM `user` WHERE (  `fensuoid` = 3 ) AND `user`.`delete_time` IS NULL LIMIT 1 [ RunTime:0.000905s ]
[ sql ] [ SQL ] SELECT COUNT(*) AS tp_count FROM `user` WHERE (  `fensuoid` = 4 ) AND `user`.`delete_time` IS NULL LIMIT 1 [ RunTime:0.000742s ]
[ sql ] [ SQL ] SELECT COUNT(*) AS tp_count FROM `user` WHERE (  `fensuoid` = 5 ) AND `user`.`delete_time` IS NULL LIMIT 1 [ RunTime:0.000757s ]
[ sql ] [ SQL ] SELECT COUNT(*) AS tp_count FROM `user` WHERE (  `fensuoid` = 13 ) AND `user`.`delete_time` IS NULL LIMIT 1 [ RunTime:0.000809s ]
[ sql ] [ SQL ] SELECT COUNT(*) AS tp_count FROM `user` WHERE (  `fensuoid` = 14 ) AND `user`.`delete_time` IS NULL LIMIT 1 [ RunTime:0.000771s ]
[ sql ] [ SQL ] UPDATE `fensuo`  SET `sum` = 18 , `update_time` = '2019-04-02 08:00:01.182236'  WHERE (  `idfensuo` = 1 ) AND `fensuo`.`delete_time` IS NULL [ RunTime:0.001005s ]
[ sql ] [ SQL ] UPDATE `fensuo`  SET `sum` = 26 , `update_time` = '2019-04-02 08:00:01.183787'  WHERE (  `idfensuo` = 2 ) AND `fensuo`.`delete_time` IS NULL [ RunTime:0.002997s ]
[ sql ] [ SQL ] UPDATE `fensuo`  SET `sum` = 1 , `update_time` = '2019-04-02 08:00:01.188051'  WHERE (  `idfensuo` = 3 ) AND `fensuo`.`delete_time` IS NULL [ RunTime:0.000861s ]
[ sql ] [ SQL ] UPDATE `fensuo`  SET `sum` = 0 , `update_time` = '2019-04-02 08:00:01.189470'  WHERE (  `idfensuo` = 4 ) AND `fensuo`.`delete_time` IS NULL [ RunTime:0.000652s ]
[ sql ] [ SQL ] UPDATE `fensuo`  SET `sum` = 0 , `update_time` = '2019-04-02 08:00:01.190542'  WHERE (  `idfensuo` = 5 ) AND `fensuo`.`delete_time` IS NULL [ RunTime:0.000669s ]
[ sql ] [ SQL ] UPDATE `fensuo`  SET `sum` = 1 , `update_time` = '2019-04-02 08:00:01.191649'  WHERE (  `idfensuo` = 13 ) AND `fensuo`.`delete_time` IS NULL [ RunTime:0.000714s ]
[ sql ] [ SQL ] UPDATE `fensuo`  SET `sum` = 0 , `update_time` = '2019-04-02 08:00:01.192810'  WHERE (  `idfensuo` = 14 ) AND `fensuo`.`delete_time` IS NULL [ RunTime:0.000748s ]
---------------------------------------------------------------
[ 2019-04-02T10:23:05+08:00 ] 192.168.101.132 GET 172.16.101.22/
[运行时间：0.019458s] [吞吐率：51.39req/s] [内存消耗：1,010.45kb] [文件加载：82]
[ info ] [ LANG ] /var/www/manager_cmlaw/thinkphp/lang/zh-cn.php
[ info ] [ ROUTE ] array (
)
[ info ] [ HEADER ] array (
  'host' => '172.16.101.22',
  'connection' => 'keep-alive',
  'purpose' => 'prefetch',
  'upgrade-insecure-requests' => '1',
  'user-agent' => 'Mozilla/5.0 (Windows NT 10.0; Win64; x64) AppleWebKit/537.36 (KHTML, like Gecko) Chrome/72.0.3626.119 Safari/537.36',
  'accept' => 'text/html,application/xhtml+xml,application/xml;q=0.9,image/webp,image/apng,*/*;q=0.8',
  'accept-encoding' => 'gzip, deflate',
  'accept-language' => 'zh-CN,zh;q=0.9',
)
[ info ] [ PARAM ] array (
)
[ info ] [ DB ] INIT mysql
[ sql ] [ DB ] CONNECT:[ UseTime:0.001595s ] mysql:host=172.16.101.20;port=3306;dbname=lawyer_cmlaw;charset=utf8
[ sql ] [ SQL ] SHOW COLUMNS FROM `auth_group_access` [ RunTime:0.001620s ]
[ sql ] [ SQL ] SELECT `groupid` FROM `auth_group_access` WHERE (  `userid` IS NULL ) AND `auth_group_access`.`delete_time` IS NULL [ RunTime:0.001785s ]
[ sql ] [ SQL ] SHOW COLUMNS FROM `auth_group` [ RunTime:0.001204s ]
[ sql ] [ SQL ] SELECT `rules` FROM `auth_group` WHERE (  `id` IN ('') ) AND `auth_group`.`delete_time` IS NULL [ RunTime:0.000714s ]
[ sql ] [ SQL ] SHOW COLUMNS FROM `auth_rule` [ RunTime:0.001186s ]
[ sql ] [ SQL ] SELECT * FROM `auth_rule` WHERE  `id` IN (0)  AND `ruleid` = 0  AND `type` = 1 ORDER BY `paixun` DESC [ RunTime:0.000874s ]
[ sql ] [ SQL ] SELECT * FROM `auth_rule` WHERE  `id` IN (0)  AND `title` = 'index/index' LIMIT 1 [ RunTime:0.000882s ]
[ sql ] [ SQL ] SELECT * FROM `auth_rule` WHERE  `id` IN (0)  AND `ruleid` IS NULL  AND `type` = 1 ORDER BY `paixun` DESC [ RunTime:0.000840s ]
---------------------------------------------------------------
[ 2019-04-02T10:23:05+08:00 ] 192.168.101.132 GET 172.16.101.22/home/login/
[运行时间：0.004376s] [吞吐率：228.52req/s] [内存消耗：691.47kb] [文件加载：60]
[ info ] [ LANG ] /var/www/manager_cmlaw/thinkphp/lang/zh-cn.php
[ info ] [ ROUTE ] array (
)
[ info ] [ HEADER ] array (
  'host' => '172.16.101.22',
  'connection' => 'keep-alive',
  'purpose' => 'prefetch',
  'upgrade-insecure-requests' => '1',
  'user-agent' => 'Mozilla/5.0 (Windows NT 10.0; Win64; x64) AppleWebKit/537.36 (KHTML, like Gecko) Chrome/72.0.3626.119 Safari/537.36',
  'accept' => 'text/html,application/xhtml+xml,application/xml;q=0.9,image/webp,image/apng,*/*;q=0.8',
  'accept-encoding' => 'gzip, deflate',
  'accept-language' => 'zh-CN,zh;q=0.9',
  'cookie' => 'PHPSESSID=8h8rqoc291i0v0vek2b821q73e',
)
[ info ] [ PARAM ] array (
)
[ info ] [ VIEW ] /var/www/manager_cmlaw/application/home/view/login/login-1.html [ array (
) ]
