---------------------------------------------------------------
[ 2019-04-07T08:00:01+08:00 ] 172.16.101.22 GET 172.16.101.22/home/login/logins?username=cmlaw_renxiaoman&password=%21cmlaw0
[运行时间：0.080092s] [吞吐率：12.49req/s] [内存消耗：1,327.27kb] [文件加载：76]
[ info ] [ LANG ] /var/www/manager_cmlaw/thinkphp/lang/zh-cn.php
[ info ] [ ROUTE ] array (
)
[ info ] [ HEADER ] array (
  'host' => '172.16.101.22',
  'accept' => '*/*',
)
[ info ] [ PARAM ] array (
  'username' => 'cmlaw_renxiaoman',
  'password' => '!cmlaw0',
)
[ info ] [ DB ] INIT mysql
[ sql ] [ DB ] CONNECT:[ UseTime:0.001986s ] mysql:host=172.16.101.20;port=3306;dbname=lawyer_cmlaw;charset=utf8
[ sql ] [ SQL ] SHOW COLUMNS FROM `user_dangan` [ RunTime:0.001193s ]
[ sql ] [ SQL ] SELECT * FROM `user_dangan` WHERE (  ( `login_name` = 'renxiaoman' OR `user_phone` = 'renxiaoman' OR `user_email` = 'renxiaoman' ) ) AND `user_dangan`.`delete_time` IS NULL LIMIT 1 [ RunTime:0.000841s ]
---------------------------------------------------------------
[ 2019-04-07T08:00:01+08:00 ] 172.16.101.22 GET 172.16.101.22/api/Load?aaaa=1
[运行时间：0.015589s] [吞吐率：64.15req/s] [内存消耗：1,030.31kb] [文件加载：72]
[ info ] [ LANG ] /var/www/manager_cmlaw/thinkphp/lang/zh-cn.php
[ info ] [ ROUTE ] array (
  'rule' => 'api/Load',
  'route' => 'api/load/index',
  'option' => 
  array (
    'merge_rule_regex' => false,
    'method' => 'get|post',
  ),
  'var' => 
  array (
  ),
)
[ info ] [ HEADER ] array (
  'host' => '172.16.101.22',
  'accept' => '*/*',
)
[ info ] [ PARAM ] array (
  'aaaa' => '1',
)
[ info ] [ DB ] INIT mysql
[ sql ] [ DB ] CONNECT:[ UseTime:0.001646s ] mysql:host=172.16.101.20;port=3306;dbname=lawyer_cmlaw;charset=utf8
[ sql ] [ SQL ] SHOW COLUMNS FROM `jishi` [ RunTime:0.001191s ]
[ sql ] [ SQL ] SELECT * FROM `jishi` WHERE (  `jishi_status` = 1  AND `jishi_jiezhi_date` <= '2019-04-07' ) AND `jishi`.`delete_time` IS NULL [ RunTime:0.000935s ]
---------------------------------------------------------------
[ 2019-04-07T08:00:01+08:00 ] 172.16.101.22 GET 172.16.101.22/api/load.lichong/?aaaa=1
[运行时间：0.013130s] [吞吐率：76.16req/s] [内存消耗：965.15kb] [文件加载：72]
[ info ] [ LANG ] /var/www/manager_cmlaw/thinkphp/lang/zh-cn.php
[ info ] [ ROUTE ] array (
  'rule' => 'api/load.lichong',
  'route' => 'api/load/lichong',
  'option' => 
  array (
    'merge_rule_regex' => false,
    'method' => 'get|post',
  ),
  'var' => 
  array (
  ),
)
[ info ] [ HEADER ] array (
  'host' => '172.16.101.22',
  'accept' => '*/*',
)
[ info ] [ PARAM ] array (
  'aaaa' => '1',
)
[ info ] [ DB ] INIT mysql
[ sql ] [ DB ] CONNECT:[ UseTime:0.001511s ] mysql:host=172.16.101.20;port=3306;dbname=lawyer_cmlaw;charset=utf8
[ sql ] [ SQL ] SHOW COLUMNS FROM `lichong` [ RunTime:0.001151s ]
[ sql ] [ SQL ] SELECT * FROM `lichong` WHERE (  `lichong_status` = 1  AND `gongshijieshu_time` <= '2019-04-07' ) AND `lichong`.`delete_time` IS NULL [ RunTime:0.000989s ]
---------------------------------------------------------------
[ 2019-04-07T08:00:01+08:00 ] 172.16.101.22 GET 172.16.101.22/api/load.sum/?aaaa=1
[运行时间：0.027552s] [吞吐率：36.29req/s] [内存消耗：1,016.60kb] [文件加载：73]
[ info ] [ LANG ] /var/www/manager_cmlaw/thinkphp/lang/zh-cn.php
[ info ] [ ROUTE ] array (
  'rule' => 'api/load.sum',
  'route' => 'api/load/sum',
  'option' => 
  array (
    'merge_rule_regex' => false,
    'method' => 'get|post',
  ),
  'var' => 
  array (
  ),
)
[ info ] [ HEADER ] array (
  'host' => '172.16.101.22',
  'accept' => '*/*',
)
[ info ] [ PARAM ] array (
  'aaaa' => '1',
)
[ info ] [ DB ] INIT mysql
[ sql ] [ DB ] CONNECT:[ UseTime:0.001603s ] mysql:host=172.16.101.20;port=3306;dbname=lawyer_cmlaw;charset=utf8
[ sql ] [ SQL ] SHOW COLUMNS FROM `fensuo` [ RunTime:0.001054s ]
[ sql ] [ SQL ] SELECT * FROM `fensuo` WHERE (  `fensuo_delete` = 0 ) AND `fensuo`.`delete_time` IS NULL [ RunTime:0.000716s ]
[ sql ] [ SQL ] SHOW COLUMNS FROM `user` [ RunTime:0.001122s ]
[ sql ] [ SQL ] SELECT COUNT(*) AS tp_count FROM `user` WHERE (  `fensuoid` = 1 ) AND `user`.`delete_time` IS NULL LIMIT 1 [ RunTime:0.000603s ]
[ sql ] [ SQL ] SELECT COUNT(*) AS tp_count FROM `user` WHERE (  `fensuoid` = 2 ) AND `user`.`delete_time` IS NULL LIMIT 1 [ RunTime:0.000530s ]
[ sql ] [ SQL ] SELECT COUNT(*) AS tp_count FROM `user` WHERE (  `fensuoid` = 3 ) AND `user`.`delete_time` IS NULL LIMIT 1 [ RunTime:0.000527s ]
[ sql ] [ SQL ] SELECT COUNT(*) AS tp_count FROM `user` WHERE (  `fensuoid` = 4 ) AND `user`.`delete_time` IS NULL LIMIT 1 [ RunTime:0.000572s ]
[ sql ] [ SQL ] SELECT COUNT(*) AS tp_count FROM `user` WHERE (  `fensuoid` = 5 ) AND `user`.`delete_time` IS NULL LIMIT 1 [ RunTime:0.000562s ]
[ sql ] [ SQL ] SELECT COUNT(*) AS tp_count FROM `user` WHERE (  `fensuoid` = 13 ) AND `user`.`delete_time` IS NULL LIMIT 1 [ RunTime:0.000521s ]
[ sql ] [ SQL ] SELECT COUNT(*) AS tp_count FROM `user` WHERE (  `fensuoid` = 14 ) AND `user`.`delete_time` IS NULL LIMIT 1 [ RunTime:0.000521s ]
[ sql ] [ SQL ] UPDATE `fensuo`  SET `sum` = 18 , `update_time` = '2019-04-07 08:00:01.911382'  WHERE (  `idfensuo` = 1 ) AND `fensuo`.`delete_time` IS NULL [ RunTime:0.000674s ]
[ sql ] [ SQL ] UPDATE `fensuo`  SET `sum` = 26 , `update_time` = '2019-04-07 08:00:01.912455'  WHERE (  `idfensuo` = 2 ) AND `fensuo`.`delete_time` IS NULL [ RunTime:0.000486s ]
[ sql ] [ SQL ] UPDATE `fensuo`  SET `sum` = 1 , `update_time` = '2019-04-07 08:00:01.913294'  WHERE (  `idfensuo` = 3 ) AND `fensuo`.`delete_time` IS NULL [ RunTime:0.000475s ]
[ sql ] [ SQL ] UPDATE `fensuo`  SET `sum` = 0 , `update_time` = '2019-04-07 08:00:01.914100'  WHERE (  `idfensuo` = 4 ) AND `fensuo`.`delete_time` IS NULL [ RunTime:0.000487s ]
[ sql ] [ SQL ] UPDATE `fensuo`  SET `sum` = 0 , `update_time` = '2019-04-07 08:00:01.914916'  WHERE (  `idfensuo` = 5 ) AND `fensuo`.`delete_time` IS NULL [ RunTime:0.000504s ]
[ sql ] [ SQL ] UPDATE `fensuo`  SET `sum` = 1 , `update_time` = '2019-04-07 08:00:01.915749'  WHERE (  `idfensuo` = 13 ) AND `fensuo`.`delete_time` IS NULL [ RunTime:0.000478s ]
[ sql ] [ SQL ] UPDATE `fensuo`  SET `sum` = 0 , `update_time` = '2019-04-07 08:00:01.916556'  WHERE (  `idfensuo` = 14 ) AND `fensuo`.`delete_time` IS NULL [ RunTime:0.000534s ]
