---------------------------------------------------------------
[ 2019-04-08T08:00:01+08:00 ] 172.16.101.22 GET 172.16.101.22/home/login/logins?username=cmlaw_renxiaoman&password=%21cmlaw0
[运行时间：0.086379s] [吞吐率：11.58req/s] [内存消耗：1,327.27kb] [文件加载：76]
[ info ] [ LANG ] /var/www/manager_cmlaw/thinkphp/lang/zh-cn.php
[ info ] [ ROUTE ] array (
)
[ info ] [ HEADER ] array (
  'host' => '172.16.101.22',
  'accept' => '*/*',
)
[ info ] [ PARAM ] array (
  'username' => 'cmlaw_renxiaoman',
  'password' => '!cmlaw0',
)
[ info ] [ DB ] INIT mysql
[ sql ] [ DB ] CONNECT:[ UseTime:0.001946s ] mysql:host=172.16.101.20;port=3306;dbname=lawyer_cmlaw;charset=utf8
[ sql ] [ SQL ] SHOW COLUMNS FROM `user_dangan` [ RunTime:0.001621s ]
[ sql ] [ SQL ] SELECT * FROM `user_dangan` WHERE (  ( `login_name` = 'renxiaoman' OR `user_phone` = 'renxiaoman' OR `user_email` = 'renxiaoman' ) ) AND `user_dangan`.`delete_time` IS NULL LIMIT 1 [ RunTime:0.001010s ]
---------------------------------------------------------------
[ 2019-04-08T08:00:01+08:00 ] 172.16.101.22 GET 172.16.101.22/api/Load?aaaa=1
[运行时间：0.014612s] [吞吐率：68.44req/s] [内存消耗：1,030.31kb] [文件加载：72]
[ info ] [ LANG ] /var/www/manager_cmlaw/thinkphp/lang/zh-cn.php
[ info ] [ ROUTE ] array (
  'rule' => 'api/Load',
  'route' => 'api/load/index',
  'option' => 
  array (
    'merge_rule_regex' => false,
    'method' => 'get|post',
  ),
  'var' => 
  array (
  ),
)
[ info ] [ HEADER ] array (
  'host' => '172.16.101.22',
  'accept' => '*/*',
)
[ info ] [ PARAM ] array (
  'aaaa' => '1',
)
[ info ] [ DB ] INIT mysql
[ sql ] [ DB ] CONNECT:[ UseTime:0.001390s ] mysql:host=172.16.101.20;port=3306;dbname=lawyer_cmlaw;charset=utf8
[ sql ] [ SQL ] SHOW COLUMNS FROM `jishi` [ RunTime:0.001198s ]
[ sql ] [ SQL ] SELECT * FROM `jishi` WHERE (  `jishi_status` = 1  AND `jishi_jiezhi_date` <= '2019-04-08' ) AND `jishi`.`delete_time` IS NULL [ RunTime:0.000906s ]
---------------------------------------------------------------
[ 2019-04-08T08:00:01+08:00 ] 172.16.101.22 GET 172.16.101.22/api/load.lichong/?aaaa=1
[运行时间：0.015779s] [吞吐率：63.38req/s] [内存消耗：965.15kb] [文件加载：72]
[ info ] [ LANG ] /var/www/manager_cmlaw/thinkphp/lang/zh-cn.php
[ info ] [ ROUTE ] array (
  'rule' => 'api/load.lichong',
  'route' => 'api/load/lichong',
  'option' => 
  array (
    'merge_rule_regex' => false,
    'method' => 'get|post',
  ),
  'var' => 
  array (
  ),
)
[ info ] [ HEADER ] array (
  'host' => '172.16.101.22',
  'accept' => '*/*',
)
[ info ] [ PARAM ] array (
  'aaaa' => '1',
)
[ info ] [ DB ] INIT mysql
[ sql ] [ DB ] CONNECT:[ UseTime:0.001236s ] mysql:host=172.16.101.20;port=3306;dbname=lawyer_cmlaw;charset=utf8
[ sql ] [ SQL ] SHOW COLUMNS FROM `lichong` [ RunTime:0.001046s ]
[ sql ] [ SQL ] SELECT * FROM `lichong` WHERE (  `lichong_status` = 1  AND `gongshijieshu_time` <= '2019-04-08' ) AND `lichong`.`delete_time` IS NULL [ RunTime:0.000964s ]
---------------------------------------------------------------
[ 2019-04-08T08:00:01+08:00 ] 172.16.101.22 GET 172.16.101.22/api/load.sum/?aaaa=1
[运行时间：0.030215s] [吞吐率：33.10req/s] [内存消耗：1,016.60kb] [文件加载：73]
[ info ] [ LANG ] /var/www/manager_cmlaw/thinkphp/lang/zh-cn.php
[ info ] [ ROUTE ] array (
  'rule' => 'api/load.sum',
  'route' => 'api/load/sum',
  'option' => 
  array (
    'merge_rule_regex' => false,
    'method' => 'get|post',
  ),
  'var' => 
  array (
  ),
)
[ info ] [ HEADER ] array (
  'host' => '172.16.101.22',
  'accept' => '*/*',
)
[ info ] [ PARAM ] array (
  'aaaa' => '1',
)
[ info ] [ DB ] INIT mysql
[ sql ] [ DB ] CONNECT:[ UseTime:0.001418s ] mysql:host=172.16.101.20;port=3306;dbname=lawyer_cmlaw;charset=utf8
[ sql ] [ SQL ] SHOW COLUMNS FROM `fensuo` [ RunTime:0.001047s ]
[ sql ] [ SQL ] SELECT * FROM `fensuo` WHERE (  `fensuo_delete` = 0 ) AND `fensuo`.`delete_time` IS NULL [ RunTime:0.000763s ]
[ sql ] [ SQL ] SHOW COLUMNS FROM `user` [ RunTime:0.001242s ]
[ sql ] [ SQL ] SELECT COUNT(*) AS tp_count FROM `user` WHERE (  `fensuoid` = 1 ) AND `user`.`delete_time` IS NULL LIMIT 1 [ RunTime:0.000761s ]
[ sql ] [ SQL ] SELECT COUNT(*) AS tp_count FROM `user` WHERE (  `fensuoid` = 2 ) AND `user`.`delete_time` IS NULL LIMIT 1 [ RunTime:0.000666s ]
[ sql ] [ SQL ] SELECT COUNT(*) AS tp_count FROM `user` WHERE (  `fensuoid` = 3 ) AND `user`.`delete_time` IS NULL LIMIT 1 [ RunTime:0.000576s ]
[ sql ] [ SQL ] SELECT COUNT(*) AS tp_count FROM `user` WHERE (  `fensuoid` = 4 ) AND `user`.`delete_time` IS NULL LIMIT 1 [ RunTime:0.000540s ]
[ sql ] [ SQL ] SELECT COUNT(*) AS tp_count FROM `user` WHERE (  `fensuoid` = 5 ) AND `user`.`delete_time` IS NULL LIMIT 1 [ RunTime:0.000510s ]
[ sql ] [ SQL ] SELECT COUNT(*) AS tp_count FROM `user` WHERE (  `fensuoid` = 13 ) AND `user`.`delete_time` IS NULL LIMIT 1 [ RunTime:0.000474s ]
[ sql ] [ SQL ] SELECT COUNT(*) AS tp_count FROM `user` WHERE (  `fensuoid` = 14 ) AND `user`.`delete_time` IS NULL LIMIT 1 [ RunTime:0.000489s ]
[ sql ] [ SQL ] UPDATE `fensuo`  SET `sum` = 18 , `update_time` = '2019-04-08 08:00:01.532390'  WHERE (  `idfensuo` = 1 ) AND `fensuo`.`delete_time` IS NULL [ RunTime:0.000638s ]
[ sql ] [ SQL ] UPDATE `fensuo`  SET `sum` = 26 , `update_time` = '2019-04-08 08:00:01.533445'  WHERE (  `idfensuo` = 2 ) AND `fensuo`.`delete_time` IS NULL [ RunTime:0.000469s ]
[ sql ] [ SQL ] UPDATE `fensuo`  SET `sum` = 1 , `update_time` = '2019-04-08 08:00:01.534265'  WHERE (  `idfensuo` = 3 ) AND `fensuo`.`delete_time` IS NULL [ RunTime:0.000459s ]
[ sql ] [ SQL ] UPDATE `fensuo`  SET `sum` = 0 , `update_time` = '2019-04-08 08:00:01.535040'  WHERE (  `idfensuo` = 4 ) AND `fensuo`.`delete_time` IS NULL [ RunTime:0.000447s ]
[ sql ] [ SQL ] UPDATE `fensuo`  SET `sum` = 0 , `update_time` = '2019-04-08 08:00:01.535809'  WHERE (  `idfensuo` = 5 ) AND `fensuo`.`delete_time` IS NULL [ RunTime:0.000451s ]
[ sql ] [ SQL ] UPDATE `fensuo`  SET `sum` = 1 , `update_time` = '2019-04-08 08:00:01.536585'  WHERE (  `idfensuo` = 13 ) AND `fensuo`.`delete_time` IS NULL [ RunTime:0.000451s ]
[ sql ] [ SQL ] UPDATE `fensuo`  SET `sum` = 0 , `update_time` = '2019-04-08 08:00:01.537360'  WHERE (  `idfensuo` = 14 ) AND `fensuo`.`delete_time` IS NULL [ RunTime:0.000447s ]
