---------------------------------------------------------------
[ 2019-04-09T08:00:01+08:00 ] 172.16.101.22 GET 172.16.101.22/home/login/logins?username=cmlaw_renxiaoman&password=%21cmlaw0
[运行时间：0.083443s] [吞吐率：11.98req/s] [内存消耗：1,327.27kb] [文件加载：76]
[ info ] [ LANG ] /var/www/manager_cmlaw/thinkphp/lang/zh-cn.php
[ info ] [ ROUTE ] array (
)
[ info ] [ HEADER ] array (
  'host' => '172.16.101.22',
  'accept' => '*/*',
)
[ info ] [ PARAM ] array (
  'username' => 'cmlaw_renxiaoman',
  'password' => '!cmlaw0',
)
[ info ] [ DB ] INIT mysql
[ sql ] [ DB ] CONNECT:[ UseTime:0.002240s ] mysql:host=172.16.101.20;port=3306;dbname=lawyer_cmlaw;charset=utf8
[ sql ] [ SQL ] SHOW COLUMNS FROM `user_dangan` [ RunTime:0.001899s ]
[ sql ] [ SQL ] SELECT * FROM `user_dangan` WHERE (  ( `login_name` = 'renxiaoman' OR `user_phone` = 'renxiaoman' OR `user_email` = 'renxiaoman' ) ) AND `user_dangan`.`delete_time` IS NULL LIMIT 1 [ RunTime:0.001143s ]
---------------------------------------------------------------
[ 2019-04-09T08:00:01+08:00 ] 172.16.101.22 GET 172.16.101.22/api/Load?aaaa=1
[运行时间：0.032644s] [吞吐率：30.63req/s] [内存消耗：985.75kb] [文件加载：72]
[ info ] [ LANG ] /var/www/manager_cmlaw/thinkphp/lang/zh-cn.php
[ info ] [ ROUTE ] array (
  'rule' => 'api/Load',
  'route' => 'api/load/index',
  'option' => 
  array (
    'merge_rule_regex' => false,
    'method' => 'get|post',
  ),
  'var' => 
  array (
  ),
)
[ info ] [ HEADER ] array (
  'host' => '172.16.101.22',
  'accept' => '*/*',
)
[ info ] [ PARAM ] array (
  'aaaa' => '1',
)
[ info ] [ DB ] INIT mysql
[ sql ] [ DB ] CONNECT:[ UseTime:0.001535s ] mysql:host=172.16.101.20;port=3306;dbname=lawyer_cmlaw;charset=utf8
[ sql ] [ SQL ] SHOW COLUMNS FROM `jishi` [ RunTime:0.001196s ]
[ sql ] [ SQL ] SELECT * FROM `jishi` WHERE (  `jishi_status` = 1  AND `jishi_jiezhi_date` <= '2019-04-09' ) AND `jishi`.`delete_time` IS NULL [ RunTime:0.000893s ]
[ sql ] [ SQL ] UPDATE `jishi`  SET `jishi_status` = 2 , `update_time` = '2019-04-09 08:00:01'  WHERE (  `idjishi` = 47 ) AND `jishi`.`delete_time` IS NULL [ RunTime:0.000823s ]
---------------------------------------------------------------
[ 2019-04-09T08:00:02+08:00 ] 172.16.101.22 GET 172.16.101.22/api/load.lichong/?aaaa=1
[运行时间：0.013961s] [吞吐率：71.63req/s] [内存消耗：965.15kb] [文件加载：72]
[ info ] [ LANG ] /var/www/manager_cmlaw/thinkphp/lang/zh-cn.php
[ info ] [ ROUTE ] array (
  'rule' => 'api/load.lichong',
  'route' => 'api/load/lichong',
  'option' => 
  array (
    'merge_rule_regex' => false,
    'method' => 'get|post',
  ),
  'var' => 
  array (
  ),
)
[ info ] [ HEADER ] array (
  'host' => '172.16.101.22',
  'accept' => '*/*',
)
[ info ] [ PARAM ] array (
  'aaaa' => '1',
)
[ info ] [ DB ] INIT mysql
[ sql ] [ DB ] CONNECT:[ UseTime:0.001922s ] mysql:host=172.16.101.20;port=3306;dbname=lawyer_cmlaw;charset=utf8
[ sql ] [ SQL ] SHOW COLUMNS FROM `lichong` [ RunTime:0.001201s ]
[ sql ] [ SQL ] SELECT * FROM `lichong` WHERE (  `lichong_status` = 1  AND `gongshijieshu_time` <= '2019-04-09' ) AND `lichong`.`delete_time` IS NULL [ RunTime:0.001006s ]
---------------------------------------------------------------
[ 2019-04-09T08:00:02+08:00 ] 172.16.101.22 GET 172.16.101.22/api/load.sum/?aaaa=1
[运行时间：0.032930s] [吞吐率：30.37req/s] [内存消耗：1,016.60kb] [文件加载：73]
[ info ] [ LANG ] /var/www/manager_cmlaw/thinkphp/lang/zh-cn.php
[ info ] [ ROUTE ] array (
  'rule' => 'api/load.sum',
  'route' => 'api/load/sum',
  'option' => 
  array (
    'merge_rule_regex' => false,
    'method' => 'get|post',
  ),
  'var' => 
  array (
  ),
)
[ info ] [ HEADER ] array (
  'host' => '172.16.101.22',
  'accept' => '*/*',
)
[ info ] [ PARAM ] array (
  'aaaa' => '1',
)
[ info ] [ DB ] INIT mysql
[ sql ] [ DB ] CONNECT:[ UseTime:0.001578s ] mysql:host=172.16.101.20;port=3306;dbname=lawyer_cmlaw;charset=utf8
[ sql ] [ SQL ] SHOW COLUMNS FROM `fensuo` [ RunTime:0.001236s ]
[ sql ] [ SQL ] SELECT * FROM `fensuo` WHERE (  `fensuo_delete` = 0 ) AND `fensuo`.`delete_time` IS NULL [ RunTime:0.001135s ]
[ sql ] [ SQL ] SHOW COLUMNS FROM `user` [ RunTime:0.001407s ]
[ sql ] [ SQL ] SELECT COUNT(*) AS tp_count FROM `user` WHERE (  `fensuoid` = 1 ) AND `user`.`delete_time` IS NULL LIMIT 1 [ RunTime:0.000661s ]
[ sql ] [ SQL ] SELECT COUNT(*) AS tp_count FROM `user` WHERE (  `fensuoid` = 2 ) AND `user`.`delete_time` IS NULL LIMIT 1 [ RunTime:0.000524s ]
[ sql ] [ SQL ] SELECT COUNT(*) AS tp_count FROM `user` WHERE (  `fensuoid` = 3 ) AND `user`.`delete_time` IS NULL LIMIT 1 [ RunTime:0.000515s ]
[ sql ] [ SQL ] SELECT COUNT(*) AS tp_count FROM `user` WHERE (  `fensuoid` = 4 ) AND `user`.`delete_time` IS NULL LIMIT 1 [ RunTime:0.000496s ]
[ sql ] [ SQL ] SELECT COUNT(*) AS tp_count FROM `user` WHERE (  `fensuoid` = 5 ) AND `user`.`delete_time` IS NULL LIMIT 1 [ RunTime:0.000522s ]
[ sql ] [ SQL ] SELECT COUNT(*) AS tp_count FROM `user` WHERE (  `fensuoid` = 13 ) AND `user`.`delete_time` IS NULL LIMIT 1 [ RunTime:0.000542s ]
[ sql ] [ SQL ] SELECT COUNT(*) AS tp_count FROM `user` WHERE (  `fensuoid` = 14 ) AND `user`.`delete_time` IS NULL LIMIT 1 [ RunTime:0.000508s ]
[ sql ] [ SQL ] UPDATE `fensuo`  SET `sum` = 18 , `update_time` = '2019-04-09 08:00:02.037581'  WHERE (  `idfensuo` = 1 ) AND `fensuo`.`delete_time` IS NULL [ RunTime:0.000553s ]
[ sql ] [ SQL ] UPDATE `fensuo`  SET `sum` = 26 , `update_time` = '2019-04-09 08:00:02.038509'  WHERE (  `idfensuo` = 2 ) AND `fensuo`.`delete_time` IS NULL [ RunTime:0.000500s ]
[ sql ] [ SQL ] UPDATE `fensuo`  SET `sum` = 1 , `update_time` = '2019-04-09 08:00:02.039331'  WHERE (  `idfensuo` = 3 ) AND `fensuo`.`delete_time` IS NULL [ RunTime:0.000482s ]
[ sql ] [ SQL ] UPDATE `fensuo`  SET `sum` = 0 , `update_time` = '2019-04-09 08:00:02.040131'  WHERE (  `idfensuo` = 4 ) AND `fensuo`.`delete_time` IS NULL [ RunTime:0.000500s ]
[ sql ] [ SQL ] UPDATE `fensuo`  SET `sum` = 0 , `update_time` = '2019-04-09 08:00:02.040954'  WHERE (  `idfensuo` = 5 ) AND `fensuo`.`delete_time` IS NULL [ RunTime:0.000481s ]
[ sql ] [ SQL ] UPDATE `fensuo`  SET `sum` = 1 , `update_time` = '2019-04-09 08:00:02.041762'  WHERE (  `idfensuo` = 13 ) AND `fensuo`.`delete_time` IS NULL [ RunTime:0.000489s ]
[ sql ] [ SQL ] UPDATE `fensuo`  SET `sum` = 0 , `update_time` = '2019-04-09 08:00:02.042582'  WHERE (  `idfensuo` = 14 ) AND `fensuo`.`delete_time` IS NULL [ RunTime:0.000520s ]
