---------------------------------------------------------------
[ 2019-04-10T08:00:01+08:00 ] 172.16.101.22 GET 172.16.101.22/home/login/logins?username=cmlaw_renxiaoman&password=%21cmlaw0
[运行时间：0.081290s] [吞吐率：12.30req/s] [内存消耗：1,327.27kb] [文件加载：76]
[ info ] [ LANG ] /var/www/manager_cmlaw/thinkphp/lang/zh-cn.php
[ info ] [ ROUTE ] array (
)
[ info ] [ HEADER ] array (
  'host' => '172.16.101.22',
  'accept' => '*/*',
)
[ info ] [ PARAM ] array (
  'username' => 'cmlaw_renxiaoman',
  'password' => '!cmlaw0',
)
[ info ] [ DB ] INIT mysql
[ sql ] [ DB ] CONNECT:[ UseTime:0.001951s ] mysql:host=172.16.101.20;port=3306;dbname=lawyer_cmlaw;charset=utf8
[ sql ] [ SQL ] SHOW COLUMNS FROM `user_dangan` [ RunTime:0.001104s ]
[ sql ] [ SQL ] SELECT * FROM `user_dangan` WHERE (  ( `login_name` = 'renxiaoman' OR `user_phone` = 'renxiaoman' OR `user_email` = 'renxiaoman' ) ) AND `user_dangan`.`delete_time` IS NULL LIMIT 1 [ RunTime:0.000878s ]
---------------------------------------------------------------
[ 2019-04-10T08:00:01+08:00 ] 172.16.101.22 GET 172.16.101.22/api/Load?aaaa=1
[运行时间：0.015742s] [吞吐率：63.53req/s] [内存消耗：1,030.31kb] [文件加载：72]
[ info ] [ LANG ] /var/www/manager_cmlaw/thinkphp/lang/zh-cn.php
[ info ] [ ROUTE ] array (
  'rule' => 'api/Load',
  'route' => 'api/load/index',
  'option' => 
  array (
    'merge_rule_regex' => false,
    'method' => 'get|post',
  ),
  'var' => 
  array (
  ),
)
[ info ] [ HEADER ] array (
  'host' => '172.16.101.22',
  'accept' => '*/*',
)
[ info ] [ PARAM ] array (
  'aaaa' => '1',
)
[ info ] [ DB ] INIT mysql
[ sql ] [ DB ] CONNECT:[ UseTime:0.001466s ] mysql:host=172.16.101.20;port=3306;dbname=lawyer_cmlaw;charset=utf8
[ sql ] [ SQL ] SHOW COLUMNS FROM `jishi` [ RunTime:0.001056s ]
[ sql ] [ SQL ] SELECT * FROM `jishi` WHERE (  `jishi_status` = 1  AND `jishi_jiezhi_date` <= '2019-04-10' ) AND `jishi`.`delete_time` IS NULL [ RunTime:0.000955s ]
---------------------------------------------------------------
[ 2019-04-10T08:00:01+08:00 ] 172.16.101.22 GET 172.16.101.22/api/load.lichong/?aaaa=1
[运行时间：0.014370s] [吞吐率：69.59req/s] [内存消耗：965.15kb] [文件加载：72]
[ info ] [ LANG ] /var/www/manager_cmlaw/thinkphp/lang/zh-cn.php
[ info ] [ ROUTE ] array (
  'rule' => 'api/load.lichong',
  'route' => 'api/load/lichong',
  'option' => 
  array (
    'merge_rule_regex' => false,
    'method' => 'get|post',
  ),
  'var' => 
  array (
  ),
)
[ info ] [ HEADER ] array (
  'host' => '172.16.101.22',
  'accept' => '*/*',
)
[ info ] [ PARAM ] array (
  'aaaa' => '1',
)
[ info ] [ DB ] INIT mysql
[ sql ] [ DB ] CONNECT:[ UseTime:0.001635s ] mysql:host=172.16.101.20;port=3306;dbname=lawyer_cmlaw;charset=utf8
[ sql ] [ SQL ] SHOW COLUMNS FROM `lichong` [ RunTime:0.001169s ]
[ sql ] [ SQL ] SELECT * FROM `lichong` WHERE (  `lichong_status` = 1  AND `gongshijieshu_time` <= '2019-04-10' ) AND `lichong`.`delete_time` IS NULL [ RunTime:0.001006s ]
---------------------------------------------------------------
[ 2019-04-10T08:00:01+08:00 ] 172.16.101.22 GET 172.16.101.22/api/load.sum/?aaaa=1
[运行时间：0.128050s] [吞吐率：7.81req/s] [内存消耗：1,016.60kb] [文件加载：73]
[ info ] [ LANG ] /var/www/manager_cmlaw/thinkphp/lang/zh-cn.php
[ info ] [ ROUTE ] array (
  'rule' => 'api/load.sum',
  'route' => 'api/load/sum',
  'option' => 
  array (
    'merge_rule_regex' => false,
    'method' => 'get|post',
  ),
  'var' => 
  array (
  ),
)
[ info ] [ HEADER ] array (
  'host' => '172.16.101.22',
  'accept' => '*/*',
)
[ info ] [ PARAM ] array (
  'aaaa' => '1',
)
[ info ] [ DB ] INIT mysql
[ sql ] [ DB ] CONNECT:[ UseTime:0.001615s ] mysql:host=172.16.101.20;port=3306;dbname=lawyer_cmlaw;charset=utf8
[ sql ] [ SQL ] SHOW COLUMNS FROM `fensuo` [ RunTime:0.000989s ]
[ sql ] [ SQL ] SELECT * FROM `fensuo` WHERE (  `fensuo_delete` = 0 ) AND `fensuo`.`delete_time` IS NULL [ RunTime:0.000712s ]
[ sql ] [ SQL ] SHOW COLUMNS FROM `user` [ RunTime:0.001277s ]
[ sql ] [ SQL ] SELECT COUNT(*) AS tp_count FROM `user` WHERE (  `fensuoid` = 1 ) AND `user`.`delete_time` IS NULL LIMIT 1 [ RunTime:0.000674s ]
[ sql ] [ SQL ] SELECT COUNT(*) AS tp_count FROM `user` WHERE (  `fensuoid` = 2 ) AND `user`.`delete_time` IS NULL LIMIT 1 [ RunTime:0.000593s ]
[ sql ] [ SQL ] SELECT COUNT(*) AS tp_count FROM `user` WHERE (  `fensuoid` = 3 ) AND `user`.`delete_time` IS NULL LIMIT 1 [ RunTime:0.000883s ]
[ sql ] [ SQL ] SELECT COUNT(*) AS tp_count FROM `user` WHERE (  `fensuoid` = 4 ) AND `user`.`delete_time` IS NULL LIMIT 1 [ RunTime:0.000710s ]
[ sql ] [ SQL ] SELECT COUNT(*) AS tp_count FROM `user` WHERE (  `fensuoid` = 5 ) AND `user`.`delete_time` IS NULL LIMIT 1 [ RunTime:0.000577s ]
[ sql ] [ SQL ] SELECT COUNT(*) AS tp_count FROM `user` WHERE (  `fensuoid` = 13 ) AND `user`.`delete_time` IS NULL LIMIT 1 [ RunTime:0.000577s ]
[ sql ] [ SQL ] SELECT COUNT(*) AS tp_count FROM `user` WHERE (  `fensuoid` = 14 ) AND `user`.`delete_time` IS NULL LIMIT 1 [ RunTime:0.000579s ]
[ sql ] [ SQL ] UPDATE `fensuo`  SET `sum` = 18 , `update_time` = '2019-04-10 08:00:01.400356'  WHERE (  `idfensuo` = 1 ) AND `fensuo`.`delete_time` IS NULL [ RunTime:0.097596s ]
[ sql ] [ SQL ] UPDATE `fensuo`  SET `sum` = 26 , `update_time` = '2019-04-10 08:00:01.498481'  WHERE (  `idfensuo` = 2 ) AND `fensuo`.`delete_time` IS NULL [ RunTime:0.000567s ]
[ sql ] [ SQL ] UPDATE `fensuo`  SET `sum` = 1 , `update_time` = '2019-04-10 08:00:01.499588'  WHERE (  `idfensuo` = 3 ) AND `fensuo`.`delete_time` IS NULL [ RunTime:0.000555s ]
[ sql ] [ SQL ] UPDATE `fensuo`  SET `sum` = 0 , `update_time` = '2019-04-10 08:00:01.500512'  WHERE (  `idfensuo` = 4 ) AND `fensuo`.`delete_time` IS NULL [ RunTime:0.000541s ]
[ sql ] [ SQL ] UPDATE `fensuo`  SET `sum` = 0 , `update_time` = '2019-04-10 08:00:01.501409'  WHERE (  `idfensuo` = 5 ) AND `fensuo`.`delete_time` IS NULL [ RunTime:0.000545s ]
[ sql ] [ SQL ] UPDATE `fensuo`  SET `sum` = 1 , `update_time` = '2019-04-10 08:00:01.502320'  WHERE (  `idfensuo` = 13 ) AND `fensuo`.`delete_time` IS NULL [ RunTime:0.000546s ]
[ sql ] [ SQL ] UPDATE `fensuo`  SET `sum` = 0 , `update_time` = '2019-04-10 08:00:01.503229'  WHERE (  `idfensuo` = 14 ) AND `fensuo`.`delete_time` IS NULL [ RunTime:0.000548s ]
---------------------------------------------------------------
[ 2019-04-10T09:39:51+08:00 ] 192.168.101.132 GET 172.16.101.22/
[运行时间：0.023332s] [吞吐率：42.86req/s] [内存消耗：1,076.71kb] [文件加载：82]
[ info ] [ LANG ] /var/www/manager_cmlaw/thinkphp/lang/zh-cn.php
[ info ] [ ROUTE ] array (
)
[ info ] [ HEADER ] array (
  'host' => '172.16.101.22',
  'connection' => 'keep-alive',
  'purpose' => 'prefetch',
  'upgrade-insecure-requests' => '1',
  'user-agent' => 'Mozilla/5.0 (Windows NT 10.0; Win64; x64) AppleWebKit/537.36 (KHTML, like Gecko) Chrome/72.0.3626.119 Safari/537.36',
  'accept' => 'text/html,application/xhtml+xml,application/xml;q=0.9,image/webp,image/apng,*/*;q=0.8',
  'accept-encoding' => 'gzip, deflate',
  'accept-language' => 'zh-CN,zh;q=0.9',
)
[ info ] [ PARAM ] array (
)
[ info ] [ DB ] INIT mysql
[ sql ] [ DB ] CONNECT:[ UseTime:0.001477s ] mysql:host=172.16.101.20;port=3306;dbname=lawyer_cmlaw;charset=utf8
[ sql ] [ SQL ] SHOW COLUMNS FROM `auth_group_access` [ RunTime:0.001008s ]
[ sql ] [ SQL ] SELECT `groupid` FROM `auth_group_access` WHERE (  `userid` IS NULL ) AND `auth_group_access`.`delete_time` IS NULL [ RunTime:0.000570s ]
[ sql ] [ SQL ] SHOW COLUMNS FROM `auth_group` [ RunTime:0.000859s ]
[ sql ] [ SQL ] SELECT `rules` FROM `auth_group` WHERE (  `id` IN ('') ) AND `auth_group`.`delete_time` IS NULL [ RunTime:0.000559s ]
[ sql ] [ SQL ] SHOW COLUMNS FROM `auth_rule` [ RunTime:0.000887s ]
[ sql ] [ SQL ] SELECT * FROM `auth_rule` WHERE  `id` IN (0)  AND `ruleid` = 0  AND `type` = 1 ORDER BY `paixun` DESC [ RunTime:0.000639s ]
[ sql ] [ SQL ] SELECT * FROM `auth_rule` WHERE  `id` IN (0)  AND `title` = 'index/index' LIMIT 1 [ RunTime:0.000603s ]
[ sql ] [ SQL ] SELECT * FROM `auth_rule` WHERE  `id` IN (0)  AND `ruleid` IS NULL  AND `type` = 1 ORDER BY `paixun` DESC [ RunTime:0.000584s ]
---------------------------------------------------------------
[ 2019-04-10T09:39:51+08:00 ] 192.168.101.132 GET 172.16.101.22/home/login/
[运行时间：0.004103s] [吞吐率：243.73req/s] [内存消耗：691.89kb] [文件加载：60]
[ info ] [ LANG ] /var/www/manager_cmlaw/thinkphp/lang/zh-cn.php
[ info ] [ ROUTE ] array (
)
[ info ] [ HEADER ] array (
  'host' => '172.16.101.22',
  'connection' => 'keep-alive',
  'purpose' => 'prefetch',
  'upgrade-insecure-requests' => '1',
  'user-agent' => 'Mozilla/5.0 (Windows NT 10.0; Win64; x64) AppleWebKit/537.36 (KHTML, like Gecko) Chrome/72.0.3626.119 Safari/537.36',
  'accept' => 'text/html,application/xhtml+xml,application/xml;q=0.9,image/webp,image/apng,*/*;q=0.8',
  'accept-encoding' => 'gzip, deflate',
  'accept-language' => 'zh-CN,zh;q=0.9',
  'cookie' => 'PHPSESSID=cqm8bm2uje965uoj3pfnlu7g24',
)
[ info ] [ PARAM ] array (
)
[ info ] [ VIEW ] /var/www/manager_cmlaw/application/home/view/login/login-1.html [ array (
) ]
---------------------------------------------------------------
[ 2019-04-10T10:50:54+08:00 ] 192.168.101.137 GET 172.16.101.22/
[运行时间：0.022933s] [吞吐率：43.61req/s] [内存消耗：1,010.25kb] [文件加载：82]
[ info ] [ LANG ] /var/www/manager_cmlaw/thinkphp/lang/zh-cn.php
[ info ] [ ROUTE ] array (
)
[ info ] [ HEADER ] array (
  'host' => '172.16.101.22',
  'connection' => 'keep-alive',
  'upgrade-insecure-requests' => '1',
  'user-agent' => 'Mozilla/5.0 (Windows NT 10.0; Win64; x64) AppleWebKit/537.36 (KHTML, like Gecko) Chrome/71.0.3578.98 Safari/537.36',
  'accept' => 'text/html,application/xhtml+xml,application/xml;q=0.9,image/webp,image/apng,*/*;q=0.8',
  'accept-encoding' => 'gzip, deflate',
  'accept-language' => 'zh-CN,zh;q=0.9',
)
[ info ] [ PARAM ] array (
)
[ info ] [ DB ] INIT mysql
[ sql ] [ DB ] CONNECT:[ UseTime:0.001428s ] mysql:host=172.16.101.20;port=3306;dbname=lawyer_cmlaw;charset=utf8
[ sql ] [ SQL ] SHOW COLUMNS FROM `auth_group_access` [ RunTime:0.001050s ]
[ sql ] [ SQL ] SELECT `groupid` FROM `auth_group_access` WHERE (  `userid` IS NULL ) AND `auth_group_access`.`delete_time` IS NULL [ RunTime:0.000544s ]
[ sql ] [ SQL ] SHOW COLUMNS FROM `auth_group` [ RunTime:0.000868s ]
[ sql ] [ SQL ] SELECT `rules` FROM `auth_group` WHERE (  `id` IN ('') ) AND `auth_group`.`delete_time` IS NULL [ RunTime:0.000566s ]
[ sql ] [ SQL ] SHOW COLUMNS FROM `auth_rule` [ RunTime:0.000923s ]
[ sql ] [ SQL ] SELECT * FROM `auth_rule` WHERE  `id` IN (0)  AND `ruleid` = 0  AND `type` = 1 ORDER BY `paixun` DESC [ RunTime:0.000686s ]
[ sql ] [ SQL ] SELECT * FROM `auth_rule` WHERE  `id` IN (0)  AND `title` = 'index/index' LIMIT 1 [ RunTime:0.000625s ]
[ sql ] [ SQL ] SELECT * FROM `auth_rule` WHERE  `id` IN (0)  AND `ruleid` IS NULL  AND `type` = 1 ORDER BY `paixun` DESC [ RunTime:0.000586s ]
---------------------------------------------------------------
[ 2019-04-10T10:50:54+08:00 ] 192.168.101.137 GET 172.16.101.22/home/login/
[运行时间：0.004362s] [吞吐率：229.25req/s] [内存消耗：690.96kb] [文件加载：60]
[ info ] [ LANG ] /var/www/manager_cmlaw/thinkphp/lang/zh-cn.php
[ info ] [ ROUTE ] array (
)
[ info ] [ HEADER ] array (
  'host' => '172.16.101.22',
  'connection' => 'keep-alive',
  'upgrade-insecure-requests' => '1',
  'user-agent' => 'Mozilla/5.0 (Windows NT 10.0; Win64; x64) AppleWebKit/537.36 (KHTML, like Gecko) Chrome/71.0.3578.98 Safari/537.36',
  'accept' => 'text/html,application/xhtml+xml,application/xml;q=0.9,image/webp,image/apng,*/*;q=0.8',
  'accept-encoding' => 'gzip, deflate',
  'accept-language' => 'zh-CN,zh;q=0.9',
  'cookie' => 'PHPSESSID=0aeqm29jqrqi9e2oopjoa3gqv7',
)
[ info ] [ PARAM ] array (
)
[ info ] [ VIEW ] /var/www/manager_cmlaw/application/home/view/login/login-1.html [ array (
) ]
---------------------------------------------------------------
[ 2019-04-10T10:50:57+08:00 ] 192.168.101.137 POST 172.16.101.22/home/login/logins/
[运行时间：0.010173s] [吞吐率：98.30req/s] [内存消耗：995.03kb] [文件加载：76]
[ info ] [ LANG ] /var/www/manager_cmlaw/thinkphp/lang/zh-cn.php
[ info ] [ ROUTE ] array (
)
[ info ] [ HEADER ] array (
  'host' => '172.16.101.22',
  'connection' => 'keep-alive',
  'content-length' => '42',
  'accept' => '*/*',
  'origin' => 'http://172.16.101.22',
  'x-requested-with' => 'XMLHttpRequest',
  'user-agent' => 'Mozilla/5.0 (Windows NT 10.0; Win64; x64) AppleWebKit/537.36 (KHTML, like Gecko) Chrome/71.0.3578.98 Safari/537.36',
  'content-type' => 'application/x-www-form-urlencoded; charset=UTF-8',
  'referer' => 'http://172.16.101.22/home/login/',
  'accept-encoding' => 'gzip, deflate',
  'accept-language' => 'zh-CN,zh;q=0.9',
  'cookie' => 'PHPSESSID=0aeqm29jqrqi9e2oopjoa3gqv7',
)
[ info ] [ PARAM ] array (
  'username' => 'cmlaw_renxiaoman',
  'password' => '!cmlaw0',
)
[ info ] [ DB ] INIT mysql
[ sql ] [ DB ] CONNECT:[ UseTime:0.001035s ] mysql:host=172.16.101.20;port=3306;dbname=lawyer_cmlaw;charset=utf8
[ sql ] [ SQL ] SHOW COLUMNS FROM `user_dangan` [ RunTime:0.001205s ]
[ sql ] [ SQL ] SELECT * FROM `user_dangan` WHERE (  ( `login_name` = 'renxiaoman' OR `user_phone` = 'renxiaoman' OR `user_email` = 'renxiaoman' ) ) AND `user_dangan`.`delete_time` IS NULL LIMIT 1 [ RunTime:0.001100s ]
---------------------------------------------------------------
[ 2019-04-10T10:50:57+08:00 ] 192.168.101.137 GET 172.16.101.22/home/index/index
[运行时间：0.033865s] [吞吐率：29.53req/s] [内存消耗：1,187.63kb] [文件加载：86]
[ info ] [ LANG ] /var/www/manager_cmlaw/thinkphp/lang/zh-cn.php
[ info ] [ ROUTE ] array (
)
[ info ] [ HEADER ] array (
  'host' => '172.16.101.22',
  'connection' => 'keep-alive',
  'upgrade-insecure-requests' => '1',
  'user-agent' => 'Mozilla/5.0 (Windows NT 10.0; Win64; x64) AppleWebKit/537.36 (KHTML, like Gecko) Chrome/71.0.3578.98 Safari/537.36',
  'accept' => 'text/html,application/xhtml+xml,application/xml;q=0.9,image/webp,image/apng,*/*;q=0.8',
  'referer' => 'http://172.16.101.22/home/login/',
  'accept-encoding' => 'gzip, deflate',
  'accept-language' => 'zh-CN,zh;q=0.9',
  'cookie' => 'PHPSESSID=0aeqm29jqrqi9e2oopjoa3gqv7; USERID=4; USERREALNAME=%E4%BB%BB%E5%B0%8F%E6%9B%BC',
)
[ info ] [ PARAM ] array (
)
[ info ] [ DB ] INIT mysql
[ info ] [ VIEW ] /var/www/manager_cmlaw/application/home/view/index/index.html [ array (
  0 => 'config',
  1 => 'menu',
  2 => 'system',
  3 => 'data',
) ]
[ sql ] [ DB ] CONNECT:[ UseTime:0.001029s ] mysql:host=172.16.101.20;port=3306;dbname=lawyer_cmlaw;charset=utf8
[ sql ] [ SQL ] SHOW COLUMNS FROM `auth_group_access` [ RunTime:0.000901s ]
[ sql ] [ SQL ] SELECT `groupid` FROM `auth_group_access` WHERE (  `userid` = 4 ) AND `auth_group_access`.`delete_time` IS NULL [ RunTime:0.000551s ]
[ sql ] [ SQL ] SHOW COLUMNS FROM `auth_group` [ RunTime:0.000784s ]
[ sql ] [ SQL ] SELECT `rules` FROM `auth_group` WHERE (  `id` IN (174) ) AND `auth_group`.`delete_time` IS NULL [ RunTime:0.000494s ]
[ sql ] [ SQL ] SHOW COLUMNS FROM `auth_rule` [ RunTime:0.000756s ]
[ sql ] [ SQL ] SELECT * FROM `auth_rule` WHERE  `id` IN (9,10,11,22,23,97,99,134,138,139,135,136,137,15,115,141,117,118,119,156,124,125,120,121,122,142,143,144,145,146,147,123,148,126,127,149,150,128,151,129,130,152,131,132,140,133,153,154,155,157,159,160,161,162,163,158,164,165,166,167,168)  AND `ruleid` = 0  AND `type` = 1 ORDER BY `paixun` DESC [ RunTime:0.000985s ]
[ sql ] [ SQL ] SELECT * FROM `auth_rule` WHERE  `id` IN (9,10,11,22,23,97,99,134,138,139,135,136,137,15,115,141,117,118,119,156,124,125,120,121,122,142,143,144,145,146,147,123,148,126,127,149,150,128,151,129,130,152,131,132,140,133,153,154,155,157,159,160,161,162,163,158,164,165,166,167,168)  AND `title` = 'index/index' LIMIT 1 [ RunTime:0.000775s ]
[ sql ] [ SQL ] SELECT * FROM `auth_rule` WHERE  `id` IN (9,10,11,22,23,97,99,134,138,139,135,136,137,15,115,141,117,118,119,156,124,125,120,121,122,142,143,144,145,146,147,123,148,126,127,149,150,128,151,129,130,152,131,132,140,133,153,154,155,157,159,160,161,162,163,158,164,165,166,167,168)  AND `ruleid` = 131  AND `type` = 1 ORDER BY `paixun` DESC [ RunTime:0.000872s ]
[ sql ] [ SQL ] SHOW COLUMNS FROM `user_view` [ RunTime:0.001414s ]
[ sql ] [ SQL ] SELECT * FROM `user_view` WHERE (  `iduser` = 4 ) AND `user_view`.`delete_time` IS NULL LIMIT 1 [ RunTime:0.001075s ]
[ sql ] [ SQL ] SELECT * FROM `user_view` WHERE (  `iduser` = 4 ) AND `user_view`.`delete_time` IS NULL LIMIT 1 [ RunTime:0.001076s ]
[ sql ] [ SQL ] SHOW COLUMNS FROM `anjian_user_view` [ RunTime:0.001685s ]
[ sql ] [ SQL ] SELECT COUNT(*) AS tp_count FROM `anjian_user_view` WHERE (  `iduser` = 4 ) AND `anjian_user_view`.`delete_time` IS NULL LIMIT 1 [ RunTime:0.002198s ]
[ sql ] [ SQL ] SHOW COLUMNS FROM `kehu` [ RunTime:0.001213s ]
[ sql ] [ SQL ] SELECT COUNT(*) AS tp_count FROM `kehu` WHERE `kehu`.`delete_time` IS NULL LIMIT 1 [ RunTime:0.000699s ]
[ sql ] [ SQL ] SHOW COLUMNS FROM `work` [ RunTime:0.001159s ]
[ sql ] [ SQL ] SELECT SUM(`work_unit`) AS tp_sum FROM `work` WHERE (  `userid` = 4  AND `work_end_date` LIKE '2019-04-10%' ) AND `work`.`delete_time` IS NULL LIMIT 1 [ RunTime:0.000720s ]
[ sql ] [ SQL ] SELECT SUM(`work_unit`) AS tp_sum FROM `work` WHERE (  `userid` = 4  AND `work_end_date` LIKE '2019-04%' ) AND `work`.`delete_time` IS NULL LIMIT 1 [ RunTime:0.000681s ]
[ sql ] [ SQL ] SELECT COUNT(*) AS tp_count FROM `kehu` WHERE `kehu`.`delete_time` IS NULL LIMIT 1 [ RunTime:0.000615s ]
---------------------------------------------------------------
[ 2019-04-10T10:50:58+08:00 ] 192.168.101.137 POST 172.16.101.22/home/index/getWorkChar
[运行时间：0.025767s] [吞吐率：38.81req/s] [内存消耗：1,125.76kb] [文件加载：84]
[ info ] [ LANG ] /var/www/manager_cmlaw/thinkphp/lang/zh-cn.php
[ info ] [ ROUTE ] array (
)
[ info ] [ HEADER ] array (
  'host' => '172.16.101.22',
  'connection' => 'keep-alive',
  'content-length' => '0',
  'accept' => 'application/json, text/javascript, */*; q=0.01',
  'origin' => 'http://172.16.101.22',
  'x-requested-with' => 'XMLHttpRequest',
  'user-agent' => 'Mozilla/5.0 (Windows NT 10.0; Win64; x64) AppleWebKit/537.36 (KHTML, like Gecko) Chrome/71.0.3578.98 Safari/537.36',
  'referer' => 'http://172.16.101.22/home/index/index',
  'accept-encoding' => 'gzip, deflate',
  'accept-language' => 'zh-CN,zh;q=0.9',
  'cookie' => 'PHPSESSID=0aeqm29jqrqi9e2oopjoa3gqv7; USERID=4; USERREALNAME=%E4%BB%BB%E5%B0%8F%E6%9B%BC',
)
[ info ] [ PARAM ] array (
)
[ info ] [ DB ] INIT mysql
[ sql ] [ DB ] CONNECT:[ UseTime:0.001357s ] mysql:host=172.16.101.20;port=3306;dbname=lawyer_cmlaw;charset=utf8
[ sql ] [ SQL ] SHOW COLUMNS FROM `auth_group_access` [ RunTime:0.001061s ]
[ sql ] [ SQL ] SELECT `groupid` FROM `auth_group_access` WHERE (  `userid` = 4 ) AND `auth_group_access`.`delete_time` IS NULL [ RunTime:0.000645s ]
[ sql ] [ SQL ] SHOW COLUMNS FROM `auth_group` [ RunTime:0.000897s ]
[ sql ] [ SQL ] SELECT `rules` FROM `auth_group` WHERE (  `id` IN (174) ) AND `auth_group`.`delete_time` IS NULL [ RunTime:0.000557s ]
[ sql ] [ SQL ] SHOW COLUMNS FROM `user_view` [ RunTime:0.001321s ]
[ sql ] [ SQL ] SELECT * FROM `user_view` WHERE (  `iduser` = 4 ) AND `user_view`.`delete_time` IS NULL LIMIT 1 [ RunTime:0.000992s ]
[ sql ] [ SQL ] SELECT * FROM `user_view` WHERE (  `iduser` = 4 ) AND `user_view`.`delete_time` IS NULL LIMIT 1 [ RunTime:0.001200s ]
[ sql ] [ SQL ] SHOW COLUMNS FROM `work_view` [ RunTime:0.001860s ]
[ sql ] [ SQL ] SELECT work_end_date as "date",sum(`work_unit`) as "sum" FROM `work_view` WHERE (  `iduser` = 4  AND `work_end_date` LIKE '%2019%' ) AND `work_view`.`delete_time` IS NULL GROUP BY `work_end_date` ORDER BY `work_end_date` ASC LIMIT 0,30 [ RunTime:0.001585s ]
---------------------------------------------------------------
[ 2019-04-10T10:50:59+08:00 ] 192.168.101.137 GET 172.16.101.22/home/kehu/index.html
[运行时间：0.114149s] [吞吐率：8.76req/s] [内存消耗：1,292.16kb] [文件加载：87]
[ info ] [ LANG ] /var/www/manager_cmlaw/thinkphp/lang/zh-cn.php
[ info ] [ ROUTE ] array (
)
[ info ] [ HEADER ] array (
  'host' => '172.16.101.22',
  'connection' => 'keep-alive',
  'upgrade-insecure-requests' => '1',
  'user-agent' => 'Mozilla/5.0 (Windows NT 10.0; Win64; x64) AppleWebKit/537.36 (KHTML, like Gecko) Chrome/71.0.3578.98 Safari/537.36',
  'accept' => 'text/html,application/xhtml+xml,application/xml;q=0.9,image/webp,image/apng,*/*;q=0.8',
  'referer' => 'http://172.16.101.22/home/index/index',
  'accept-encoding' => 'gzip, deflate',
  'accept-language' => 'zh-CN,zh;q=0.9',
  'cookie' => 'PHPSESSID=0aeqm29jqrqi9e2oopjoa3gqv7; USERID=4; USERREALNAME=%E4%BB%BB%E5%B0%8F%E6%9B%BC',
)
[ info ] [ PARAM ] array (
)
[ info ] [ DB ] INIT mysql
[ info ] [ VIEW ] /var/www/manager_cmlaw/application/home/view/kehu/index.html [ array (
  0 => 'config',
  1 => 'menu',
  2 => 'system',
  3 => 'data',
) ]
[ sql ] [ DB ] CONNECT:[ UseTime:0.001050s ] mysql:host=172.16.101.20;port=3306;dbname=lawyer_cmlaw;charset=utf8
[ sql ] [ SQL ] SHOW COLUMNS FROM `auth_group_access` [ RunTime:0.000994s ]
[ sql ] [ SQL ] SELECT `groupid` FROM `auth_group_access` WHERE (  `userid` = 4 ) AND `auth_group_access`.`delete_time` IS NULL [ RunTime:0.000624s ]
[ sql ] [ SQL ] SHOW COLUMNS FROM `auth_group` [ RunTime:0.000918s ]
[ sql ] [ SQL ] SELECT `rules` FROM `auth_group` WHERE (  `id` IN (174) ) AND `auth_group`.`delete_time` IS NULL [ RunTime:0.000628s ]
[ sql ] [ SQL ] SHOW COLUMNS FROM `auth_rule` [ RunTime:0.000868s ]
[ sql ] [ SQL ] SELECT * FROM `auth_rule` WHERE  `id` IN (9,10,11,22,23,97,99,134,138,139,135,136,137,15,115,141,117,118,119,156,124,125,120,121,122,142,143,144,145,146,147,123,148,126,127,149,150,128,151,129,130,152,131,132,140,133,153,154,155,157,159,160,161,162,163,158,164,165,166,167,168)  AND `ruleid` = 0  AND `type` = 1 ORDER BY `paixun` DESC [ RunTime:0.001025s ]
[ sql ] [ SQL ] SELECT * FROM `auth_rule` WHERE  `id` IN (9,10,11,22,23,97,99,134,138,139,135,136,137,15,115,141,117,118,119,156,124,125,120,121,122,142,143,144,145,146,147,123,148,126,127,149,150,128,151,129,130,152,131,132,140,133,153,154,155,157,159,160,161,162,163,158,164,165,166,167,168)  AND `title` = 'kehu/index' LIMIT 1 [ RunTime:0.000900s ]
[ sql ] [ SQL ] SELECT * FROM `auth_rule` WHERE  `id` IN (9,10,11,22,23,97,99,134,138,139,135,136,137,15,115,141,117,118,119,156,124,125,120,121,122,142,143,144,145,146,147,123,148,126,127,149,150,128,151,129,130,152,131,132,140,133,153,154,155,157,159,160,161,162,163,158,164,165,166,167,168)  AND `ruleid` = 120  AND `type` = 1 ORDER BY `paixun` DESC [ RunTime:0.001004s ]
[ sql ] [ SQL ] SHOW COLUMNS FROM `user_view` [ RunTime:0.001522s ]
[ sql ] [ SQL ] SELECT * FROM `user_view` WHERE (  `iduser` = 4 ) AND `user_view`.`delete_time` IS NULL LIMIT 1 [ RunTime:0.001053s ]
[ sql ] [ SQL ] SELECT * FROM `user_view` WHERE (  `iduser` = 4 ) AND `user_view`.`delete_time` IS NULL LIMIT 1 [ RunTime:0.000982s ]
[ sql ] [ SQL ] SHOW COLUMNS FROM `kehu` [ RunTime:0.001346s ]
[ sql ] [ SQL ] SELECT COUNT(*) AS tp_count FROM `kehu` WHERE `kehu`.`delete_time` IS NULL LIMIT 1 [ RunTime:0.000691s ]
[ sql ] [ SQL ] SELECT * FROM `kehu` WHERE `kehu`.`delete_time` IS NULL LIMIT 0,15 [ RunTime:0.000968s ]
---------------------------------------------------------------
[ 2019-04-10T10:51:00+08:00 ] 192.168.101.137 GET 172.16.101.22/home/kehu/system.html
[运行时间：0.049863s] [吞吐率：20.05req/s] [内存消耗：1,261.49kb] [文件加载：84]
[ info ] [ LANG ] /var/www/manager_cmlaw/thinkphp/lang/zh-cn.php
[ info ] [ ROUTE ] array (
)
[ info ] [ HEADER ] array (
  'host' => '172.16.101.22',
  'connection' => 'keep-alive',
  'upgrade-insecure-requests' => '1',
  'user-agent' => 'Mozilla/5.0 (Windows NT 10.0; Win64; x64) AppleWebKit/537.36 (KHTML, like Gecko) Chrome/71.0.3578.98 Safari/537.36',
  'accept' => 'text/html,application/xhtml+xml,application/xml;q=0.9,image/webp,image/apng,*/*;q=0.8',
  'referer' => 'http://172.16.101.22/home/kehu/index.html',
  'accept-encoding' => 'gzip, deflate',
  'accept-language' => 'zh-CN,zh;q=0.9',
  'cookie' => 'PHPSESSID=0aeqm29jqrqi9e2oopjoa3gqv7; USERID=4; USERREALNAME=%E4%BB%BB%E5%B0%8F%E6%9B%BC',
)
[ info ] [ PARAM ] array (
)
[ info ] [ DB ] INIT mysql
[ info ] [ DB ] INIT mysql
[ info ] [ VIEW ] /var/www/manager_cmlaw/application/home/view/kehu/system/kehu_hangye.html [ array (
  0 => 'config',
  1 => 'menu',
  2 => 'system',
  3 => 'data',
) ]
[ sql ] [ DB ] CONNECT:[ UseTime:0.001149s ] mysql:host=172.16.101.20;port=3306;dbname=lawyer_cmlaw;charset=utf8
[ sql ] [ SQL ] SHOW COLUMNS FROM `auth_group_access` [ RunTime:0.001076s ]
[ sql ] [ SQL ] SELECT `groupid` FROM `auth_group_access` WHERE (  `userid` = 4 ) AND `auth_group_access`.`delete_time` IS NULL [ RunTime:0.000694s ]
[ sql ] [ SQL ] SHOW COLUMNS FROM `auth_group` [ RunTime:0.000941s ]
[ sql ] [ SQL ] SELECT `rules` FROM `auth_group` WHERE (  `id` IN (174) ) AND `auth_group`.`delete_time` IS NULL [ RunTime:0.000613s ]
[ sql ] [ SQL ] SHOW COLUMNS FROM `auth_rule` [ RunTime:0.000916s ]
[ sql ] [ SQL ] SELECT * FROM `auth_rule` WHERE  `id` IN (9,10,11,22,23,97,99,134,138,139,135,136,137,15,115,141,117,118,119,156,124,125,120,121,122,142,143,144,145,146,147,123,148,126,127,149,150,128,151,129,130,152,131,132,140,133,153,154,155,157,159,160,161,162,163,158,164,165,166,167,168)  AND `ruleid` = 0  AND `type` = 1 ORDER BY `paixun` DESC [ RunTime:0.001077s ]
[ sql ] [ SQL ] SELECT * FROM `auth_rule` WHERE  `id` IN (9,10,11,22,23,97,99,134,138,139,135,136,137,15,115,141,117,118,119,156,124,125,120,121,122,142,143,144,145,146,147,123,148,126,127,149,150,128,151,129,130,152,131,132,140,133,153,154,155,157,159,160,161,162,163,158,164,165,166,167,168)  AND `title` = 'kehu/system' LIMIT 1 [ RunTime:0.001037s ]
[ sql ] [ SQL ] SELECT * FROM `auth_rule` WHERE  `id` = 120  AND `type` = 1 LIMIT 1 [ RunTime:0.000669s ]
[ sql ] [ SQL ] SELECT * FROM `auth_rule` WHERE  `id` IN (9,10,11,22,23,97,99,134,138,139,135,136,137,15,115,141,117,118,119,156,124,125,120,121,122,142,143,144,145,146,147,123,148,126,127,149,150,128,151,129,130,152,131,132,140,133,153,154,155,157,159,160,161,162,163,158,164,165,166,167,168)  AND `ruleid` = 120  AND `type` = 1 ORDER BY `paixun` DESC [ RunTime:0.001068s ]
[ sql ] [ SQL ] SHOW COLUMNS FROM `user_view` [ RunTime:0.001792s ]
[ sql ] [ SQL ] SELECT * FROM `user_view` WHERE (  `iduser` = 4 ) AND `user_view`.`delete_time` IS NULL LIMIT 1 [ RunTime:0.001397s ]
[ sql ] [ SQL ] SELECT * FROM `user_view` WHERE (  `iduser` = 4 ) AND `user_view`.`delete_time` IS NULL LIMIT 1 [ RunTime:0.001341s ]
[ sql ] [ DB ] CONNECT:[ UseTime:0.001062s ] mysql:host=172.16.101.20;port=3306;dbname=lawyer_cmlaw;charset=utf8
[ sql ] [ SQL ] SHOW COLUMNS FROM `kehu_hangye` [ RunTime:0.001261s ]
[ sql ] [ SQL ] SELECT * FROM `kehu_hangye` WHERE  `kehu_hangye_delete` = 0 ORDER BY `idkehu_hangye` DESC [ RunTime:0.000937s ]
---------------------------------------------------------------
[ 2019-04-10T10:51:03+08:00 ] 192.168.101.137 GET 172.16.101.22/home/kehu/system/type/kehu_zhengjianleixing.html
[运行时间：0.043119s] [吞吐率：23.19req/s] [内存消耗：1,232.10kb] [文件加载：84]
[ info ] [ LANG ] /var/www/manager_cmlaw/thinkphp/lang/zh-cn.php
[ info ] [ ROUTE ] array (
)
[ info ] [ HEADER ] array (
  'host' => '172.16.101.22',
  'connection' => 'keep-alive',
  'upgrade-insecure-requests' => '1',
  'user-agent' => 'Mozilla/5.0 (Windows NT 10.0; Win64; x64) AppleWebKit/537.36 (KHTML, like Gecko) Chrome/71.0.3578.98 Safari/537.36',
  'accept' => 'text/html,application/xhtml+xml,application/xml;q=0.9,image/webp,image/apng,*/*;q=0.8',
  'referer' => 'http://172.16.101.22/home/kehu/system.html',
  'accept-encoding' => 'gzip, deflate',
  'accept-language' => 'zh-CN,zh;q=0.9',
  'cookie' => 'PHPSESSID=0aeqm29jqrqi9e2oopjoa3gqv7; USERID=4; USERREALNAME=%E4%BB%BB%E5%B0%8F%E6%9B%BC',
)
[ info ] [ PARAM ] array (
  'type' => 'kehu_zhengjianleixing',
)
[ info ] [ DB ] INIT mysql
[ info ] [ DB ] INIT mysql
[ info ] [ VIEW ] /var/www/manager_cmlaw/application/home/view/kehu/system/kehu_zhengjianleixing.html [ array (
  0 => 'config',
  1 => 'menu',
  2 => 'system',
  3 => 'data',
) ]
[ sql ] [ DB ] CONNECT:[ UseTime:0.001521s ] mysql:host=172.16.101.20;port=3306;dbname=lawyer_cmlaw;charset=utf8
[ sql ] [ SQL ] SHOW COLUMNS FROM `auth_group_access` [ RunTime:0.001245s ]
[ sql ] [ SQL ] SELECT `groupid` FROM `auth_group_access` WHERE (  `userid` = 4 ) AND `auth_group_access`.`delete_time` IS NULL [ RunTime:0.000898s ]
[ sql ] [ SQL ] SHOW COLUMNS FROM `auth_group` [ RunTime:0.001283s ]
[ sql ] [ SQL ] SELECT `rules` FROM `auth_group` WHERE (  `id` IN (174) ) AND `auth_group`.`delete_time` IS NULL [ RunTime:0.000850s ]
[ sql ] [ SQL ] SHOW COLUMNS FROM `auth_rule` [ RunTime:0.001156s ]
[ sql ] [ SQL ] SELECT * FROM `auth_rule` WHERE  `id` IN (9,10,11,22,23,97,99,134,138,139,135,136,137,15,115,141,117,118,119,156,124,125,120,121,122,142,143,144,145,146,147,123,148,126,127,149,150,128,151,129,130,152,131,132,140,133,153,154,155,157,159,160,161,162,163,158,164,165,166,167,168)  AND `ruleid` = 0  AND `type` = 1 ORDER BY `paixun` DESC [ RunTime:0.001235s ]
[ sql ] [ SQL ] SELECT * FROM `auth_rule` WHERE  `id` IN (9,10,11,22,23,97,99,134,138,139,135,136,137,15,115,141,117,118,119,156,124,125,120,121,122,142,143,144,145,146,147,123,148,126,127,149,150,128,151,129,130,152,131,132,140,133,153,154,155,157,159,160,161,162,163,158,164,165,166,167,168)  AND `title` = 'kehu/system' LIMIT 1 [ RunTime:0.000819s ]
[ sql ] [ SQL ] SELECT * FROM `auth_rule` WHERE  `id` = 120  AND `type` = 1 LIMIT 1 [ RunTime:0.000618s ]
[ sql ] [ SQL ] SELECT * FROM `auth_rule` WHERE  `id` IN (9,10,11,22,23,97,99,134,138,139,135,136,137,15,115,141,117,118,119,156,124,125,120,121,122,142,143,144,145,146,147,123,148,126,127,149,150,128,151,129,130,152,131,132,140,133,153,154,155,157,159,160,161,162,163,158,164,165,166,167,168)  AND `ruleid` = 120  AND `type` = 1 ORDER BY `paixun` DESC [ RunTime:0.001096s ]
[ sql ] [ SQL ] SHOW COLUMNS FROM `user_view` [ RunTime:0.001979s ]
[ sql ] [ SQL ] SELECT * FROM `user_view` WHERE (  `iduser` = 4 ) AND `user_view`.`delete_time` IS NULL LIMIT 1 [ RunTime:0.001280s ]
[ sql ] [ SQL ] SELECT * FROM `user_view` WHERE (  `iduser` = 4 ) AND `user_view`.`delete_time` IS NULL LIMIT 1 [ RunTime:0.000954s ]
[ sql ] [ DB ] CONNECT:[ UseTime:0.000862s ] mysql:host=172.16.101.20;port=3306;dbname=lawyer_cmlaw;charset=utf8
[ sql ] [ SQL ] SHOW COLUMNS FROM `kehu_zhengjianleixing` [ RunTime:0.000841s ]
[ sql ] [ SQL ] SELECT * FROM `kehu_zhengjianleixing` WHERE  `kehu_zhengjianleixing_delete` = '0' ORDER BY `idkehu_zhengjianleixing` DESC [ RunTime:0.000688s ]
---------------------------------------------------------------
[ 2019-04-10T10:51:05+08:00 ] 192.168.101.137 GET 172.16.101.22/home/kehu/system/type/kehu_qiyeleixing.html
[运行时间：0.038339s] [吞吐率：26.08req/s] [内存消耗：1,232.11kb] [文件加载：84]
[ info ] [ LANG ] /var/www/manager_cmlaw/thinkphp/lang/zh-cn.php
[ info ] [ ROUTE ] array (
)
[ info ] [ HEADER ] array (
  'host' => '172.16.101.22',
  'connection' => 'keep-alive',
  'upgrade-insecure-requests' => '1',
  'user-agent' => 'Mozilla/5.0 (Windows NT 10.0; Win64; x64) AppleWebKit/537.36 (KHTML, like Gecko) Chrome/71.0.3578.98 Safari/537.36',
  'accept' => 'text/html,application/xhtml+xml,application/xml;q=0.9,image/webp,image/apng,*/*;q=0.8',
  'referer' => 'http://172.16.101.22/home/kehu/system/type/kehu_zhengjianleixing.html',
  'accept-encoding' => 'gzip, deflate',
  'accept-language' => 'zh-CN,zh;q=0.9',
  'cookie' => 'PHPSESSID=0aeqm29jqrqi9e2oopjoa3gqv7; USERID=4; USERREALNAME=%E4%BB%BB%E5%B0%8F%E6%9B%BC',
)
[ info ] [ PARAM ] array (
  'type' => 'kehu_qiyeleixing',
)
[ info ] [ DB ] INIT mysql
[ info ] [ DB ] INIT mysql
[ info ] [ VIEW ] /var/www/manager_cmlaw/application/home/view/kehu/system/kehu_qiyeleixing.html [ array (
  0 => 'config',
  1 => 'menu',
  2 => 'system',
  3 => 'data',
) ]
[ sql ] [ DB ] CONNECT:[ UseTime:0.001006s ] mysql:host=172.16.101.20;port=3306;dbname=lawyer_cmlaw;charset=utf8
[ sql ] [ SQL ] SHOW COLUMNS FROM `auth_group_access` [ RunTime:0.000929s ]
[ sql ] [ SQL ] SELECT `groupid` FROM `auth_group_access` WHERE (  `userid` = 4 ) AND `auth_group_access`.`delete_time` IS NULL [ RunTime:0.000599s ]
[ sql ] [ SQL ] SHOW COLUMNS FROM `auth_group` [ RunTime:0.000855s ]
[ sql ] [ SQL ] SELECT `rules` FROM `auth_group` WHERE (  `id` IN (174) ) AND `auth_group`.`delete_time` IS NULL [ RunTime:0.000557s ]
[ sql ] [ SQL ] SHOW COLUMNS FROM `auth_rule` [ RunTime:0.000851s ]
[ sql ] [ SQL ] SELECT * FROM `auth_rule` WHERE  `id` IN (9,10,11,22,23,97,99,134,138,139,135,136,137,15,115,141,117,118,119,156,124,125,120,121,122,142,143,144,145,146,147,123,148,126,127,149,150,128,151,129,130,152,131,132,140,133,153,154,155,157,159,160,161,162,163,158,164,165,166,167,168)  AND `ruleid` = 0  AND `type` = 1 ORDER BY `paixun` DESC [ RunTime:0.000902s ]
[ sql ] [ SQL ] SELECT * FROM `auth_rule` WHERE  `id` IN (9,10,11,22,23,97,99,134,138,139,135,136,137,15,115,141,117,118,119,156,124,125,120,121,122,142,143,144,145,146,147,123,148,126,127,149,150,128,151,129,130,152,131,132,140,133,153,154,155,157,159,160,161,162,163,158,164,165,166,167,168)  AND `title` = 'kehu/system' LIMIT 1 [ RunTime:0.000814s ]
[ sql ] [ SQL ] SELECT * FROM `auth_rule` WHERE  `id` = 120  AND `type` = 1 LIMIT 1 [ RunTime:0.000521s ]
[ sql ] [ SQL ] SELECT * FROM `auth_rule` WHERE  `id` IN (9,10,11,22,23,97,99,134,138,139,135,136,137,15,115,141,117,118,119,156,124,125,120,121,122,142,143,144,145,146,147,123,148,126,127,149,150,128,151,129,130,152,131,132,140,133,153,154,155,157,159,160,161,162,163,158,164,165,166,167,168)  AND `ruleid` = 120  AND `type` = 1 ORDER BY `paixun` DESC [ RunTime:0.000845s ]
[ sql ] [ SQL ] SHOW COLUMNS FROM `user_view` [ RunTime:0.001374s ]
[ sql ] [ SQL ] SELECT * FROM `user_view` WHERE (  `iduser` = 4 ) AND `user_view`.`delete_time` IS NULL LIMIT 1 [ RunTime:0.000965s ]
[ sql ] [ SQL ] SELECT * FROM `user_view` WHERE (  `iduser` = 4 ) AND `user_view`.`delete_time` IS NULL LIMIT 1 [ RunTime:0.000860s ]
[ sql ] [ DB ] CONNECT:[ UseTime:0.000891s ] mysql:host=172.16.101.20;port=3306;dbname=lawyer_cmlaw;charset=utf8
[ sql ] [ SQL ] SHOW COLUMNS FROM `kehu_qiyeleixing` [ RunTime:0.000895s ]
[ sql ] [ SQL ] SELECT * FROM `kehu_qiyeleixing` WHERE  `kehu_qiyeleixing_delete` = '0' ORDER BY `idkehu_qiyeleixing` DESC [ RunTime:0.000693s ]
---------------------------------------------------------------
[ 2019-04-10T15:55:30+08:00 ] 192.168.101.137 GET 172.16.101.22/home/kehu/system/type/kehu_country.html
[运行时间：0.088033s] [吞吐率：11.36req/s] [内存消耗：1,411.73kb] [文件加载：82]
[ info ] [ LANG ] /var/www/manager_cmlaw/thinkphp/lang/zh-cn.php
[ info ] [ ROUTE ] array (
)
[ info ] [ HEADER ] array (
  'host' => '172.16.101.22',
  'connection' => 'keep-alive',
  'upgrade-insecure-requests' => '1',
  'user-agent' => 'Mozilla/5.0 (Windows NT 10.0; Win64; x64) AppleWebKit/537.36 (KHTML, like Gecko) Chrome/71.0.3578.98 Safari/537.36',
  'accept' => 'text/html,application/xhtml+xml,application/xml;q=0.9,image/webp,image/apng,*/*;q=0.8',
  'referer' => 'http://172.16.101.22/home/kehu/system/type/kehu_qiyeleixing.html',
  'accept-encoding' => 'gzip, deflate',
  'accept-language' => 'zh-CN,zh;q=0.9',
  'cookie' => 'PHPSESSID=0aeqm29jqrqi9e2oopjoa3gqv7; USERID=4; USERREALNAME=%E4%BB%BB%E5%B0%8F%E6%9B%BC',
)
[ info ] [ PARAM ] array (
  'type' => 'kehu_country',
)
[ info ] [ DB ] INIT mysql
[ sql ] [ DB ] CONNECT:[ UseTime:0.001141s ] mysql:host=172.16.101.20;port=3306;dbname=lawyer_cmlaw;charset=utf8
[ sql ] [ SQL ] SHOW COLUMNS FROM `auth_group_access` [ RunTime:0.000922s ]
[ sql ] [ SQL ] SELECT `groupid` FROM `auth_group_access` WHERE (  `userid` IS NULL ) AND `auth_group_access`.`delete_time` IS NULL [ RunTime:0.000478s ]
[ sql ] [ SQL ] SHOW COLUMNS FROM `auth_group` [ RunTime:0.000795s ]
[ sql ] [ SQL ] SELECT `rules` FROM `auth_group` WHERE (  `id` IN ('') ) AND `auth_group`.`delete_time` IS NULL [ RunTime:0.000458s ]
[ sql ] [ SQL ] SHOW COLUMNS FROM `auth_rule` [ RunTime:0.000829s ]
[ sql ] [ SQL ] SELECT * FROM `auth_rule` WHERE  `id` IN (0)  AND `ruleid` = 0  AND `type` = 1 ORDER BY `paixun` DESC [ RunTime:0.000538s ]
[ sql ] [ SQL ] SELECT * FROM `auth_rule` WHERE  `id` IN (0)  AND `title` = 'kehu/system' LIMIT 1 [ RunTime:0.000518s ]
[ sql ] [ SQL ] SELECT * FROM `auth_rule` WHERE  `id` IN (0)  AND `ruleid` IS NULL  AND `type` = 1 ORDER BY `paixun` DESC [ RunTime:0.000498s ]
---------------------------------------------------------------
[ 2019-04-10T15:55:30+08:00 ] 192.168.101.137 GET 172.16.101.22/home/login/
[运行时间：0.004436s] [吞吐率：225.43req/s] [内存消耗：693.04kb] [文件加载：60]
[ info ] [ LANG ] /var/www/manager_cmlaw/thinkphp/lang/zh-cn.php
[ info ] [ ROUTE ] array (
)
[ info ] [ HEADER ] array (
  'host' => '172.16.101.22',
  'connection' => 'keep-alive',
  'upgrade-insecure-requests' => '1',
  'user-agent' => 'Mozilla/5.0 (Windows NT 10.0; Win64; x64) AppleWebKit/537.36 (KHTML, like Gecko) Chrome/71.0.3578.98 Safari/537.36',
  'accept' => 'text/html,application/xhtml+xml,application/xml;q=0.9,image/webp,image/apng,*/*;q=0.8',
  'referer' => 'http://172.16.101.22/home/kehu/system/type/kehu_qiyeleixing.html',
  'accept-encoding' => 'gzip, deflate',
  'accept-language' => 'zh-CN,zh;q=0.9',
  'cookie' => 'PHPSESSID=0aeqm29jqrqi9e2oopjoa3gqv7; USERID=4; USERREALNAME=%E4%BB%BB%E5%B0%8F%E6%9B%BC',
)
[ info ] [ PARAM ] array (
)
[ info ] [ VIEW ] /var/www/manager_cmlaw/application/home/view/login/login-1.html [ array (
) ]
---------------------------------------------------------------
[ 2019-04-10T15:55:31+08:00 ] 192.168.101.137 POST 172.16.101.22/home/login/logins/
[运行时间：0.008257s] [吞吐率：121.11req/s] [内存消耗：996.75kb] [文件加载：76]
[ info ] [ LANG ] /var/www/manager_cmlaw/thinkphp/lang/zh-cn.php
[ info ] [ ROUTE ] array (
)
[ info ] [ HEADER ] array (
  'host' => '172.16.101.22',
  'connection' => 'keep-alive',
  'content-length' => '42',
  'accept' => '*/*',
  'origin' => 'http://172.16.101.22',
  'x-requested-with' => 'XMLHttpRequest',
  'user-agent' => 'Mozilla/5.0 (Windows NT 10.0; Win64; x64) AppleWebKit/537.36 (KHTML, like Gecko) Chrome/71.0.3578.98 Safari/537.36',
  'content-type' => 'application/x-www-form-urlencoded; charset=UTF-8',
  'referer' => 'http://172.16.101.22/home/login/',
  'accept-encoding' => 'gzip, deflate',
  'accept-language' => 'zh-CN,zh;q=0.9',
  'cookie' => 'PHPSESSID=0aeqm29jqrqi9e2oopjoa3gqv7; USERID=4; USERREALNAME=%E4%BB%BB%E5%B0%8F%E6%9B%BC',
)
[ info ] [ PARAM ] array (
  'username' => 'cmlaw_renxiaoman',
  'password' => '!cmlaw0',
)
[ info ] [ DB ] INIT mysql
[ sql ] [ DB ] CONNECT:[ UseTime:0.001191s ] mysql:host=172.16.101.20;port=3306;dbname=lawyer_cmlaw;charset=utf8
[ sql ] [ SQL ] SHOW COLUMNS FROM `user_dangan` [ RunTime:0.001197s ]
[ sql ] [ SQL ] SELECT * FROM `user_dangan` WHERE (  ( `login_name` = 'renxiaoman' OR `user_phone` = 'renxiaoman' OR `user_email` = 'renxiaoman' ) ) AND `user_dangan`.`delete_time` IS NULL LIMIT 1 [ RunTime:0.000796s ]
---------------------------------------------------------------
[ 2019-04-10T15:55:31+08:00 ] 192.168.101.137 GET 172.16.101.22/home/index/index
[运行时间：0.029765s] [吞吐率：33.60req/s] [内存消耗：1,187.73kb] [文件加载：86]
[ info ] [ LANG ] /var/www/manager_cmlaw/thinkphp/lang/zh-cn.php
[ info ] [ ROUTE ] array (
)
[ info ] [ HEADER ] array (
  'host' => '172.16.101.22',
  'connection' => 'keep-alive',
  'upgrade-insecure-requests' => '1',
  'user-agent' => 'Mozilla/5.0 (Windows NT 10.0; Win64; x64) AppleWebKit/537.36 (KHTML, like Gecko) Chrome/71.0.3578.98 Safari/537.36',
  'accept' => 'text/html,application/xhtml+xml,application/xml;q=0.9,image/webp,image/apng,*/*;q=0.8',
  'referer' => 'http://172.16.101.22/home/login/',
  'accept-encoding' => 'gzip, deflate',
  'accept-language' => 'zh-CN,zh;q=0.9',
  'cookie' => 'PHPSESSID=0aeqm29jqrqi9e2oopjoa3gqv7; USERID=4; USERREALNAME=%E4%BB%BB%E5%B0%8F%E6%9B%BC',
)
[ info ] [ PARAM ] array (
)
[ info ] [ DB ] INIT mysql
[ info ] [ VIEW ] /var/www/manager_cmlaw/application/home/view/index/index.html [ array (
  0 => 'config',
  1 => 'menu',
  2 => 'system',
  3 => 'data',
) ]
[ sql ] [ DB ] CONNECT:[ UseTime:0.000874s ] mysql:host=172.16.101.20;port=3306;dbname=lawyer_cmlaw;charset=utf8
[ sql ] [ SQL ] SHOW COLUMNS FROM `auth_group_access` [ RunTime:0.000869s ]
[ sql ] [ SQL ] SELECT `groupid` FROM `auth_group_access` WHERE (  `userid` = 4 ) AND `auth_group_access`.`delete_time` IS NULL [ RunTime:0.000615s ]
[ sql ] [ SQL ] SHOW COLUMNS FROM `auth_group` [ RunTime:0.000868s ]
[ sql ] [ SQL ] SELECT `rules` FROM `auth_group` WHERE (  `id` IN (174) ) AND `auth_group`.`delete_time` IS NULL [ RunTime:0.000593s ]
[ sql ] [ SQL ] SHOW COLUMNS FROM `auth_rule` [ RunTime:0.000827s ]
[ sql ] [ SQL ] SELECT * FROM `auth_rule` WHERE  `id` IN (9,10,11,22,23,97,99,134,138,139,135,136,137,15,115,141,117,118,119,156,124,125,120,121,122,142,143,144,145,146,147,123,148,126,127,149,150,128,151,129,130,152,131,132,140,133,153,154,155,157,159,160,161,162,163,158,164,165,166,167,168)  AND `ruleid` = 0  AND `type` = 1 ORDER BY `paixun` DESC [ RunTime:0.000999s ]
[ sql ] [ SQL ] SELECT * FROM `auth_rule` WHERE  `id` IN (9,10,11,22,23,97,99,134,138,139,135,136,137,15,115,141,117,118,119,156,124,125,120,121,122,142,143,144,145,146,147,123,148,126,127,149,150,128,151,129,130,152,131,132,140,133,153,154,155,157,159,160,161,162,163,158,164,165,166,167,168)  AND `title` = 'index/index' LIMIT 1 [ RunTime:0.000855s ]
[ sql ] [ SQL ] SELECT * FROM `auth_rule` WHERE  `id` IN (9,10,11,22,23,97,99,134,138,139,135,136,137,15,115,141,117,118,119,156,124,125,120,121,122,142,143,144,145,146,147,123,148,126,127,149,150,128,151,129,130,152,131,132,140,133,153,154,155,157,159,160,161,162,163,158,164,165,166,167,168)  AND `ruleid` = 131  AND `type` = 1 ORDER BY `paixun` DESC [ RunTime:0.000893s ]
[ sql ] [ SQL ] SHOW COLUMNS FROM `user_view` [ RunTime:0.001447s ]
[ sql ] [ SQL ] SELECT * FROM `user_view` WHERE (  `iduser` = 4 ) AND `user_view`.`delete_time` IS NULL LIMIT 1 [ RunTime:0.000999s ]
[ sql ] [ SQL ] SELECT * FROM `user_view` WHERE (  `iduser` = 4 ) AND `user_view`.`delete_time` IS NULL LIMIT 1 [ RunTime:0.000913s ]
[ sql ] [ SQL ] SHOW COLUMNS FROM `anjian_user_view` [ RunTime:0.001592s ]
[ sql ] [ SQL ] SELECT COUNT(*) AS tp_count FROM `anjian_user_view` WHERE (  `iduser` = 4 ) AND `anjian_user_view`.`delete_time` IS NULL LIMIT 1 [ RunTime:0.001899s ]
[ sql ] [ SQL ] SHOW COLUMNS FROM `kehu` [ RunTime:0.001043s ]
[ sql ] [ SQL ] SELECT COUNT(*) AS tp_count FROM `kehu` WHERE `kehu`.`delete_time` IS NULL LIMIT 1 [ RunTime:0.000580s ]
[ sql ] [ SQL ] SHOW COLUMNS FROM `work` [ RunTime:0.000945s ]
[ sql ] [ SQL ] SELECT SUM(`work_unit`) AS tp_sum FROM `work` WHERE (  `userid` = 4  AND `work_end_date` LIKE '2019-04-10%' ) AND `work`.`delete_time` IS NULL LIMIT 1 [ RunTime:0.000680s ]
[ sql ] [ SQL ] SELECT SUM(`work_unit`) AS tp_sum FROM `work` WHERE (  `userid` = 4  AND `work_end_date` LIKE '2019-04%' ) AND `work`.`delete_time` IS NULL LIMIT 1 [ RunTime:0.000618s ]
[ sql ] [ SQL ] SELECT COUNT(*) AS tp_count FROM `kehu` WHERE `kehu`.`delete_time` IS NULL LIMIT 1 [ RunTime:0.000583s ]
---------------------------------------------------------------
[ 2019-04-10T15:55:31+08:00 ] 192.168.101.137 POST 172.16.101.22/home/index/getWorkChar
[运行时间：0.017236s] [吞吐率：58.02req/s] [内存消耗：1,125.85kb] [文件加载：84]
[ info ] [ LANG ] /var/www/manager_cmlaw/thinkphp/lang/zh-cn.php
[ info ] [ ROUTE ] array (
)
[ info ] [ HEADER ] array (
  'host' => '172.16.101.22',
  'connection' => 'keep-alive',
  'content-length' => '0',
  'accept' => 'application/json, text/javascript, */*; q=0.01',
  'origin' => 'http://172.16.101.22',
  'x-requested-with' => 'XMLHttpRequest',
  'user-agent' => 'Mozilla/5.0 (Windows NT 10.0; Win64; x64) AppleWebKit/537.36 (KHTML, like Gecko) Chrome/71.0.3578.98 Safari/537.36',
  'referer' => 'http://172.16.101.22/home/index/index',
  'accept-encoding' => 'gzip, deflate',
  'accept-language' => 'zh-CN,zh;q=0.9',
  'cookie' => 'PHPSESSID=0aeqm29jqrqi9e2oopjoa3gqv7; USERID=4; USERREALNAME=%E4%BB%BB%E5%B0%8F%E6%9B%BC',
)
[ info ] [ PARAM ] array (
)
[ info ] [ DB ] INIT mysql
[ sql ] [ DB ] CONNECT:[ UseTime:0.000951s ] mysql:host=172.16.101.20;port=3306;dbname=lawyer_cmlaw;charset=utf8
[ sql ] [ SQL ] SHOW COLUMNS FROM `auth_group_access` [ RunTime:0.000937s ]
[ sql ] [ SQL ] SELECT `groupid` FROM `auth_group_access` WHERE (  `userid` = 4 ) AND `auth_group_access`.`delete_time` IS NULL [ RunTime:0.000560s ]
[ sql ] [ SQL ] SHOW COLUMNS FROM `auth_group` [ RunTime:0.000845s ]
[ sql ] [ SQL ] SELECT `rules` FROM `auth_group` WHERE (  `id` IN (174) ) AND `auth_group`.`delete_time` IS NULL [ RunTime:0.000506s ]
[ sql ] [ SQL ] SHOW COLUMNS FROM `user_view` [ RunTime:0.001244s ]
[ sql ] [ SQL ] SELECT * FROM `user_view` WHERE (  `iduser` = 4 ) AND `user_view`.`delete_time` IS NULL LIMIT 1 [ RunTime:0.000900s ]
[ sql ] [ SQL ] SELECT * FROM `user_view` WHERE (  `iduser` = 4 ) AND `user_view`.`delete_time` IS NULL LIMIT 1 [ RunTime:0.000828s ]
[ sql ] [ SQL ] SHOW COLUMNS FROM `work_view` [ RunTime:0.001269s ]
[ sql ] [ SQL ] SELECT work_end_date as "date",sum(`work_unit`) as "sum" FROM `work_view` WHERE (  `iduser` = 4  AND `work_end_date` LIKE '%2019%' ) AND `work_view`.`delete_time` IS NULL GROUP BY `work_end_date` ORDER BY `work_end_date` ASC LIMIT 0,30 [ RunTime:0.001476s ]
---------------------------------------------------------------
[ 2019-04-10T15:55:33+08:00 ] 192.168.101.137 GET 172.16.101.22/home/anjian/manage.html
[运行时间：0.103856s] [吞吐率：9.63req/s] [内存消耗：1,216.19kb] [文件加载：90]
[ info ] [ LANG ] /var/www/manager_cmlaw/thinkphp/lang/zh-cn.php
[ info ] [ ROUTE ] array (
)
[ info ] [ HEADER ] array (
  'host' => '172.16.101.22',
  'connection' => 'keep-alive',
  'upgrade-insecure-requests' => '1',
  'user-agent' => 'Mozilla/5.0 (Windows NT 10.0; Win64; x64) AppleWebKit/537.36 (KHTML, like Gecko) Chrome/71.0.3578.98 Safari/537.36',
  'accept' => 'text/html,application/xhtml+xml,application/xml;q=0.9,image/webp,image/apng,*/*;q=0.8',
  'referer' => 'http://172.16.101.22/home/index/index',
  'accept-encoding' => 'gzip, deflate',
  'accept-language' => 'zh-CN,zh;q=0.9',
  'cookie' => 'PHPSESSID=0aeqm29jqrqi9e2oopjoa3gqv7; USERID=4; USERREALNAME=%E4%BB%BB%E5%B0%8F%E6%9B%BC',
)
[ info ] [ PARAM ] array (
)
[ info ] [ DB ] INIT mysql
[ info ] [ VIEW ] /var/www/manager_cmlaw/application/home/view/anjian/manage.html [ array (
  0 => 'config',
  1 => 'menu',
  2 => 'system',
  3 => 'data',
  4 => 'viewConfig',
) ]
[ sql ] [ DB ] CONNECT:[ UseTime:0.001047s ] mysql:host=172.16.101.20;port=3306;dbname=lawyer_cmlaw;charset=utf8
[ sql ] [ SQL ] SHOW COLUMNS FROM `auth_group_access` [ RunTime:0.000938s ]
[ sql ] [ SQL ] SELECT `groupid` FROM `auth_group_access` WHERE (  `userid` = 4 ) AND `auth_group_access`.`delete_time` IS NULL [ RunTime:0.000626s ]
[ sql ] [ SQL ] SHOW COLUMNS FROM `auth_group` [ RunTime:0.000919s ]
[ sql ] [ SQL ] SELECT `rules` FROM `auth_group` WHERE (  `id` IN (174) ) AND `auth_group`.`delete_time` IS NULL [ RunTime:0.000572s ]
[ sql ] [ SQL ] SHOW COLUMNS FROM `auth_rule` [ RunTime:0.000882s ]
[ sql ] [ SQL ] SELECT * FROM `auth_rule` WHERE  `id` IN (9,10,11,22,23,97,99,134,138,139,135,136,137,15,115,141,117,118,119,156,124,125,120,121,122,142,143,144,145,146,147,123,148,126,127,149,150,128,151,129,130,152,131,132,140,133,153,154,155,157,159,160,161,162,163,158,164,165,166,167,168)  AND `ruleid` = 0  AND `type` = 1 ORDER BY `paixun` DESC [ RunTime:0.000996s ]
[ sql ] [ SQL ] SELECT * FROM `auth_rule` WHERE  `id` IN (9,10,11,22,23,97,99,134,138,139,135,136,137,15,115,141,117,118,119,156,124,125,120,121,122,142,143,144,145,146,147,123,148,126,127,149,150,128,151,129,130,152,131,132,140,133,153,154,155,157,159,160,161,162,163,158,164,165,166,167,168)  AND `title` = 'anjian/manage' LIMIT 1 [ RunTime:0.000842s ]
[ sql ] [ SQL ] SELECT * FROM `auth_rule` WHERE  `id` IN (9,10,11,22,23,97,99,134,138,139,135,136,137,15,115,141,117,118,119,156,124,125,120,121,122,142,143,144,145,146,147,123,148,126,127,149,150,128,151,129,130,152,131,132,140,133,153,154,155,157,159,160,161,162,163,158,164,165,166,167,168)  AND `ruleid` = 126  AND `type` = 1 ORDER BY `paixun` DESC [ RunTime:0.000904s ]
[ sql ] [ SQL ] SHOW COLUMNS FROM `user_view` [ RunTime:0.001503s ]
[ sql ] [ SQL ] SELECT * FROM `user_view` WHERE (  `iduser` = 4 ) AND `user_view`.`delete_time` IS NULL LIMIT 1 [ RunTime:0.001162s ]
[ sql ] [ SQL ] SELECT * FROM `user_view` WHERE (  `iduser` = 4 ) AND `user_view`.`delete_time` IS NULL LIMIT 1 [ RunTime:0.000990s ]
[ sql ] [ SQL ] SHOW COLUMNS FROM `anjian_user_view` [ RunTime:0.001878s ]
[ sql ] [ SQL ] SELECT COUNT(*) AS tp_count FROM ( SELECT count(*) AS think_count FROM `anjian_user_view` WHERE (  `anjian_status` = 3  AND `iduser` = 4 ) AND `anjian_user_view`.`delete_time` IS NULL GROUP BY `idanjian` ) `_group_count_` LIMIT 1 [ RunTime:0.001523s ]
[ sql ] [ SQL ] SELECT idanjian,fensuo_name,zhonglei_name,kehu_name,anjian_status,anjian_title,anjian_number,anjian_date,count(*) FROM `anjian_user_view` WHERE (  `anjian_status` = 3  AND `iduser` = 4 ) AND `anjian_user_view`.`delete_time` IS NULL GROUP BY `idanjian` ORDER BY `anjian_date` DESC LIMIT 0,20 [ RunTime:0.001541s ]
[ sql ] [ SQL ] SELECT COUNT(*) AS tp_count FROM `anjian_user_view` WHERE (  `anjian_status` = 4  AND `iduser` = 4 ) AND `anjian_user_view`.`delete_time` IS NULL LIMIT 1 [ RunTime:0.001172s ]
[ sql ] [ SQL ] SELECT COUNT(*) AS tp_count FROM `anjian_user_view` WHERE (  `anjian_status` = 2  AND `iduser` = 4 ) AND `anjian_user_view`.`delete_time` IS NULL LIMIT 1 [ RunTime:0.001766s ]
[ sql ] [ SQL ] SELECT COUNT(*) AS tp_count FROM `anjian_user_view` WHERE (  `anjian_status` = 3  AND `iduser` = 4 ) AND `anjian_user_view`.`delete_time` IS NULL LIMIT 1 [ RunTime:0.001435s ]
---------------------------------------------------------------
[ 2019-04-10T15:55:34+08:00 ] 192.168.101.137 GET 172.16.101.22/home/anjian/shenpi.html
[运行时间：0.051375s] [吞吐率：19.46req/s] [内存消耗：1,337.20kb] [文件加载：90]
[ info ] [ LANG ] /var/www/manager_cmlaw/thinkphp/lang/zh-cn.php
[ info ] [ ROUTE ] array (
)
[ info ] [ HEADER ] array (
  'host' => '172.16.101.22',
  'connection' => 'keep-alive',
  'upgrade-insecure-requests' => '1',
  'user-agent' => 'Mozilla/5.0 (Windows NT 10.0; Win64; x64) AppleWebKit/537.36 (KHTML, like Gecko) Chrome/71.0.3578.98 Safari/537.36',
  'accept' => 'text/html,application/xhtml+xml,application/xml;q=0.9,image/webp,image/apng,*/*;q=0.8',
  'referer' => 'http://172.16.101.22/home/anjian/manage.html',
  'accept-encoding' => 'gzip, deflate',
  'accept-language' => 'zh-CN,zh;q=0.9',
  'cookie' => 'PHPSESSID=0aeqm29jqrqi9e2oopjoa3gqv7; USERID=4; USERREALNAME=%E4%BB%BB%E5%B0%8F%E6%9B%BC',
)
[ info ] [ PARAM ] array (
)
[ info ] [ DB ] INIT mysql
[ info ] [ VIEW ] /var/www/manager_cmlaw/application/home/view/anjian/shenpi.html [ array (
  0 => 'config',
  1 => 'menu',
  2 => 'system',
  3 => 'data',
  4 => 'viewConfig',
) ]
[ sql ] [ DB ] CONNECT:[ UseTime:0.001166s ] mysql:host=172.16.101.20;port=3306;dbname=lawyer_cmlaw;charset=utf8
[ sql ] [ SQL ] SHOW COLUMNS FROM `auth_group_access` [ RunTime:0.000937s ]
[ sql ] [ SQL ] SELECT `groupid` FROM `auth_group_access` WHERE (  `userid` = 4 ) AND `auth_group_access`.`delete_time` IS NULL [ RunTime:0.000618s ]
[ sql ] [ SQL ] SHOW COLUMNS FROM `auth_group` [ RunTime:0.000910s ]
[ sql ] [ SQL ] SELECT `rules` FROM `auth_group` WHERE (  `id` IN (174) ) AND `auth_group`.`delete_time` IS NULL [ RunTime:0.000586s ]
[ sql ] [ SQL ] SHOW COLUMNS FROM `auth_rule` [ RunTime:0.000872s ]
[ sql ] [ SQL ] SELECT * FROM `auth_rule` WHERE  `id` IN (9,10,11,22,23,97,99,134,138,139,135,136,137,15,115,141,117,118,119,156,124,125,120,121,122,142,143,144,145,146,147,123,148,126,127,149,150,128,151,129,130,152,131,132,140,133,153,154,155,157,159,160,161,162,163,158,164,165,166,167,168)  AND `ruleid` = 0  AND `type` = 1 ORDER BY `paixun` DESC [ RunTime:0.000970s ]
[ sql ] [ SQL ] SELECT * FROM `auth_rule` WHERE  `id` IN (9,10,11,22,23,97,99,134,138,139,135,136,137,15,115,141,117,118,119,156,124,125,120,121,122,142,143,144,145,146,147,123,148,126,127,149,150,128,151,129,130,152,131,132,140,133,153,154,155,157,159,160,161,162,163,158,164,165,166,167,168)  AND `title` = 'anjian/shenpi' LIMIT 1 [ RunTime:0.000856s ]
[ sql ] [ SQL ] SELECT * FROM `auth_rule` WHERE  `id` = 126  AND `type` = 1 LIMIT 1 [ RunTime:0.000554s ]
[ sql ] [ SQL ] SELECT * FROM `auth_rule` WHERE  `id` IN (9,10,11,22,23,97,99,134,138,139,135,136,137,15,115,141,117,118,119,156,124,125,120,121,122,142,143,144,145,146,147,123,148,126,127,149,150,128,151,129,130,152,131,132,140,133,153,154,155,157,159,160,161,162,163,158,164,165,166,167,168)  AND `ruleid` = 126  AND `type` = 1 ORDER BY `paixun` DESC [ RunTime:0.000963s ]
[ sql ] [ SQL ] SHOW COLUMNS FROM `user_view` [ RunTime:0.001491s ]
[ sql ] [ SQL ] SELECT * FROM `user_view` WHERE (  `iduser` = 4 ) AND `user_view`.`delete_time` IS NULL LIMIT 1 [ RunTime:0.001047s ]
[ sql ] [ SQL ] SELECT * FROM `user_view` WHERE (  `iduser` = 4 ) AND `user_view`.`delete_time` IS NULL LIMIT 1 [ RunTime:0.000994s ]
[ sql ] [ SQL ] SHOW COLUMNS FROM `anjian_view` [ RunTime:0.002184s ]
[ sql ] [ SQL ] SELECT COUNT(*) AS tp_count FROM `anjian_view` WHERE (  `anjian_status` = 2 ) AND `anjian_view`.`delete_time` IS NULL LIMIT 1 [ RunTime:0.002016s ]
[ sql ] [ SQL ] SELECT * FROM `anjian_view` WHERE (  `anjian_status` = 2 ) AND `anjian_view`.`delete_time` IS NULL ORDER BY `create_time` DESC LIMIT 0,20 [ RunTime:0.003785s ]
---------------------------------------------------------------
[ 2019-04-10T15:55:34+08:00 ] 192.168.101.137 GET 172.16.101.22/home/anjian/system.html
[运行时间：0.047701s] [吞吐率：20.96req/s] [内存消耗：1,351.45kb] [文件加载：85]
[ info ] [ LANG ] /var/www/manager_cmlaw/thinkphp/lang/zh-cn.php
[ info ] [ ROUTE ] array (
)
[ info ] [ HEADER ] array (
  'host' => '172.16.101.22',
  'connection' => 'keep-alive',
  'upgrade-insecure-requests' => '1',
  'user-agent' => 'Mozilla/5.0 (Windows NT 10.0; Win64; x64) AppleWebKit/537.36 (KHTML, like Gecko) Chrome/71.0.3578.98 Safari/537.36',
  'accept' => 'text/html,application/xhtml+xml,application/xml;q=0.9,image/webp,image/apng,*/*;q=0.8',
  'referer' => 'http://172.16.101.22/home/anjian/shenpi.html',
  'accept-encoding' => 'gzip, deflate',
  'accept-language' => 'zh-CN,zh;q=0.9',
  'cookie' => 'PHPSESSID=0aeqm29jqrqi9e2oopjoa3gqv7; USERID=4; USERREALNAME=%E4%BB%BB%E5%B0%8F%E6%9B%BC',
)
[ info ] [ PARAM ] array (
)
[ info ] [ DB ] INIT mysql
[ info ] [ DB ] INIT mysql
[ info ] [ DB ] INIT mysql
[ info ] [ VIEW ] /var/www/manager_cmlaw/application/home/view/anjian/system/yewuleixing.html [ array (
  0 => 'config',
  1 => 'menu',
  2 => 'system',
  3 => 'data',
) ]
[ sql ] [ DB ] CONNECT:[ UseTime:0.000985s ] mysql:host=172.16.101.20;port=3306;dbname=lawyer_cmlaw;charset=utf8
[ sql ] [ SQL ] SHOW COLUMNS FROM `auth_group_access` [ RunTime:0.002526s ]
[ sql ] [ SQL ] SELECT `groupid` FROM `auth_group_access` WHERE (  `userid` = 4 ) AND `auth_group_access`.`delete_time` IS NULL [ RunTime:0.000545s ]
[ sql ] [ SQL ] SHOW COLUMNS FROM `auth_group` [ RunTime:0.000756s ]
[ sql ] [ SQL ] SELECT `rules` FROM `auth_group` WHERE (  `id` IN (174) ) AND `auth_group`.`delete_time` IS NULL [ RunTime:0.000489s ]
[ sql ] [ SQL ] SHOW COLUMNS FROM `auth_rule` [ RunTime:0.000728s ]
[ sql ] [ SQL ] SELECT * FROM `auth_rule` WHERE  `id` IN (9,10,11,22,23,97,99,134,138,139,135,136,137,15,115,141,117,118,119,156,124,125,120,121,122,142,143,144,145,146,147,123,148,126,127,149,150,128,151,129,130,152,131,132,140,133,153,154,155,157,159,160,161,162,163,158,164,165,166,167,168)  AND `ruleid` = 0  AND `type` = 1 ORDER BY `paixun` DESC [ RunTime:0.000844s ]
[ sql ] [ SQL ] SELECT * FROM `auth_rule` WHERE  `id` IN (9,10,11,22,23,97,99,134,138,139,135,136,137,15,115,141,117,118,119,156,124,125,120,121,122,142,143,144,145,146,147,123,148,126,127,149,150,128,151,129,130,152,131,132,140,133,153,154,155,157,159,160,161,162,163,158,164,165,166,167,168)  AND `title` = 'anjian/system' LIMIT 1 [ RunTime:0.000740s ]
[ sql ] [ SQL ] SELECT * FROM `auth_rule` WHERE  `id` = 126  AND `type` = 1 LIMIT 1 [ RunTime:0.000474s ]
[ sql ] [ SQL ] SELECT * FROM `auth_rule` WHERE  `id` IN (9,10,11,22,23,97,99,134,138,139,135,136,137,15,115,141,117,118,119,156,124,125,120,121,122,142,143,144,145,146,147,123,148,126,127,149,150,128,151,129,130,152,131,132,140,133,153,154,155,157,159,160,161,162,163,158,164,165,166,167,168)  AND `ruleid` = 126  AND `type` = 1 ORDER BY `paixun` DESC [ RunTime:0.000770s ]
[ sql ] [ SQL ] SHOW COLUMNS FROM `user_view` [ RunTime:0.001239s ]
[ sql ] [ SQL ] SELECT * FROM `user_view` WHERE (  `iduser` = 4 ) AND `user_view`.`delete_time` IS NULL LIMIT 1 [ RunTime:0.000908s ]
[ sql ] [ SQL ] SELECT * FROM `user_view` WHERE (  `iduser` = 4 ) AND `user_view`.`delete_time` IS NULL LIMIT 1 [ RunTime:0.000834s ]
[ sql ] [ DB ] CONNECT:[ UseTime:0.000781s ] mysql:host=172.16.101.20;port=3306;dbname=lawyer_cmlaw;charset=utf8
[ sql ] [ SQL ] SHOW COLUMNS FROM `anjian_yewuleixing` [ RunTime:0.000861s ]
[ sql ] [ SQL ] SELECT * FROM `anjian_yewuleixing` WHERE  `yewuleixing_delete` = 0 [ RunTime:0.000784s ]
[ sql ] [ DB ] CONNECT:[ UseTime:0.001088s ] mysql:host=172.16.101.20;port=3306;dbname=lawyer_cmlaw;charset=utf8
[ sql ] [ SQL ] SHOW COLUMNS FROM `anjian_zhonglei` [ RunTime:0.000865s ]
[ sql ] [ SQL ] SELECT * FROM `anjian_zhonglei` WHERE  `zhonglei_delete` = 0 [ RunTime:0.000624s ]
---------------------------------------------------------------
[ 2019-04-10T15:55:36+08:00 ] 192.168.101.137 GET 172.16.101.22/home/anjian/system/type/anyou.html
[运行时间：0.047781s] [吞吐率：20.93req/s] [内存消耗：1,912.87kb] [文件加载：85]
[ info ] [ LANG ] /var/www/manager_cmlaw/thinkphp/lang/zh-cn.php
[ info ] [ ROUTE ] array (
)
[ info ] [ HEADER ] array (
  'host' => '172.16.101.22',
  'connection' => 'keep-alive',
  'upgrade-insecure-requests' => '1',
  'user-agent' => 'Mozilla/5.0 (Windows NT 10.0; Win64; x64) AppleWebKit/537.36 (KHTML, like Gecko) Chrome/71.0.3578.98 Safari/537.36',
  'accept' => 'text/html,application/xhtml+xml,application/xml;q=0.9,image/webp,image/apng,*/*;q=0.8',
  'referer' => 'http://172.16.101.22/home/anjian/system.html',
  'accept-encoding' => 'gzip, deflate',
  'accept-language' => 'zh-CN,zh;q=0.9',
  'cookie' => 'PHPSESSID=0aeqm29jqrqi9e2oopjoa3gqv7; USERID=4; USERREALNAME=%E4%BB%BB%E5%B0%8F%E6%9B%BC',
)
[ info ] [ PARAM ] array (
  'type' => 'anyou',
)
[ info ] [ DB ] INIT mysql
[ info ] [ DB ] INIT mysql
[ info ] [ DB ] INIT mysql
[ info ] [ DB ] INIT mysql
[ info ] [ DB ] INIT mysql
[ info ] [ DB ] INIT mysql
[ info ] [ DB ] INIT mysql
[ info ] [ DB ] INIT mysql
[ info ] [ DB ] INIT mysql
[ info ] [ DB ] INIT mysql
[ info ] [ DB ] INIT mysql
[ info ] [ DB ] INIT mysql
[ info ] [ DB ] INIT mysql
[ info ] [ VIEW ] /var/www/manager_cmlaw/application/home/view/anjian/system/anyou.html [ array (
  0 => 'config',
  1 => 'menu',
  2 => 'system',
  3 => 'data',
) ]
[ sql ] [ DB ] CONNECT:[ UseTime:0.001069s ] mysql:host=172.16.101.20;port=3306;dbname=lawyer_cmlaw;charset=utf8
[ sql ] [ SQL ] SHOW COLUMNS FROM `auth_group_access` [ RunTime:0.000847s ]
[ sql ] [ SQL ] SELECT `groupid` FROM `auth_group_access` WHERE (  `userid` = 4 ) AND `auth_group_access`.`delete_time` IS NULL [ RunTime:0.000524s ]
[ sql ] [ SQL ] SHOW COLUMNS FROM `auth_group` [ RunTime:0.000755s ]
[ sql ] [ SQL ] SELECT `rules` FROM `auth_group` WHERE (  `id` IN (174) ) AND `auth_group`.`delete_time` IS NULL [ RunTime:0.000461s ]
[ sql ] [ SQL ] SHOW COLUMNS FROM `auth_rule` [ RunTime:0.000791s ]
[ sql ] [ SQL ] SELECT * FROM `auth_rule` WHERE  `id` IN (9,10,11,22,23,97,99,134,138,139,135,136,137,15,115,141,117,118,119,156,124,125,120,121,122,142,143,144,145,146,147,123,148,126,127,149,150,128,151,129,130,152,131,132,140,133,153,154,155,157,159,160,161,162,163,158,164,165,166,167,168)  AND `ruleid` = 0  AND `type` = 1 ORDER BY `paixun` DESC [ RunTime:0.001061s ]
[ sql ] [ SQL ] SELECT * FROM `auth_rule` WHERE  `id` IN (9,10,11,22,23,97,99,134,138,139,135,136,137,15,115,141,117,118,119,156,124,125,120,121,122,142,143,144,145,146,147,123,148,126,127,149,150,128,151,129,130,152,131,132,140,133,153,154,155,157,159,160,161,162,163,158,164,165,166,167,168)  AND `title` = 'anjian/system' LIMIT 1 [ RunTime:0.000735s ]
[ sql ] [ SQL ] SELECT * FROM `auth_rule` WHERE  `id` = 126  AND `type` = 1 LIMIT 1 [ RunTime:0.000533s ]
[ sql ] [ SQL ] SELECT * FROM `auth_rule` WHERE  `id` IN (9,10,11,22,23,97,99,134,138,139,135,136,137,15,115,141,117,118,119,156,124,125,120,121,122,142,143,144,145,146,147,123,148,126,127,149,150,128,151,129,130,152,131,132,140,133,153,154,155,157,159,160,161,162,163,158,164,165,166,167,168)  AND `ruleid` = 126  AND `type` = 1 ORDER BY `paixun` DESC [ RunTime:0.000788s ]
[ sql ] [ SQL ] SHOW COLUMNS FROM `user_view` [ RunTime:0.001386s ]
[ sql ] [ SQL ] SELECT * FROM `user_view` WHERE (  `iduser` = 4 ) AND `user_view`.`delete_time` IS NULL LIMIT 1 [ RunTime:0.000881s ]
[ sql ] [ SQL ] SELECT * FROM `user_view` WHERE (  `iduser` = 4 ) AND `user_view`.`delete_time` IS NULL LIMIT 1 [ RunTime:0.000765s ]
[ sql ] [ DB ] CONNECT:[ UseTime:0.000764s ] mysql:host=172.16.101.20;port=3306;dbname=lawyer_cmlaw;charset=utf8
[ sql ] [ SQL ] SHOW COLUMNS FROM `anjian_anyou` [ RunTime:0.000817s ]
[ sql ] [ SQL ] SELECT * FROM `anjian_anyou` WHERE  `anyou_delete` = 0  AND `anyouid` = 0 [ RunTime:0.001092s ]
[ sql ] [ DB ] CONNECT:[ UseTime:0.000615s ] mysql:host=172.16.101.20;port=3306;dbname=lawyer_cmlaw;charset=utf8
[ sql ] [ SQL ] SELECT COUNT(*) AS tp_count FROM `anjian_anyou` WHERE  `anyouid` = 1 LIMIT 1 [ RunTime:0.000694s ]
[ sql ] [ DB ] CONNECT:[ UseTime:0.000713s ] mysql:host=172.16.101.20;port=3306;dbname=lawyer_cmlaw;charset=utf8
[ sql ] [ SQL ] SELECT COUNT(*) AS tp_count FROM `anjian_anyou` WHERE  `anyouid` = 2 LIMIT 1 [ RunTime:0.000712s ]
[ sql ] [ DB ] CONNECT:[ UseTime:0.000767s ] mysql:host=172.16.101.20;port=3306;dbname=lawyer_cmlaw;charset=utf8
[ sql ] [ SQL ] SELECT COUNT(*) AS tp_count FROM `anjian_anyou` WHERE  `anyouid` = 3 LIMIT 1 [ RunTime:0.000795s ]
[ sql ] [ DB ] CONNECT:[ UseTime:0.000759s ] mysql:host=172.16.101.20;port=3306;dbname=lawyer_cmlaw;charset=utf8
[ sql ] [ SQL ] SELECT COUNT(*) AS tp_count FROM `anjian_anyou` WHERE  `anyouid` = 4 LIMIT 1 [ RunTime:0.000722s ]
[ sql ] [ DB ] CONNECT:[ UseTime:0.000715s ] mysql:host=172.16.101.20;port=3306;dbname=lawyer_cmlaw;charset=utf8
[ sql ] [ SQL ] SELECT COUNT(*) AS tp_count FROM `anjian_anyou` WHERE  `anyouid` = 5 LIMIT 1 [ RunTime:0.000696s ]
[ sql ] [ DB ] CONNECT:[ UseTime:0.000772s ] mysql:host=172.16.101.20;port=3306;dbname=lawyer_cmlaw;charset=utf8
[ sql ] [ SQL ] SELECT COUNT(*) AS tp_count FROM `anjian_anyou` WHERE  `anyouid` = 6 LIMIT 1 [ RunTime:0.000934s ]
[ sql ] [ DB ] CONNECT:[ UseTime:0.000935s ] mysql:host=172.16.101.20;port=3306;dbname=lawyer_cmlaw;charset=utf8
[ sql ] [ SQL ] SELECT COUNT(*) AS tp_count FROM `anjian_anyou` WHERE  `anyouid` = 7 LIMIT 1 [ RunTime:0.000740s ]
[ sql ] [ DB ] CONNECT:[ UseTime:0.000798s ] mysql:host=172.16.101.20;port=3306;dbname=lawyer_cmlaw;charset=utf8
[ sql ] [ SQL ] SELECT COUNT(*) AS tp_count FROM `anjian_anyou` WHERE  `anyouid` = 8 LIMIT 1 [ RunTime:0.000785s ]
[ sql ] [ DB ] CONNECT:[ UseTime:0.000696s ] mysql:host=172.16.101.20;port=3306;dbname=lawyer_cmlaw;charset=utf8
[ sql ] [ SQL ] SELECT COUNT(*) AS tp_count FROM `anjian_anyou` WHERE  `anyouid` = 9 LIMIT 1 [ RunTime:0.000712s ]
[ sql ] [ DB ] CONNECT:[ UseTime:0.000722s ] mysql:host=172.16.101.20;port=3306;dbname=lawyer_cmlaw;charset=utf8
[ sql ] [ SQL ] SELECT COUNT(*) AS tp_count FROM `anjian_anyou` WHERE  `anyouid` = 10 LIMIT 1 [ RunTime:0.000657s ]
[ sql ] [ DB ] CONNECT:[ UseTime:0.000687s ] mysql:host=172.16.101.20;port=3306;dbname=lawyer_cmlaw;charset=utf8
[ sql ] [ SQL ] SHOW COLUMNS FROM `anjian_zhonglei` [ RunTime:0.000887s ]
[ sql ] [ SQL ] SELECT * FROM `anjian_zhonglei` WHERE  `zhonglei_delete` = 0 [ RunTime:0.000741s ]
---------------------------------------------------------------
[ 2019-04-10T15:55:37+08:00 ] 192.168.101.137 GET 172.16.101.22/home/anjian/system/type/yewuleixing.html
[运行时间：0.024232s] [吞吐率：41.27req/s] [内存消耗：1,351.27kb] [文件加载：85]
[ info ] [ LANG ] /var/www/manager_cmlaw/thinkphp/lang/zh-cn.php
[ info ] [ ROUTE ] array (
)
[ info ] [ HEADER ] array (
  'host' => '172.16.101.22',
  'connection' => 'keep-alive',
  'upgrade-insecure-requests' => '1',
  'user-agent' => 'Mozilla/5.0 (Windows NT 10.0; Win64; x64) AppleWebKit/537.36 (KHTML, like Gecko) Chrome/71.0.3578.98 Safari/537.36',
  'accept' => 'text/html,application/xhtml+xml,application/xml;q=0.9,image/webp,image/apng,*/*;q=0.8',
  'referer' => 'http://172.16.101.22/home/anjian/system/type/anyou.html',
  'accept-encoding' => 'gzip, deflate',
  'accept-language' => 'zh-CN,zh;q=0.9',
  'cookie' => 'PHPSESSID=0aeqm29jqrqi9e2oopjoa3gqv7; USERID=4; USERREALNAME=%E4%BB%BB%E5%B0%8F%E6%9B%BC',
)
[ info ] [ PARAM ] array (
  'type' => 'yewuleixing',
)
[ info ] [ DB ] INIT mysql
[ info ] [ DB ] INIT mysql
[ info ] [ DB ] INIT mysql
[ info ] [ VIEW ] /var/www/manager_cmlaw/application/home/view/anjian/system/yewuleixing.html [ array (
  0 => 'config',
  1 => 'menu',
  2 => 'system',
  3 => 'data',
) ]
[ sql ] [ DB ] CONNECT:[ UseTime:0.001242s ] mysql:host=172.16.101.20;port=3306;dbname=lawyer_cmlaw;charset=utf8
[ sql ] [ SQL ] SHOW COLUMNS FROM `auth_group_access` [ RunTime:0.001200s ]
[ sql ] [ SQL ] SELECT `groupid` FROM `auth_group_access` WHERE (  `userid` = 4 ) AND `auth_group_access`.`delete_time` IS NULL [ RunTime:0.000710s ]
[ sql ] [ SQL ] SHOW COLUMNS FROM `auth_group` [ RunTime:0.000802s ]
[ sql ] [ SQL ] SELECT `rules` FROM `auth_group` WHERE (  `id` IN (174) ) AND `auth_group`.`delete_time` IS NULL [ RunTime:0.000489s ]
[ sql ] [ SQL ] SHOW COLUMNS FROM `auth_rule` [ RunTime:0.000736s ]
[ sql ] [ SQL ] SELECT * FROM `auth_rule` WHERE  `id` IN (9,10,11,22,23,97,99,134,138,139,135,136,137,15,115,141,117,118,119,156,124,125,120,121,122,142,143,144,145,146,147,123,148,126,127,149,150,128,151,129,130,152,131,132,140,133,153,154,155,157,159,160,161,162,163,158,164,165,166,167,168)  AND `ruleid` = 0  AND `type` = 1 ORDER BY `paixun` DESC [ RunTime:0.000871s ]
[ sql ] [ SQL ] SELECT * FROM `auth_rule` WHERE  `id` IN (9,10,11,22,23,97,99,134,138,139,135,136,137,15,115,141,117,118,119,156,124,125,120,121,122,142,143,144,145,146,147,123,148,126,127,149,150,128,151,129,130,152,131,132,140,133,153,154,155,157,159,160,161,162,163,158,164,165,166,167,168)  AND `title` = 'anjian/system' LIMIT 1 [ RunTime:0.000737s ]
[ sql ] [ SQL ] SELECT * FROM `auth_rule` WHERE  `id` = 126  AND `type` = 1 LIMIT 1 [ RunTime:0.000505s ]
[ sql ] [ SQL ] SELECT * FROM `auth_rule` WHERE  `id` IN (9,10,11,22,23,97,99,134,138,139,135,136,137,15,115,141,117,118,119,156,124,125,120,121,122,142,143,144,145,146,147,123,148,126,127,149,150,128,151,129,130,152,131,132,140,133,153,154,155,157,159,160,161,162,163,158,164,165,166,167,168)  AND `ruleid` = 126  AND `type` = 1 ORDER BY `paixun` DESC [ RunTime:0.000796s ]
[ sql ] [ SQL ] SHOW COLUMNS FROM `user_view` [ RunTime:0.001533s ]
[ sql ] [ SQL ] SELECT * FROM `user_view` WHERE (  `iduser` = 4 ) AND `user_view`.`delete_time` IS NULL LIMIT 1 [ RunTime:0.001128s ]
[ sql ] [ SQL ] SELECT * FROM `user_view` WHERE (  `iduser` = 4 ) AND `user_view`.`delete_time` IS NULL LIMIT 1 [ RunTime:0.000868s ]
[ sql ] [ DB ] CONNECT:[ UseTime:0.000772s ] mysql:host=172.16.101.20;port=3306;dbname=lawyer_cmlaw;charset=utf8
[ sql ] [ SQL ] SHOW COLUMNS FROM `anjian_yewuleixing` [ RunTime:0.000836s ]
[ sql ] [ SQL ] SELECT * FROM `anjian_yewuleixing` WHERE  `yewuleixing_delete` = 0 [ RunTime:0.000646s ]
[ sql ] [ DB ] CONNECT:[ UseTime:0.000650s ] mysql:host=172.16.101.20;port=3306;dbname=lawyer_cmlaw;charset=utf8
[ sql ] [ SQL ] SHOW COLUMNS FROM `anjian_zhonglei` [ RunTime:0.000767s ]
[ sql ] [ SQL ] SELECT * FROM `anjian_zhonglei` WHERE  `zhonglei_delete` = 0 [ RunTime:0.000595s ]
