---------------------------------------------------------------
[ 2019-04-16T08:00:01+08:00 ] 172.16.101.22 GET 172.16.101.22/home/login/logins?username=cmlaw_renxiaoman&password=%21cmlaw0
[运行时间：0.010808s] [吞吐率：92.52req/s] [内存消耗：995.62kb] [文件加载：76]
[ info ] [ LANG ] /var/www/manager_cmlaw/thinkphp/lang/zh-cn.php
[ info ] [ ROUTE ] array (
)
[ info ] [ HEADER ] array (
  'host' => '172.16.101.22',
  'accept' => '*/*',
)
[ info ] [ PARAM ] array (
  'username' => 'cmlaw_renxiaoman',
  'password' => '!cmlaw0',
)
[ info ] [ DB ] INIT mysql
[ sql ] [ DB ] CONNECT:[ UseTime:0.001545s ] mysql:host=172.16.101.20;port=3306;dbname=lawyer_cmlaw;charset=utf8
[ sql ] [ SQL ] SHOW COLUMNS FROM `user_dangan` [ RunTime:0.001306s ]
[ sql ] [ SQL ] SELECT * FROM `user_dangan` WHERE (  ( `login_name` = 'renxiaoman' OR `user_phone` = 'renxiaoman' OR `user_email` = 'renxiaoman' ) ) AND `user_dangan`.`delete_time` IS NULL LIMIT 1 [ RunTime:0.001237s ]
---------------------------------------------------------------
[ 2019-04-16T08:00:01+08:00 ] 172.16.101.22 GET 172.16.101.22/api/Load?aaaa=1
[运行时间：0.216531s] [吞吐率：4.62req/s] [内存消耗：987.17kb] [文件加载：72]
[ info ] [ LANG ] /var/www/manager_cmlaw/thinkphp/lang/zh-cn.php
[ info ] [ ROUTE ] array (
  'rule' => 'api/Load',
  'route' => 'api/load/index',
  'option' => 
  array (
    'merge_rule_regex' => false,
    'method' => 'get|post',
  ),
  'var' => 
  array (
  ),
)
[ info ] [ HEADER ] array (
  'host' => '172.16.101.22',
  'accept' => '*/*',
)
[ info ] [ PARAM ] array (
  'aaaa' => '1',
)
[ info ] [ DB ] INIT mysql
[ sql ] [ DB ] CONNECT:[ UseTime:0.001315s ] mysql:host=172.16.101.20;port=3306;dbname=lawyer_cmlaw;charset=utf8
[ sql ] [ SQL ] SHOW COLUMNS FROM `jishi` [ RunTime:0.001227s ]
[ sql ] [ SQL ] SELECT * FROM `jishi` WHERE (  `jishi_status` = 1  AND `jishi_jiezhi_date` <= '2019-04-16' ) AND `jishi`.`delete_time` IS NULL [ RunTime:0.001277s ]
[ sql ] [ SQL ] UPDATE `jishi`  SET `jishi_status` = 2 , `update_time` = '2019-04-16 08:00:01'  WHERE (  `idjishi` = 49 ) AND `jishi`.`delete_time` IS NULL [ RunTime:0.200151s ]
---------------------------------------------------------------
[ 2019-04-16T08:00:01+08:00 ] 172.16.101.22 GET 172.16.101.22/api/load.lichong/?aaaa=1
[运行时间：0.008127s] [吞吐率：123.05req/s] [内存消耗：966.51kb] [文件加载：72]
[ info ] [ LANG ] /var/www/manager_cmlaw/thinkphp/lang/zh-cn.php
[ info ] [ ROUTE ] array (
  'rule' => 'api/load.lichong',
  'route' => 'api/load/lichong',
  'option' => 
  array (
    'merge_rule_regex' => false,
    'method' => 'get|post',
  ),
  'var' => 
  array (
  ),
)
[ info ] [ HEADER ] array (
  'host' => '172.16.101.22',
  'accept' => '*/*',
)
[ info ] [ PARAM ] array (
  'aaaa' => '1',
)
[ info ] [ DB ] INIT mysql
[ sql ] [ DB ] CONNECT:[ UseTime:0.001188s ] mysql:host=172.16.101.20;port=3306;dbname=lawyer_cmlaw;charset=utf8
[ sql ] [ SQL ] SHOW COLUMNS FROM `lichong` [ RunTime:0.001174s ]
[ sql ] [ SQL ] SELECT * FROM `lichong` WHERE (  `lichong_status` = 1  AND `gongshijieshu_time` <= '2019-04-16' ) AND `lichong`.`delete_time` IS NULL [ RunTime:0.001385s ]
---------------------------------------------------------------
[ 2019-04-16T08:00:01+08:00 ] 172.16.101.22 GET 172.16.101.22/api/load.sum/?aaaa=1
[运行时间：0.053401s] [吞吐率：18.73req/s] [内存消耗：1,017.87kb] [文件加载：73]
[ info ] [ LANG ] /var/www/manager_cmlaw/thinkphp/lang/zh-cn.php
[ info ] [ ROUTE ] array (
  'rule' => 'api/load.sum',
  'route' => 'api/load/sum',
  'option' => 
  array (
    'merge_rule_regex' => false,
    'method' => 'get|post',
  ),
  'var' => 
  array (
  ),
)
[ info ] [ HEADER ] array (
  'host' => '172.16.101.22',
  'accept' => '*/*',
)
[ info ] [ PARAM ] array (
  'aaaa' => '1',
)
[ info ] [ DB ] INIT mysql
[ sql ] [ DB ] CONNECT:[ UseTime:0.001141s ] mysql:host=172.16.101.20;port=3306;dbname=lawyer_cmlaw;charset=utf8
[ sql ] [ SQL ] SHOW COLUMNS FROM `fensuo` [ RunTime:0.001152s ]
[ sql ] [ SQL ] SELECT * FROM `fensuo` WHERE (  `fensuo_delete` = 0 ) AND `fensuo`.`delete_time` IS NULL [ RunTime:0.000981s ]
[ sql ] [ SQL ] SHOW COLUMNS FROM `user` [ RunTime:0.001417s ]
[ sql ] [ SQL ] SELECT COUNT(*) AS tp_count FROM `user` WHERE (  `fensuoid` = 1 ) AND `user`.`delete_time` IS NULL LIMIT 1 [ RunTime:0.000764s ]
[ sql ] [ SQL ] SELECT COUNT(*) AS tp_count FROM `user` WHERE (  `fensuoid` = 2 ) AND `user`.`delete_time` IS NULL LIMIT 1 [ RunTime:0.000670s ]
[ sql ] [ SQL ] SELECT COUNT(*) AS tp_count FROM `user` WHERE (  `fensuoid` = 3 ) AND `user`.`delete_time` IS NULL LIMIT 1 [ RunTime:0.000662s ]
[ sql ] [ SQL ] SELECT COUNT(*) AS tp_count FROM `user` WHERE (  `fensuoid` = 4 ) AND `user`.`delete_time` IS NULL LIMIT 1 [ RunTime:0.000659s ]
[ sql ] [ SQL ] SELECT COUNT(*) AS tp_count FROM `user` WHERE (  `fensuoid` = 5 ) AND `user`.`delete_time` IS NULL LIMIT 1 [ RunTime:0.000702s ]
[ sql ] [ SQL ] SELECT COUNT(*) AS tp_count FROM `user` WHERE (  `fensuoid` = 13 ) AND `user`.`delete_time` IS NULL LIMIT 1 [ RunTime:0.000660s ]
[ sql ] [ SQL ] SELECT COUNT(*) AS tp_count FROM `user` WHERE (  `fensuoid` = 14 ) AND `user`.`delete_time` IS NULL LIMIT 1 [ RunTime:0.000688s ]
[ sql ] [ SQL ] UPDATE `fensuo`  SET `sum` = 19 , `update_time` = '2019-04-16 08:00:01.422550'  WHERE (  `idfensuo` = 1 ) AND `fensuo`.`delete_time` IS NULL [ RunTime:0.014175s ]
[ sql ] [ SQL ] UPDATE `fensuo`  SET `sum` = 26 , `update_time` = '2019-04-16 08:00:01.437306'  WHERE (  `idfensuo` = 2 ) AND `fensuo`.`delete_time` IS NULL [ RunTime:0.000680s ]
[ sql ] [ SQL ] UPDATE `fensuo`  SET `sum` = 1 , `update_time` = '2019-04-16 08:00:01.438569'  WHERE (  `idfensuo` = 3 ) AND `fensuo`.`delete_time` IS NULL [ RunTime:0.000604s ]
[ sql ] [ SQL ] UPDATE `fensuo`  SET `sum` = 0 , `update_time` = '2019-04-16 08:00:01.439653'  WHERE (  `idfensuo` = 4 ) AND `fensuo`.`delete_time` IS NULL [ RunTime:0.000656s ]
[ sql ] [ SQL ] UPDATE `fensuo`  SET `sum` = 0 , `update_time` = '2019-04-16 08:00:01.440824'  WHERE (  `idfensuo` = 5 ) AND `fensuo`.`delete_time` IS NULL [ RunTime:0.000703s ]
[ sql ] [ SQL ] UPDATE `fensuo`  SET `sum` = 1 , `update_time` = '2019-04-16 08:00:01.442019'  WHERE (  `idfensuo` = 13 ) AND `fensuo`.`delete_time` IS NULL [ RunTime:0.000668s ]
[ sql ] [ SQL ] UPDATE `fensuo`  SET `sum` = 0 , `update_time` = '2019-04-16 08:00:01.443190'  WHERE (  `idfensuo` = 14 ) AND `fensuo`.`delete_time` IS NULL [ RunTime:0.000622s ]
---------------------------------------------------------------
[ 2019-04-16T09:00:02+08:00 ] 192.168.101.137 POST 172.16.101.22/quanxian/get.quanxian
[运行时间：0.020750s] [吞吐率：48.19req/s] [内存消耗：948.68kb] [文件加载：78]
[ info ] [ LANG ] /var/www/manager_cmlaw/thinkphp/lang/zh-cn.php
[ info ] [ ROUTE ] array (
  'rule' => 'quanxian/get.quanxian',
  'route' => 'api/quanxian/getQuanxian',
  'option' => 
  array (
    'merge_rule_regex' => false,
    'method' => 'get|post',
  ),
  'var' => 
  array (
  ),
)
[ info ] [ HEADER ] array (
  'host' => '172.16.101.22',
  'connection' => 'keep-alive',
  'content-length' => '0',
  'accept' => 'application/json, text/plain, */*',
  'origin' => 'http://172.16.101.22',
  'user-agent' => 'Mozilla/5.0 (Windows NT 10.0; Win64; x64) AppleWebKit/537.36 (KHTML, like Gecko) Chrome/73.0.3683.86 Safari/537.36',
  'referer' => 'http://172.16.101.22/zhangdan-guanli/jishi-chuanjian',
  'accept-encoding' => 'gzip, deflate',
  'accept-language' => 'zh-CN,zh;q=0.9',
  'cookie' => 'PHPSESSID=09s2sh9esiqo0a375jbcmhpj9d; USERID=4; USERREALNAME=%E4%BB%BB%E5%B0%8F%E6%9B%BC',
)
[ info ] [ PARAM ] array (
)
[ info ] [ DB ] INIT mysql
[ sql ] [ DB ] CONNECT:[ UseTime:0.001639s ] mysql:host=172.16.101.20;port=3306;dbname=lawyer_cmlaw;charset=utf8
[ sql ] [ SQL ] SHOW COLUMNS FROM `auth_group_access` [ RunTime:0.001177s ]
[ sql ] [ SQL ] SELECT `groupid` FROM `auth_group_access` WHERE (  `userid` IS NULL ) AND `auth_group_access`.`delete_time` IS NULL [ RunTime:0.000681s ]
[ sql ] [ SQL ] SHOW COLUMNS FROM `auth_group` [ RunTime:0.000980s ]
[ sql ] [ SQL ] SELECT `rules` FROM `auth_group` WHERE (  `id` IN ('') ) AND `auth_group`.`delete_time` IS NULL [ RunTime:0.000619s ]
[ sql ] [ SQL ] SHOW COLUMNS FROM `auth_rule` [ RunTime:0.001025s ]
[ sql ] [ SQL ] SELECT * FROM `auth_rule` WHERE  `id` IN (0)  AND `ruleid` = 0  AND `type` = 1 ORDER BY `paixun` DESC [ RunTime:0.000868s ]
[ sql ] [ SQL ] SELECT * FROM `auth_rule` WHERE  `id` IN (0)  AND `title` = 'quanxian/getquanxian' LIMIT 1 [ RunTime:0.000769s ]
[ sql ] [ SQL ] SELECT * FROM `auth_rule` WHERE  `id` IN (0)  AND `ruleid` IS NULL  AND `type` = 1 ORDER BY `paixun` DESC [ RunTime:0.000760s ]
---------------------------------------------------------------
[ 2019-04-16T09:00:02+08:00 ] 192.168.101.137 POST 172.16.101.22/quanxian/get.quanxian
[运行时间：0.035074s] [吞吐率：28.51req/s] [内存消耗：948.68kb] [文件加载：78]
[ info ] [ LANG ] /var/www/manager_cmlaw/thinkphp/lang/zh-cn.php
[ info ] [ ROUTE ] array (
  'rule' => 'quanxian/get.quanxian',
  'route' => 'api/quanxian/getQuanxian',
  'option' => 
  array (
    'merge_rule_regex' => false,
    'method' => 'get|post',
  ),
  'var' => 
  array (
  ),
)
[ info ] [ HEADER ] array (
  'host' => '172.16.101.22',
  'connection' => 'keep-alive',
  'content-length' => '0',
  'accept' => 'application/json, text/plain, */*',
  'origin' => 'http://172.16.101.22',
  'user-agent' => 'Mozilla/5.0 (Windows NT 10.0; Win64; x64) AppleWebKit/537.36 (KHTML, like Gecko) Chrome/73.0.3683.86 Safari/537.36',
  'referer' => 'http://172.16.101.22/zhangdan-guanli/jishi-chuanjian',
  'accept-encoding' => 'gzip, deflate',
  'accept-language' => 'zh-CN,zh;q=0.9',
  'cookie' => 'PHPSESSID=09s2sh9esiqo0a375jbcmhpj9d; USERID=4; USERREALNAME=%E4%BB%BB%E5%B0%8F%E6%9B%BC',
)
[ info ] [ PARAM ] array (
)
[ info ] [ DB ] INIT mysql
[ sql ] [ DB ] CONNECT:[ UseTime:0.002300s ] mysql:host=172.16.101.20;port=3306;dbname=lawyer_cmlaw;charset=utf8
[ sql ] [ SQL ] SHOW COLUMNS FROM `auth_group_access` [ RunTime:0.001587s ]
[ sql ] [ SQL ] SELECT `groupid` FROM `auth_group_access` WHERE (  `userid` IS NULL ) AND `auth_group_access`.`delete_time` IS NULL [ RunTime:0.001200s ]
[ sql ] [ SQL ] SHOW COLUMNS FROM `auth_group` [ RunTime:0.001269s ]
[ sql ] [ SQL ] SELECT `rules` FROM `auth_group` WHERE (  `id` IN ('') ) AND `auth_group`.`delete_time` IS NULL [ RunTime:0.000771s ]
[ sql ] [ SQL ] SHOW COLUMNS FROM `auth_rule` [ RunTime:0.001503s ]
[ sql ] [ SQL ] SELECT * FROM `auth_rule` WHERE  `id` IN (0)  AND `ruleid` = 0  AND `type` = 1 ORDER BY `paixun` DESC [ RunTime:0.000989s ]
[ sql ] [ SQL ] SELECT * FROM `auth_rule` WHERE  `id` IN (0)  AND `title` = 'quanxian/getquanxian' LIMIT 1 [ RunTime:0.000926s ]
[ sql ] [ SQL ] SELECT * FROM `auth_rule` WHERE  `id` IN (0)  AND `ruleid` IS NULL  AND `type` = 1 ORDER BY `paixun` DESC [ RunTime:0.000887s ]
---------------------------------------------------------------
[ 2019-04-16T09:00:02+08:00 ] 192.168.101.137 POST 172.16.101.22/quanxian/is.quanxian
[运行时间：0.045596s] [吞吐率：21.93req/s] [内存消耗：949.71kb] [文件加载：78]
[ info ] [ LANG ] /var/www/manager_cmlaw/thinkphp/lang/zh-cn.php
[ info ] [ ROUTE ] array (
  'rule' => 'quanxian/is.quanxian',
  'route' => 'api/quanxian/isQuanxian',
  'option' => 
  array (
    'merge_rule_regex' => false,
    'method' => 'get|post',
  ),
  'var' => 
  array (
  ),
)
[ info ] [ HEADER ] array (
  'host' => '172.16.101.22',
  'connection' => 'keep-alive',
  'content-length' => '42',
  'accept' => 'application/json, text/plain, */*',
  'origin' => 'http://172.16.101.22',
  'user-agent' => 'Mozilla/5.0 (Windows NT 10.0; Win64; x64) AppleWebKit/537.36 (KHTML, like Gecko) Chrome/73.0.3683.86 Safari/537.36',
  'content-type' => 'application/json;charset=UTF-8',
  'referer' => 'http://172.16.101.22/zhangdan-guanli/jishi-chuanjian',
  'accept-encoding' => 'gzip, deflate',
  'accept-language' => 'zh-CN,zh;q=0.9',
  'cookie' => 'PHPSESSID=09s2sh9esiqo0a375jbcmhpj9d; USERID=4; USERREALNAME=%E4%BB%BB%E5%B0%8F%E6%9B%BC',
)
[ info ] [ PARAM ] array (
  'url' => '/zhangdan-guanli/jishi-chuanjian',
)
[ info ] [ DB ] INIT mysql
[ sql ] [ DB ] CONNECT:[ UseTime:0.001229s ] mysql:host=172.16.101.20;port=3306;dbname=lawyer_cmlaw;charset=utf8
[ sql ] [ SQL ] SHOW COLUMNS FROM `auth_group_access` [ RunTime:0.001206s ]
[ sql ] [ SQL ] SELECT `groupid` FROM `auth_group_access` WHERE (  `userid` IS NULL ) AND `auth_group_access`.`delete_time` IS NULL [ RunTime:0.000692s ]
[ sql ] [ SQL ] SHOW COLUMNS FROM `auth_group` [ RunTime:0.001099s ]
[ sql ] [ SQL ] SELECT `rules` FROM `auth_group` WHERE (  `id` IN ('') ) AND `auth_group`.`delete_time` IS NULL [ RunTime:0.000692s ]
[ sql ] [ SQL ] SHOW COLUMNS FROM `auth_rule` [ RunTime:0.001027s ]
[ sql ] [ SQL ] SELECT * FROM `auth_rule` WHERE  `id` IN (0)  AND `ruleid` = 0  AND `type` = 1 ORDER BY `paixun` DESC [ RunTime:0.000879s ]
[ sql ] [ SQL ] SELECT * FROM `auth_rule` WHERE  `id` IN (0)  AND `title` = 'quanxian/isquanxian' LIMIT 1 [ RunTime:0.000761s ]
[ sql ] [ SQL ] SELECT * FROM `auth_rule` WHERE  `id` IN (0)  AND `ruleid` IS NULL  AND `type` = 1 ORDER BY `paixun` DESC [ RunTime:0.000818s ]
---------------------------------------------------------------
[ 2019-04-16T09:00:02+08:00 ] 192.168.101.137 POST 172.16.101.22/anjian/anjian.list
[运行时间：0.013654s] [吞吐率：73.24req/s] [内存消耗：979.23kb] [文件加载：78]
[ info ] [ LANG ] /var/www/manager_cmlaw/thinkphp/lang/zh-cn.php
[ info ] [ ROUTE ] array (
  'rule' => 'anjian/anjian.list',
  'route' => 'api/anjian/anjian_list',
  'option' => 
  array (
    'merge_rule_regex' => false,
    'method' => 'get|post',
  ),
  'var' => 
  array (
  ),
)
[ info ] [ HEADER ] array (
  'host' => '172.16.101.22',
  'connection' => 'keep-alive',
  'content-length' => '0',
  'accept' => 'application/json, text/plain, */*',
  'origin' => 'http://172.16.101.22',
  'user-agent' => 'Mozilla/5.0 (Windows NT 10.0; Win64; x64) AppleWebKit/537.36 (KHTML, like Gecko) Chrome/73.0.3683.86 Safari/537.36',
  'referer' => 'http://172.16.101.22/zhangdan-guanli/jishi-chuanjian',
  'accept-encoding' => 'gzip, deflate',
  'accept-language' => 'zh-CN,zh;q=0.9',
  'cookie' => 'PHPSESSID=09s2sh9esiqo0a375jbcmhpj9d; USERID=4; USERREALNAME=%E4%BB%BB%E5%B0%8F%E6%9B%BC',
)
[ info ] [ PARAM ] array (
)
[ info ] [ DB ] INIT mysql
[ sql ] [ DB ] CONNECT:[ UseTime:0.001106s ] mysql:host=172.16.101.20;port=3306;dbname=lawyer_cmlaw;charset=utf8
[ sql ] [ SQL ] SHOW COLUMNS FROM `auth_group_access` [ RunTime:0.001010s ]
[ sql ] [ SQL ] SELECT `groupid` FROM `auth_group_access` WHERE (  `userid` IS NULL ) AND `auth_group_access`.`delete_time` IS NULL [ RunTime:0.000658s ]
[ sql ] [ SQL ] SHOW COLUMNS FROM `auth_group` [ RunTime:0.001032s ]
[ sql ] [ SQL ] SELECT `rules` FROM `auth_group` WHERE (  `id` IN ('') ) AND `auth_group`.`delete_time` IS NULL [ RunTime:0.000591s ]
[ sql ] [ SQL ] SHOW COLUMNS FROM `auth_rule` [ RunTime:0.001044s ]
[ sql ] [ SQL ] SELECT * FROM `auth_rule` WHERE  `id` IN (0)  AND `ruleid` = 0  AND `type` = 1 ORDER BY `paixun` DESC [ RunTime:0.000866s ]
[ sql ] [ SQL ] SELECT * FROM `auth_rule` WHERE  `id` IN (0)  AND `title` = 'anjian/anjian_list' LIMIT 1 [ RunTime:0.000836s ]
[ sql ] [ SQL ] SELECT * FROM `auth_rule` WHERE  `id` IN (0)  AND `ruleid` IS NULL  AND `type` = 1 ORDER BY `paixun` DESC [ RunTime:0.000771s ]
---------------------------------------------------------------
[ 2019-04-16T09:00:02+08:00 ] 192.168.101.137 GET 172.16.101.22/home/login/
[运行时间：0.004238s] [吞吐率：235.95req/s] [内存消耗：693.76kb] [文件加载：60]
[ info ] [ LANG ] /var/www/manager_cmlaw/thinkphp/lang/zh-cn.php
[ info ] [ ROUTE ] array (
)
[ info ] [ HEADER ] array (
  'host' => '172.16.101.22',
  'connection' => 'keep-alive',
  'upgrade-insecure-requests' => '1',
  'user-agent' => 'Mozilla/5.0 (Windows NT 10.0; Win64; x64) AppleWebKit/537.36 (KHTML, like Gecko) Chrome/73.0.3683.86 Safari/537.36',
  'accept' => 'text/html,application/xhtml+xml,application/xml;q=0.9,image/webp,image/apng,*/*;q=0.8,application/signed-exchange;v=b3',
  'referer' => 'http://172.16.101.22/zhangdan-guanli/jishi-chuanjian',
  'accept-encoding' => 'gzip, deflate',
  'accept-language' => 'zh-CN,zh;q=0.9',
  'cookie' => 'PHPSESSID=09s2sh9esiqo0a375jbcmhpj9d; USERID=4; USERREALNAME=%E4%BB%BB%E5%B0%8F%E6%9B%BC',
)
[ info ] [ PARAM ] array (
)
[ info ] [ VIEW ] /var/www/manager_cmlaw/application/home/view/login/login-1.html [ array (
) ]
---------------------------------------------------------------
[ 2019-04-16T09:00:02+08:00 ] 192.168.101.137 GET 172.16.101.22/home/login/
[运行时间：0.003906s] [吞吐率：256.02req/s] [内存消耗：693.76kb] [文件加载：60]
[ info ] [ LANG ] /var/www/manager_cmlaw/thinkphp/lang/zh-cn.php
[ info ] [ ROUTE ] array (
)
[ info ] [ HEADER ] array (
  'host' => '172.16.101.22',
  'connection' => 'keep-alive',
  'upgrade-insecure-requests' => '1',
  'user-agent' => 'Mozilla/5.0 (Windows NT 10.0; Win64; x64) AppleWebKit/537.36 (KHTML, like Gecko) Chrome/73.0.3683.86 Safari/537.36',
  'accept' => 'text/html,application/xhtml+xml,application/xml;q=0.9,image/webp,image/apng,*/*;q=0.8,application/signed-exchange;v=b3',
  'referer' => 'http://172.16.101.22/zhangdan-guanli/jishi-chuanjian',
  'accept-encoding' => 'gzip, deflate',
  'accept-language' => 'zh-CN,zh;q=0.9',
  'cookie' => 'PHPSESSID=09s2sh9esiqo0a375jbcmhpj9d; USERID=4; USERREALNAME=%E4%BB%BB%E5%B0%8F%E6%9B%BC',
)
[ info ] [ PARAM ] array (
)
[ info ] [ VIEW ] /var/www/manager_cmlaw/application/home/view/login/login-1.html [ array (
) ]
