---------------------------------------------------------------
[ 2019-06-06T17:40:38+08:00 ] 192.168.101.137 POST 172.16.101.22/anjian/anjian.index
[运行时间：0.106797s] [吞吐率：9.36req/s] [内存消耗：1,639.48kb] [文件加载：96]
[ info ] [ LANG ] /var/www/manager_cmlaw/thinkphp/lang/zh-cn.php
[ info ] [ ROUTE ] array (
  'rule' => 'anjian/anjian.index',
  'route' => 'api/anjian/anjian_index',
  'option' => 
  array (
    'merge_rule_regex' => false,
    'method' => 'get|post',
  ),
  'var' => 
  array (
  ),
)
[ info ] [ HEADER ] array (
  'host' => '172.16.101.22',
  'connection' => 'keep-alive',
  'content-length' => '93',
  'accept' => 'application/json, text/plain, */*',
  'origin' => 'http://172.16.101.22',
  'user-agent' => 'Mozilla/5.0 (Windows NT 10.0; Win64; x64) AppleWebKit/537.36 (KHTML, like Gecko) Chrome/74.0.3729.169 Safari/537.36',
  'content-type' => 'application/json;charset=UTF-8',
  'referer' => 'http://172.16.101.22/anjian-guanli/anjian-guanli',
  'accept-encoding' => 'gzip, deflate',
  'accept-language' => 'zh-CN,zh;q=0.9',
  'cookie' => 'PHPSESSID=0q4uu8g4vg6pseabcafg29bpuv; USERID=4; USERREALNAME=%E4%BB%BB%E5%B0%8F%E6%9B%BC',
)
[ info ] [ PARAM ] array (
  'tiaoshu' => 10,
  'anjian_status' => '2',
  'anjian_title' => '',
  'kehu_name' => '',
  'anjian_type' => '',
  'page' => 7,
)
[ info ] [ DB ] INIT mysql
[ sql ] [ DB ] CONNECT:[ UseTime:0.001336s ] mysql:host=172.16.101.20;port=3306;dbname=lawyer_cmlaw;charset=utf8
[ sql ] [ SQL ] SHOW COLUMNS FROM `qx_node` [ RunTime:0.001284s ]
[ sql ] [ SQL ] SELECT * FROM `qx_node` WHERE  `category` = 2 [ RunTime:0.001130s ]
[ sql ] [ SQL ] SHOW COLUMNS FROM `qx_user_role` [ RunTime:0.000942s ]
[ sql ] [ SQL ] SELECT `role` FROM `qx_user_role` WHERE  `user` = 4  AND `category` = 2 [ RunTime:0.000658s ]
[ sql ] [ SQL ] SHOW COLUMNS FROM `qx_role` [ RunTime:0.001005s ]
[ sql ] [ SQL ] SELECT * FROM `qx_role` WHERE  `id` IN (41)  AND `category` = 2 [ RunTime:0.000706s ]
[ sql ] [ SQL ] SHOW COLUMNS FROM `qx_role_node` [ RunTime:0.000886s ]
[ sql ] [ SQL ] SELECT `qx_node`.*,`pivot`.`id` AS `pivot__id`,`pivot`.`role` AS `pivot__role`,`pivot`.`node` AS `pivot__node`,`pivot`.`category` AS `pivot__category`,`pivot`.`delete_time` AS `pivot__delete_time` FROM `qx_node` INNER JOIN `qx_role_node` `pivot` ON `pivot`.`node`=`qx_node`.`id` WHERE  `pivot`.`role` IN ('41') [ RunTime:0.001415s ]
[ sql ] [ SQL ] SHOW COLUMNS FROM `qx_menu` [ RunTime:0.000976s ]
[ sql ] [ SQL ] SELECT * FROM `qx_menu` WHERE  `type` = 0  AND `category` = 2 [ RunTime:0.000941s ]
[ sql ] [ SQL ] SELECT `role` FROM `qx_user_role` WHERE  `user` = 4  AND `category` = 2 [ RunTime:0.000630s ]
[ sql ] [ SQL ] SELECT * FROM `qx_role` WHERE  `id` IN (41)  AND `category` = 2 [ RunTime:0.000625s ]
[ sql ] [ SQL ] SELECT `qx_node`.*,`pivot`.`id` AS `pivot__id`,`pivot`.`role` AS `pivot__role`,`pivot`.`node` AS `pivot__node`,`pivot`.`category` AS `pivot__category`,`pivot`.`delete_time` AS `pivot__delete_time` FROM `qx_node` INNER JOIN `qx_role_node` `pivot` ON `pivot`.`node`=`qx_node`.`id` WHERE  `pivot`.`role` IN ('41') [ RunTime:0.001181s ]
[ sql ] [ SQL ] SELECT * FROM `qx_node` WHERE  `category` = 2 [ RunTime:0.000945s ]
[ sql ] [ SQL ] SELECT * FROM `qx_node` WHERE  `category` = 2 [ RunTime:0.000908s ]
[ sql ] [ SQL ] SELECT * FROM `qx_node` WHERE  `category` = 2 [ RunTime:0.000953s ]
[ sql ] [ SQL ] SELECT * FROM `qx_node` WHERE  `category` = 2 [ RunTime:0.000944s ]
[ sql ] [ SQL ] SELECT * FROM `qx_node` WHERE  `category` = 2 [ RunTime:0.000856s ]
[ sql ] [ SQL ] SELECT * FROM `qx_node` WHERE  `category` = 2 [ RunTime:0.000913s ]
[ sql ] [ SQL ] SELECT * FROM `qx_node` WHERE  `category` = 2 [ RunTime:0.000856s ]
[ sql ] [ SQL ] SELECT * FROM `qx_node` WHERE  `category` = 2 [ RunTime:0.000940s ]
[ sql ] [ SQL ] SELECT * FROM `qx_node` WHERE  `category` = 2 [ RunTime:0.000929s ]
[ sql ] [ SQL ] SELECT * FROM `qx_node` WHERE  `category` = 2 [ RunTime:0.000914s ]
[ sql ] [ SQL ] SELECT * FROM `qx_node` WHERE  `category` = 2 [ RunTime:0.000985s ]
[ sql ] [ SQL ] SELECT * FROM `qx_node` WHERE  `category` = 2 [ RunTime:0.000940s ]
[ sql ] [ SQL ] SELECT * FROM `qx_node` WHERE  `category` = 2 [ RunTime:0.000958s ]
[ sql ] [ SQL ] SELECT * FROM `qx_node` WHERE  `category` = 2 [ RunTime:0.000955s ]
[ sql ] [ SQL ] SELECT * FROM `qx_node` WHERE  `category` = 2 [ RunTime:0.000930s ]
[ sql ] [ SQL ] SELECT * FROM `qx_node` WHERE  `category` = 2 [ RunTime:0.000955s ]
[ sql ] [ SQL ] SELECT * FROM `qx_node` WHERE  `category` = 2 [ RunTime:0.000965s ]
[ sql ] [ SQL ] SELECT * FROM `qx_node` WHERE  `category` = 2 [ RunTime:0.000918s ]
[ sql ] [ SQL ] SELECT * FROM `qx_node` WHERE  `category` = 2 [ RunTime:0.000904s ]
[ sql ] [ SQL ] SELECT * FROM `qx_node` WHERE  `category` = 2 [ RunTime:0.000922s ]
[ sql ] [ SQL ] SELECT * FROM `qx_node` WHERE  `category` = 2 [ RunTime:0.000907s ]
[ sql ] [ SQL ] SELECT * FROM `qx_node` WHERE  `category` = 2 [ RunTime:0.000927s ]
[ sql ] [ SQL ] SELECT * FROM `qx_node` WHERE  `category` = 2 [ RunTime:0.000949s ]
[ sql ] [ SQL ] SELECT * FROM `qx_node` WHERE  `category` = 2 [ RunTime:0.000970s ]
[ sql ] [ SQL ] SELECT * FROM `qx_node` WHERE  `category` = 2 [ RunTime:0.000929s ]
[ sql ] [ SQL ] SELECT * FROM `qx_node` WHERE  `category` = 2 [ RunTime:0.000906s ]
[ sql ] [ SQL ] SELECT * FROM `qx_node` WHERE  `category` = 2 [ RunTime:0.000910s ]
[ sql ] [ SQL ] SELECT * FROM `qx_node` WHERE  `category` = 2 [ RunTime:0.000864s ]
[ sql ] [ SQL ] SELECT * FROM `qx_node` WHERE  `category` = 2 [ RunTime:0.000855s ]
[ sql ] [ SQL ] SELECT * FROM `qx_node` WHERE  `category` = 2 [ RunTime:0.000872s ]
[ sql ] [ SQL ] SELECT * FROM `qx_node` WHERE  `category` = 2 [ RunTime:0.000889s ]
[ sql ] [ SQL ] SELECT * FROM `qx_node` WHERE  `category` = 2 [ RunTime:0.000927s ]
[ sql ] [ SQL ] SELECT * FROM `qx_node` WHERE  `category` = 2 [ RunTime:0.000987s ]
[ sql ] [ SQL ] SELECT * FROM `qx_node` WHERE  `category` = 2 [ RunTime:0.000890s ]
[ sql ] [ SQL ] SELECT * FROM `qx_node` WHERE  `category` = 2 [ RunTime:0.001026s ]
[ sql ] [ SQL ] SELECT * FROM `qx_node` WHERE  `category` = 2 [ RunTime:0.000893s ]
[ sql ] [ SQL ] SELECT * FROM `qx_node` WHERE  `category` = 2 [ RunTime:0.001052s ]
[ sql ] [ SQL ] SELECT * FROM `qx_menu` WHERE  `url` = 'anjian/anjian_index'  AND `pid` = 0  AND `type` = 0  AND `category` = 1 LIMIT 1 [ RunTime:0.000911s ]
[ sql ] [ SQL ] SELECT * FROM `qx_menu` WHERE  `url` = 'anjian/anjian_index'  AND `pid` <> 0  AND `type` = 0  AND `category` = 1 LIMIT 1 [ RunTime:0.000805s ]
[ sql ] [ SQL ] SELECT * FROM `qx_menu` WHERE  `url` = 'anjian/anjian_index'  AND `pid` <> 0  AND `type` = 1  AND `category` = 1 LIMIT 1 [ RunTime:0.000815s ]
[ sql ] [ SQL ] SHOW COLUMNS FROM `user_view` [ RunTime:0.001722s ]
[ sql ] [ SQL ] SELECT * FROM `user_view` WHERE (  `iduser` = 4 ) AND `user_view`.`delete_time` IS NULL LIMIT 1 [ RunTime:0.001177s ]
[ sql ] [ SQL ] SELECT * FROM `user_view` WHERE (  `iduser` = 4 ) AND `user_view`.`delete_time` IS NULL LIMIT 1 [ RunTime:0.001131s ]
[ sql ] [ SQL ] SHOW COLUMNS FROM `anjian_user_view` [ RunTime:0.001656s ]
[ sql ] [ SQL ] SELECT COUNT(*) AS tp_count FROM ( SELECT count(*) AS think_count FROM `anjian_user_view` `a` LEFT JOIN `anjian_yewuleixing` `y` ON `a`.`yewuleixingid`=`y`.`idyewuleixing` WHERE (  `anjian_status` = 2  AND `iduser` = 4 ) AND `a`.`delete_time` IS NULL GROUP BY `idanjian` ) `_group_count_` LIMIT 1 [ RunTime:0.002281s ]
[ sql ] [ SQL ] SELECT `idanjian`,`fensuo_name`,`zhonglei_name`,`anjian_status`,`anjian_title`,`anjian_number`,`anjian_date`,`idkehu`,`kehu_name`,`idyewuleixing`,`yewuleixing_name` FROM `anjian_user_view` `a` LEFT JOIN `anjian_yewuleixing` `y` ON `a`.`yewuleixingid`=`y`.`idyewuleixing` WHERE (  `anjian_status` = 2  AND `iduser` = 4 ) AND `a`.`delete_time` IS NULL GROUP BY `idanjian` ORDER BY `anjian_date` DESC LIMIT 60,10 [ RunTime:0.002629s ]
[ sql ] [ SQL ] SELECT anjian_status as status,count(*) as sum FROM `anjian_user_view` WHERE (  `iduser` = 4 ) AND `anjian_user_view`.`delete_time` IS NULL GROUP BY `anjian_status` [ RunTime:0.002113s ]
---------------------------------------------------------------
[ 2019-06-06T17:40:45+08:00 ] 192.168.101.137 POST 172.16.101.22/anjian/anjian.index
[运行时间：0.094704s] [吞吐率：10.56req/s] [内存消耗：1,637.47kb] [文件加载：96]
[ info ] [ LANG ] /var/www/manager_cmlaw/thinkphp/lang/zh-cn.php
[ info ] [ ROUTE ] array (
  'rule' => 'anjian/anjian.index',
  'route' => 'api/anjian/anjian_index',
  'option' => 
  array (
    'merge_rule_regex' => false,
    'method' => 'get|post',
  ),
  'var' => 
  array (
  ),
)
[ info ] [ HEADER ] array (
  'host' => '172.16.101.22',
  'connection' => 'keep-alive',
  'content-length' => '64',
  'accept' => 'application/json, text/plain, */*',
  'origin' => 'http://172.16.101.22',
  'user-agent' => 'Mozilla/5.0 (Windows NT 10.0; Win64; x64) AppleWebKit/537.36 (KHTML, like Gecko) Chrome/74.0.3729.169 Safari/537.36',
  'content-type' => 'application/json;charset=UTF-8',
  'referer' => 'http://172.16.101.22/anjian-guanli/anjian-shenpi',
  'accept-encoding' => 'gzip, deflate',
  'accept-language' => 'zh-CN,zh;q=0.9',
  'cookie' => 'PHPSESSID=0q4uu8g4vg6pseabcafg29bpuv; USERID=4; USERREALNAME=%E4%BB%BB%E5%B0%8F%E6%9B%BC',
)
[ info ] [ PARAM ] array (
  'tiaoshu' => 10,
  'page' => 1,
  'anjian_status' => 2,
  'anjian_type' => 'shenpi',
)
[ info ] [ DB ] INIT mysql
[ sql ] [ DB ] CONNECT:[ UseTime:0.001550s ] mysql:host=172.16.101.20;port=3306;dbname=lawyer_cmlaw;charset=utf8
[ sql ] [ SQL ] SHOW COLUMNS FROM `qx_node` [ RunTime:0.001292s ]
[ sql ] [ SQL ] SELECT * FROM `qx_node` WHERE  `category` = 2 [ RunTime:0.001081s ]
[ sql ] [ SQL ] SHOW COLUMNS FROM `qx_user_role` [ RunTime:0.000938s ]
[ sql ] [ SQL ] SELECT `role` FROM `qx_user_role` WHERE  `user` = 4  AND `category` = 2 [ RunTime:0.000680s ]
[ sql ] [ SQL ] SHOW COLUMNS FROM `qx_role` [ RunTime:0.000931s ]
[ sql ] [ SQL ] SELECT * FROM `qx_role` WHERE  `id` IN (41)  AND `category` = 2 [ RunTime:0.000703s ]
[ sql ] [ SQL ] SHOW COLUMNS FROM `qx_role_node` [ RunTime:0.000920s ]
[ sql ] [ SQL ] SELECT `qx_node`.*,`pivot`.`id` AS `pivot__id`,`pivot`.`role` AS `pivot__role`,`pivot`.`node` AS `pivot__node`,`pivot`.`category` AS `pivot__category`,`pivot`.`delete_time` AS `pivot__delete_time` FROM `qx_node` INNER JOIN `qx_role_node` `pivot` ON `pivot`.`node`=`qx_node`.`id` WHERE  `pivot`.`role` IN ('41') [ RunTime:0.001462s ]
[ sql ] [ SQL ] SHOW COLUMNS FROM `qx_menu` [ RunTime:0.000957s ]
[ sql ] [ SQL ] SELECT * FROM `qx_menu` WHERE  `type` = 0  AND `category` = 2 [ RunTime:0.000938s ]
[ sql ] [ SQL ] SELECT `role` FROM `qx_user_role` WHERE  `user` = 4  AND `category` = 2 [ RunTime:0.000642s ]
[ sql ] [ SQL ] SELECT * FROM `qx_role` WHERE  `id` IN (41)  AND `category` = 2 [ RunTime:0.000623s ]
[ sql ] [ SQL ] SELECT `qx_node`.*,`pivot`.`id` AS `pivot__id`,`pivot`.`role` AS `pivot__role`,`pivot`.`node` AS `pivot__node`,`pivot`.`category` AS `pivot__category`,`pivot`.`delete_time` AS `pivot__delete_time` FROM `qx_node` INNER JOIN `qx_role_node` `pivot` ON `pivot`.`node`=`qx_node`.`id` WHERE  `pivot`.`role` IN ('41') [ RunTime:0.001200s ]
[ sql ] [ SQL ] SELECT * FROM `qx_node` WHERE  `category` = 2 [ RunTime:0.001141s ]
[ sql ] [ SQL ] SELECT * FROM `qx_node` WHERE  `category` = 2 [ RunTime:0.001011s ]
[ sql ] [ SQL ] SELECT * FROM `qx_node` WHERE  `category` = 2 [ RunTime:0.000893s ]
[ sql ] [ SQL ] SELECT * FROM `qx_node` WHERE  `category` = 2 [ RunTime:0.000890s ]
[ sql ] [ SQL ] SELECT * FROM `qx_node` WHERE  `category` = 2 [ RunTime:0.000871s ]
[ sql ] [ SQL ] SELECT * FROM `qx_node` WHERE  `category` = 2 [ RunTime:0.000900s ]
[ sql ] [ SQL ] SELECT * FROM `qx_node` WHERE  `category` = 2 [ RunTime:0.000888s ]
[ sql ] [ SQL ] SELECT * FROM `qx_node` WHERE  `category` = 2 [ RunTime:0.000863s ]
[ sql ] [ SQL ] SELECT * FROM `qx_node` WHERE  `category` = 2 [ RunTime:0.000926s ]
[ sql ] [ SQL ] SELECT * FROM `qx_node` WHERE  `category` = 2 [ RunTime:0.000962s ]
[ sql ] [ SQL ] SELECT * FROM `qx_node` WHERE  `category` = 2 [ RunTime:0.000899s ]
[ sql ] [ SQL ] SELECT * FROM `qx_node` WHERE  `category` = 2 [ RunTime:0.000930s ]
[ sql ] [ SQL ] SELECT * FROM `qx_node` WHERE  `category` = 2 [ RunTime:0.000925s ]
[ sql ] [ SQL ] SELECT * FROM `qx_node` WHERE  `category` = 2 [ RunTime:0.000902s ]
[ sql ] [ SQL ] SELECT * FROM `qx_node` WHERE  `category` = 2 [ RunTime:0.000904s ]
[ sql ] [ SQL ] SELECT * FROM `qx_node` WHERE  `category` = 2 [ RunTime:0.000891s ]
[ sql ] [ SQL ] SELECT * FROM `qx_node` WHERE  `category` = 2 [ RunTime:0.000876s ]
[ sql ] [ SQL ] SELECT * FROM `qx_node` WHERE  `category` = 2 [ RunTime:0.000930s ]
[ sql ] [ SQL ] SELECT * FROM `qx_node` WHERE  `category` = 2 [ RunTime:0.000866s ]
[ sql ] [ SQL ] SELECT * FROM `qx_node` WHERE  `category` = 2 [ RunTime:0.000864s ]
[ sql ] [ SQL ] SELECT * FROM `qx_node` WHERE  `category` = 2 [ RunTime:0.000916s ]
[ sql ] [ SQL ] SELECT * FROM `qx_node` WHERE  `category` = 2 [ RunTime:0.001130s ]
[ sql ] [ SQL ] SELECT * FROM `qx_node` WHERE  `category` = 2 [ RunTime:0.000876s ]
[ sql ] [ SQL ] SELECT * FROM `qx_node` WHERE  `category` = 2 [ RunTime:0.000895s ]
[ sql ] [ SQL ] SELECT * FROM `qx_node` WHERE  `category` = 2 [ RunTime:0.000913s ]
[ sql ] [ SQL ] SELECT * FROM `qx_node` WHERE  `category` = 2 [ RunTime:0.000900s ]
[ sql ] [ SQL ] SELECT * FROM `qx_node` WHERE  `category` = 2 [ RunTime:0.000871s ]
[ sql ] [ SQL ] SELECT * FROM `qx_node` WHERE  `category` = 2 [ RunTime:0.000924s ]
[ sql ] [ SQL ] SELECT * FROM `qx_node` WHERE  `category` = 2 [ RunTime:0.001007s ]
[ sql ] [ SQL ] SELECT * FROM `qx_node` WHERE  `category` = 2 [ RunTime:0.000917s ]
[ sql ] [ SQL ] SELECT * FROM `qx_node` WHERE  `category` = 2 [ RunTime:0.000882s ]
[ sql ] [ SQL ] SELECT * FROM `qx_node` WHERE  `category` = 2 [ RunTime:0.000912s ]
[ sql ] [ SQL ] SELECT * FROM `qx_node` WHERE  `category` = 2 [ RunTime:0.000910s ]
[ sql ] [ SQL ] SELECT * FROM `qx_node` WHERE  `category` = 2 [ RunTime:0.000979s ]
[ sql ] [ SQL ] SELECT * FROM `qx_node` WHERE  `category` = 2 [ RunTime:0.000931s ]
[ sql ] [ SQL ] SELECT * FROM `qx_node` WHERE  `category` = 2 [ RunTime:0.000971s ]
[ sql ] [ SQL ] SELECT * FROM `qx_node` WHERE  `category` = 2 [ RunTime:0.000896s ]
[ sql ] [ SQL ] SELECT * FROM `qx_menu` WHERE  `url` = 'anjian/anjian_index'  AND `pid` = 0  AND `type` = 0  AND `category` = 1 LIMIT 1 [ RunTime:0.000798s ]
[ sql ] [ SQL ] SELECT * FROM `qx_menu` WHERE  `url` = 'anjian/anjian_index'  AND `pid` <> 0  AND `type` = 0  AND `category` = 1 LIMIT 1 [ RunTime:0.000792s ]
[ sql ] [ SQL ] SELECT * FROM `qx_menu` WHERE  `url` = 'anjian/anjian_index'  AND `pid` <> 0  AND `type` = 1  AND `category` = 1 LIMIT 1 [ RunTime:0.000772s ]
[ sql ] [ SQL ] SHOW COLUMNS FROM `user_view` [ RunTime:0.001485s ]
[ sql ] [ SQL ] SELECT * FROM `user_view` WHERE (  `iduser` = 4 ) AND `user_view`.`delete_time` IS NULL LIMIT 1 [ RunTime:0.001184s ]
[ sql ] [ SQL ] SELECT * FROM `user_view` WHERE (  `iduser` = 4 ) AND `user_view`.`delete_time` IS NULL LIMIT 1 [ RunTime:0.001064s ]
[ sql ] [ SQL ] SHOW COLUMNS FROM `anjian_view` [ RunTime:0.001761s ]
[ sql ] [ SQL ] SELECT COUNT(*) AS tp_count FROM `anjian_view` `a` LEFT JOIN `anjian_yewuleixing` `y` ON `a`.`yewuleixingid`=`y`.`idyewuleixing` WHERE (  `anjian_status` = 2 ) AND `a`.`delete_time` IS NULL LIMIT 1 [ RunTime:0.001943s ]
[ sql ] [ SQL ] SELECT `idanjian`,`fensuo_name`,`zhonglei_name`,`anjian_status`,`anjian_title`,`anjian_number`,`anjian_date`,`iduser`,`user_realname`,`zhiwei_name`,`idkehu`,`kehu_name`,`idyewuleixing`,`yewuleixing_name` FROM `anjian_view` `a` LEFT JOIN `anjian_yewuleixing` `y` ON `a`.`yewuleixingid`=`y`.`idyewuleixing` WHERE (  `anjian_status` = 2 ) AND `a`.`delete_time` IS NULL ORDER BY `anjian_date` DESC LIMIT 0,10 [ RunTime:0.002544s ]
[ sql ] [ SQL ] SELECT anjian_status as status,count(*) as sum FROM `anjian_view` WHERE `anjian_view`.`delete_time` IS NULL GROUP BY `anjian_status` [ RunTime:0.002001s ]
---------------------------------------------------------------
[ 2019-06-06T17:40:47+08:00 ] 192.168.101.137 POST 172.16.101.22/anjian/anjian.index
[运行时间：0.089755s] [吞吐率：11.14req/s] [内存消耗：1,637.58kb] [文件加载：96]
[ info ] [ LANG ] /var/www/manager_cmlaw/thinkphp/lang/zh-cn.php
[ info ] [ ROUTE ] array (
  'rule' => 'anjian/anjian.index',
  'route' => 'api/anjian/anjian_index',
  'option' => 
  array (
    'merge_rule_regex' => false,
    'method' => 'get|post',
  ),
  'var' => 
  array (
  ),
)
[ info ] [ HEADER ] array (
  'host' => '172.16.101.22',
  'connection' => 'keep-alive',
  'content-length' => '79',
  'accept' => 'application/json, text/plain, */*',
  'origin' => 'http://172.16.101.22',
  'user-agent' => 'Mozilla/5.0 (Windows NT 10.0; Win64; x64) AppleWebKit/537.36 (KHTML, like Gecko) Chrome/74.0.3729.169 Safari/537.36',
  'content-type' => 'application/json;charset=UTF-8',
  'referer' => 'http://172.16.101.22/anjian-guanli/anjian-shenpi',
  'accept-encoding' => 'gzip, deflate',
  'accept-language' => 'zh-CN,zh;q=0.9',
  'cookie' => 'PHPSESSID=0q4uu8g4vg6pseabcafg29bpuv; USERID=4; USERREALNAME=%E4%BB%BB%E5%B0%8F%E6%9B%BC',
)
[ info ] [ PARAM ] array (
  'tiaoshu' => 10,
  'page' => 7,
  'anjian_status' => 2,
  'anjian_type' => 'shenpi',
  'kehu_name' => '',
)
[ info ] [ DB ] INIT mysql
[ sql ] [ DB ] CONNECT:[ UseTime:0.001455s ] mysql:host=172.16.101.20;port=3306;dbname=lawyer_cmlaw;charset=utf8
[ sql ] [ SQL ] SHOW COLUMNS FROM `qx_node` [ RunTime:0.001321s ]
[ sql ] [ SQL ] SELECT * FROM `qx_node` WHERE  `category` = 2 [ RunTime:0.001205s ]
[ sql ] [ SQL ] SHOW COLUMNS FROM `qx_user_role` [ RunTime:0.000936s ]
[ sql ] [ SQL ] SELECT `role` FROM `qx_user_role` WHERE  `user` = 4  AND `category` = 2 [ RunTime:0.000634s ]
[ sql ] [ SQL ] SHOW COLUMNS FROM `qx_role` [ RunTime:0.001005s ]
[ sql ] [ SQL ] SELECT * FROM `qx_role` WHERE  `id` IN (41)  AND `category` = 2 [ RunTime:0.000828s ]
[ sql ] [ SQL ] SHOW COLUMNS FROM `qx_role_node` [ RunTime:0.001147s ]
[ sql ] [ SQL ] SELECT `qx_node`.*,`pivot`.`id` AS `pivot__id`,`pivot`.`role` AS `pivot__role`,`pivot`.`node` AS `pivot__node`,`pivot`.`category` AS `pivot__category`,`pivot`.`delete_time` AS `pivot__delete_time` FROM `qx_node` INNER JOIN `qx_role_node` `pivot` ON `pivot`.`node`=`qx_node`.`id` WHERE  `pivot`.`role` IN ('41') [ RunTime:0.001377s ]
[ sql ] [ SQL ] SHOW COLUMNS FROM `qx_menu` [ RunTime:0.001024s ]
[ sql ] [ SQL ] SELECT * FROM `qx_menu` WHERE  `type` = 0  AND `category` = 2 [ RunTime:0.000977s ]
[ sql ] [ SQL ] SELECT `role` FROM `qx_user_role` WHERE  `user` = 4  AND `category` = 2 [ RunTime:0.000684s ]
[ sql ] [ SQL ] SELECT * FROM `qx_role` WHERE  `id` IN (41)  AND `category` = 2 [ RunTime:0.000670s ]
[ sql ] [ SQL ] SELECT `qx_node`.*,`pivot`.`id` AS `pivot__id`,`pivot`.`role` AS `pivot__role`,`pivot`.`node` AS `pivot__node`,`pivot`.`category` AS `pivot__category`,`pivot`.`delete_time` AS `pivot__delete_time` FROM `qx_node` INNER JOIN `qx_role_node` `pivot` ON `pivot`.`node`=`qx_node`.`id` WHERE  `pivot`.`role` IN ('41') [ RunTime:0.001225s ]
[ sql ] [ SQL ] SELECT * FROM `qx_node` WHERE  `category` = 2 [ RunTime:0.000929s ]
[ sql ] [ SQL ] SELECT * FROM `qx_node` WHERE  `category` = 2 [ RunTime:0.000928s ]
[ sql ] [ SQL ] SELECT * FROM `qx_node` WHERE  `category` = 2 [ RunTime:0.000948s ]
[ sql ] [ SQL ] SELECT * FROM `qx_node` WHERE  `category` = 2 [ RunTime:0.000820s ]
[ sql ] [ SQL ] SELECT * FROM `qx_node` WHERE  `category` = 2 [ RunTime:0.000837s ]
[ sql ] [ SQL ] SELECT * FROM `qx_node` WHERE  `category` = 2 [ RunTime:0.000905s ]
[ sql ] [ SQL ] SELECT * FROM `qx_node` WHERE  `category` = 2 [ RunTime:0.000790s ]
[ sql ] [ SQL ] SELECT * FROM `qx_node` WHERE  `category` = 2 [ RunTime:0.000866s ]
[ sql ] [ SQL ] SELECT * FROM `qx_node` WHERE  `category` = 2 [ RunTime:0.000900s ]
[ sql ] [ SQL ] SELECT * FROM `qx_node` WHERE  `category` = 2 [ RunTime:0.000865s ]
[ sql ] [ SQL ] SELECT * FROM `qx_node` WHERE  `category` = 2 [ RunTime:0.000900s ]
[ sql ] [ SQL ] SELECT * FROM `qx_node` WHERE  `category` = 2 [ RunTime:0.000870s ]
[ sql ] [ SQL ] SELECT * FROM `qx_node` WHERE  `category` = 2 [ RunTime:0.000859s ]
[ sql ] [ SQL ] SELECT * FROM `qx_node` WHERE  `category` = 2 [ RunTime:0.000884s ]
[ sql ] [ SQL ] SELECT * FROM `qx_node` WHERE  `category` = 2 [ RunTime:0.001028s ]
[ sql ] [ SQL ] SELECT * FROM `qx_node` WHERE  `category` = 2 [ RunTime:0.000851s ]
[ sql ] [ SQL ] SELECT * FROM `qx_node` WHERE  `category` = 2 [ RunTime:0.000863s ]
[ sql ] [ SQL ] SELECT * FROM `qx_node` WHERE  `category` = 2 [ RunTime:0.000826s ]
[ sql ] [ SQL ] SELECT * FROM `qx_node` WHERE  `category` = 2 [ RunTime:0.000803s ]
[ sql ] [ SQL ] SELECT * FROM `qx_node` WHERE  `category` = 2 [ RunTime:0.000793s ]
[ sql ] [ SQL ] SELECT * FROM `qx_node` WHERE  `category` = 2 [ RunTime:0.000823s ]
[ sql ] [ SQL ] SELECT * FROM `qx_node` WHERE  `category` = 2 [ RunTime:0.000989s ]
[ sql ] [ SQL ] SELECT * FROM `qx_node` WHERE  `category` = 2 [ RunTime:0.000865s ]
[ sql ] [ SQL ] SELECT * FROM `qx_node` WHERE  `category` = 2 [ RunTime:0.000860s ]
[ sql ] [ SQL ] SELECT * FROM `qx_node` WHERE  `category` = 2 [ RunTime:0.000869s ]
[ sql ] [ SQL ] SELECT * FROM `qx_node` WHERE  `category` = 2 [ RunTime:0.000866s ]
[ sql ] [ SQL ] SELECT * FROM `qx_node` WHERE  `category` = 2 [ RunTime:0.000869s ]
[ sql ] [ SQL ] SELECT * FROM `qx_node` WHERE  `category` = 2 [ RunTime:0.000858s ]
[ sql ] [ SQL ] SELECT * FROM `qx_node` WHERE  `category` = 2 [ RunTime:0.000860s ]
[ sql ] [ SQL ] SELECT * FROM `qx_node` WHERE  `category` = 2 [ RunTime:0.000885s ]
[ sql ] [ SQL ] SELECT * FROM `qx_node` WHERE  `category` = 2 [ RunTime:0.000857s ]
[ sql ] [ SQL ] SELECT * FROM `qx_node` WHERE  `category` = 2 [ RunTime:0.000861s ]
[ sql ] [ SQL ] SELECT * FROM `qx_node` WHERE  `category` = 2 [ RunTime:0.000895s ]
[ sql ] [ SQL ] SELECT * FROM `qx_node` WHERE  `category` = 2 [ RunTime:0.000870s ]
[ sql ] [ SQL ] SELECT * FROM `qx_node` WHERE  `category` = 2 [ RunTime:0.000860s ]
[ sql ] [ SQL ] SELECT * FROM `qx_node` WHERE  `category` = 2 [ RunTime:0.000884s ]
[ sql ] [ SQL ] SELECT * FROM `qx_node` WHERE  `category` = 2 [ RunTime:0.000858s ]
[ sql ] [ SQL ] SELECT * FROM `qx_menu` WHERE  `url` = 'anjian/anjian_index'  AND `pid` = 0  AND `type` = 0  AND `category` = 1 LIMIT 1 [ RunTime:0.000802s ]
[ sql ] [ SQL ] SELECT * FROM `qx_menu` WHERE  `url` = 'anjian/anjian_index'  AND `pid` <> 0  AND `type` = 0  AND `category` = 1 LIMIT 1 [ RunTime:0.000786s ]
[ sql ] [ SQL ] SELECT * FROM `qx_menu` WHERE  `url` = 'anjian/anjian_index'  AND `pid` <> 0  AND `type` = 1  AND `category` = 1 LIMIT 1 [ RunTime:0.000765s ]
[ sql ] [ SQL ] SHOW COLUMNS FROM `user_view` [ RunTime:0.001613s ]
[ sql ] [ SQL ] SELECT * FROM `user_view` WHERE (  `iduser` = 4 ) AND `user_view`.`delete_time` IS NULL LIMIT 1 [ RunTime:0.001166s ]
[ sql ] [ SQL ] SELECT * FROM `user_view` WHERE (  `iduser` = 4 ) AND `user_view`.`delete_time` IS NULL LIMIT 1 [ RunTime:0.001035s ]
[ sql ] [ SQL ] SHOW COLUMNS FROM `anjian_view` [ RunTime:0.001755s ]
[ sql ] [ SQL ] SELECT COUNT(*) AS tp_count FROM `anjian_view` `a` LEFT JOIN `anjian_yewuleixing` `y` ON `a`.`yewuleixingid`=`y`.`idyewuleixing` WHERE (  `anjian_status` = 2 ) AND `a`.`delete_time` IS NULL LIMIT 1 [ RunTime:0.002011s ]
[ sql ] [ SQL ] SELECT `idanjian`,`fensuo_name`,`zhonglei_name`,`anjian_status`,`anjian_title`,`anjian_number`,`anjian_date`,`iduser`,`user_realname`,`zhiwei_name`,`idkehu`,`kehu_name`,`idyewuleixing`,`yewuleixing_name` FROM `anjian_view` `a` LEFT JOIN `anjian_yewuleixing` `y` ON `a`.`yewuleixingid`=`y`.`idyewuleixing` WHERE (  `anjian_status` = 2 ) AND `a`.`delete_time` IS NULL ORDER BY `anjian_date` DESC LIMIT 60,10 [ RunTime:0.002466s ]
[ sql ] [ SQL ] SELECT anjian_status as status,count(*) as sum FROM `anjian_view` WHERE `anjian_view`.`delete_time` IS NULL GROUP BY `anjian_status` [ RunTime:0.001936s ]
---------------------------------------------------------------
[ 2019-06-06T17:40:49+08:00 ] 192.168.101.137 POST 172.16.101.22/anjian/anjian.read
[运行时间：0.091537s] [吞吐率：10.92req/s] [内存消耗：1,474.79kb] [文件加载：97]
[ info ] [ LANG ] /var/www/manager_cmlaw/thinkphp/lang/zh-cn.php
[ info ] [ ROUTE ] array (
  'rule' => 'anjian/anjian.read',
  'route' => 'api/anjian/anjian_read',
  'option' => 
  array (
    'merge_rule_regex' => false,
    'method' => 'get|post',
  ),
  'var' => 
  array (
  ),
)
[ info ] [ HEADER ] array (
  'host' => '172.16.101.22',
  'connection' => 'keep-alive',
  'content-length' => '29',
  'accept' => 'application/json, text/plain, */*',
  'origin' => 'http://172.16.101.22',
  'user-agent' => 'Mozilla/5.0 (Windows NT 10.0; Win64; x64) AppleWebKit/537.36 (KHTML, like Gecko) Chrome/74.0.3729.169 Safari/537.36',
  'content-type' => 'application/json;charset=UTF-8',
  'referer' => 'http://172.16.101.22/anjian-guanli/anjian-qianpi?id=15',
  'accept-encoding' => 'gzip, deflate',
  'accept-language' => 'zh-CN,zh;q=0.9',
  'cookie' => 'PHPSESSID=0q4uu8g4vg6pseabcafg29bpuv; USERID=4; USERREALNAME=%E4%BB%BB%E5%B0%8F%E6%9B%BC',
)
[ info ] [ PARAM ] array (
  'idanjian' => 15,
  'type' => 'kehu',
)
[ info ] [ DB ] INIT mysql
[ sql ] [ DB ] CONNECT:[ UseTime:0.001311s ] mysql:host=172.16.101.20;port=3306;dbname=lawyer_cmlaw;charset=utf8
[ sql ] [ SQL ] SHOW COLUMNS FROM `qx_node` [ RunTime:0.001251s ]
[ sql ] [ SQL ] SELECT * FROM `qx_node` WHERE  `category` = 2 [ RunTime:0.001202s ]
[ sql ] [ SQL ] SHOW COLUMNS FROM `qx_menu` [ RunTime:0.001104s ]
[ sql ] [ SQL ] SELECT * FROM `qx_menu` WHERE  `type` = 0  AND `category` = 2 [ RunTime:0.001076s ]
[ sql ] [ SQL ] SHOW COLUMNS FROM `qx_user_role` [ RunTime:0.000990s ]
[ sql ] [ SQL ] SELECT `role` FROM `qx_user_role` WHERE  `user` = 4  AND `category` = 2 [ RunTime:0.000722s ]
[ sql ] [ SQL ] SHOW COLUMNS FROM `qx_role` [ RunTime:0.000940s ]
[ sql ] [ SQL ] SELECT * FROM `qx_role` WHERE  `id` IN (41)  AND `category` = 2 [ RunTime:0.000638s ]
[ sql ] [ SQL ] SHOW COLUMNS FROM `qx_role_node` [ RunTime:0.000841s ]
[ sql ] [ SQL ] SELECT `qx_node`.*,`pivot`.`id` AS `pivot__id`,`pivot`.`role` AS `pivot__role`,`pivot`.`node` AS `pivot__node`,`pivot`.`category` AS `pivot__category`,`pivot`.`delete_time` AS `pivot__delete_time` FROM `qx_node` INNER JOIN `qx_role_node` `pivot` ON `pivot`.`node`=`qx_node`.`id` WHERE  `pivot`.`role` IN ('41') [ RunTime:0.001256s ]
[ sql ] [ SQL ] SELECT * FROM `qx_node` WHERE  `category` = 2 [ RunTime:0.000877s ]
[ sql ] [ SQL ] SELECT * FROM `qx_node` WHERE  `category` = 2 [ RunTime:0.000844s ]
[ sql ] [ SQL ] SELECT * FROM `qx_node` WHERE  `category` = 2 [ RunTime:0.000880s ]
[ sql ] [ SQL ] SELECT * FROM `qx_node` WHERE  `category` = 2 [ RunTime:0.000841s ]
[ sql ] [ SQL ] SELECT * FROM `qx_node` WHERE  `category` = 2 [ RunTime:0.000847s ]
[ sql ] [ SQL ] SELECT * FROM `qx_node` WHERE  `category` = 2 [ RunTime:0.005615s ]
[ sql ] [ SQL ] SELECT * FROM `qx_node` WHERE  `category` = 2 [ RunTime:0.000922s ]
[ sql ] [ SQL ] SELECT * FROM `qx_node` WHERE  `category` = 2 [ RunTime:0.000894s ]
[ sql ] [ SQL ] SELECT * FROM `qx_node` WHERE  `category` = 2 [ RunTime:0.000850s ]
[ sql ] [ SQL ] SELECT * FROM `qx_node` WHERE  `category` = 2 [ RunTime:0.001555s ]
[ sql ] [ SQL ] SELECT * FROM `qx_node` WHERE  `category` = 2 [ RunTime:0.000893s ]
[ sql ] [ SQL ] SELECT * FROM `qx_node` WHERE  `category` = 2 [ RunTime:0.000968s ]
[ sql ] [ SQL ] SELECT * FROM `qx_node` WHERE  `category` = 2 [ RunTime:0.000967s ]
[ sql ] [ SQL ] SELECT * FROM `qx_node` WHERE  `category` = 2 [ RunTime:0.001002s ]
[ sql ] [ SQL ] SELECT * FROM `qx_node` WHERE  `category` = 2 [ RunTime:0.000981s ]
[ sql ] [ SQL ] SELECT * FROM `qx_node` WHERE  `category` = 2 [ RunTime:0.000912s ]
[ sql ] [ SQL ] SELECT * FROM `qx_node` WHERE  `category` = 2 [ RunTime:0.000834s ]
[ sql ] [ SQL ] SELECT * FROM `qx_node` WHERE  `category` = 2 [ RunTime:0.000888s ]
[ sql ] [ SQL ] SELECT * FROM `qx_node` WHERE  `category` = 2 [ RunTime:0.000905s ]
[ sql ] [ SQL ] SELECT * FROM `qx_node` WHERE  `category` = 2 [ RunTime:0.000841s ]
[ sql ] [ SQL ] SELECT * FROM `qx_node` WHERE  `category` = 2 [ RunTime:0.000809s ]
[ sql ] [ SQL ] SELECT * FROM `qx_node` WHERE  `category` = 2 [ RunTime:0.000836s ]
[ sql ] [ SQL ] SELECT * FROM `qx_node` WHERE  `category` = 2 [ RunTime:0.000838s ]
[ sql ] [ SQL ] SELECT * FROM `qx_node` WHERE  `category` = 2 [ RunTime:0.000837s ]
[ sql ] [ SQL ] SELECT * FROM `qx_node` WHERE  `category` = 2 [ RunTime:0.000880s ]
[ sql ] [ SQL ] SELECT * FROM `qx_node` WHERE  `category` = 2 [ RunTime:0.000820s ]
[ sql ] [ SQL ] SELECT * FROM `qx_node` WHERE  `category` = 2 [ RunTime:0.000830s ]
[ sql ] [ SQL ] SELECT * FROM `qx_node` WHERE  `category` = 2 [ RunTime:0.000864s ]
[ sql ] [ SQL ] SELECT * FROM `qx_node` WHERE  `category` = 2 [ RunTime:0.000863s ]
[ sql ] [ SQL ] SELECT * FROM `qx_node` WHERE  `category` = 2 [ RunTime:0.000846s ]
[ sql ] [ SQL ] SELECT * FROM `qx_node` WHERE  `category` = 2 [ RunTime:0.000838s ]
[ sql ] [ SQL ] SELECT * FROM `qx_node` WHERE  `category` = 2 [ RunTime:0.000867s ]
[ sql ] [ SQL ] SELECT * FROM `qx_node` WHERE  `category` = 2 [ RunTime:0.000876s ]
[ sql ] [ SQL ] SELECT * FROM `qx_node` WHERE  `category` = 2 [ RunTime:0.000976s ]
[ sql ] [ SQL ] SELECT * FROM `qx_node` WHERE  `category` = 2 [ RunTime:0.000918s ]
[ sql ] [ SQL ] SELECT * FROM `qx_node` WHERE  `category` = 2 [ RunTime:0.000883s ]
[ sql ] [ SQL ] SELECT * FROM `qx_node` WHERE  `category` = 2 [ RunTime:0.000899s ]
[ sql ] [ SQL ] SELECT * FROM `qx_menu` WHERE  `url` = 'anjian/anjian_read'  AND `pid` = 0  AND `type` = 0  AND `category` = 1 LIMIT 1 [ RunTime:0.001055s ]
[ sql ] [ SQL ] SELECT * FROM `qx_menu` WHERE  `url` = 'anjian/anjian_read'  AND `pid` <> 0  AND `type` = 0  AND `category` = 1 LIMIT 1 [ RunTime:0.000883s ]
[ sql ] [ SQL ] SELECT * FROM `qx_menu` WHERE  `url` = 'anjian/anjian_read'  AND `pid` <> 0  AND `type` = 1  AND `category` = 1 LIMIT 1 [ RunTime:0.000793s ]
[ sql ] [ SQL ] SHOW COLUMNS FROM `user_view` [ RunTime:0.001692s ]
[ sql ] [ SQL ] SELECT * FROM `user_view` WHERE (  `iduser` = 4 ) AND `user_view`.`delete_time` IS NULL LIMIT 1 [ RunTime:0.001233s ]
[ sql ] [ SQL ] SELECT * FROM `user_view` WHERE (  `iduser` = 4 ) AND `user_view`.`delete_time` IS NULL LIMIT 1 [ RunTime:0.001092s ]
[ sql ] [ SQL ] SHOW COLUMNS FROM `anjian_view` [ RunTime:0.001956s ]
[ sql ] [ SQL ] SELECT * FROM `anjian_view` WHERE (  `idanjian` = 15 ) AND `anjian_view`.`delete_time` IS NULL LIMIT 1 [ RunTime:0.001528s ]
[ sql ] [ SQL ] SHOW COLUMNS FROM `kehu` [ RunTime:0.001204s ]
[ sql ] [ SQL ] SELECT * FROM `kehu` WHERE (  `idkehu` = 10 ) AND `kehu`.`delete_time` IS NULL LIMIT 1 [ RunTime:0.000920s ]
[ sql ] [ SQL ] SHOW COLUMNS FROM `user` [ RunTime:0.001129s ]
[ sql ] [ SQL ] SELECT `user_realname` FROM `user` WHERE (  `iduser` IS NULL ) AND `user`.`delete_time` IS NULL LIMIT 1 [ RunTime:0.000563s ]
---------------------------------------------------------------
[ 2019-06-06T17:40:50+08:00 ] 192.168.101.137 POST 172.16.101.22/anjian/anjian.read
[运行时间：0.143729s] [吞吐率：6.96req/s] [内存消耗：1,460.41kb] [文件加载：95]
[ info ] [ LANG ] /var/www/manager_cmlaw/thinkphp/lang/zh-cn.php
[ info ] [ ROUTE ] array (
  'rule' => 'anjian/anjian.read',
  'route' => 'api/anjian/anjian_read',
  'option' => 
  array (
    'merge_rule_regex' => false,
    'method' => 'get|post',
  ),
  'var' => 
  array (
  ),
)
[ info ] [ HEADER ] array (
  'host' => '172.16.101.22',
  'connection' => 'keep-alive',
  'content-length' => '31',
  'accept' => 'application/json, text/plain, */*',
  'origin' => 'http://172.16.101.22',
  'user-agent' => 'Mozilla/5.0 (Windows NT 10.0; Win64; x64) AppleWebKit/537.36 (KHTML, like Gecko) Chrome/74.0.3729.169 Safari/537.36',
  'content-type' => 'application/json;charset=UTF-8',
  'referer' => 'http://172.16.101.22/anjian-guanli/anjian-qianpi?id=15',
  'accept-encoding' => 'gzip, deflate',
  'accept-language' => 'zh-CN,zh;q=0.9',
  'cookie' => 'PHPSESSID=0q4uu8g4vg6pseabcafg29bpuv; USERID=4; USERREALNAME=%E4%BB%BB%E5%B0%8F%E6%9B%BC',
)
[ info ] [ PARAM ] array (
  'idanjian' => 15,
  'type' => 'anjian',
)
[ info ] [ DB ] INIT mysql
[ sql ] [ DB ] CONNECT:[ UseTime:0.001158s ] mysql:host=172.16.101.20;port=3306;dbname=lawyer_cmlaw;charset=utf8
[ sql ] [ SQL ] SHOW COLUMNS FROM `qx_node` [ RunTime:0.001137s ]
[ sql ] [ SQL ] SELECT * FROM `qx_node` WHERE  `category` = 2 [ RunTime:0.001081s ]
[ sql ] [ SQL ] SHOW COLUMNS FROM `qx_menu` [ RunTime:0.000994s ]
[ sql ] [ SQL ] SELECT * FROM `qx_menu` WHERE  `type` = 0  AND `category` = 2 [ RunTime:0.001042s ]
[ sql ] [ SQL ] SHOW COLUMNS FROM `qx_user_role` [ RunTime:0.001064s ]
[ sql ] [ SQL ] SELECT `role` FROM `qx_user_role` WHERE  `user` = 4  AND `category` = 2 [ RunTime:0.000742s ]
[ sql ] [ SQL ] SHOW COLUMNS FROM `qx_role` [ RunTime:0.001027s ]
[ sql ] [ SQL ] SELECT * FROM `qx_role` WHERE  `id` IN (41)  AND `category` = 2 [ RunTime:0.000759s ]
[ sql ] [ SQL ] SHOW COLUMNS FROM `qx_role_node` [ RunTime:0.001016s ]
[ sql ] [ SQL ] SELECT `qx_node`.*,`pivot`.`id` AS `pivot__id`,`pivot`.`role` AS `pivot__role`,`pivot`.`node` AS `pivot__node`,`pivot`.`category` AS `pivot__category`,`pivot`.`delete_time` AS `pivot__delete_time` FROM `qx_node` INNER JOIN `qx_role_node` `pivot` ON `pivot`.`node`=`qx_node`.`id` WHERE  `pivot`.`role` IN ('41') [ RunTime:0.001426s ]
[ sql ] [ SQL ] SELECT * FROM `qx_node` WHERE  `category` = 2 [ RunTime:0.001010s ]
[ sql ] [ SQL ] SELECT * FROM `qx_node` WHERE  `category` = 2 [ RunTime:0.001039s ]
[ sql ] [ SQL ] SELECT * FROM `qx_node` WHERE  `category` = 2 [ RunTime:0.000901s ]
[ sql ] [ SQL ] SELECT * FROM `qx_node` WHERE  `category` = 2 [ RunTime:0.000923s ]
[ sql ] [ SQL ] SELECT * FROM `qx_node` WHERE  `category` = 2 [ RunTime:0.000924s ]
[ sql ] [ SQL ] SELECT * FROM `qx_node` WHERE  `category` = 2 [ RunTime:0.000944s ]
[ sql ] [ SQL ] SELECT * FROM `qx_node` WHERE  `category` = 2 [ RunTime:0.000986s ]
[ sql ] [ SQL ] SELECT * FROM `qx_node` WHERE  `category` = 2 [ RunTime:0.000976s ]
[ sql ] [ SQL ] SELECT * FROM `qx_node` WHERE  `category` = 2 [ RunTime:0.001032s ]
[ sql ] [ SQL ] SELECT * FROM `qx_node` WHERE  `category` = 2 [ RunTime:0.000971s ]
[ sql ] [ SQL ] SELECT * FROM `qx_node` WHERE  `category` = 2 [ RunTime:0.000990s ]
[ sql ] [ SQL ] SELECT * FROM `qx_node` WHERE  `category` = 2 [ RunTime:0.000949s ]
[ sql ] [ SQL ] SELECT * FROM `qx_node` WHERE  `category` = 2 [ RunTime:0.000911s ]
[ sql ] [ SQL ] SELECT * FROM `qx_node` WHERE  `category` = 2 [ RunTime:0.000921s ]
[ sql ] [ SQL ] SELECT * FROM `qx_node` WHERE  `category` = 2 [ RunTime:0.000917s ]
[ sql ] [ SQL ] SELECT * FROM `qx_node` WHERE  `category` = 2 [ RunTime:0.000906s ]
[ sql ] [ SQL ] SELECT * FROM `qx_node` WHERE  `category` = 2 [ RunTime:0.001003s ]
[ sql ] [ SQL ] SELECT * FROM `qx_node` WHERE  `category` = 2 [ RunTime:0.000935s ]
[ sql ] [ SQL ] SELECT * FROM `qx_node` WHERE  `category` = 2 [ RunTime:0.000882s ]
[ sql ] [ SQL ] SELECT * FROM `qx_node` WHERE  `category` = 2 [ RunTime:0.000939s ]
[ sql ] [ SQL ] SELECT * FROM `qx_node` WHERE  `category` = 2 [ RunTime:0.001065s ]
[ sql ] [ SQL ] SELECT * FROM `qx_node` WHERE  `category` = 2 [ RunTime:0.000933s ]
[ sql ] [ SQL ] SELECT * FROM `qx_node` WHERE  `category` = 2 [ RunTime:0.000908s ]
[ sql ] [ SQL ] SELECT * FROM `qx_node` WHERE  `category` = 2 [ RunTime:0.000889s ]
[ sql ] [ SQL ] SELECT * FROM `qx_node` WHERE  `category` = 2 [ RunTime:0.000880s ]
[ sql ] [ SQL ] SELECT * FROM `qx_node` WHERE  `category` = 2 [ RunTime:0.000886s ]
[ sql ] [ SQL ] SELECT * FROM `qx_node` WHERE  `category` = 2 [ RunTime:0.000879s ]
[ sql ] [ SQL ] SELECT * FROM `qx_node` WHERE  `category` = 2 [ RunTime:0.000909s ]
[ sql ] [ SQL ] SELECT * FROM `qx_node` WHERE  `category` = 2 [ RunTime:0.000989s ]
[ sql ] [ SQL ] SELECT * FROM `qx_node` WHERE  `category` = 2 [ RunTime:0.001043s ]
[ sql ] [ SQL ] SELECT * FROM `qx_node` WHERE  `category` = 2 [ RunTime:0.000957s ]
[ sql ] [ SQL ] SELECT * FROM `qx_node` WHERE  `category` = 2 [ RunTime:0.000922s ]
[ sql ] [ SQL ] SELECT * FROM `qx_node` WHERE  `category` = 2 [ RunTime:0.000914s ]
[ sql ] [ SQL ] SELECT * FROM `qx_node` WHERE  `category` = 2 [ RunTime:0.000960s ]
[ sql ] [ SQL ] SELECT * FROM `qx_node` WHERE  `category` = 2 [ RunTime:0.000966s ]
[ sql ] [ SQL ] SELECT * FROM `qx_node` WHERE  `category` = 2 [ RunTime:0.000909s ]
[ sql ] [ SQL ] SELECT * FROM `qx_node` WHERE  `category` = 2 [ RunTime:0.000947s ]
[ sql ] [ SQL ] SELECT * FROM `qx_menu` WHERE  `url` = 'anjian/anjian_read'  AND `pid` = 0  AND `type` = 0  AND `category` = 1 LIMIT 1 [ RunTime:0.000797s ]
[ sql ] [ SQL ] SELECT * FROM `qx_menu` WHERE  `url` = 'anjian/anjian_read'  AND `pid` <> 0  AND `type` = 0  AND `category` = 1 LIMIT 1 [ RunTime:0.000787s ]
[ sql ] [ SQL ] SELECT * FROM `qx_menu` WHERE  `url` = 'anjian/anjian_read'  AND `pid` <> 0  AND `type` = 1  AND `category` = 1 LIMIT 1 [ RunTime:0.000808s ]
[ sql ] [ SQL ] SHOW COLUMNS FROM `user_view` [ RunTime:0.001539s ]
[ sql ] [ SQL ] SELECT * FROM `user_view` WHERE (  `iduser` = 4 ) AND `user_view`.`delete_time` IS NULL LIMIT 1 [ RunTime:0.001205s ]
[ sql ] [ SQL ] SELECT * FROM `user_view` WHERE (  `iduser` = 4 ) AND `user_view`.`delete_time` IS NULL LIMIT 1 [ RunTime:0.001146s ]
[ sql ] [ SQL ] SHOW COLUMNS FROM `anjian_view` [ RunTime:0.001911s ]
[ sql ] [ SQL ] SELECT * FROM `anjian_view` WHERE (  `idanjian` = 15 ) AND `anjian_view`.`delete_time` IS NULL LIMIT 1 [ RunTime:0.001467s ]
---------------------------------------------------------------
[ 2019-06-06T17:40:50+08:00 ] 192.168.101.137 POST 172.16.101.22/anjian/anjian.read
[运行时间：0.233497s] [吞吐率：4.28req/s] [内存消耗：1,568.77kb] [文件加载：96]
[ info ] [ LANG ] /var/www/manager_cmlaw/thinkphp/lang/zh-cn.php
[ info ] [ ROUTE ] array (
  'rule' => 'anjian/anjian.read',
  'route' => 'api/anjian/anjian_read',
  'option' => 
  array (
    'merge_rule_regex' => false,
    'method' => 'get|post',
  ),
  'var' => 
  array (
  ),
)
[ info ] [ HEADER ] array (
  'host' => '172.16.101.22',
  'connection' => 'keep-alive',
  'content-length' => '32',
  'accept' => 'application/json, text/plain, */*',
  'origin' => 'http://172.16.101.22',
  'user-agent' => 'Mozilla/5.0 (Windows NT 10.0; Win64; x64) AppleWebKit/537.36 (KHTML, like Gecko) Chrome/74.0.3729.169 Safari/537.36',
  'content-type' => 'application/json;charset=UTF-8',
  'referer' => 'http://172.16.101.22/anjian-guanli/anjian-qianpi?id=15',
  'accept-encoding' => 'gzip, deflate',
  'accept-language' => 'zh-CN,zh;q=0.9',
  'cookie' => 'PHPSESSID=0q4uu8g4vg6pseabcafg29bpuv; USERID=4; USERREALNAME=%E4%BB%BB%E5%B0%8F%E6%9B%BC',
)
[ info ] [ PARAM ] array (
  'idanjian' => 15,
  'type' => 'tuandui',
)
[ info ] [ DB ] INIT mysql
[ sql ] [ DB ] CONNECT:[ UseTime:0.001047s ] mysql:host=172.16.101.20;port=3306;dbname=lawyer_cmlaw;charset=utf8
[ sql ] [ SQL ] SHOW COLUMNS FROM `qx_node` [ RunTime:0.001083s ]
[ sql ] [ SQL ] SELECT * FROM `qx_node` WHERE  `category` = 2 [ RunTime:0.001057s ]
[ sql ] [ SQL ] SHOW COLUMNS FROM `qx_menu` [ RunTime:0.001340s ]
[ sql ] [ SQL ] SELECT * FROM `qx_menu` WHERE  `type` = 0  AND `category` = 2 [ RunTime:0.001155s ]
[ sql ] [ SQL ] SHOW COLUMNS FROM `qx_user_role` [ RunTime:0.001104s ]
[ sql ] [ SQL ] SELECT `role` FROM `qx_user_role` WHERE  `user` = 4  AND `category` = 2 [ RunTime:0.000770s ]
[ sql ] [ SQL ] SHOW COLUMNS FROM `qx_role` [ RunTime:0.001313s ]
[ sql ] [ SQL ] SELECT * FROM `qx_role` WHERE  `id` IN (41)  AND `category` = 2 [ RunTime:0.000761s ]
[ sql ] [ SQL ] SHOW COLUMNS FROM `qx_role_node` [ RunTime:0.000915s ]
[ sql ] [ SQL ] SELECT `qx_node`.*,`pivot`.`id` AS `pivot__id`,`pivot`.`role` AS `pivot__role`,`pivot`.`node` AS `pivot__node`,`pivot`.`category` AS `pivot__category`,`pivot`.`delete_time` AS `pivot__delete_time` FROM `qx_node` INNER JOIN `qx_role_node` `pivot` ON `pivot`.`node`=`qx_node`.`id` WHERE  `pivot`.`role` IN ('41') [ RunTime:0.001425s ]
[ sql ] [ SQL ] SELECT * FROM `qx_node` WHERE  `category` = 2 [ RunTime:0.000981s ]
[ sql ] [ SQL ] SELECT * FROM `qx_node` WHERE  `category` = 2 [ RunTime:0.000989s ]
[ sql ] [ SQL ] SELECT * FROM `qx_node` WHERE  `category` = 2 [ RunTime:0.000936s ]
[ sql ] [ SQL ] SELECT * FROM `qx_node` WHERE  `category` = 2 [ RunTime:0.000922s ]
[ sql ] [ SQL ] SELECT * FROM `qx_node` WHERE  `category` = 2 [ RunTime:0.000997s ]
[ sql ] [ SQL ] SELECT * FROM `qx_node` WHERE  `category` = 2 [ RunTime:0.000910s ]
[ sql ] [ SQL ] SELECT * FROM `qx_node` WHERE  `category` = 2 [ RunTime:0.000945s ]
[ sql ] [ SQL ] SELECT * FROM `qx_node` WHERE  `category` = 2 [ RunTime:0.000968s ]
[ sql ] [ SQL ] SELECT * FROM `qx_node` WHERE  `category` = 2 [ RunTime:0.000980s ]
[ sql ] [ SQL ] SELECT * FROM `qx_node` WHERE  `category` = 2 [ RunTime:0.000917s ]
[ sql ] [ SQL ] SELECT * FROM `qx_node` WHERE  `category` = 2 [ RunTime:0.000910s ]
[ sql ] [ SQL ] SELECT * FROM `qx_node` WHERE  `category` = 2 [ RunTime:0.000939s ]
[ sql ] [ SQL ] SELECT * FROM `qx_node` WHERE  `category` = 2 [ RunTime:0.000903s ]
[ sql ] [ SQL ] SELECT * FROM `qx_node` WHERE  `category` = 2 [ RunTime:0.000899s ]
[ sql ] [ SQL ] SELECT * FROM `qx_node` WHERE  `category` = 2 [ RunTime:0.000932s ]
[ sql ] [ SQL ] SELECT * FROM `qx_node` WHERE  `category` = 2 [ RunTime:0.000953s ]
[ sql ] [ SQL ] SELECT * FROM `qx_node` WHERE  `category` = 2 [ RunTime:0.000957s ]
[ sql ] [ SQL ] SELECT * FROM `qx_node` WHERE  `category` = 2 [ RunTime:0.001002s ]
[ sql ] [ SQL ] SELECT * FROM `qx_node` WHERE  `category` = 2 [ RunTime:0.000963s ]
[ sql ] [ SQL ] SELECT * FROM `qx_node` WHERE  `category` = 2 [ RunTime:0.000926s ]
[ sql ] [ SQL ] SELECT * FROM `qx_node` WHERE  `category` = 2 [ RunTime:0.000913s ]
[ sql ] [ SQL ] SELECT * FROM `qx_node` WHERE  `category` = 2 [ RunTime:0.000941s ]
[ sql ] [ SQL ] SELECT * FROM `qx_node` WHERE  `category` = 2 [ RunTime:0.000944s ]
[ sql ] [ SQL ] SELECT * FROM `qx_node` WHERE  `category` = 2 [ RunTime:0.000966s ]
[ sql ] [ SQL ] SELECT * FROM `qx_node` WHERE  `category` = 2 [ RunTime:0.000945s ]
[ sql ] [ SQL ] SELECT * FROM `qx_node` WHERE  `category` = 2 [ RunTime:0.000996s ]
[ sql ] [ SQL ] SELECT * FROM `qx_node` WHERE  `category` = 2 [ RunTime:0.000974s ]
[ sql ] [ SQL ] SELECT * FROM `qx_node` WHERE  `category` = 2 [ RunTime:0.000944s ]
[ sql ] [ SQL ] SELECT * FROM `qx_node` WHERE  `category` = 2 [ RunTime:0.001035s ]
[ sql ] [ SQL ] SELECT * FROM `qx_node` WHERE  `category` = 2 [ RunTime:0.000980s ]
[ sql ] [ SQL ] SELECT * FROM `qx_node` WHERE  `category` = 2 [ RunTime:0.000982s ]
[ sql ] [ SQL ] SELECT * FROM `qx_node` WHERE  `category` = 2 [ RunTime:0.000993s ]
[ sql ] [ SQL ] SELECT * FROM `qx_node` WHERE  `category` = 2 [ RunTime:0.000940s ]
[ sql ] [ SQL ] SELECT * FROM `qx_node` WHERE  `category` = 2 [ RunTime:0.000911s ]
[ sql ] [ SQL ] SELECT * FROM `qx_node` WHERE  `category` = 2 [ RunTime:0.000915s ]
[ sql ] [ SQL ] SELECT * FROM `qx_node` WHERE  `category` = 2 [ RunTime:0.000944s ]
[ sql ] [ SQL ] SELECT * FROM `qx_node` WHERE  `category` = 2 [ RunTime:0.000909s ]
[ sql ] [ SQL ] SELECT * FROM `qx_menu` WHERE  `url` = 'anjian/anjian_read'  AND `pid` = 0  AND `type` = 0  AND `category` = 1 LIMIT 1 [ RunTime:0.000865s ]
[ sql ] [ SQL ] SELECT * FROM `qx_menu` WHERE  `url` = 'anjian/anjian_read'  AND `pid` <> 0  AND `type` = 0  AND `category` = 1 LIMIT 1 [ RunTime:0.000836s ]
[ sql ] [ SQL ] SELECT * FROM `qx_menu` WHERE  `url` = 'anjian/anjian_read'  AND `pid` <> 0  AND `type` = 1  AND `category` = 1 LIMIT 1 [ RunTime:0.000810s ]
[ sql ] [ SQL ] SHOW COLUMNS FROM `user_view` [ RunTime:0.001481s ]
[ sql ] [ SQL ] SELECT * FROM `user_view` WHERE (  `iduser` = 4 ) AND `user_view`.`delete_time` IS NULL LIMIT 1 [ RunTime:0.001218s ]
[ sql ] [ SQL ] SELECT * FROM `user_view` WHERE (  `iduser` = 4 ) AND `user_view`.`delete_time` IS NULL LIMIT 1 [ RunTime:0.001129s ]
[ sql ] [ SQL ] SHOW COLUMNS FROM `anjian_view` [ RunTime:0.001751s ]
[ sql ] [ SQL ] SELECT * FROM `anjian_view` WHERE (  `idanjian` = 15 ) AND `anjian_view`.`delete_time` IS NULL LIMIT 1 [ RunTime:0.001448s ]
[ sql ] [ SQL ] SHOW COLUMNS FROM `anjian_user_view` [ RunTime:0.001582s ]
[ sql ] [ SQL ] SELECT `iduser`,`fensuo_name`,`zhonglei_name`,`user_bumen`,`user_zhiwei`,`user_realname`,`user_phone`,`user_email` FROM `anjian_user_view` WHERE (  `idanjian` = 15 ) AND `anjian_user_view`.`delete_time` IS NULL [ RunTime:0.001276s ]
[ sql ] [ SQL ] SELECT `iduser` FROM `anjian_user_view` WHERE (  `idanjian` = 15 ) AND `anjian_user_view`.`delete_time` IS NULL [ RunTime:0.001357s ]
[ sql ] [ SQL ] SELECT * FROM `user_view` WHERE (  `iduser` NOT IN (4,5,15) ) AND `user_view`.`delete_time` IS NULL [ RunTime:0.002004s ]
---------------------------------------------------------------
[ 2019-06-06T17:40:50+08:00 ] 192.168.101.137 POST 172.16.101.22/anjian/anjian.read
[运行时间：0.307067s] [吞吐率：3.26req/s] [内存消耗：1,457.43kb] [文件加载：96]
[ info ] [ LANG ] /var/www/manager_cmlaw/thinkphp/lang/zh-cn.php
[ info ] [ ROUTE ] array (
  'rule' => 'anjian/anjian.read',
  'route' => 'api/anjian/anjian_read',
  'option' => 
  array (
    'merge_rule_regex' => false,
    'method' => 'get|post',
  ),
  'var' => 
  array (
  ),
)
[ info ] [ HEADER ] array (
  'host' => '172.16.101.22',
  'connection' => 'keep-alive',
  'content-length' => '32',
  'accept' => 'application/json, text/plain, */*',
  'origin' => 'http://172.16.101.22',
  'user-agent' => 'Mozilla/5.0 (Windows NT 10.0; Win64; x64) AppleWebKit/537.36 (KHTML, like Gecko) Chrome/74.0.3729.169 Safari/537.36',
  'content-type' => 'application/json;charset=UTF-8',
  'referer' => 'http://172.16.101.22/anjian-guanli/anjian-qianpi?id=15',
  'accept-encoding' => 'gzip, deflate',
  'accept-language' => 'zh-CN,zh;q=0.9',
  'cookie' => 'PHPSESSID=0q4uu8g4vg6pseabcafg29bpuv; USERID=4; USERREALNAME=%E4%BB%BB%E5%B0%8F%E6%9B%BC',
)
[ info ] [ PARAM ] array (
  'idanjian' => 15,
  'type' => 'lichong',
)
[ info ] [ DB ] INIT mysql
[ sql ] [ DB ] CONNECT:[ UseTime:0.001151s ] mysql:host=172.16.101.20;port=3306;dbname=lawyer_cmlaw;charset=utf8
[ sql ] [ SQL ] SHOW COLUMNS FROM `qx_node` [ RunTime:0.001120s ]
[ sql ] [ SQL ] SELECT * FROM `qx_node` WHERE  `category` = 2 [ RunTime:0.001057s ]
[ sql ] [ SQL ] SHOW COLUMNS FROM `qx_menu` [ RunTime:0.000946s ]
[ sql ] [ SQL ] SELECT * FROM `qx_menu` WHERE  `type` = 0  AND `category` = 2 [ RunTime:0.000971s ]
[ sql ] [ SQL ] SHOW COLUMNS FROM `qx_user_role` [ RunTime:0.000838s ]
[ sql ] [ SQL ] SELECT `role` FROM `qx_user_role` WHERE  `user` = 4  AND `category` = 2 [ RunTime:0.000621s ]
[ sql ] [ SQL ] SHOW COLUMNS FROM `qx_role` [ RunTime:0.000885s ]
[ sql ] [ SQL ] SELECT * FROM `qx_role` WHERE  `id` IN (41)  AND `category` = 2 [ RunTime:0.000647s ]
[ sql ] [ SQL ] SHOW COLUMNS FROM `qx_role_node` [ RunTime:0.000812s ]
[ sql ] [ SQL ] SELECT `qx_node`.*,`pivot`.`id` AS `pivot__id`,`pivot`.`role` AS `pivot__role`,`pivot`.`node` AS `pivot__node`,`pivot`.`category` AS `pivot__category`,`pivot`.`delete_time` AS `pivot__delete_time` FROM `qx_node` INNER JOIN `qx_role_node` `pivot` ON `pivot`.`node`=`qx_node`.`id` WHERE  `pivot`.`role` IN ('41') [ RunTime:0.001293s ]
[ sql ] [ SQL ] SELECT * FROM `qx_node` WHERE  `category` = 2 [ RunTime:0.000852s ]
[ sql ] [ SQL ] SELECT * FROM `qx_node` WHERE  `category` = 2 [ RunTime:0.000840s ]
[ sql ] [ SQL ] SELECT * FROM `qx_node` WHERE  `category` = 2 [ RunTime:0.000855s ]
[ sql ] [ SQL ] SELECT * FROM `qx_node` WHERE  `category` = 2 [ RunTime:0.000891s ]
[ sql ] [ SQL ] SELECT * FROM `qx_node` WHERE  `category` = 2 [ RunTime:0.000883s ]
[ sql ] [ SQL ] SELECT * FROM `qx_node` WHERE  `category` = 2 [ RunTime:0.000916s ]
[ sql ] [ SQL ] SELECT * FROM `qx_node` WHERE  `category` = 2 [ RunTime:0.000864s ]
[ sql ] [ SQL ] SELECT * FROM `qx_node` WHERE  `category` = 2 [ RunTime:0.000815s ]
[ sql ] [ SQL ] SELECT * FROM `qx_node` WHERE  `category` = 2 [ RunTime:0.000929s ]
[ sql ] [ SQL ] SELECT * FROM `qx_node` WHERE  `category` = 2 [ RunTime:0.000879s ]
[ sql ] [ SQL ] SELECT * FROM `qx_node` WHERE  `category` = 2 [ RunTime:0.000990s ]
[ sql ] [ SQL ] SELECT * FROM `qx_node` WHERE  `category` = 2 [ RunTime:0.001001s ]
[ sql ] [ SQL ] SELECT * FROM `qx_node` WHERE  `category` = 2 [ RunTime:0.000860s ]
[ sql ] [ SQL ] SELECT * FROM `qx_node` WHERE  `category` = 2 [ RunTime:0.000901s ]
[ sql ] [ SQL ] SELECT * FROM `qx_node` WHERE  `category` = 2 [ RunTime:0.000883s ]
[ sql ] [ SQL ] SELECT * FROM `qx_node` WHERE  `category` = 2 [ RunTime:0.000850s ]
[ sql ] [ SQL ] SELECT * FROM `qx_node` WHERE  `category` = 2 [ RunTime:0.000887s ]
[ sql ] [ SQL ] SELECT * FROM `qx_node` WHERE  `category` = 2 [ RunTime:0.000889s ]
[ sql ] [ SQL ] SELECT * FROM `qx_node` WHERE  `category` = 2 [ RunTime:0.000893s ]
[ sql ] [ SQL ] SELECT * FROM `qx_node` WHERE  `category` = 2 [ RunTime:0.000888s ]
[ sql ] [ SQL ] SELECT * FROM `qx_node` WHERE  `category` = 2 [ RunTime:0.000848s ]
[ sql ] [ SQL ] SELECT * FROM `qx_node` WHERE  `category` = 2 [ RunTime:0.000912s ]
[ sql ] [ SQL ] SELECT * FROM `qx_node` WHERE  `category` = 2 [ RunTime:0.000887s ]
[ sql ] [ SQL ] SELECT * FROM `qx_node` WHERE  `category` = 2 [ RunTime:0.000875s ]
[ sql ] [ SQL ] SELECT * FROM `qx_node` WHERE  `category` = 2 [ RunTime:0.000851s ]
[ sql ] [ SQL ] SELECT * FROM `qx_node` WHERE  `category` = 2 [ RunTime:0.000895s ]
[ sql ] [ SQL ] SELECT * FROM `qx_node` WHERE  `category` = 2 [ RunTime:0.000880s ]
[ sql ] [ SQL ] SELECT * FROM `qx_node` WHERE  `category` = 2 [ RunTime:0.000869s ]
[ sql ] [ SQL ] SELECT * FROM `qx_node` WHERE  `category` = 2 [ RunTime:0.000875s ]
[ sql ] [ SQL ] SELECT * FROM `qx_node` WHERE  `category` = 2 [ RunTime:0.000874s ]
[ sql ] [ SQL ] SELECT * FROM `qx_node` WHERE  `category` = 2 [ RunTime:0.000886s ]
[ sql ] [ SQL ] SELECT * FROM `qx_node` WHERE  `category` = 2 [ RunTime:0.000878s ]
[ sql ] [ SQL ] SELECT * FROM `qx_node` WHERE  `category` = 2 [ RunTime:0.000878s ]
[ sql ] [ SQL ] SELECT * FROM `qx_node` WHERE  `category` = 2 [ RunTime:0.000863s ]
[ sql ] [ SQL ] SELECT * FROM `qx_node` WHERE  `category` = 2 [ RunTime:0.000894s ]
[ sql ] [ SQL ] SELECT * FROM `qx_node` WHERE  `category` = 2 [ RunTime:0.000886s ]
[ sql ] [ SQL ] SELECT * FROM `qx_node` WHERE  `category` = 2 [ RunTime:0.000851s ]
[ sql ] [ SQL ] SELECT * FROM `qx_menu` WHERE  `url` = 'anjian/anjian_read'  AND `pid` = 0  AND `type` = 0  AND `category` = 1 LIMIT 1 [ RunTime:0.000772s ]
[ sql ] [ SQL ] SELECT * FROM `qx_menu` WHERE  `url` = 'anjian/anjian_read'  AND `pid` <> 0  AND `type` = 0  AND `category` = 1 LIMIT 1 [ RunTime:0.000748s ]
[ sql ] [ SQL ] SELECT * FROM `qx_menu` WHERE  `url` = 'anjian/anjian_read'  AND `pid` <> 0  AND `type` = 1  AND `category` = 1 LIMIT 1 [ RunTime:0.000750s ]
[ sql ] [ SQL ] SHOW COLUMNS FROM `user_view` [ RunTime:0.001558s ]
[ sql ] [ SQL ] SELECT * FROM `user_view` WHERE (  `iduser` = 4 ) AND `user_view`.`delete_time` IS NULL LIMIT 1 [ RunTime:0.001174s ]
[ sql ] [ SQL ] SELECT * FROM `user_view` WHERE (  `iduser` = 4 ) AND `user_view`.`delete_time` IS NULL LIMIT 1 [ RunTime:0.001043s ]
[ sql ] [ SQL ] SHOW COLUMNS FROM `anjian_view` [ RunTime:0.001691s ]
[ sql ] [ SQL ] SELECT * FROM `anjian_view` WHERE (  `idanjian` = 15 ) AND `anjian_view`.`delete_time` IS NULL LIMIT 1 [ RunTime:0.001363s ]
[ sql ] [ SQL ] SHOW COLUMNS FROM `lichong` [ RunTime:0.000962s ]
[ sql ] [ SQL ] SELECT * FROM `lichong` WHERE (  `anjianid` = 15 ) AND `lichong`.`delete_time` IS NULL LIMIT 1 [ RunTime:0.000863s ]
---------------------------------------------------------------
[ 2019-06-06T17:40:52+08:00 ] 192.168.101.137 POST 172.16.101.22/anjian/anjian.shenpi
[运行时间：0.336642s] [吞吐率：2.97req/s] [内存消耗：1,510.19kb] [文件加载：105]
[ info ] [ LANG ] /var/www/manager_cmlaw/thinkphp/lang/zh-cn.php
[ info ] [ ROUTE ] array (
  'rule' => 'anjian/anjian.shenpi',
  'route' => 'api/anjian/anjian_shenpi',
  'option' => 
  array (
    'merge_rule_regex' => false,
    'method' => 'get|post',
  ),
  'var' => 
  array (
  ),
)
[ info ] [ HEADER ] array (
  'host' => '172.16.101.22',
  'connection' => 'keep-alive',
  'content-length' => '55',
  'accept' => 'application/json, text/plain, */*',
  'origin' => 'http://172.16.101.22',
  'user-agent' => 'Mozilla/5.0 (Windows NT 10.0; Win64; x64) AppleWebKit/537.36 (KHTML, like Gecko) Chrome/74.0.3729.169 Safari/537.36',
  'content-type' => 'application/json;charset=UTF-8',
  'referer' => 'http://172.16.101.22/anjian-guanli/anjian-qianpi?id=15',
  'accept-encoding' => 'gzip, deflate',
  'accept-language' => 'zh-CN,zh;q=0.9',
  'cookie' => 'PHPSESSID=0q4uu8g4vg6pseabcafg29bpuv; USERID=4; USERREALNAME=%E4%BB%BB%E5%B0%8F%E6%9B%BC',
)
[ info ] [ PARAM ] array (
  'idanjian' => 15,
  'anjian_status' => '3',
  'shenpi_content' => '',
)
[ info ] [ DB ] INIT mysql
[ sql ] [ DB ] CONNECT:[ UseTime:0.001661s ] mysql:host=172.16.101.20;port=3306;dbname=lawyer_cmlaw;charset=utf8
[ sql ] [ SQL ] SHOW COLUMNS FROM `qx_node` [ RunTime:0.001366s ]
[ sql ] [ SQL ] SELECT * FROM `qx_node` WHERE  `category` = 2 [ RunTime:0.001113s ]
[ sql ] [ SQL ] SHOW COLUMNS FROM `qx_menu` [ RunTime:0.001007s ]
[ sql ] [ SQL ] SELECT * FROM `qx_menu` WHERE  `type` = 0  AND `category` = 2 [ RunTime:0.001028s ]
[ sql ] [ SQL ] SHOW COLUMNS FROM `qx_user_role` [ RunTime:0.000891s ]
[ sql ] [ SQL ] SELECT `role` FROM `qx_user_role` WHERE  `user` = 4  AND `category` = 2 [ RunTime:0.000657s ]
[ sql ] [ SQL ] SHOW COLUMNS FROM `qx_role` [ RunTime:0.000925s ]
[ sql ] [ SQL ] SELECT * FROM `qx_role` WHERE  `id` IN (41)  AND `category` = 2 [ RunTime:0.000680s ]
[ sql ] [ SQL ] SHOW COLUMNS FROM `qx_role_node` [ RunTime:0.000963s ]
[ sql ] [ SQL ] SELECT `qx_node`.*,`pivot`.`id` AS `pivot__id`,`pivot`.`role` AS `pivot__role`,`pivot`.`node` AS `pivot__node`,`pivot`.`category` AS `pivot__category`,`pivot`.`delete_time` AS `pivot__delete_time` FROM `qx_node` INNER JOIN `qx_role_node` `pivot` ON `pivot`.`node`=`qx_node`.`id` WHERE  `pivot`.`role` IN ('41') [ RunTime:0.002150s ]
[ sql ] [ SQL ] SELECT * FROM `qx_node` WHERE  `category` = 2 [ RunTime:0.000873s ]
[ sql ] [ SQL ] SELECT * FROM `qx_node` WHERE  `category` = 2 [ RunTime:0.000853s ]
[ sql ] [ SQL ] SELECT * FROM `qx_node` WHERE  `category` = 2 [ RunTime:0.000837s ]
[ sql ] [ SQL ] SELECT * FROM `qx_node` WHERE  `category` = 2 [ RunTime:0.000841s ]
[ sql ] [ SQL ] SELECT * FROM `qx_node` WHERE  `category` = 2 [ RunTime:0.000848s ]
[ sql ] [ SQL ] SELECT * FROM `qx_node` WHERE  `category` = 2 [ RunTime:0.000864s ]
[ sql ] [ SQL ] SELECT * FROM `qx_node` WHERE  `category` = 2 [ RunTime:0.000859s ]
[ sql ] [ SQL ] SELECT * FROM `qx_node` WHERE  `category` = 2 [ RunTime:0.000878s ]
[ sql ] [ SQL ] SELECT * FROM `qx_node` WHERE  `category` = 2 [ RunTime:0.000793s ]
[ sql ] [ SQL ] SELECT * FROM `qx_node` WHERE  `category` = 2 [ RunTime:0.000815s ]
[ sql ] [ SQL ] SELECT * FROM `qx_node` WHERE  `category` = 2 [ RunTime:0.000829s ]
[ sql ] [ SQL ] SELECT * FROM `qx_node` WHERE  `category` = 2 [ RunTime:0.000947s ]
[ sql ] [ SQL ] SELECT * FROM `qx_node` WHERE  `category` = 2 [ RunTime:0.000826s ]
[ sql ] [ SQL ] SELECT * FROM `qx_node` WHERE  `category` = 2 [ RunTime:0.001044s ]
[ sql ] [ SQL ] SELECT * FROM `qx_node` WHERE  `category` = 2 [ RunTime:0.000844s ]
[ sql ] [ SQL ] SELECT * FROM `qx_node` WHERE  `category` = 2 [ RunTime:0.000822s ]
[ sql ] [ SQL ] SELECT * FROM `qx_node` WHERE  `category` = 2 [ RunTime:0.000832s ]
[ sql ] [ SQL ] SELECT * FROM `qx_node` WHERE  `category` = 2 [ RunTime:0.000826s ]
[ sql ] [ SQL ] SELECT * FROM `qx_node` WHERE  `category` = 2 [ RunTime:0.000782s ]
[ sql ] [ SQL ] SELECT * FROM `qx_node` WHERE  `category` = 2 [ RunTime:0.000799s ]
[ sql ] [ SQL ] SELECT * FROM `qx_node` WHERE  `category` = 2 [ RunTime:0.000837s ]
[ sql ] [ SQL ] SELECT * FROM `qx_node` WHERE  `category` = 2 [ RunTime:0.000826s ]
[ sql ] [ SQL ] SELECT * FROM `qx_node` WHERE  `category` = 2 [ RunTime:0.000792s ]
[ sql ] [ SQL ] SELECT * FROM `qx_node` WHERE  `category` = 2 [ RunTime:0.000838s ]
[ sql ] [ SQL ] SELECT * FROM `qx_node` WHERE  `category` = 2 [ RunTime:0.001264s ]
[ sql ] [ SQL ] SELECT * FROM `qx_node` WHERE  `category` = 2 [ RunTime:0.000821s ]
[ sql ] [ SQL ] SELECT * FROM `qx_node` WHERE  `category` = 2 [ RunTime:0.000823s ]
[ sql ] [ SQL ] SELECT * FROM `qx_node` WHERE  `category` = 2 [ RunTime:0.000814s ]
[ sql ] [ SQL ] SELECT * FROM `qx_node` WHERE  `category` = 2 [ RunTime:0.001117s ]
[ sql ] [ SQL ] SELECT * FROM `qx_node` WHERE  `category` = 2 [ RunTime:0.000835s ]
[ sql ] [ SQL ] SELECT * FROM `qx_node` WHERE  `category` = 2 [ RunTime:0.000853s ]
[ sql ] [ SQL ] SELECT * FROM `qx_node` WHERE  `category` = 2 [ RunTime:0.000868s ]
[ sql ] [ SQL ] SELECT * FROM `qx_node` WHERE  `category` = 2 [ RunTime:0.000822s ]
[ sql ] [ SQL ] SELECT * FROM `qx_node` WHERE  `category` = 2 [ RunTime:0.000824s ]
[ sql ] [ SQL ] SELECT * FROM `qx_node` WHERE  `category` = 2 [ RunTime:0.000806s ]
[ sql ] [ SQL ] SELECT * FROM `qx_node` WHERE  `category` = 2 [ RunTime:0.000816s ]
[ sql ] [ SQL ] SELECT * FROM `qx_node` WHERE  `category` = 2 [ RunTime:0.000805s ]
[ sql ] [ SQL ] SELECT * FROM `qx_menu` WHERE  `url` = 'anjian/anjian_shenpi'  AND `pid` = 0  AND `type` = 0  AND `category` = 1 LIMIT 1 [ RunTime:0.001163s ]
[ sql ] [ SQL ] SELECT * FROM `qx_menu` WHERE  `url` = 'anjian/anjian_shenpi'  AND `pid` <> 0  AND `type` = 0  AND `category` = 1 LIMIT 1 [ RunTime:0.000793s ]
[ sql ] [ SQL ] SELECT * FROM `qx_menu` WHERE  `url` = 'anjian/anjian_shenpi'  AND `pid` <> 0  AND `type` = 1  AND `category` = 1 LIMIT 1 [ RunTime:0.000735s ]
[ sql ] [ SQL ] SHOW COLUMNS FROM `user_view` [ RunTime:0.001640s ]
[ sql ] [ SQL ] SELECT * FROM `user_view` WHERE (  `iduser` = 4 ) AND `user_view`.`delete_time` IS NULL LIMIT 1 [ RunTime:0.001117s ]
[ sql ] [ SQL ] SELECT * FROM `user_view` WHERE (  `iduser` = 4 ) AND `user_view`.`delete_time` IS NULL LIMIT 1 [ RunTime:0.001105s ]
[ sql ] [ SQL ] SHOW COLUMNS FROM `anjian` [ RunTime:0.001121s ]
[ sql ] [ SQL ] UPDATE `anjian`  SET `anjian_status` = 3 , `shenpi_content` = '' , `shenpi_datetime` = '2019-06-06 17:40:52' , `shenpi_userid` = 4 , `anjian_number` = 'A2019060615' , `update_time` = '2019-06-06 17:40:52.015394'  WHERE (  `idanjian` = 15 ) AND `anjian`.`delete_time` IS NULL [ RunTime:0.000734s ]
[ sql ] [ SQL ] SHOW COLUMNS FROM `anjian_has_user_view` [ RunTime:0.001188s ]
[ sql ] [ SQL ] SELECT `iduser`,`user_realname`,`idanjian`,`anjian_title` FROM `anjian_has_user_view` WHERE (  `idanjian` = 15 ) AND `anjian_has_user_view`.`delete_time` IS NULL [ RunTime:0.001059s ]
[ sql ] [ SQL ] SHOW COLUMNS FROM `work_backlog` [ RunTime:0.001351s ]
[ sql ] [ SQL ] INSERT INTO `work_backlog` (`backlog_type` , `backlog_userid` , `backlog_title` , `backlog_content` , `create_time` , `update_time`) VALUES (3 , 4 , '尊敬的任小曼您好, 您参与的案件成都见识信息科技有限公司股权架构重组已经立案成功,点击查看详情,创建新的计时' , '尊敬的任小曼您好, 您参与的案件成都见识信息科技有限公司股权架构重组已经立案成功,点击查看详情,创建新的计时' , '2019-06-06 17:40:52.267591' , '2019-06-06 17:40:52.267604') [ RunTime:0.000646s ]
[ sql ] [ SQL ] INSERT INTO `work_backlog` (`backlog_type` , `backlog_userid` , `backlog_title` , `backlog_content` , `create_time` , `update_time`) VALUES (3 , 5 , '尊敬的李勤您好, 您参与的案件成都见识信息科技有限公司股权架构重组已经立案成功,点击查看详情,创建新的计时' , '尊敬的李勤您好, 您参与的案件成都见识信息科技有限公司股权架构重组已经立案成功,点击查看详情,创建新的计时' , '2019-06-06 17:40:52.270093' , '2019-06-06 17:40:52.270100') [ RunTime:0.000561s ]
[ sql ] [ SQL ] INSERT INTO `work_backlog` (`backlog_type` , `backlog_userid` , `backlog_title` , `backlog_content` , `create_time` , `update_time`) VALUES (3 , 15 , '尊敬的吴翌昀您好, 您参与的案件成都见识信息科技有限公司股权架构重组已经立案成功,点击查看详情,创建新的计时' , '尊敬的吴翌昀您好, 您参与的案件成都见识信息科技有限公司股权架构重组已经立案成功,点击查看详情,创建新的计时' , '2019-06-06 17:40:52.271027' , '2019-06-06 17:40:52.271035') [ RunTime:0.000596s ]
---------------------------------------------------------------
[ 2019-06-06T17:40:52+08:00 ] 192.168.101.137 POST 172.16.101.22/anjian/anjian.index
[运行时间：0.093825s] [吞吐率：10.66req/s] [内存消耗：1,637.47kb] [文件加载：96]
[ info ] [ LANG ] /var/www/manager_cmlaw/thinkphp/lang/zh-cn.php
[ info ] [ ROUTE ] array (
  'rule' => 'anjian/anjian.index',
  'route' => 'api/anjian/anjian_index',
  'option' => 
  array (
    'merge_rule_regex' => false,
    'method' => 'get|post',
  ),
  'var' => 
  array (
  ),
)
[ info ] [ HEADER ] array (
  'host' => '172.16.101.22',
  'connection' => 'keep-alive',
  'content-length' => '64',
  'accept' => 'application/json, text/plain, */*',
  'origin' => 'http://172.16.101.22',
  'user-agent' => 'Mozilla/5.0 (Windows NT 10.0; Win64; x64) AppleWebKit/537.36 (KHTML, like Gecko) Chrome/74.0.3729.169 Safari/537.36',
  'content-type' => 'application/json;charset=UTF-8',
  'referer' => 'http://172.16.101.22/anjian-guanli/anjian-shenpi',
  'accept-encoding' => 'gzip, deflate',
  'accept-language' => 'zh-CN,zh;q=0.9',
  'cookie' => 'PHPSESSID=0q4uu8g4vg6pseabcafg29bpuv; USERID=4; USERREALNAME=%E4%BB%BB%E5%B0%8F%E6%9B%BC',
)
[ info ] [ PARAM ] array (
  'tiaoshu' => 10,
  'page' => 1,
  'anjian_status' => 2,
  'anjian_type' => 'shenpi',
)
[ info ] [ DB ] INIT mysql
[ sql ] [ DB ] CONNECT:[ UseTime:0.001239s ] mysql:host=172.16.101.20;port=3306;dbname=lawyer_cmlaw;charset=utf8
[ sql ] [ SQL ] SHOW COLUMNS FROM `qx_node` [ RunTime:0.001249s ]
[ sql ] [ SQL ] SELECT * FROM `qx_node` WHERE  `category` = 2 [ RunTime:0.001139s ]
[ sql ] [ SQL ] SHOW COLUMNS FROM `qx_user_role` [ RunTime:0.000905s ]
[ sql ] [ SQL ] SELECT `role` FROM `qx_user_role` WHERE  `user` = 4  AND `category` = 2 [ RunTime:0.000676s ]
[ sql ] [ SQL ] SHOW COLUMNS FROM `qx_role` [ RunTime:0.000913s ]
[ sql ] [ SQL ] SELECT * FROM `qx_role` WHERE  `id` IN (41)  AND `category` = 2 [ RunTime:0.000694s ]
[ sql ] [ SQL ] SHOW COLUMNS FROM `qx_role_node` [ RunTime:0.000890s ]
[ sql ] [ SQL ] SELECT `qx_node`.*,`pivot`.`id` AS `pivot__id`,`pivot`.`role` AS `pivot__role`,`pivot`.`node` AS `pivot__node`,`pivot`.`category` AS `pivot__category`,`pivot`.`delete_time` AS `pivot__delete_time` FROM `qx_node` INNER JOIN `qx_role_node` `pivot` ON `pivot`.`node`=`qx_node`.`id` WHERE  `pivot`.`role` IN ('41') [ RunTime:0.001331s ]
[ sql ] [ SQL ] SHOW COLUMNS FROM `qx_menu` [ RunTime:0.000924s ]
[ sql ] [ SQL ] SELECT * FROM `qx_menu` WHERE  `type` = 0  AND `category` = 2 [ RunTime:0.001209s ]
[ sql ] [ SQL ] SELECT `role` FROM `qx_user_role` WHERE  `user` = 4  AND `category` = 2 [ RunTime:0.000690s ]
[ sql ] [ SQL ] SELECT * FROM `qx_role` WHERE  `id` IN (41)  AND `category` = 2 [ RunTime:0.000667s ]
[ sql ] [ SQL ] SELECT `qx_node`.*,`pivot`.`id` AS `pivot__id`,`pivot`.`role` AS `pivot__role`,`pivot`.`node` AS `pivot__node`,`pivot`.`category` AS `pivot__category`,`pivot`.`delete_time` AS `pivot__delete_time` FROM `qx_node` INNER JOIN `qx_role_node` `pivot` ON `pivot`.`node`=`qx_node`.`id` WHERE  `pivot`.`role` IN ('41') [ RunTime:0.001185s ]
[ sql ] [ SQL ] SELECT * FROM `qx_node` WHERE  `category` = 2 [ RunTime:0.000906s ]
[ sql ] [ SQL ] SELECT * FROM `qx_node` WHERE  `category` = 2 [ RunTime:0.000840s ]
[ sql ] [ SQL ] SELECT * FROM `qx_node` WHERE  `category` = 2 [ RunTime:0.000864s ]
[ sql ] [ SQL ] SELECT * FROM `qx_node` WHERE  `category` = 2 [ RunTime:0.000877s ]
[ sql ] [ SQL ] SELECT * FROM `qx_node` WHERE  `category` = 2 [ RunTime:0.000961s ]
[ sql ] [ SQL ] SELECT * FROM `qx_node` WHERE  `category` = 2 [ RunTime:0.000884s ]
[ sql ] [ SQL ] SELECT * FROM `qx_node` WHERE  `category` = 2 [ RunTime:0.000890s ]
[ sql ] [ SQL ] SELECT * FROM `qx_node` WHERE  `category` = 2 [ RunTime:0.001060s ]
[ sql ] [ SQL ] SELECT * FROM `qx_node` WHERE  `category` = 2 [ RunTime:0.001023s ]
[ sql ] [ SQL ] SELECT * FROM `qx_node` WHERE  `category` = 2 [ RunTime:0.001036s ]
[ sql ] [ SQL ] SELECT * FROM `qx_node` WHERE  `category` = 2 [ RunTime:0.000992s ]
[ sql ] [ SQL ] SELECT * FROM `qx_node` WHERE  `category` = 2 [ RunTime:0.000858s ]
[ sql ] [ SQL ] SELECT * FROM `qx_node` WHERE  `category` = 2 [ RunTime:0.000884s ]
[ sql ] [ SQL ] SELECT * FROM `qx_node` WHERE  `category` = 2 [ RunTime:0.000896s ]
[ sql ] [ SQL ] SELECT * FROM `qx_node` WHERE  `category` = 2 [ RunTime:0.000881s ]
[ sql ] [ SQL ] SELECT * FROM `qx_node` WHERE  `category` = 2 [ RunTime:0.000896s ]
[ sql ] [ SQL ] SELECT * FROM `qx_node` WHERE  `category` = 2 [ RunTime:0.000950s ]
[ sql ] [ SQL ] SELECT * FROM `qx_node` WHERE  `category` = 2 [ RunTime:0.000908s ]
[ sql ] [ SQL ] SELECT * FROM `qx_node` WHERE  `category` = 2 [ RunTime:0.001022s ]
[ sql ] [ SQL ] SELECT * FROM `qx_node` WHERE  `category` = 2 [ RunTime:0.000996s ]
[ sql ] [ SQL ] SELECT * FROM `qx_node` WHERE  `category` = 2 [ RunTime:0.000867s ]
[ sql ] [ SQL ] SELECT * FROM `qx_node` WHERE  `category` = 2 [ RunTime:0.000869s ]
[ sql ] [ SQL ] SELECT * FROM `qx_node` WHERE  `category` = 2 [ RunTime:0.000913s ]
[ sql ] [ SQL ] SELECT * FROM `qx_node` WHERE  `category` = 2 [ RunTime:0.000855s ]
[ sql ] [ SQL ] SELECT * FROM `qx_node` WHERE  `category` = 2 [ RunTime:0.000925s ]
[ sql ] [ SQL ] SELECT * FROM `qx_node` WHERE  `category` = 2 [ RunTime:0.000853s ]
[ sql ] [ SQL ] SELECT * FROM `qx_node` WHERE  `category` = 2 [ RunTime:0.000910s ]
[ sql ] [ SQL ] SELECT * FROM `qx_node` WHERE  `category` = 2 [ RunTime:0.000927s ]
[ sql ] [ SQL ] SELECT * FROM `qx_node` WHERE  `category` = 2 [ RunTime:0.001022s ]
[ sql ] [ SQL ] SELECT * FROM `qx_node` WHERE  `category` = 2 [ RunTime:0.000986s ]
[ sql ] [ SQL ] SELECT * FROM `qx_node` WHERE  `category` = 2 [ RunTime:0.000935s ]
[ sql ] [ SQL ] SELECT * FROM `qx_node` WHERE  `category` = 2 [ RunTime:0.000952s ]
[ sql ] [ SQL ] SELECT * FROM `qx_node` WHERE  `category` = 2 [ RunTime:0.000886s ]
[ sql ] [ SQL ] SELECT * FROM `qx_node` WHERE  `category` = 2 [ RunTime:0.000936s ]
[ sql ] [ SQL ] SELECT * FROM `qx_node` WHERE  `category` = 2 [ RunTime:0.000903s ]
[ sql ] [ SQL ] SELECT * FROM `qx_node` WHERE  `category` = 2 [ RunTime:0.000861s ]
[ sql ] [ SQL ] SELECT * FROM `qx_node` WHERE  `category` = 2 [ RunTime:0.000956s ]
[ sql ] [ SQL ] SELECT * FROM `qx_menu` WHERE  `url` = 'anjian/anjian_index'  AND `pid` = 0  AND `type` = 0  AND `category` = 1 LIMIT 1 [ RunTime:0.000854s ]
[ sql ] [ SQL ] SELECT * FROM `qx_menu` WHERE  `url` = 'anjian/anjian_index'  AND `pid` <> 0  AND `type` = 0  AND `category` = 1 LIMIT 1 [ RunTime:0.000843s ]
[ sql ] [ SQL ] SELECT * FROM `qx_menu` WHERE  `url` = 'anjian/anjian_index'  AND `pid` <> 0  AND `type` = 1  AND `category` = 1 LIMIT 1 [ RunTime:0.000798s ]
[ sql ] [ SQL ] SHOW COLUMNS FROM `user_view` [ RunTime:0.001624s ]
[ sql ] [ SQL ] SELECT * FROM `user_view` WHERE (  `iduser` = 4 ) AND `user_view`.`delete_time` IS NULL LIMIT 1 [ RunTime:0.001340s ]
[ sql ] [ SQL ] SELECT * FROM `user_view` WHERE (  `iduser` = 4 ) AND `user_view`.`delete_time` IS NULL LIMIT 1 [ RunTime:0.001525s ]
[ sql ] [ SQL ] SHOW COLUMNS FROM `anjian_view` [ RunTime:0.002173s ]
[ sql ] [ SQL ] SELECT COUNT(*) AS tp_count FROM `anjian_view` `a` LEFT JOIN `anjian_yewuleixing` `y` ON `a`.`yewuleixingid`=`y`.`idyewuleixing` WHERE (  `anjian_status` = 2 ) AND `a`.`delete_time` IS NULL LIMIT 1 [ RunTime:0.002041s ]
[ sql ] [ SQL ] SELECT `idanjian`,`fensuo_name`,`zhonglei_name`,`anjian_status`,`anjian_title`,`anjian_number`,`anjian_date`,`iduser`,`user_realname`,`zhiwei_name`,`idkehu`,`kehu_name`,`idyewuleixing`,`yewuleixing_name` FROM `anjian_view` `a` LEFT JOIN `anjian_yewuleixing` `y` ON `a`.`yewuleixingid`=`y`.`idyewuleixing` WHERE (  `anjian_status` = 2 ) AND `a`.`delete_time` IS NULL ORDER BY `anjian_date` DESC LIMIT 0,10 [ RunTime:0.002513s ]
[ sql ] [ SQL ] SELECT anjian_status as status,count(*) as sum FROM `anjian_view` WHERE `anjian_view`.`delete_time` IS NULL GROUP BY `anjian_status` [ RunTime:0.001977s ]
