---------------------------------------------------------------
[ 2018-12-25T23:33:14+08:00 ] 192.168.101.162 POST 172.16.101.22/user/hehuoren.list
[运行时间：0.018847s] [吞吐率：53.06req/s] [内存消耗：965.38kb] [文件加载：83]
[ info ] [ LANG ] /var/www/manager_cmlaw/thinkphp/lang/zh-cn.php
[ info ] [ ROUTE ] array (
  'rule' => 'user/hehuoren.list',
  'route' => 'api/user/hehuoren_list',
  'option' => 
  array (
    'merge_rule_regex' => false,
    'method' => 'get|post',
  ),
  'var' => 
  array (
  ),
)
[ info ] [ HEADER ] array (
  'host' => '172.16.101.22',
  'connection' => 'keep-alive',
  'content-length' => '0',
  'accept' => 'application/json, text/plain, */*',
  'origin' => 'http://172.16.101.22',
  'user-agent' => 'Mozilla/5.0 (Windows NT 10.0; Win64; x64) AppleWebKit/537.36 (KHTML, like Gecko) Chrome/71.0.3578.98 Safari/537.36',
  'referer' => 'http://172.16.101.22/zhangdan-guanli/zhangdan-chuanjian',
  'accept-encoding' => 'gzip, deflate',
  'accept-language' => 'zh-CN,zh;q=0.9',
  'cookie' => 'PHPSESSID=0rhactt30442p4iiv8getg4mbd; USERID=4; USERREALNAME=%E4%BB%BB%E5%B0%8F%E6%9B%BC',
)
[ info ] [ PARAM ] array (
)
[ info ] [ DB ] INIT mysql
[ sql ] [ DB ] CONNECT:[ UseTime:0.001037s ] mysql:host=172.16.101.20;port=3306;dbname=lawyer_cmlaw;charset=utf8
[ sql ] [ SQL ] SHOW COLUMNS FROM `auth_group_access` [ RunTime:0.001013s ]
[ sql ] [ SQL ] SELECT `groupid` FROM `auth_group_access` WHERE (  `userid` = 4 ) AND `auth_group_access`.`delete_time` IS NULL [ RunTime:0.000648s ]
[ sql ] [ SQL ] SHOW COLUMNS FROM `auth_group` [ RunTime:0.000929s ]
[ sql ] [ SQL ] SELECT `rules` FROM `auth_group` WHERE (  `id` IN (174) ) AND `auth_group`.`delete_time` IS NULL [ RunTime:0.000564s ]
[ sql ] [ SQL ] SHOW COLUMNS FROM `auth_rule` [ RunTime:0.000935s ]
[ sql ] [ SQL ] SELECT * FROM `auth_rule` WHERE  `id` IN (9,97,99,134,138,139,135,136,137,15,115,141,120,121,122,142,143,144,145,146,147,123,148,126,127,149,150,128,151,129,130,152,131,132,140,133,153,154,155)  AND `ruleid` = 0  AND `type` = 1 ORDER BY `paixun` DESC [ RunTime:0.001087s ]
[ sql ] [ SQL ] SELECT * FROM `auth_rule` WHERE  `id` IN (9,97,99,134,138,139,135,136,137,15,115,141,120,121,122,142,143,144,145,146,147,123,148,126,127,149,150,128,151,129,130,152,131,132,140,133,153,154,155)  AND `title` = 'user/hehuoren_list' LIMIT 1 [ RunTime:0.000974s ]
[ sql ] [ SQL ] SELECT * FROM `auth_rule` WHERE  `id` IN (9,97,99,134,138,139,135,136,137,15,115,141,120,121,122,142,143,144,145,146,147,123,148,126,127,149,150,128,151,129,130,152,131,132,140,133,153,154,155)  AND `ruleid` IS NULL  AND `type` = 1 ORDER BY `paixun` DESC [ RunTime:0.000883s ]
[ sql ] [ SQL ] SHOW COLUMNS FROM `user_view` [ RunTime:0.001207s ]
[ sql ] [ SQL ] SELECT * FROM `user_view` WHERE (  `iduser` = 4 ) AND `user_view`.`delete_time` IS NULL LIMIT 1 [ RunTime:0.001171s ]
[ sql ] [ SQL ] SELECT * FROM `user_view` WHERE (  `iduser` = 4 ) AND `user_view`.`delete_time` IS NULL LIMIT 1 [ RunTime:0.001132s ]
[ sql ] [ SQL ] SHOW COLUMNS FROM `user` [ RunTime:0.001495s ]
[ sql ] [ SQL ] SELECT `iduser`,`user_realname` FROM `user` WHERE (  `zhiweiid` = 2 ) AND `user`.`delete_time` IS NULL [ RunTime:0.000666s ]
---------------------------------------------------------------
[ 2018-12-25T23:33:14+08:00 ] 192.168.101.162 POST 172.16.101.22/anjian/anjian.list
[运行时间：0.036354s] [吞吐率：27.51req/s] [内存消耗：956.32kb] [文件加载：83]
[ info ] [ LANG ] /var/www/manager_cmlaw/thinkphp/lang/zh-cn.php
[ info ] [ ROUTE ] array (
  'rule' => 'anjian/anjian.list',
  'route' => 'api/anjian/anjian_list',
  'option' => 
  array (
    'merge_rule_regex' => false,
    'method' => 'get|post',
  ),
  'var' => 
  array (
  ),
)
[ info ] [ HEADER ] array (
  'host' => '172.16.101.22',
  'connection' => 'keep-alive',
  'content-length' => '0',
  'accept' => 'application/json, text/plain, */*',
  'origin' => 'http://172.16.101.22',
  'user-agent' => 'Mozilla/5.0 (Windows NT 10.0; Win64; x64) AppleWebKit/537.36 (KHTML, like Gecko) Chrome/71.0.3578.98 Safari/537.36',
  'referer' => 'http://172.16.101.22/zhangdan-guanli/zhangdan-chuanjian',
  'accept-encoding' => 'gzip, deflate',
  'accept-language' => 'zh-CN,zh;q=0.9',
  'cookie' => 'PHPSESSID=0rhactt30442p4iiv8getg4mbd; USERID=4; USERREALNAME=%E4%BB%BB%E5%B0%8F%E6%9B%BC',
)
[ info ] [ PARAM ] array (
)
[ info ] [ DB ] INIT mysql
[ sql ] [ DB ] CONNECT:[ UseTime:0.000774s ] mysql:host=172.16.101.20;port=3306;dbname=lawyer_cmlaw;charset=utf8
[ sql ] [ SQL ] SHOW COLUMNS FROM `auth_group_access` [ RunTime:0.000888s ]
[ sql ] [ SQL ] SELECT `groupid` FROM `auth_group_access` WHERE (  `userid` = 4 ) AND `auth_group_access`.`delete_time` IS NULL [ RunTime:0.000614s ]
[ sql ] [ SQL ] SHOW COLUMNS FROM `auth_group` [ RunTime:0.000934s ]
[ sql ] [ SQL ] SELECT `rules` FROM `auth_group` WHERE (  `id` IN (174) ) AND `auth_group`.`delete_time` IS NULL [ RunTime:0.000572s ]
[ sql ] [ SQL ] SHOW COLUMNS FROM `auth_rule` [ RunTime:0.000942s ]
[ sql ] [ SQL ] SELECT * FROM `auth_rule` WHERE  `id` IN (9,97,99,134,138,139,135,136,137,15,115,141,120,121,122,142,143,144,145,146,147,123,148,126,127,149,150,128,151,129,130,152,131,132,140,133,153,154,155)  AND `ruleid` = 0  AND `type` = 1 ORDER BY `paixun` DESC [ RunTime:0.001051s ]
[ sql ] [ SQL ] SELECT * FROM `auth_rule` WHERE  `id` IN (9,97,99,134,138,139,135,136,137,15,115,141,120,121,122,142,143,144,145,146,147,123,148,126,127,149,150,128,151,129,130,152,131,132,140,133,153,154,155)  AND `title` = 'anjian/anjian_list' LIMIT 1 [ RunTime:0.000979s ]
[ sql ] [ SQL ] SELECT * FROM `auth_rule` WHERE  `id` IN (9,97,99,134,138,139,135,136,137,15,115,141,120,121,122,142,143,144,145,146,147,123,148,126,127,149,150,128,151,129,130,152,131,132,140,133,153,154,155)  AND `ruleid` IS NULL  AND `type` = 1 ORDER BY `paixun` DESC [ RunTime:0.000887s ]
[ sql ] [ SQL ] SHOW COLUMNS FROM `user_view` [ RunTime:0.001293s ]
[ sql ] [ SQL ] SELECT * FROM `user_view` WHERE (  `iduser` = 4 ) AND `user_view`.`delete_time` IS NULL LIMIT 1 [ RunTime:0.001243s ]
[ sql ] [ SQL ] SELECT * FROM `user_view` WHERE (  `iduser` = 4 ) AND `user_view`.`delete_time` IS NULL LIMIT 1 [ RunTime:0.001195s ]
[ sql ] [ SQL ] SHOW COLUMNS FROM `anjian_user_view` [ RunTime:0.001617s ]
[ sql ] [ SQL ] SELECT `idanjian`,`anjian_number`,`anjian_title`,`anjian_date`,`anjian_status`,`fensuo_name`,`zhonglei_name`,`idkehu`,`kehu_name` FROM `anjian_user_view` WHERE (  `iduser` = 4  AND `anjian_status` = 3 ) AND `anjian_user_view`.`delete_time` IS NULL [ RunTime:0.001736s ]
---------------------------------------------------------------
[ 2018-12-25T23:33:14+08:00 ] 192.168.101.162 POST 172.16.101.22/bizhong/bizhong.name
[运行时间：0.052199s] [吞吐率：19.16req/s] [内存消耗：940.95kb] [文件加载：83]
[ info ] [ LANG ] /var/www/manager_cmlaw/thinkphp/lang/zh-cn.php
[ info ] [ ROUTE ] array (
  'rule' => 'bizhong/bizhong.name',
  'route' => 'api/system/bizhongName',
  'option' => 
  array (
    'merge_rule_regex' => false,
    'method' => 'get|post',
  ),
  'var' => 
  array (
  ),
)
[ info ] [ HEADER ] array (
  'host' => '172.16.101.22',
  'connection' => 'keep-alive',
  'content-length' => '0',
  'accept' => 'application/json, text/plain, */*',
  'origin' => 'http://172.16.101.22',
  'user-agent' => 'Mozilla/5.0 (Windows NT 10.0; Win64; x64) AppleWebKit/537.36 (KHTML, like Gecko) Chrome/71.0.3578.98 Safari/537.36',
  'referer' => 'http://172.16.101.22/zhangdan-guanli/zhangdan-chuanjian',
  'accept-encoding' => 'gzip, deflate',
  'accept-language' => 'zh-CN,zh;q=0.9',
  'cookie' => 'PHPSESSID=0rhactt30442p4iiv8getg4mbd; USERID=4; USERREALNAME=%E4%BB%BB%E5%B0%8F%E6%9B%BC',
)
[ info ] [ PARAM ] array (
)
[ info ] [ DB ] INIT mysql
[ sql ] [ DB ] CONNECT:[ UseTime:0.000856s ] mysql:host=172.16.101.20;port=3306;dbname=lawyer_cmlaw;charset=utf8
[ sql ] [ SQL ] SHOW COLUMNS FROM `auth_group_access` [ RunTime:0.000923s ]
[ sql ] [ SQL ] SELECT `groupid` FROM `auth_group_access` WHERE (  `userid` = 4 ) AND `auth_group_access`.`delete_time` IS NULL [ RunTime:0.000622s ]
[ sql ] [ SQL ] SHOW COLUMNS FROM `auth_group` [ RunTime:0.000961s ]
[ sql ] [ SQL ] SELECT `rules` FROM `auth_group` WHERE (  `id` IN (174) ) AND `auth_group`.`delete_time` IS NULL [ RunTime:0.000598s ]
[ sql ] [ SQL ] SHOW COLUMNS FROM `auth_rule` [ RunTime:0.000965s ]
[ sql ] [ SQL ] SELECT * FROM `auth_rule` WHERE  `id` IN (9,97,99,134,138,139,135,136,137,15,115,141,120,121,122,142,143,144,145,146,147,123,148,126,127,149,150,128,151,129,130,152,131,132,140,133,153,154,155)  AND `ruleid` = 0  AND `type` = 1 ORDER BY `paixun` DESC [ RunTime:0.001115s ]
[ sql ] [ SQL ] SELECT * FROM `auth_rule` WHERE  `id` IN (9,97,99,134,138,139,135,136,137,15,115,141,120,121,122,142,143,144,145,146,147,123,148,126,127,149,150,128,151,129,130,152,131,132,140,133,153,154,155)  AND `title` = 'system/bizhongname' LIMIT 1 [ RunTime:0.000993s ]
[ sql ] [ SQL ] SELECT * FROM `auth_rule` WHERE  `id` IN (9,97,99,134,138,139,135,136,137,15,115,141,120,121,122,142,143,144,145,146,147,123,148,126,127,149,150,128,151,129,130,152,131,132,140,133,153,154,155)  AND `ruleid` IS NULL  AND `type` = 1 ORDER BY `paixun` DESC [ RunTime:0.000902s ]
[ sql ] [ SQL ] SHOW COLUMNS FROM `user_view` [ RunTime:0.001238s ]
[ sql ] [ SQL ] SELECT * FROM `user_view` WHERE (  `iduser` = 4 ) AND `user_view`.`delete_time` IS NULL LIMIT 1 [ RunTime:0.001178s ]
[ sql ] [ SQL ] SELECT * FROM `user_view` WHERE (  `iduser` = 4 ) AND `user_view`.`delete_time` IS NULL LIMIT 1 [ RunTime:0.001149s ]
[ sql ] [ SQL ] SHOW COLUMNS FROM `zhangdan_bizhong` [ RunTime:0.000960s ]
[ sql ] [ SQL ] SELECT `bizhong_name` FROM `zhangdan_bizhong` WHERE `zhangdan_bizhong`.`delete_time` IS NULL GROUP BY `bizhong_name` [ RunTime:0.000872s ]
