---------------------------------------------------------------
[ 2018-12-30T13:16:58+08:00 ] 172.16.101.100 POST 172.16.101.22/anjian/anjian.list
[运行时间：0.035085s] [吞吐率：28.50req/s] [内存消耗：830.67kb] [文件加载：78]
[ info ] [ LANG ] /var/www/manager_cmlaw/thinkphp/lang/zh-cn.php
[ info ] [ ROUTE ] array (
  'rule' => 'anjian/anjian.list',
  'route' => 'api/anjian/anjian_list',
  'option' => 
  array (
    'merge_rule_regex' => false,
    'method' => 'get|post',
  ),
  'var' => 
  array (
  ),
)
[ info ] [ HEADER ] array (
  'host' => '172.16.101.22',
  'user-agent' => 'Mozilla/5.0 (Windows NT 10.0; Win64; x64; rv:64.0) Gecko/20100101 Firefox/64.0',
  'accept' => 'application/json, text/plain, */*',
  'accept-language' => 'zh-CN,zh;q=0.8,zh-TW;q=0.7,zh-HK;q=0.5,en-US;q=0.3,en;q=0.2',
  'accept-encoding' => 'gzip, deflate',
  'referer' => 'http://172.16.101.22/zhangdan-guanli/zhangdan-jishi',
  'connection' => 'keep-alive',
  'cookie' => 'PHPSESSID=p4fkat0022actd6q07p6r82kn7; USERID=4; USERREALNAME=%E4%BB%BB%E5%B0%8F%E6%9B%BC',
  'cache-control' => 'max-age=0',
  'content-length' => '0',
)
[ info ] [ PARAM ] array (
)
[ info ] [ DB ] INIT mysql
[ sql ] [ DB ] CONNECT:[ UseTime:0.010018s ] mysql:host=172.16.101.20;port=3306;dbname=lawyer_cmlaw;charset=utf8
[ sql ] [ SQL ] SHOW COLUMNS FROM `auth_group_access` [ RunTime:0.009654s ]
[ sql ] [ SQL ] SELECT `groupid` FROM `auth_group_access` WHERE (  `userid` IS NULL ) AND `auth_group_access`.`delete_time` IS NULL [ RunTime:0.002448s ]
[ sql ] [ SQL ] SHOW COLUMNS FROM `auth_group` [ RunTime:0.001016s ]
[ sql ] [ SQL ] SELECT `rules` FROM `auth_group` WHERE (  `id` IN ('') ) AND `auth_group`.`delete_time` IS NULL [ RunTime:0.001281s ]
[ sql ] [ SQL ] SHOW COLUMNS FROM `auth_rule` [ RunTime:0.002416s ]
[ sql ] [ SQL ] SELECT * FROM `auth_rule` WHERE  `id` IN (0)  AND `ruleid` = 0  AND `type` = 1 ORDER BY `paixun` DESC [ RunTime:0.000910s ]
[ sql ] [ SQL ] SELECT * FROM `auth_rule` WHERE  `id` IN (0)  AND `title` = 'anjian/anjian_list' LIMIT 1 [ RunTime:0.000827s ]
[ sql ] [ SQL ] SELECT * FROM `auth_rule` WHERE  `id` IN (0)  AND `ruleid` IS NULL  AND `type` = 1 ORDER BY `paixun` DESC [ RunTime:0.000723s ]
---------------------------------------------------------------
[ 2018-12-30T13:16:58+08:00 ] 172.16.101.100 POST 172.16.101.22/jishi/jishi.list
[运行时间：0.051682s] [吞吐率：19.35req/s] [内存消耗：841.64kb] [文件加载：78]
[ info ] [ LANG ] /var/www/manager_cmlaw/thinkphp/lang/zh-cn.php
[ info ] [ ROUTE ] array (
  'rule' => 'jishi/jishi.list',
  'route' => 'api/jishi/jishi_list',
  'option' => 
  array (
    'merge_rule_regex' => false,
    'method' => 'get|post',
  ),
  'var' => 
  array (
  ),
)
[ info ] [ HEADER ] array (
  'host' => '172.16.101.22',
  'user-agent' => 'Mozilla/5.0 (Windows NT 10.0; Win64; x64; rv:64.0) Gecko/20100101 Firefox/64.0',
  'accept' => 'application/json, text/plain, */*',
  'accept-language' => 'zh-CN,zh;q=0.8,zh-TW;q=0.7,zh-HK;q=0.5,en-US;q=0.3,en;q=0.2',
  'accept-encoding' => 'gzip, deflate',
  'referer' => 'http://172.16.101.22/zhangdan-guanli/zhangdan-jishi',
  'content-type' => 'application/json;charset=utf-8',
  'content-length' => '58',
  'connection' => 'keep-alive',
  'cookie' => 'PHPSESSID=p4fkat0022actd6q07p6r82kn7; USERID=4; USERREALNAME=%E4%BB%BB%E5%B0%8F%E6%9B%BC',
  'cache-control' => 'max-age=0',
)
[ info ] [ PARAM ] array (
  'page' => 1,
  'tiaoshu' => 10,
  'is_shiyong' => '1',
  'jishi_status' => '',
)
[ info ] [ DB ] INIT mysql
[ sql ] [ DB ] CONNECT:[ UseTime:0.004969s ] mysql:host=172.16.101.20;port=3306;dbname=lawyer_cmlaw;charset=utf8
[ sql ] [ SQL ] SHOW COLUMNS FROM `auth_group_access` [ RunTime:0.002747s ]
[ sql ] [ SQL ] SELECT `groupid` FROM `auth_group_access` WHERE (  `userid` IS NULL ) AND `auth_group_access`.`delete_time` IS NULL [ RunTime:0.000626s ]
[ sql ] [ SQL ] SHOW COLUMNS FROM `auth_group` [ RunTime:0.001218s ]
[ sql ] [ SQL ] SELECT `rules` FROM `auth_group` WHERE (  `id` IN ('') ) AND `auth_group`.`delete_time` IS NULL [ RunTime:0.000650s ]
[ sql ] [ SQL ] SHOW COLUMNS FROM `auth_rule` [ RunTime:0.001267s ]
[ sql ] [ SQL ] SELECT * FROM `auth_rule` WHERE  `id` IN (0)  AND `ruleid` = 0  AND `type` = 1 ORDER BY `paixun` DESC [ RunTime:0.000834s ]
[ sql ] [ SQL ] SELECT * FROM `auth_rule` WHERE  `id` IN (0)  AND `title` = 'jishi/jishi_list' LIMIT 1 [ RunTime:0.000856s ]
[ sql ] [ SQL ] SELECT * FROM `auth_rule` WHERE  `id` IN (0)  AND `ruleid` IS NULL  AND `type` = 1 ORDER BY `paixun` DESC [ RunTime:0.000732s ]
---------------------------------------------------------------
[ 2018-12-30T13:16:58+08:00 ] 172.16.101.100 GET 172.16.101.22/home/login/
[运行时间：0.003564s] [吞吐率：280.59req/s] [内存消耗：545.16kb] [文件加载：60]
[ info ] [ LANG ] /var/www/manager_cmlaw/thinkphp/lang/zh-cn.php
[ info ] [ ROUTE ] array (
)
[ info ] [ HEADER ] array (
  'host' => '172.16.101.22',
  'user-agent' => 'Mozilla/5.0 (Windows NT 10.0; Win64; x64; rv:64.0) Gecko/20100101 Firefox/64.0',
  'accept' => 'text/html,application/xhtml+xml,application/xml;q=0.9,*/*;q=0.8',
  'accept-language' => 'zh-CN,zh;q=0.8,zh-TW;q=0.7,zh-HK;q=0.5,en-US;q=0.3,en;q=0.2',
  'accept-encoding' => 'gzip, deflate',
  'referer' => 'http://172.16.101.22/zhangdan-guanli/zhangdan-jishi',
  'connection' => 'keep-alive',
  'cookie' => 'PHPSESSID=p4fkat0022actd6q07p6r82kn7; USERID=4; USERREALNAME=%E4%BB%BB%E5%B0%8F%E6%9B%BC',
  'upgrade-insecure-requests' => '1',
)
[ info ] [ PARAM ] array (
)
[ info ] [ VIEW ] /var/www/manager_cmlaw/application/home/view/login/login-1.html [ array (
) ]
---------------------------------------------------------------
[ 2018-12-30T13:17:00+08:00 ] 172.16.101.100 POST 172.16.101.22/home/login/logins/
[运行时间：0.009636s] [吞吐率：103.78req/s] [内存消耗：908.28kb] [文件加载：76]
[ info ] [ LANG ] /var/www/manager_cmlaw/thinkphp/lang/zh-cn.php
[ info ] [ ROUTE ] array (
)
[ info ] [ HEADER ] array (
  'host' => '172.16.101.22',
  'user-agent' => 'Mozilla/5.0 (Windows NT 10.0; Win64; x64; rv:64.0) Gecko/20100101 Firefox/64.0',
  'accept' => '*/*',
  'accept-language' => 'zh-CN,zh;q=0.8,zh-TW;q=0.7,zh-HK;q=0.5,en-US;q=0.3,en;q=0.2',
  'accept-encoding' => 'gzip, deflate',
  'referer' => 'http://172.16.101.22/home/login/',
  'content-type' => 'application/x-www-form-urlencoded; charset=UTF-8',
  'x-requested-with' => 'XMLHttpRequest',
  'content-length' => '42',
  'connection' => 'keep-alive',
  'cookie' => 'PHPSESSID=p4fkat0022actd6q07p6r82kn7; USERID=4; USERREALNAME=%E4%BB%BB%E5%B0%8F%E6%9B%BC',
)
[ info ] [ PARAM ] array (
  'username' => 'cmlaw_renxiaoman',
  'password' => '!cmlaw0',
)
[ info ] [ DB ] INIT mysql
[ sql ] [ DB ] CONNECT:[ UseTime:0.001209s ] mysql:host=172.16.101.20;port=3306;dbname=lawyer_cmlaw;charset=utf8
[ sql ] [ SQL ] SHOW COLUMNS FROM `user` [ RunTime:0.002290s ]
[ sql ] [ SQL ] SELECT * FROM `user` WHERE (  ( `login_name` = 'renxiaoman' OR `user_phone` = 'renxiaoman' OR `user_email` = 'renxiaoman' ) ) AND `user`.`delete_time` IS NULL LIMIT 1 [ RunTime:0.001739s ]
---------------------------------------------------------------
[ 2018-12-30T13:17:00+08:00 ] 172.16.101.100 GET 172.16.101.22/home/index/index
[运行时间：0.037605s] [吞吐率：26.59req/s] [内存消耗：1,029.02kb] [文件加载：86]
[ info ] [ LANG ] /var/www/manager_cmlaw/thinkphp/lang/zh-cn.php
[ info ] [ ROUTE ] array (
)
[ info ] [ HEADER ] array (
  'host' => '172.16.101.22',
  'user-agent' => 'Mozilla/5.0 (Windows NT 10.0; Win64; x64; rv:64.0) Gecko/20100101 Firefox/64.0',
  'accept' => 'text/html,application/xhtml+xml,application/xml;q=0.9,*/*;q=0.8',
  'accept-language' => 'zh-CN,zh;q=0.8,zh-TW;q=0.7,zh-HK;q=0.5,en-US;q=0.3,en;q=0.2',
  'accept-encoding' => 'gzip, deflate',
  'referer' => 'http://172.16.101.22/home/login/',
  'connection' => 'keep-alive',
  'cookie' => 'PHPSESSID=p4fkat0022actd6q07p6r82kn7; USERID=4; USERREALNAME=%E4%BB%BB%E5%B0%8F%E6%9B%BC',
  'upgrade-insecure-requests' => '1',
)
[ info ] [ PARAM ] array (
)
[ info ] [ DB ] INIT mysql
[ info ] [ VIEW ] /var/www/manager_cmlaw/application/home/view/index/index.html [ array (
  0 => 'config',
  1 => 'menu',
  2 => 'system',
  3 => 'data',
) ]
[ sql ] [ DB ] CONNECT:[ UseTime:0.004844s ] mysql:host=172.16.101.20;port=3306;dbname=lawyer_cmlaw;charset=utf8
[ sql ] [ SQL ] SHOW COLUMNS FROM `auth_group_access` [ RunTime:0.001177s ]
[ sql ] [ SQL ] SELECT `groupid` FROM `auth_group_access` WHERE (  `userid` = 4 ) AND `auth_group_access`.`delete_time` IS NULL [ RunTime:0.000851s ]
[ sql ] [ SQL ] SHOW COLUMNS FROM `auth_group` [ RunTime:0.001123s ]
[ sql ] [ SQL ] SELECT `rules` FROM `auth_group` WHERE (  `id` IN (174) ) AND `auth_group`.`delete_time` IS NULL [ RunTime:0.000601s ]
[ sql ] [ SQL ] SHOW COLUMNS FROM `auth_rule` [ RunTime:0.000976s ]
[ sql ] [ SQL ] SELECT * FROM `auth_rule` WHERE  `id` IN (9,97,99,134,138,139,135,136,137,15,115,141,120,121,122,142,143,144,145,146,147,123,148,126,127,149,150,128,151,129,130,152,131,132,140,133,153,154,155,157,158)  AND `ruleid` = 0  AND `type` = 1 ORDER BY `paixun` DESC [ RunTime:0.001059s ]
[ sql ] [ SQL ] SELECT * FROM `auth_rule` WHERE  `id` IN (9,97,99,134,138,139,135,136,137,15,115,141,120,121,122,142,143,144,145,146,147,123,148,126,127,149,150,128,151,129,130,152,131,132,140,133,153,154,155,157,158)  AND `title` = 'index/index' LIMIT 1 [ RunTime:0.000853s ]
[ sql ] [ SQL ] SELECT * FROM `auth_rule` WHERE  `id` IN (9,97,99,134,138,139,135,136,137,15,115,141,120,121,122,142,143,144,145,146,147,123,148,126,127,149,150,128,151,129,130,152,131,132,140,133,153,154,155,157,158)  AND `ruleid` = 131  AND `type` = 1 ORDER BY `paixun` DESC [ RunTime:0.000887s ]
[ sql ] [ SQL ] SHOW COLUMNS FROM `user_view` [ RunTime:0.002618s ]
[ sql ] [ SQL ] SELECT * FROM `user_view` WHERE (  `iduser` = 4 ) AND `user_view`.`delete_time` IS NULL LIMIT 1 [ RunTime:0.001086s ]
[ sql ] [ SQL ] SELECT * FROM `user_view` WHERE (  `iduser` = 4 ) AND `user_view`.`delete_time` IS NULL LIMIT 1 [ RunTime:0.000959s ]
[ sql ] [ SQL ] SHOW COLUMNS FROM `anjian_user_view` [ RunTime:0.001832s ]
[ sql ] [ SQL ] SELECT COUNT(*) AS tp_count FROM `anjian_user_view` WHERE (  `iduser` = 4 ) AND `anjian_user_view`.`delete_time` IS NULL LIMIT 1 [ RunTime:0.004878s ]
[ sql ] [ SQL ] SHOW COLUMNS FROM `kehu` [ RunTime:0.001838s ]
[ sql ] [ SQL ] SELECT COUNT(*) AS tp_count FROM `kehu` WHERE `kehu`.`delete_time` IS NULL LIMIT 1 [ RunTime:0.000957s ]
[ sql ] [ SQL ] SHOW COLUMNS FROM `work` [ RunTime:0.001038s ]
[ sql ] [ SQL ] SELECT SUM(`work_unit`) AS tp_sum FROM `work` WHERE (  `userid` = 4  AND `work_end_date` LIKE '2018-12-30%' ) AND `work`.`delete_time` IS NULL LIMIT 1 [ RunTime:0.001665s ]
[ sql ] [ SQL ] SELECT SUM(`work_unit`) AS tp_sum FROM `work` WHERE (  `userid` = 4  AND `work_end_date` LIKE '2018-12%' ) AND `work`.`delete_time` IS NULL LIMIT 1 [ RunTime:0.000667s ]
[ sql ] [ SQL ] SELECT COUNT(*) AS tp_count FROM `kehu` WHERE `kehu`.`delete_time` IS NULL LIMIT 1 [ RunTime:0.000614s ]
---------------------------------------------------------------
[ 2018-12-30T13:17:00+08:00 ] 172.16.101.100 POST 172.16.101.22/home/index/getWorkChar
[运行时间：0.018177s] [吞吐率：55.01req/s] [内存消耗：968.03kb] [文件加载：84]
[ info ] [ LANG ] /var/www/manager_cmlaw/thinkphp/lang/zh-cn.php
[ info ] [ ROUTE ] array (
)
[ info ] [ HEADER ] array (
  'host' => '172.16.101.22',
  'user-agent' => 'Mozilla/5.0 (Windows NT 10.0; Win64; x64; rv:64.0) Gecko/20100101 Firefox/64.0',
  'accept' => 'application/json, text/javascript, */*; q=0.01',
  'accept-language' => 'zh-CN,zh;q=0.8,zh-TW;q=0.7,zh-HK;q=0.5,en-US;q=0.3,en;q=0.2',
  'accept-encoding' => 'gzip, deflate',
  'referer' => 'http://172.16.101.22/home/index/index',
  'x-requested-with' => 'XMLHttpRequest',
  'connection' => 'keep-alive',
  'cookie' => 'PHPSESSID=p4fkat0022actd6q07p6r82kn7; USERID=4; USERREALNAME=%E4%BB%BB%E5%B0%8F%E6%9B%BC',
  'content-length' => '0',
)
[ info ] [ PARAM ] array (
)
[ info ] [ DB ] INIT mysql
[ sql ] [ DB ] CONNECT:[ UseTime:0.001047s ] mysql:host=172.16.101.20;port=3306;dbname=lawyer_cmlaw;charset=utf8
[ sql ] [ SQL ] SHOW COLUMNS FROM `auth_group_access` [ RunTime:0.001077s ]
[ sql ] [ SQL ] SELECT `groupid` FROM `auth_group_access` WHERE (  `userid` = 4 ) AND `auth_group_access`.`delete_time` IS NULL [ RunTime:0.000783s ]
[ sql ] [ SQL ] SHOW COLUMNS FROM `auth_group` [ RunTime:0.000965s ]
[ sql ] [ SQL ] SELECT `rules` FROM `auth_group` WHERE (  `id` IN (174) ) AND `auth_group`.`delete_time` IS NULL [ RunTime:0.000565s ]
[ sql ] [ SQL ] SHOW COLUMNS FROM `user_view` [ RunTime:0.001446s ]
[ sql ] [ SQL ] SELECT * FROM `user_view` WHERE (  `iduser` = 4 ) AND `user_view`.`delete_time` IS NULL LIMIT 1 [ RunTime:0.001225s ]
[ sql ] [ SQL ] SELECT * FROM `user_view` WHERE (  `iduser` = 4 ) AND `user_view`.`delete_time` IS NULL LIMIT 1 [ RunTime:0.001216s ]
[ sql ] [ SQL ] SHOW COLUMNS FROM `work_view` [ RunTime:0.002230s ]
[ sql ] [ SQL ] SELECT work_end_date as "date",sum(`work_unit`) as "sum" FROM `work_view` WHERE (  `iduser` = 4  AND `work_end_date` LIKE '%2018%' ) AND `work_view`.`delete_time` IS NULL GROUP BY `work_end_date` ORDER BY `work_end_date` ASC LIMIT 0,30 [ RunTime:0.002252s ]
---------------------------------------------------------------
[ 2018-12-30T13:17:02+08:00 ] 172.16.101.100 GET 172.16.101.22/home/hr/index.html
[运行时间：0.022923s] [吞吐率：43.62req/s] [内存消耗：1,048.18kb] [文件加载：88]
[ info ] [ LANG ] /var/www/manager_cmlaw/thinkphp/lang/zh-cn.php
[ info ] [ ROUTE ] array (
)
[ info ] [ HEADER ] array (
  'host' => '172.16.101.22',
  'user-agent' => 'Mozilla/5.0 (Windows NT 10.0; Win64; x64; rv:64.0) Gecko/20100101 Firefox/64.0',
  'accept' => 'text/html,application/xhtml+xml,application/xml;q=0.9,*/*;q=0.8',
  'accept-language' => 'zh-CN,zh;q=0.8,zh-TW;q=0.7,zh-HK;q=0.5,en-US;q=0.3,en;q=0.2',
  'accept-encoding' => 'gzip, deflate',
  'referer' => 'http://172.16.101.22/home/index/index',
  'connection' => 'keep-alive',
  'cookie' => 'PHPSESSID=p4fkat0022actd6q07p6r82kn7; USERID=4; USERREALNAME=%E4%BB%BB%E5%B0%8F%E6%9B%BC',
  'upgrade-insecure-requests' => '1',
)
[ info ] [ PARAM ] array (
)
[ info ] [ DB ] INIT mysql
[ info ] [ VIEW ] /var/www/manager_cmlaw/application/home/view/hr/index.html [ array (
  0 => 'config',
  1 => 'menu',
  2 => 'system',
  3 => 'data',
) ]
[ sql ] [ DB ] CONNECT:[ UseTime:0.001123s ] mysql:host=172.16.101.20;port=3306;dbname=lawyer_cmlaw;charset=utf8
[ sql ] [ SQL ] SHOW COLUMNS FROM `auth_group_access` [ RunTime:0.001062s ]
[ sql ] [ SQL ] SELECT `groupid` FROM `auth_group_access` WHERE (  `userid` = 4 ) AND `auth_group_access`.`delete_time` IS NULL [ RunTime:0.000681s ]
[ sql ] [ SQL ] SHOW COLUMNS FROM `auth_group` [ RunTime:0.000952s ]
[ sql ] [ SQL ] SELECT `rules` FROM `auth_group` WHERE (  `id` IN (174) ) AND `auth_group`.`delete_time` IS NULL [ RunTime:0.000600s ]
[ sql ] [ SQL ] SHOW COLUMNS FROM `auth_rule` [ RunTime:0.000915s ]
[ sql ] [ SQL ] SELECT * FROM `auth_rule` WHERE  `id` IN (9,97,99,134,138,139,135,136,137,15,115,141,120,121,122,142,143,144,145,146,147,123,148,126,127,149,150,128,151,129,130,152,131,132,140,133,153,154,155,157,158)  AND `ruleid` = 0  AND `type` = 1 ORDER BY `paixun` DESC [ RunTime:0.000997s ]
[ sql ] [ SQL ] SELECT * FROM `auth_rule` WHERE  `id` IN (9,97,99,134,138,139,135,136,137,15,115,141,120,121,122,142,143,144,145,146,147,123,148,126,127,149,150,128,151,129,130,152,131,132,140,133,153,154,155,157,158)  AND `title` = 'hr/index' LIMIT 1 [ RunTime:0.000833s ]
[ sql ] [ SQL ] SELECT * FROM `auth_rule` WHERE  `id` IN (9,97,99,134,138,139,135,136,137,15,115,141,120,121,122,142,143,144,145,146,147,123,148,126,127,149,150,128,151,129,130,152,131,132,140,133,153,154,155,157,158)  AND `ruleid` = 15  AND `type` = 1 ORDER BY `paixun` DESC [ RunTime:0.000859s ]
[ sql ] [ SQL ] SHOW COLUMNS FROM `user_view` [ RunTime:0.001239s ]
[ sql ] [ SQL ] SELECT * FROM `user_view` WHERE (  `iduser` = 4 ) AND `user_view`.`delete_time` IS NULL LIMIT 1 [ RunTime:0.001051s ]
[ sql ] [ SQL ] SELECT * FROM `user_view` WHERE (  `iduser` = 4 ) AND `user_view`.`delete_time` IS NULL LIMIT 1 [ RunTime:0.001000s ]
[ sql ] [ SQL ] SELECT COUNT(*) AS tp_count FROM `user_view` WHERE `user_view`.`delete_time` IS NULL LIMIT 1 [ RunTime:0.001001s ]
[ sql ] [ SQL ] SELECT * FROM `user_view` WHERE `user_view`.`delete_time` IS NULL LIMIT 0,10 [ RunTime:0.001108s ]
[ sql ] [ SQL ] SHOW COLUMNS FROM `fensuo` [ RunTime:0.000943s ]
[ sql ] [ SQL ] SELECT * FROM `fensuo` WHERE `fensuo`.`delete_time` IS NULL [ RunTime:0.000601s ]
---------------------------------------------------------------
[ 2018-12-30T13:17:05+08:00 ] 172.16.101.100 POST 172.16.101.22/user/hehuoren.list
[运行时间：0.019646s] [吞吐率：50.90req/s] [内存消耗：969.79kb] [文件加载：83]
[ info ] [ LANG ] /var/www/manager_cmlaw/thinkphp/lang/zh-cn.php
[ info ] [ ROUTE ] array (
  'rule' => 'user/hehuoren.list',
  'route' => 'api/user/hehuoren_list',
  'option' => 
  array (
    'merge_rule_regex' => false,
    'method' => 'get|post',
  ),
  'var' => 
  array (
  ),
)
[ info ] [ HEADER ] array (
  'host' => '172.16.101.22',
  'user-agent' => 'Mozilla/5.0 (Windows NT 10.0; Win64; x64; rv:64.0) Gecko/20100101 Firefox/64.0',
  'accept' => 'application/json, text/plain, */*',
  'accept-language' => 'zh-CN,zh;q=0.8,zh-TW;q=0.7,zh-HK;q=0.5,en-US;q=0.3,en;q=0.2',
  'accept-encoding' => 'gzip, deflate',
  'referer' => 'http://172.16.101.22/zhangdan-guanli/zhangdan-guanli',
  'connection' => 'keep-alive',
  'cookie' => 'PHPSESSID=p4fkat0022actd6q07p6r82kn7; USERID=4; USERREALNAME=%E4%BB%BB%E5%B0%8F%E6%9B%BC',
  'content-length' => '0',
)
[ info ] [ PARAM ] array (
)
[ info ] [ DB ] INIT mysql
[ sql ] [ DB ] CONNECT:[ UseTime:0.001256s ] mysql:host=172.16.101.20;port=3306;dbname=lawyer_cmlaw;charset=utf8
[ sql ] [ SQL ] SHOW COLUMNS FROM `auth_group_access` [ RunTime:0.001101s ]
[ sql ] [ SQL ] SELECT `groupid` FROM `auth_group_access` WHERE (  `userid` = 4 ) AND `auth_group_access`.`delete_time` IS NULL [ RunTime:0.000646s ]
[ sql ] [ SQL ] SHOW COLUMNS FROM `auth_group` [ RunTime:0.000989s ]
[ sql ] [ SQL ] SELECT `rules` FROM `auth_group` WHERE (  `id` IN (174) ) AND `auth_group`.`delete_time` IS NULL [ RunTime:0.000575s ]
[ sql ] [ SQL ] SHOW COLUMNS FROM `auth_rule` [ RunTime:0.000893s ]
[ sql ] [ SQL ] SELECT * FROM `auth_rule` WHERE  `id` IN (9,97,99,134,138,139,135,136,137,15,115,141,120,121,122,142,143,144,145,146,147,123,148,126,127,149,150,128,151,129,130,152,131,132,140,133,153,154,155,157,158)  AND `ruleid` = 0  AND `type` = 1 ORDER BY `paixun` DESC [ RunTime:0.000953s ]
[ sql ] [ SQL ] SELECT * FROM `auth_rule` WHERE  `id` IN (9,97,99,134,138,139,135,136,137,15,115,141,120,121,122,142,143,144,145,146,147,123,148,126,127,149,150,128,151,129,130,152,131,132,140,133,153,154,155,157,158)  AND `title` = 'user/hehuoren_list' LIMIT 1 [ RunTime:0.000812s ]
[ sql ] [ SQL ] SELECT * FROM `auth_rule` WHERE  `id` IN (9,97,99,134,138,139,135,136,137,15,115,141,120,121,122,142,143,144,145,146,147,123,148,126,127,149,150,128,151,129,130,152,131,132,140,133,153,154,155,157,158)  AND `ruleid` IS NULL  AND `type` = 1 ORDER BY `paixun` DESC [ RunTime:0.000746s ]
[ sql ] [ SQL ] SHOW COLUMNS FROM `user_view` [ RunTime:0.001246s ]
[ sql ] [ SQL ] SELECT * FROM `user_view` WHERE (  `iduser` = 4 ) AND `user_view`.`delete_time` IS NULL LIMIT 1 [ RunTime:0.000940s ]
[ sql ] [ SQL ] SELECT * FROM `user_view` WHERE (  `iduser` = 4 ) AND `user_view`.`delete_time` IS NULL LIMIT 1 [ RunTime:0.000958s ]
[ sql ] [ SQL ] SHOW COLUMNS FROM `user` [ RunTime:0.001512s ]
[ sql ] [ SQL ] SELECT `iduser`,`user_realname` FROM `user` WHERE (  `zhiweiid` = 2 ) AND `user`.`delete_time` IS NULL [ RunTime:0.000783s ]
---------------------------------------------------------------
[ 2018-12-30T13:17:05+08:00 ] 172.16.101.100 POST 172.16.101.22/anjian/anjian.list
[运行时间：0.037126s] [吞吐率：26.94req/s] [内存消耗：961.19kb] [文件加载：83]
[ info ] [ LANG ] /var/www/manager_cmlaw/thinkphp/lang/zh-cn.php
[ info ] [ ROUTE ] array (
  'rule' => 'anjian/anjian.list',
  'route' => 'api/anjian/anjian_list',
  'option' => 
  array (
    'merge_rule_regex' => false,
    'method' => 'get|post',
  ),
  'var' => 
  array (
  ),
)
[ info ] [ HEADER ] array (
  'host' => '172.16.101.22',
  'user-agent' => 'Mozilla/5.0 (Windows NT 10.0; Win64; x64; rv:64.0) Gecko/20100101 Firefox/64.0',
  'accept' => 'application/json, text/plain, */*',
  'accept-language' => 'zh-CN,zh;q=0.8,zh-TW;q=0.7,zh-HK;q=0.5,en-US;q=0.3,en;q=0.2',
  'accept-encoding' => 'gzip, deflate',
  'referer' => 'http://172.16.101.22/zhangdan-guanli/zhangdan-guanli',
  'connection' => 'keep-alive',
  'cookie' => 'PHPSESSID=p4fkat0022actd6q07p6r82kn7; USERID=4; USERREALNAME=%E4%BB%BB%E5%B0%8F%E6%9B%BC',
  'content-length' => '0',
)
[ info ] [ PARAM ] array (
)
[ info ] [ DB ] INIT mysql
[ sql ] [ DB ] CONNECT:[ UseTime:0.001050s ] mysql:host=172.16.101.20;port=3306;dbname=lawyer_cmlaw;charset=utf8
[ sql ] [ SQL ] SHOW COLUMNS FROM `auth_group_access` [ RunTime:0.001280s ]
[ sql ] [ SQL ] SELECT `groupid` FROM `auth_group_access` WHERE (  `userid` = 4 ) AND `auth_group_access`.`delete_time` IS NULL [ RunTime:0.000896s ]
[ sql ] [ SQL ] SHOW COLUMNS FROM `auth_group` [ RunTime:0.001421s ]
[ sql ] [ SQL ] SELECT `rules` FROM `auth_group` WHERE (  `id` IN (174) ) AND `auth_group`.`delete_time` IS NULL [ RunTime:0.000805s ]
[ sql ] [ SQL ] SHOW COLUMNS FROM `auth_rule` [ RunTime:0.001032s ]
[ sql ] [ SQL ] SELECT * FROM `auth_rule` WHERE  `id` IN (9,97,99,134,138,139,135,136,137,15,115,141,120,121,122,142,143,144,145,146,147,123,148,126,127,149,150,128,151,129,130,152,131,132,140,133,153,154,155,157,158)  AND `ruleid` = 0  AND `type` = 1 ORDER BY `paixun` DESC [ RunTime:0.000912s ]
[ sql ] [ SQL ] SELECT * FROM `auth_rule` WHERE  `id` IN (9,97,99,134,138,139,135,136,137,15,115,141,120,121,122,142,143,144,145,146,147,123,148,126,127,149,150,128,151,129,130,152,131,132,140,133,153,154,155,157,158)  AND `title` = 'anjian/anjian_list' LIMIT 1 [ RunTime:0.000782s ]
[ sql ] [ SQL ] SELECT * FROM `auth_rule` WHERE  `id` IN (9,97,99,134,138,139,135,136,137,15,115,141,120,121,122,142,143,144,145,146,147,123,148,126,127,149,150,128,151,129,130,152,131,132,140,133,153,154,155,157,158)  AND `ruleid` IS NULL  AND `type` = 1 ORDER BY `paixun` DESC [ RunTime:0.000787s ]
[ sql ] [ SQL ] SHOW COLUMNS FROM `user_view` [ RunTime:0.001689s ]
[ sql ] [ SQL ] SELECT * FROM `user_view` WHERE (  `iduser` = 4 ) AND `user_view`.`delete_time` IS NULL LIMIT 1 [ RunTime:0.001208s ]
[ sql ] [ SQL ] SELECT * FROM `user_view` WHERE (  `iduser` = 4 ) AND `user_view`.`delete_time` IS NULL LIMIT 1 [ RunTime:0.001224s ]
[ sql ] [ SQL ] SHOW COLUMNS FROM `anjian_user_view` [ RunTime:0.002390s ]
[ sql ] [ SQL ] SELECT `idanjian`,`anjian_number`,`anjian_title`,`anjian_date`,`anjian_status`,`fensuo_name`,`zhonglei_name`,`idkehu`,`kehu_name` FROM `anjian_user_view` WHERE (  `iduser` = 4  AND `anjian_status` = 3 ) AND `anjian_user_view`.`delete_time` IS NULL ORDER BY `idanjian` ASC [ RunTime:0.002487s ]
---------------------------------------------------------------
[ 2018-12-30T13:17:05+08:00 ] 172.16.101.100 POST 172.16.101.22/zhangdan/zhangdan.list
[运行时间：0.064697s] [吞吐率：15.46req/s] [内存消耗：983.82kb] [文件加载：86]
[ info ] [ LANG ] /var/www/manager_cmlaw/thinkphp/lang/zh-cn.php
[ info ] [ ROUTE ] array (
  'rule' => 'zhangdan/zhangdan.list',
  'route' => 'api/zhangdan/zhangdan_list',
  'option' => 
  array (
    'merge_rule_regex' => false,
    'method' => 'get|post',
  ),
  'var' => 
  array (
  ),
)
[ info ] [ HEADER ] array (
  'host' => '172.16.101.22',
  'user-agent' => 'Mozilla/5.0 (Windows NT 10.0; Win64; x64; rv:64.0) Gecko/20100101 Firefox/64.0',
  'accept' => 'application/json, text/plain, */*',
  'accept-language' => 'zh-CN,zh;q=0.8,zh-TW;q=0.7,zh-HK;q=0.5,en-US;q=0.3,en;q=0.2',
  'accept-encoding' => 'gzip, deflate',
  'referer' => 'http://172.16.101.22/zhangdan-guanli/zhangdan-guanli',
  'content-type' => 'application/json;charset=utf-8',
  'content-length' => '45',
  'connection' => 'keep-alive',
  'cookie' => 'PHPSESSID=p4fkat0022actd6q07p6r82kn7; USERID=4; USERREALNAME=%E4%BB%BB%E5%B0%8F%E6%9B%BC',
)
[ info ] [ PARAM ] array (
  'tiaoshu' => 10,
  'zhangdan_status' => '1',
  'page' => 1,
)
[ info ] [ DB ] INIT mysql
[ sql ] [ DB ] CONNECT:[ UseTime:0.001010s ] mysql:host=172.16.101.20;port=3306;dbname=lawyer_cmlaw;charset=utf8
[ sql ] [ SQL ] SHOW COLUMNS FROM `auth_group_access` [ RunTime:0.001144s ]
[ sql ] [ SQL ] SELECT `groupid` FROM `auth_group_access` WHERE (  `userid` = 4 ) AND `auth_group_access`.`delete_time` IS NULL [ RunTime:0.000763s ]
[ sql ] [ SQL ] SHOW COLUMNS FROM `auth_group` [ RunTime:0.001169s ]
[ sql ] [ SQL ] SELECT `rules` FROM `auth_group` WHERE (  `id` IN (174) ) AND `auth_group`.`delete_time` IS NULL [ RunTime:0.000715s ]
[ sql ] [ SQL ] SHOW COLUMNS FROM `auth_rule` [ RunTime:0.001121s ]
[ sql ] [ SQL ] SELECT * FROM `auth_rule` WHERE  `id` IN (9,97,99,134,138,139,135,136,137,15,115,141,120,121,122,142,143,144,145,146,147,123,148,126,127,149,150,128,151,129,130,152,131,132,140,133,153,154,155,157,158)  AND `ruleid` = 0  AND `type` = 1 ORDER BY `paixun` DESC [ RunTime:0.001155s ]
[ sql ] [ SQL ] SELECT * FROM `auth_rule` WHERE  `id` IN (9,97,99,134,138,139,135,136,137,15,115,141,120,121,122,142,143,144,145,146,147,123,148,126,127,149,150,128,151,129,130,152,131,132,140,133,153,154,155,157,158)  AND `title` = 'zhangdan/zhangdan_list' LIMIT 1 [ RunTime:0.000982s ]
[ sql ] [ SQL ] SELECT * FROM `auth_rule` WHERE  `id` IN (9,97,99,134,138,139,135,136,137,15,115,141,120,121,122,142,143,144,145,146,147,123,148,126,127,149,150,128,151,129,130,152,131,132,140,133,153,154,155,157,158)  AND `ruleid` IS NULL  AND `type` = 1 ORDER BY `paixun` DESC [ RunTime:0.000835s ]
[ sql ] [ SQL ] SHOW COLUMNS FROM `user_view` [ RunTime:0.001869s ]
[ sql ] [ SQL ] SELECT * FROM `user_view` WHERE (  `iduser` = 4 ) AND `user_view`.`delete_time` IS NULL LIMIT 1 [ RunTime:0.001127s ]
[ sql ] [ SQL ] SELECT * FROM `user_view` WHERE (  `iduser` = 4 ) AND `user_view`.`delete_time` IS NULL LIMIT 1 [ RunTime:0.001379s ]
[ sql ] [ SQL ] SHOW COLUMNS FROM `zhangdan_1_view` [ RunTime:0.002465s ]
[ sql ] [ SQL ] SELECT COUNT(*) AS tp_count FROM `zhangdan_1_view` WHERE (  `zhangdan_status` LIKE %1% ) AND `zhangdan_1_view`.`delete_time` IS NULL LIMIT 1 [ RunTime:0.001528s ]
[ sql ] [ SQL ] SELECT `idzhangdan`,`zhangdan_number`,`zhangdan_type`,`zhangdan_bizhong`,`zhangdan_date`,`zhangdan_money`,`zhangdan_status`,`user_realname`,`idanjian`,`anjian_number`,`anjian_title`,`create_time`,`zhangdan_jindu`,`zhangdan_fapiao` FROM `zhangdan_1_view` WHERE (  `zhangdan_status` LIKE %1% ) AND `zhangdan_1_view`.`delete_time` IS NULL ORDER BY `idzhangdan` DESC LIMIT 0,10 [ RunTime:0.003325s ]
[ sql ] [ SQL ] SELECT zhangdan_status as status,count(*) as sum FROM `zhangdan_1_view` WHERE (  ( `add_userid` = 4 OR `iduser` = 4 ) ) AND `zhangdan_1_view`.`delete_time` IS NULL GROUP BY `zhangdan_status` [ RunTime:0.001476s ]
---------------------------------------------------------------
[ 2018-12-30T13:17:08+08:00 ] 172.16.101.100 POST 172.16.101.22/anjian/anjian.list
[运行时间：0.022758s] [吞吐率：43.94req/s] [内存消耗：961.19kb] [文件加载：83]
[ info ] [ LANG ] /var/www/manager_cmlaw/thinkphp/lang/zh-cn.php
[ info ] [ ROUTE ] array (
  'rule' => 'anjian/anjian.list',
  'route' => 'api/anjian/anjian_list',
  'option' => 
  array (
    'merge_rule_regex' => false,
    'method' => 'get|post',
  ),
  'var' => 
  array (
  ),
)
[ info ] [ HEADER ] array (
  'host' => '172.16.101.22',
  'user-agent' => 'Mozilla/5.0 (Windows NT 10.0; Win64; x64; rv:64.0) Gecko/20100101 Firefox/64.0',
  'accept' => 'application/json, text/plain, */*',
  'accept-language' => 'zh-CN,zh;q=0.8,zh-TW;q=0.7,zh-HK;q=0.5,en-US;q=0.3,en;q=0.2',
  'accept-encoding' => 'gzip, deflate',
  'referer' => 'http://172.16.101.22/zhangdan-guanli/caiwu-seach',
  'connection' => 'keep-alive',
  'cookie' => 'PHPSESSID=p4fkat0022actd6q07p6r82kn7; USERID=4; USERREALNAME=%E4%BB%BB%E5%B0%8F%E6%9B%BC',
  'content-length' => '0',
)
[ info ] [ PARAM ] array (
)
[ info ] [ DB ] INIT mysql
[ sql ] [ DB ] CONNECT:[ UseTime:0.001932s ] mysql:host=172.16.101.20;port=3306;dbname=lawyer_cmlaw;charset=utf8
[ sql ] [ SQL ] SHOW COLUMNS FROM `auth_group_access` [ RunTime:0.001072s ]
[ sql ] [ SQL ] SELECT `groupid` FROM `auth_group_access` WHERE (  `userid` = 4 ) AND `auth_group_access`.`delete_time` IS NULL [ RunTime:0.000641s ]
[ sql ] [ SQL ] SHOW COLUMNS FROM `auth_group` [ RunTime:0.001041s ]
[ sql ] [ SQL ] SELECT `rules` FROM `auth_group` WHERE (  `id` IN (174) ) AND `auth_group`.`delete_time` IS NULL [ RunTime:0.000559s ]
[ sql ] [ SQL ] SHOW COLUMNS FROM `auth_rule` [ RunTime:0.000890s ]
[ sql ] [ SQL ] SELECT * FROM `auth_rule` WHERE  `id` IN (9,97,99,134,138,139,135,136,137,15,115,141,120,121,122,142,143,144,145,146,147,123,148,126,127,149,150,128,151,129,130,152,131,132,140,133,153,154,155,157,158)  AND `ruleid` = 0  AND `type` = 1 ORDER BY `paixun` DESC [ RunTime:0.000967s ]
[ sql ] [ SQL ] SELECT * FROM `auth_rule` WHERE  `id` IN (9,97,99,134,138,139,135,136,137,15,115,141,120,121,122,142,143,144,145,146,147,123,148,126,127,149,150,128,151,129,130,152,131,132,140,133,153,154,155,157,158)  AND `title` = 'anjian/anjian_list' LIMIT 1 [ RunTime:0.000758s ]
[ sql ] [ SQL ] SELECT * FROM `auth_rule` WHERE  `id` IN (9,97,99,134,138,139,135,136,137,15,115,141,120,121,122,142,143,144,145,146,147,123,148,126,127,149,150,128,151,129,130,152,131,132,140,133,153,154,155,157,158)  AND `ruleid` IS NULL  AND `type` = 1 ORDER BY `paixun` DESC [ RunTime:0.000683s ]
[ sql ] [ SQL ] SHOW COLUMNS FROM `user_view` [ RunTime:0.001263s ]
[ sql ] [ SQL ] SELECT * FROM `user_view` WHERE (  `iduser` = 4 ) AND `user_view`.`delete_time` IS NULL LIMIT 1 [ RunTime:0.000959s ]
[ sql ] [ SQL ] SELECT * FROM `user_view` WHERE (  `iduser` = 4 ) AND `user_view`.`delete_time` IS NULL LIMIT 1 [ RunTime:0.000931s ]
[ sql ] [ SQL ] SHOW COLUMNS FROM `anjian_user_view` [ RunTime:0.001641s ]
[ sql ] [ SQL ] SELECT `idanjian`,`anjian_number`,`anjian_title`,`anjian_date`,`anjian_status`,`fensuo_name`,`zhonglei_name`,`idkehu`,`kehu_name` FROM `anjian_user_view` WHERE (  `iduser` = 4  AND `anjian_status` = 3 ) AND `anjian_user_view`.`delete_time` IS NULL ORDER BY `idanjian` ASC [ RunTime:0.003071s ]
---------------------------------------------------------------
[ 2018-12-30T13:17:08+08:00 ] 172.16.101.100 POST 172.16.101.22/user/hehuoren.list
[运行时间：0.038453s] [吞吐率：26.01req/s] [内存消耗：969.79kb] [文件加载：83]
[ info ] [ LANG ] /var/www/manager_cmlaw/thinkphp/lang/zh-cn.php
[ info ] [ ROUTE ] array (
  'rule' => 'user/hehuoren.list',
  'route' => 'api/user/hehuoren_list',
  'option' => 
  array (
    'merge_rule_regex' => false,
    'method' => 'get|post',
  ),
  'var' => 
  array (
  ),
)
[ info ] [ HEADER ] array (
  'host' => '172.16.101.22',
  'user-agent' => 'Mozilla/5.0 (Windows NT 10.0; Win64; x64; rv:64.0) Gecko/20100101 Firefox/64.0',
  'accept' => 'application/json, text/plain, */*',
  'accept-language' => 'zh-CN,zh;q=0.8,zh-TW;q=0.7,zh-HK;q=0.5,en-US;q=0.3,en;q=0.2',
  'accept-encoding' => 'gzip, deflate',
  'referer' => 'http://172.16.101.22/zhangdan-guanli/caiwu-seach',
  'connection' => 'keep-alive',
  'cookie' => 'PHPSESSID=p4fkat0022actd6q07p6r82kn7; USERID=4; USERREALNAME=%E4%BB%BB%E5%B0%8F%E6%9B%BC',
  'content-length' => '0',
)
[ info ] [ PARAM ] array (
)
[ info ] [ DB ] INIT mysql
[ sql ] [ DB ] CONNECT:[ UseTime:0.001171s ] mysql:host=172.16.101.20;port=3306;dbname=lawyer_cmlaw;charset=utf8
[ sql ] [ SQL ] SHOW COLUMNS FROM `auth_group_access` [ RunTime:0.001120s ]
[ sql ] [ SQL ] SELECT `groupid` FROM `auth_group_access` WHERE (  `userid` = 4 ) AND `auth_group_access`.`delete_time` IS NULL [ RunTime:0.000782s ]
[ sql ] [ SQL ] SHOW COLUMNS FROM `auth_group` [ RunTime:0.001176s ]
[ sql ] [ SQL ] SELECT `rules` FROM `auth_group` WHERE (  `id` IN (174) ) AND `auth_group`.`delete_time` IS NULL [ RunTime:0.000615s ]
[ sql ] [ SQL ] SHOW COLUMNS FROM `auth_rule` [ RunTime:0.000969s ]
[ sql ] [ SQL ] SELECT * FROM `auth_rule` WHERE  `id` IN (9,97,99,134,138,139,135,136,137,15,115,141,120,121,122,142,143,144,145,146,147,123,148,126,127,149,150,128,151,129,130,152,131,132,140,133,153,154,155,157,158)  AND `ruleid` = 0  AND `type` = 1 ORDER BY `paixun` DESC [ RunTime:0.000995s ]
[ sql ] [ SQL ] SELECT * FROM `auth_rule` WHERE  `id` IN (9,97,99,134,138,139,135,136,137,15,115,141,120,121,122,142,143,144,145,146,147,123,148,126,127,149,150,128,151,129,130,152,131,132,140,133,153,154,155,157,158)  AND `title` = 'user/hehuoren_list' LIMIT 1 [ RunTime:0.000857s ]
[ sql ] [ SQL ] SELECT * FROM `auth_rule` WHERE  `id` IN (9,97,99,134,138,139,135,136,137,15,115,141,120,121,122,142,143,144,145,146,147,123,148,126,127,149,150,128,151,129,130,152,131,132,140,133,153,154,155,157,158)  AND `ruleid` IS NULL  AND `type` = 1 ORDER BY `paixun` DESC [ RunTime:0.000688s ]
[ sql ] [ SQL ] SHOW COLUMNS FROM `user_view` [ RunTime:0.001290s ]
[ sql ] [ SQL ] SELECT * FROM `user_view` WHERE (  `iduser` = 4 ) AND `user_view`.`delete_time` IS NULL LIMIT 1 [ RunTime:0.001211s ]
[ sql ] [ SQL ] SELECT * FROM `user_view` WHERE (  `iduser` = 4 ) AND `user_view`.`delete_time` IS NULL LIMIT 1 [ RunTime:0.000997s ]
[ sql ] [ SQL ] SHOW COLUMNS FROM `user` [ RunTime:0.001512s ]
[ sql ] [ SQL ] SELECT `iduser`,`user_realname` FROM `user` WHERE (  `zhiweiid` = 2 ) AND `user`.`delete_time` IS NULL [ RunTime:0.000647s ]
---------------------------------------------------------------
[ 2018-12-30T13:17:08+08:00 ] 172.16.101.100 POST 172.16.101.22/zhangdan/zhangdan.list
[运行时间：0.055638s] [吞吐率：17.97req/s] [内存消耗：983.70kb] [文件加载：86]
[ info ] [ LANG ] /var/www/manager_cmlaw/thinkphp/lang/zh-cn.php
[ info ] [ ROUTE ] array (
  'rule' => 'zhangdan/zhangdan.list',
  'route' => 'api/zhangdan/zhangdan_list',
  'option' => 
  array (
    'merge_rule_regex' => false,
    'method' => 'get|post',
  ),
  'var' => 
  array (
  ),
)
[ info ] [ HEADER ] array (
  'host' => '172.16.101.22',
  'user-agent' => 'Mozilla/5.0 (Windows NT 10.0; Win64; x64; rv:64.0) Gecko/20100101 Firefox/64.0',
  'accept' => 'application/json, text/plain, */*',
  'accept-language' => 'zh-CN,zh;q=0.8,zh-TW;q=0.7,zh-HK;q=0.5,en-US;q=0.3,en;q=0.2',
  'accept-encoding' => 'gzip, deflate',
  'referer' => 'http://172.16.101.22/zhangdan-guanli/caiwu-seach',
  'content-type' => 'application/json;charset=utf-8',
  'content-length' => '45',
  'connection' => 'keep-alive',
  'cookie' => 'PHPSESSID=p4fkat0022actd6q07p6r82kn7; USERID=4; USERREALNAME=%E4%BB%BB%E5%B0%8F%E6%9B%BC',
)
[ info ] [ PARAM ] array (
  'zhangdan_status' => '2',
  'tiaoshu' => 10,
  'page' => 1,
)
[ info ] [ DB ] INIT mysql
[ sql ] [ DB ] CONNECT:[ UseTime:0.000842s ] mysql:host=172.16.101.20;port=3306;dbname=lawyer_cmlaw;charset=utf8
[ sql ] [ SQL ] SHOW COLUMNS FROM `auth_group_access` [ RunTime:0.000887s ]
[ sql ] [ SQL ] SELECT `groupid` FROM `auth_group_access` WHERE (  `userid` = 4 ) AND `auth_group_access`.`delete_time` IS NULL [ RunTime:0.000598s ]
[ sql ] [ SQL ] SHOW COLUMNS FROM `auth_group` [ RunTime:0.000951s ]
[ sql ] [ SQL ] SELECT `rules` FROM `auth_group` WHERE (  `id` IN (174) ) AND `auth_group`.`delete_time` IS NULL [ RunTime:0.000526s ]
[ sql ] [ SQL ] SHOW COLUMNS FROM `auth_rule` [ RunTime:0.000864s ]
[ sql ] [ SQL ] SELECT * FROM `auth_rule` WHERE  `id` IN (9,97,99,134,138,139,135,136,137,15,115,141,120,121,122,142,143,144,145,146,147,123,148,126,127,149,150,128,151,129,130,152,131,132,140,133,153,154,155,157,158)  AND `ruleid` = 0  AND `type` = 1 ORDER BY `paixun` DESC [ RunTime:0.000927s ]
[ sql ] [ SQL ] SELECT * FROM `auth_rule` WHERE  `id` IN (9,97,99,134,138,139,135,136,137,15,115,141,120,121,122,142,143,144,145,146,147,123,148,126,127,149,150,128,151,129,130,152,131,132,140,133,153,154,155,157,158)  AND `title` = 'zhangdan/zhangdan_list' LIMIT 1 [ RunTime:0.000943s ]
[ sql ] [ SQL ] SELECT * FROM `auth_rule` WHERE  `id` IN (9,97,99,134,138,139,135,136,137,15,115,141,120,121,122,142,143,144,145,146,147,123,148,126,127,149,150,128,151,129,130,152,131,132,140,133,153,154,155,157,158)  AND `ruleid` IS NULL  AND `type` = 1 ORDER BY `paixun` DESC [ RunTime:0.000806s ]
[ sql ] [ SQL ] SHOW COLUMNS FROM `user_view` [ RunTime:0.001575s ]
[ sql ] [ SQL ] SELECT * FROM `user_view` WHERE (  `iduser` = 4 ) AND `user_view`.`delete_time` IS NULL LIMIT 1 [ RunTime:0.001173s ]
[ sql ] [ SQL ] SELECT * FROM `user_view` WHERE (  `iduser` = 4 ) AND `user_view`.`delete_time` IS NULL LIMIT 1 [ RunTime:0.000941s ]
[ sql ] [ SQL ] SHOW COLUMNS FROM `zhangdan_1_view` [ RunTime:0.001576s ]
[ sql ] [ SQL ] SELECT COUNT(*) AS tp_count FROM `zhangdan_1_view` WHERE (  `zhangdan_status` LIKE %2% ) AND `zhangdan_1_view`.`delete_time` IS NULL LIMIT 1 [ RunTime:0.000969s ]
[ sql ] [ SQL ] SELECT `idzhangdan`,`zhangdan_number`,`zhangdan_type`,`zhangdan_bizhong`,`zhangdan_date`,`zhangdan_money`,`zhangdan_status`,`user_realname`,`idanjian`,`anjian_number`,`anjian_title`,`create_time`,`zhangdan_jindu`,`zhangdan_fapiao` FROM `zhangdan_1_view` WHERE (  `zhangdan_status` LIKE %2% ) AND `zhangdan_1_view`.`delete_time` IS NULL ORDER BY `idzhangdan` DESC LIMIT 0,10 [ RunTime:0.001223s ]
[ sql ] [ SQL ] SELECT zhangdan_status as status,count(*) as sum FROM `zhangdan_1_view` WHERE (  ( `add_userid` = 4 OR `iduser` = 4 ) ) AND `zhangdan_1_view`.`delete_time` IS NULL GROUP BY `zhangdan_status` [ RunTime:0.001022s ]
---------------------------------------------------------------
[ 2018-12-30T13:17:24+08:00 ] 172.16.101.100 GET 172.16.101.22/home/kehu/index.html
[运行时间：0.025237s] [吞吐率：39.62req/s] [内存消耗：1,133.96kb] [文件加载：87]
[ info ] [ LANG ] /var/www/manager_cmlaw/thinkphp/lang/zh-cn.php
[ info ] [ ROUTE ] array (
)
[ info ] [ HEADER ] array (
  'host' => '172.16.101.22',
  'user-agent' => 'Mozilla/5.0 (Windows NT 10.0; Win64; x64; rv:64.0) Gecko/20100101 Firefox/64.0',
  'accept' => 'text/html,application/xhtml+xml,application/xml;q=0.9,*/*;q=0.8',
  'accept-language' => 'zh-CN,zh;q=0.8,zh-TW;q=0.7,zh-HK;q=0.5,en-US;q=0.3,en;q=0.2',
  'accept-encoding' => 'gzip, deflate',
  'referer' => 'http://172.16.101.22/zhangdan-guanli/caiwu-seach',
  'connection' => 'keep-alive',
  'cookie' => 'PHPSESSID=p4fkat0022actd6q07p6r82kn7; USERID=4; USERREALNAME=%E4%BB%BB%E5%B0%8F%E6%9B%BC',
  'upgrade-insecure-requests' => '1',
)
[ info ] [ PARAM ] array (
)
[ info ] [ DB ] INIT mysql
[ info ] [ VIEW ] /var/www/manager_cmlaw/application/home/view/kehu/index.html [ array (
  0 => 'config',
  1 => 'menu',
  2 => 'system',
  3 => 'data',
) ]
[ sql ] [ DB ] CONNECT:[ UseTime:0.001210s ] mysql:host=172.16.101.20;port=3306;dbname=lawyer_cmlaw;charset=utf8
[ sql ] [ SQL ] SHOW COLUMNS FROM `auth_group_access` [ RunTime:0.001041s ]
[ sql ] [ SQL ] SELECT `groupid` FROM `auth_group_access` WHERE (  `userid` = 4 ) AND `auth_group_access`.`delete_time` IS NULL [ RunTime:0.000637s ]
[ sql ] [ SQL ] SHOW COLUMNS FROM `auth_group` [ RunTime:0.000917s ]
[ sql ] [ SQL ] SELECT `rules` FROM `auth_group` WHERE (  `id` IN (174) ) AND `auth_group`.`delete_time` IS NULL [ RunTime:0.000573s ]
[ sql ] [ SQL ] SHOW COLUMNS FROM `auth_rule` [ RunTime:0.000874s ]
[ sql ] [ SQL ] SELECT * FROM `auth_rule` WHERE  `id` IN (9,97,99,134,138,139,135,136,137,15,115,141,120,121,122,142,143,144,145,146,147,123,148,126,127,149,150,128,151,129,130,152,131,132,140,133,153,154,155,157,158)  AND `ruleid` = 0  AND `type` = 1 ORDER BY `paixun` DESC [ RunTime:0.000916s ]
[ sql ] [ SQL ] SELECT * FROM `auth_rule` WHERE  `id` IN (9,97,99,134,138,139,135,136,137,15,115,141,120,121,122,142,143,144,145,146,147,123,148,126,127,149,150,128,151,129,130,152,131,132,140,133,153,154,155,157,158)  AND `title` = 'kehu/index' LIMIT 1 [ RunTime:0.000754s ]
[ sql ] [ SQL ] SELECT * FROM `auth_rule` WHERE  `id` IN (9,97,99,134,138,139,135,136,137,15,115,141,120,121,122,142,143,144,145,146,147,123,148,126,127,149,150,128,151,129,130,152,131,132,140,133,153,154,155,157,158)  AND `ruleid` = 120  AND `type` = 1 ORDER BY `paixun` DESC [ RunTime:0.000826s ]
[ sql ] [ SQL ] SHOW COLUMNS FROM `user_view` [ RunTime:0.001220s ]
[ sql ] [ SQL ] SELECT * FROM `user_view` WHERE (  `iduser` = 4 ) AND `user_view`.`delete_time` IS NULL LIMIT 1 [ RunTime:0.000919s ]
[ sql ] [ SQL ] SELECT * FROM `user_view` WHERE (  `iduser` = 4 ) AND `user_view`.`delete_time` IS NULL LIMIT 1 [ RunTime:0.000906s ]
[ sql ] [ SQL ] SHOW COLUMNS FROM `kehu` [ RunTime:0.001621s ]
[ sql ] [ SQL ] SELECT COUNT(*) AS tp_count FROM `kehu` WHERE `kehu`.`delete_time` IS NULL LIMIT 1 [ RunTime:0.000923s ]
[ sql ] [ SQL ] SELECT * FROM `kehu` WHERE `kehu`.`delete_time` IS NULL LIMIT 0,15 [ RunTime:0.001393s ]
---------------------------------------------------------------
[ 2018-12-30T13:17:26+08:00 ] 172.16.101.100 GET 172.16.101.22/home/hr/index.html
[运行时间：0.022242s] [吞吐率：44.96req/s] [内存消耗：1,048.20kb] [文件加载：88]
[ info ] [ LANG ] /var/www/manager_cmlaw/thinkphp/lang/zh-cn.php
[ info ] [ ROUTE ] array (
)
[ info ] [ HEADER ] array (
  'host' => '172.16.101.22',
  'user-agent' => 'Mozilla/5.0 (Windows NT 10.0; Win64; x64; rv:64.0) Gecko/20100101 Firefox/64.0',
  'accept' => 'text/html,application/xhtml+xml,application/xml;q=0.9,*/*;q=0.8',
  'accept-language' => 'zh-CN,zh;q=0.8,zh-TW;q=0.7,zh-HK;q=0.5,en-US;q=0.3,en;q=0.2',
  'accept-encoding' => 'gzip, deflate',
  'referer' => 'http://172.16.101.22/home/kehu/index.html',
  'connection' => 'keep-alive',
  'cookie' => 'PHPSESSID=p4fkat0022actd6q07p6r82kn7; USERID=4; USERREALNAME=%E4%BB%BB%E5%B0%8F%E6%9B%BC',
  'upgrade-insecure-requests' => '1',
)
[ info ] [ PARAM ] array (
)
[ info ] [ DB ] INIT mysql
[ info ] [ VIEW ] /var/www/manager_cmlaw/application/home/view/hr/index.html [ array (
  0 => 'config',
  1 => 'menu',
  2 => 'system',
  3 => 'data',
) ]
[ sql ] [ DB ] CONNECT:[ UseTime:0.001178s ] mysql:host=172.16.101.20;port=3306;dbname=lawyer_cmlaw;charset=utf8
[ sql ] [ SQL ] SHOW COLUMNS FROM `auth_group_access` [ RunTime:0.001081s ]
[ sql ] [ SQL ] SELECT `groupid` FROM `auth_group_access` WHERE (  `userid` = 4 ) AND `auth_group_access`.`delete_time` IS NULL [ RunTime:0.000634s ]
[ sql ] [ SQL ] SHOW COLUMNS FROM `auth_group` [ RunTime:0.001073s ]
[ sql ] [ SQL ] SELECT `rules` FROM `auth_group` WHERE (  `id` IN (174) ) AND `auth_group`.`delete_time` IS NULL [ RunTime:0.000621s ]
[ sql ] [ SQL ] SHOW COLUMNS FROM `auth_rule` [ RunTime:0.000926s ]
[ sql ] [ SQL ] SELECT * FROM `auth_rule` WHERE  `id` IN (9,97,99,134,138,139,135,136,137,15,115,141,120,121,122,142,143,144,145,146,147,123,148,126,127,149,150,128,151,129,130,152,131,132,140,133,153,154,155,157,158)  AND `ruleid` = 0  AND `type` = 1 ORDER BY `paixun` DESC [ RunTime:0.000903s ]
[ sql ] [ SQL ] SELECT * FROM `auth_rule` WHERE  `id` IN (9,97,99,134,138,139,135,136,137,15,115,141,120,121,122,142,143,144,145,146,147,123,148,126,127,149,150,128,151,129,130,152,131,132,140,133,153,154,155,157,158)  AND `title` = 'hr/index' LIMIT 1 [ RunTime:0.000803s ]
[ sql ] [ SQL ] SELECT * FROM `auth_rule` WHERE  `id` IN (9,97,99,134,138,139,135,136,137,15,115,141,120,121,122,142,143,144,145,146,147,123,148,126,127,149,150,128,151,129,130,152,131,132,140,133,153,154,155,157,158)  AND `ruleid` = 15  AND `type` = 1 ORDER BY `paixun` DESC [ RunTime:0.000821s ]
[ sql ] [ SQL ] SHOW COLUMNS FROM `user_view` [ RunTime:0.001213s ]
[ sql ] [ SQL ] SELECT * FROM `user_view` WHERE (  `iduser` = 4 ) AND `user_view`.`delete_time` IS NULL LIMIT 1 [ RunTime:0.001002s ]
[ sql ] [ SQL ] SELECT * FROM `user_view` WHERE (  `iduser` = 4 ) AND `user_view`.`delete_time` IS NULL LIMIT 1 [ RunTime:0.000895s ]
[ sql ] [ SQL ] SELECT COUNT(*) AS tp_count FROM `user_view` WHERE `user_view`.`delete_time` IS NULL LIMIT 1 [ RunTime:0.001036s ]
[ sql ] [ SQL ] SELECT * FROM `user_view` WHERE `user_view`.`delete_time` IS NULL LIMIT 0,10 [ RunTime:0.001072s ]
[ sql ] [ SQL ] SHOW COLUMNS FROM `fensuo` [ RunTime:0.001049s ]
[ sql ] [ SQL ] SELECT * FROM `fensuo` WHERE `fensuo`.`delete_time` IS NULL [ RunTime:0.000674s ]
---------------------------------------------------------------
[ 2018-12-30T13:17:28+08:00 ] 172.16.101.100 POST 172.16.101.22/user/hehuoren.list
[运行时间：0.022814s] [吞吐率：43.83req/s] [内存消耗：969.79kb] [文件加载：83]
[ info ] [ LANG ] /var/www/manager_cmlaw/thinkphp/lang/zh-cn.php
[ info ] [ ROUTE ] array (
  'rule' => 'user/hehuoren.list',
  'route' => 'api/user/hehuoren_list',
  'option' => 
  array (
    'merge_rule_regex' => false,
    'method' => 'get|post',
  ),
  'var' => 
  array (
  ),
)
[ info ] [ HEADER ] array (
  'host' => '172.16.101.22',
  'user-agent' => 'Mozilla/5.0 (Windows NT 10.0; Win64; x64; rv:64.0) Gecko/20100101 Firefox/64.0',
  'accept' => 'application/json, text/plain, */*',
  'accept-language' => 'zh-CN,zh;q=0.8,zh-TW;q=0.7,zh-HK;q=0.5,en-US;q=0.3,en;q=0.2',
  'accept-encoding' => 'gzip, deflate',
  'referer' => 'http://172.16.101.22/zhangdan-guanli/zhangdan-guanli',
  'connection' => 'keep-alive',
  'cookie' => 'PHPSESSID=p4fkat0022actd6q07p6r82kn7; USERID=4; USERREALNAME=%E4%BB%BB%E5%B0%8F%E6%9B%BC',
  'content-length' => '0',
)
[ info ] [ PARAM ] array (
)
[ info ] [ DB ] INIT mysql
[ sql ] [ DB ] CONNECT:[ UseTime:0.001350s ] mysql:host=172.16.101.20;port=3306;dbname=lawyer_cmlaw;charset=utf8
[ sql ] [ SQL ] SHOW COLUMNS FROM `auth_group_access` [ RunTime:0.001124s ]
[ sql ] [ SQL ] SELECT `groupid` FROM `auth_group_access` WHERE (  `userid` = 4 ) AND `auth_group_access`.`delete_time` IS NULL [ RunTime:0.000755s ]
[ sql ] [ SQL ] SHOW COLUMNS FROM `auth_group` [ RunTime:0.001251s ]
[ sql ] [ SQL ] SELECT `rules` FROM `auth_group` WHERE (  `id` IN (174) ) AND `auth_group`.`delete_time` IS NULL [ RunTime:0.000595s ]
[ sql ] [ SQL ] SHOW COLUMNS FROM `auth_rule` [ RunTime:0.000915s ]
[ sql ] [ SQL ] SELECT * FROM `auth_rule` WHERE  `id` IN (9,97,99,134,138,139,135,136,137,15,115,141,120,121,122,142,143,144,145,146,147,123,148,126,127,149,150,128,151,129,130,152,131,132,140,133,153,154,155,157,158)  AND `ruleid` = 0  AND `type` = 1 ORDER BY `paixun` DESC [ RunTime:0.000949s ]
[ sql ] [ SQL ] SELECT * FROM `auth_rule` WHERE  `id` IN (9,97,99,134,138,139,135,136,137,15,115,141,120,121,122,142,143,144,145,146,147,123,148,126,127,149,150,128,151,129,130,152,131,132,140,133,153,154,155,157,158)  AND `title` = 'user/hehuoren_list' LIMIT 1 [ RunTime:0.000840s ]
[ sql ] [ SQL ] SELECT * FROM `auth_rule` WHERE  `id` IN (9,97,99,134,138,139,135,136,137,15,115,141,120,121,122,142,143,144,145,146,147,123,148,126,127,149,150,128,151,129,130,152,131,132,140,133,153,154,155,157,158)  AND `ruleid` IS NULL  AND `type` = 1 ORDER BY `paixun` DESC [ RunTime:0.000817s ]
[ sql ] [ SQL ] SHOW COLUMNS FROM `user_view` [ RunTime:0.001855s ]
[ sql ] [ SQL ] SELECT * FROM `user_view` WHERE (  `iduser` = 4 ) AND `user_view`.`delete_time` IS NULL LIMIT 1 [ RunTime:0.001382s ]
[ sql ] [ SQL ] SELECT * FROM `user_view` WHERE (  `iduser` = 4 ) AND `user_view`.`delete_time` IS NULL LIMIT 1 [ RunTime:0.001469s ]
[ sql ] [ SQL ] SHOW COLUMNS FROM `user` [ RunTime:0.002222s ]
[ sql ] [ SQL ] SELECT `iduser`,`user_realname` FROM `user` WHERE (  `zhiweiid` = 2 ) AND `user`.`delete_time` IS NULL [ RunTime:0.000745s ]
---------------------------------------------------------------
[ 2018-12-30T13:17:28+08:00 ] 172.16.101.100 POST 172.16.101.22/zhangdan/zhangdan.list
[运行时间：0.040869s] [吞吐率：24.47req/s] [内存消耗：983.82kb] [文件加载：86]
[ info ] [ LANG ] /var/www/manager_cmlaw/thinkphp/lang/zh-cn.php
[ info ] [ ROUTE ] array (
  'rule' => 'zhangdan/zhangdan.list',
  'route' => 'api/zhangdan/zhangdan_list',
  'option' => 
  array (
    'merge_rule_regex' => false,
    'method' => 'get|post',
  ),
  'var' => 
  array (
  ),
)
[ info ] [ HEADER ] array (
  'host' => '172.16.101.22',
  'user-agent' => 'Mozilla/5.0 (Windows NT 10.0; Win64; x64; rv:64.0) Gecko/20100101 Firefox/64.0',
  'accept' => 'application/json, text/plain, */*',
  'accept-language' => 'zh-CN,zh;q=0.8,zh-TW;q=0.7,zh-HK;q=0.5,en-US;q=0.3,en;q=0.2',
  'accept-encoding' => 'gzip, deflate',
  'referer' => 'http://172.16.101.22/zhangdan-guanli/zhangdan-guanli',
  'content-type' => 'application/json;charset=utf-8',
  'content-length' => '45',
  'connection' => 'keep-alive',
  'cookie' => 'PHPSESSID=p4fkat0022actd6q07p6r82kn7; USERID=4; USERREALNAME=%E4%BB%BB%E5%B0%8F%E6%9B%BC',
)
[ info ] [ PARAM ] array (
  'tiaoshu' => 10,
  'zhangdan_status' => '1',
  'page' => 1,
)
[ info ] [ DB ] INIT mysql
[ sql ] [ DB ] CONNECT:[ UseTime:0.000950s ] mysql:host=172.16.101.20;port=3306;dbname=lawyer_cmlaw;charset=utf8
[ sql ] [ SQL ] SHOW COLUMNS FROM `auth_group_access` [ RunTime:0.001221s ]
[ sql ] [ SQL ] SELECT `groupid` FROM `auth_group_access` WHERE (  `userid` = 4 ) AND `auth_group_access`.`delete_time` IS NULL [ RunTime:0.000671s ]
[ sql ] [ SQL ] SHOW COLUMNS FROM `auth_group` [ RunTime:0.000997s ]
[ sql ] [ SQL ] SELECT `rules` FROM `auth_group` WHERE (  `id` IN (174) ) AND `auth_group`.`delete_time` IS NULL [ RunTime:0.000578s ]
[ sql ] [ SQL ] SHOW COLUMNS FROM `auth_rule` [ RunTime:0.001069s ]
[ sql ] [ SQL ] SELECT * FROM `auth_rule` WHERE  `id` IN (9,97,99,134,138,139,135,136,137,15,115,141,120,121,122,142,143,144,145,146,147,123,148,126,127,149,150,128,151,129,130,152,131,132,140,133,153,154,155,157,158)  AND `ruleid` = 0  AND `type` = 1 ORDER BY `paixun` DESC [ RunTime:0.001279s ]
[ sql ] [ SQL ] SELECT * FROM `auth_rule` WHERE  `id` IN (9,97,99,134,138,139,135,136,137,15,115,141,120,121,122,142,143,144,145,146,147,123,148,126,127,149,150,128,151,129,130,152,131,132,140,133,153,154,155,157,158)  AND `title` = 'zhangdan/zhangdan_list' LIMIT 1 [ RunTime:0.000922s ]
[ sql ] [ SQL ] SELECT * FROM `auth_rule` WHERE  `id` IN (9,97,99,134,138,139,135,136,137,15,115,141,120,121,122,142,143,144,145,146,147,123,148,126,127,149,150,128,151,129,130,152,131,132,140,133,153,154,155,157,158)  AND `ruleid` IS NULL  AND `type` = 1 ORDER BY `paixun` DESC [ RunTime:0.000709s ]
[ sql ] [ SQL ] SHOW COLUMNS FROM `user_view` [ RunTime:0.001482s ]
[ sql ] [ SQL ] SELECT * FROM `user_view` WHERE (  `iduser` = 4 ) AND `user_view`.`delete_time` IS NULL LIMIT 1 [ RunTime:0.001143s ]
[ sql ] [ SQL ] SELECT * FROM `user_view` WHERE (  `iduser` = 4 ) AND `user_view`.`delete_time` IS NULL LIMIT 1 [ RunTime:0.001047s ]
[ sql ] [ SQL ] SHOW COLUMNS FROM `zhangdan_1_view` [ RunTime:0.001916s ]
[ sql ] [ SQL ] SELECT COUNT(*) AS tp_count FROM `zhangdan_1_view` WHERE (  `zhangdan_status` LIKE %1% ) AND `zhangdan_1_view`.`delete_time` IS NULL LIMIT 1 [ RunTime:0.001352s ]
[ sql ] [ SQL ] SELECT `idzhangdan`,`zhangdan_number`,`zhangdan_type`,`zhangdan_bizhong`,`zhangdan_date`,`zhangdan_money`,`zhangdan_status`,`user_realname`,`idanjian`,`anjian_number`,`anjian_title`,`create_time`,`zhangdan_jindu`,`zhangdan_fapiao` FROM `zhangdan_1_view` WHERE (  `zhangdan_status` LIKE %1% ) AND `zhangdan_1_view`.`delete_time` IS NULL ORDER BY `idzhangdan` DESC LIMIT 0,10 [ RunTime:0.001474s ]
[ sql ] [ SQL ] SELECT zhangdan_status as status,count(*) as sum FROM `zhangdan_1_view` WHERE (  ( `add_userid` = 4 OR `iduser` = 4 ) ) AND `zhangdan_1_view`.`delete_time` IS NULL GROUP BY `zhangdan_status` [ RunTime:0.001425s ]
---------------------------------------------------------------
[ 2018-12-30T13:17:28+08:00 ] 172.16.101.100 POST 172.16.101.22/anjian/anjian.list
[运行时间：0.060082s] [吞吐率：16.64req/s] [内存消耗：961.19kb] [文件加载：83]
[ info ] [ LANG ] /var/www/manager_cmlaw/thinkphp/lang/zh-cn.php
[ info ] [ ROUTE ] array (
  'rule' => 'anjian/anjian.list',
  'route' => 'api/anjian/anjian_list',
  'option' => 
  array (
    'merge_rule_regex' => false,
    'method' => 'get|post',
  ),
  'var' => 
  array (
  ),
)
[ info ] [ HEADER ] array (
  'host' => '172.16.101.22',
  'user-agent' => 'Mozilla/5.0 (Windows NT 10.0; Win64; x64; rv:64.0) Gecko/20100101 Firefox/64.0',
  'accept' => 'application/json, text/plain, */*',
  'accept-language' => 'zh-CN,zh;q=0.8,zh-TW;q=0.7,zh-HK;q=0.5,en-US;q=0.3,en;q=0.2',
  'accept-encoding' => 'gzip, deflate',
  'referer' => 'http://172.16.101.22/zhangdan-guanli/zhangdan-guanli',
  'connection' => 'keep-alive',
  'cookie' => 'PHPSESSID=p4fkat0022actd6q07p6r82kn7; USERID=4; USERREALNAME=%E4%BB%BB%E5%B0%8F%E6%9B%BC',
  'content-length' => '0',
)
[ info ] [ PARAM ] array (
)
[ info ] [ DB ] INIT mysql
[ sql ] [ DB ] CONNECT:[ UseTime:0.001121s ] mysql:host=172.16.101.20;port=3306;dbname=lawyer_cmlaw;charset=utf8
[ sql ] [ SQL ] SHOW COLUMNS FROM `auth_group_access` [ RunTime:0.001349s ]
[ sql ] [ SQL ] SELECT `groupid` FROM `auth_group_access` WHERE (  `userid` = 4 ) AND `auth_group_access`.`delete_time` IS NULL [ RunTime:0.000909s ]
[ sql ] [ SQL ] SHOW COLUMNS FROM `auth_group` [ RunTime:0.001357s ]
[ sql ] [ SQL ] SELECT `rules` FROM `auth_group` WHERE (  `id` IN (174) ) AND `auth_group`.`delete_time` IS NULL [ RunTime:0.000854s ]
[ sql ] [ SQL ] SHOW COLUMNS FROM `auth_rule` [ RunTime:0.001255s ]
[ sql ] [ SQL ] SELECT * FROM `auth_rule` WHERE  `id` IN (9,97,99,134,138,139,135,136,137,15,115,141,120,121,122,142,143,144,145,146,147,123,148,126,127,149,150,128,151,129,130,152,131,132,140,133,153,154,155,157,158)  AND `ruleid` = 0  AND `type` = 1 ORDER BY `paixun` DESC [ RunTime:0.001197s ]
[ sql ] [ SQL ] SELECT * FROM `auth_rule` WHERE  `id` IN (9,97,99,134,138,139,135,136,137,15,115,141,120,121,122,142,143,144,145,146,147,123,148,126,127,149,150,128,151,129,130,152,131,132,140,133,153,154,155,157,158)  AND `title` = 'anjian/anjian_list' LIMIT 1 [ RunTime:0.000995s ]
[ sql ] [ SQL ] SELECT * FROM `auth_rule` WHERE  `id` IN (9,97,99,134,138,139,135,136,137,15,115,141,120,121,122,142,143,144,145,146,147,123,148,126,127,149,150,128,151,129,130,152,131,132,140,133,153,154,155,157,158)  AND `ruleid` IS NULL  AND `type` = 1 ORDER BY `paixun` DESC [ RunTime:0.000804s ]
[ sql ] [ SQL ] SHOW COLUMNS FROM `user_view` [ RunTime:0.001658s ]
[ sql ] [ SQL ] SELECT * FROM `user_view` WHERE (  `iduser` = 4 ) AND `user_view`.`delete_time` IS NULL LIMIT 1 [ RunTime:0.001240s ]
[ sql ] [ SQL ] SELECT * FROM `user_view` WHERE (  `iduser` = 4 ) AND `user_view`.`delete_time` IS NULL LIMIT 1 [ RunTime:0.001228s ]
[ sql ] [ SQL ] SHOW COLUMNS FROM `anjian_user_view` [ RunTime:0.002207s ]
[ sql ] [ SQL ] SELECT `idanjian`,`anjian_number`,`anjian_title`,`anjian_date`,`anjian_status`,`fensuo_name`,`zhonglei_name`,`idkehu`,`kehu_name` FROM `anjian_user_view` WHERE (  `iduser` = 4  AND `anjian_status` = 3 ) AND `anjian_user_view`.`delete_time` IS NULL ORDER BY `idanjian` ASC [ RunTime:0.002463s ]
---------------------------------------------------------------
[ 2018-12-30T13:17:32+08:00 ] 172.16.101.100 GET 172.16.101.22/home/hr/index.html
[运行时间：0.025576s] [吞吐率：39.10req/s] [内存消耗：1,048.20kb] [文件加载：88]
[ info ] [ LANG ] /var/www/manager_cmlaw/thinkphp/lang/zh-cn.php
[ info ] [ ROUTE ] array (
)
[ info ] [ HEADER ] array (
  'host' => '172.16.101.22',
  'user-agent' => 'Mozilla/5.0 (Windows NT 10.0; Win64; x64; rv:64.0) Gecko/20100101 Firefox/64.0',
  'accept' => 'text/html,application/xhtml+xml,application/xml;q=0.9,*/*;q=0.8',
  'accept-language' => 'zh-CN,zh;q=0.8,zh-TW;q=0.7,zh-HK;q=0.5,en-US;q=0.3,en;q=0.2',
  'accept-encoding' => 'gzip, deflate',
  'referer' => 'http://172.16.101.22/zhangdan-guanli/zhangdan-guanli',
  'connection' => 'keep-alive',
  'cookie' => 'PHPSESSID=p4fkat0022actd6q07p6r82kn7; USERID=4; USERREALNAME=%E4%BB%BB%E5%B0%8F%E6%9B%BC',
  'upgrade-insecure-requests' => '1',
)
[ info ] [ PARAM ] array (
)
[ info ] [ DB ] INIT mysql
[ info ] [ VIEW ] /var/www/manager_cmlaw/application/home/view/hr/index.html [ array (
  0 => 'config',
  1 => 'menu',
  2 => 'system',
  3 => 'data',
) ]
[ sql ] [ DB ] CONNECT:[ UseTime:0.001051s ] mysql:host=172.16.101.20;port=3306;dbname=lawyer_cmlaw;charset=utf8
[ sql ] [ SQL ] SHOW COLUMNS FROM `auth_group_access` [ RunTime:0.001058s ]
[ sql ] [ SQL ] SELECT `groupid` FROM `auth_group_access` WHERE (  `userid` = 4 ) AND `auth_group_access`.`delete_time` IS NULL [ RunTime:0.000740s ]
[ sql ] [ SQL ] SHOW COLUMNS FROM `auth_group` [ RunTime:0.001059s ]
[ sql ] [ SQL ] SELECT `rules` FROM `auth_group` WHERE (  `id` IN (174) ) AND `auth_group`.`delete_time` IS NULL [ RunTime:0.000703s ]
[ sql ] [ SQL ] SHOW COLUMNS FROM `auth_rule` [ RunTime:0.001413s ]
[ sql ] [ SQL ] SELECT * FROM `auth_rule` WHERE  `id` IN (9,97,99,134,138,139,135,136,137,15,115,141,120,121,122,142,143,144,145,146,147,123,148,126,127,149,150,128,151,129,130,152,131,132,140,133,153,154,155,157,158)  AND `ruleid` = 0  AND `type` = 1 ORDER BY `paixun` DESC [ RunTime:0.001127s ]
[ sql ] [ SQL ] SELECT * FROM `auth_rule` WHERE  `id` IN (9,97,99,134,138,139,135,136,137,15,115,141,120,121,122,142,143,144,145,146,147,123,148,126,127,149,150,128,151,129,130,152,131,132,140,133,153,154,155,157,158)  AND `title` = 'hr/index' LIMIT 1 [ RunTime:0.001019s ]
[ sql ] [ SQL ] SELECT * FROM `auth_rule` WHERE  `id` IN (9,97,99,134,138,139,135,136,137,15,115,141,120,121,122,142,143,144,145,146,147,123,148,126,127,149,150,128,151,129,130,152,131,132,140,133,153,154,155,157,158)  AND `ruleid` = 15  AND `type` = 1 ORDER BY `paixun` DESC [ RunTime:0.000954s ]
[ sql ] [ SQL ] SHOW COLUMNS FROM `user_view` [ RunTime:0.001853s ]
[ sql ] [ SQL ] SELECT * FROM `user_view` WHERE (  `iduser` = 4 ) AND `user_view`.`delete_time` IS NULL LIMIT 1 [ RunTime:0.001263s ]
[ sql ] [ SQL ] SELECT * FROM `user_view` WHERE (  `iduser` = 4 ) AND `user_view`.`delete_time` IS NULL LIMIT 1 [ RunTime:0.001260s ]
[ sql ] [ SQL ] SELECT COUNT(*) AS tp_count FROM `user_view` WHERE `user_view`.`delete_time` IS NULL LIMIT 1 [ RunTime:0.000970s ]
[ sql ] [ SQL ] SELECT * FROM `user_view` WHERE `user_view`.`delete_time` IS NULL LIMIT 0,10 [ RunTime:0.001113s ]
[ sql ] [ SQL ] SHOW COLUMNS FROM `fensuo` [ RunTime:0.001104s ]
[ sql ] [ SQL ] SELECT * FROM `fensuo` WHERE `fensuo`.`delete_time` IS NULL [ RunTime:0.000698s ]
