---------------------------------------------------------------
[ 2019-05-16T08:00:01+08:00 ] 172.16.101.22 GET 172.16.101.22/home/login/logins?username=cmlaw_renxiaoman&password=%21cmlaw0
[运行时间：0.020785s] [吞吐率：48.11req/s] [内存消耗：1,089.01kb] [文件加载：80]
[ info ] [ LANG ] /var/www/manager_cmlaw/thinkphp/lang/zh-cn.php
[ info ] [ ROUTE ] array (
)
[ info ] [ HEADER ] array (
  'host' => '172.16.101.22',
  'accept' => '*/*',
)
[ info ] [ PARAM ] array (
  'username' => 'cmlaw_renxiaoman',
  'password' => '!cmlaw0',
)
[ info ] [ DB ] INIT mysql
[ sql ] [ DB ] CONNECT:[ UseTime:0.001319s ] mysql:host=172.16.101.20;port=3306;dbname=lawyer_cmlaw;charset=utf8
[ sql ] [ SQL ] SHOW COLUMNS FROM `user_dangan` [ RunTime:0.001394s ]
[ sql ] [ SQL ] SELECT * FROM `user_dangan` WHERE (  ( `login_name` = 'renxiaoman' OR `user_phone` = 'renxiaoman' OR `user_email` = 'renxiaoman' ) ) AND `user_dangan`.`delete_time` IS NULL LIMIT 1 [ RunTime:0.001118s ]
---------------------------------------------------------------
[ 2019-05-16T08:00:01+08:00 ] 172.16.101.22 GET 172.16.101.22/api/Load?aaaa=1
[运行时间：0.014832s] [吞吐率：67.42req/s] [内存消耗：1,033.88kb] [文件加载：76]
[ info ] [ LANG ] /var/www/manager_cmlaw/thinkphp/lang/zh-cn.php
[ info ] [ ROUTE ] array (
  'rule' => 'api/Load',
  'route' => 'api/load/index',
  'option' => 
  array (
    'merge_rule_regex' => false,
    'method' => 'get|post',
  ),
  'var' => 
  array (
  ),
)
[ info ] [ HEADER ] array (
  'host' => '172.16.101.22',
  'accept' => '*/*',
)
[ info ] [ PARAM ] array (
  'aaaa' => '1',
)
[ info ] [ DB ] INIT mysql
[ sql ] [ DB ] CONNECT:[ UseTime:0.001193s ] mysql:host=172.16.101.20;port=3306;dbname=lawyer_cmlaw;charset=utf8
[ sql ] [ SQL ] SHOW COLUMNS FROM `jishi` [ RunTime:0.001099s ]
[ sql ] [ SQL ] SELECT * FROM `jishi` WHERE (  `jishi_status` = 1  AND `jishi_jiezhi_date` <= '2019-05-16' ) AND `jishi`.`delete_time` IS NULL [ RunTime:0.000998s ]
---------------------------------------------------------------
[ 2019-05-16T08:00:01+08:00 ] 172.16.101.22 GET 172.16.101.22/api/load.lichong/?aaaa=1
[运行时间：0.014779s] [吞吐率：67.66req/s] [内存消耗：1,032.81kb] [文件加载：76]
[ info ] [ LANG ] /var/www/manager_cmlaw/thinkphp/lang/zh-cn.php
[ info ] [ ROUTE ] array (
  'rule' => 'api/load.lichong',
  'route' => 'api/load/lichong',
  'option' => 
  array (
    'merge_rule_regex' => false,
    'method' => 'get|post',
  ),
  'var' => 
  array (
  ),
)
[ info ] [ HEADER ] array (
  'host' => '172.16.101.22',
  'accept' => '*/*',
)
[ info ] [ PARAM ] array (
  'aaaa' => '1',
)
[ info ] [ DB ] INIT mysql
[ sql ] [ DB ] CONNECT:[ UseTime:0.001043s ] mysql:host=172.16.101.20;port=3306;dbname=lawyer_cmlaw;charset=utf8
[ sql ] [ SQL ] SHOW COLUMNS FROM `lichong` [ RunTime:0.001499s ]
[ sql ] [ SQL ] SELECT * FROM `lichong` WHERE (  `lichong_status` = 1  AND `gongshijieshu_time` <= '2019-05-16' ) AND `lichong`.`delete_time` IS NULL [ RunTime:0.001299s ]
---------------------------------------------------------------
[ 2019-05-16T08:00:01+08:00 ] 172.16.101.22 GET 172.16.101.22/api/load.sum/?aaaa=1
[运行时间：0.280065s] [吞吐率：3.57req/s] [内存消耗：1,084.34kb] [文件加载：77]
[ info ] [ LANG ] /var/www/manager_cmlaw/thinkphp/lang/zh-cn.php
[ info ] [ ROUTE ] array (
  'rule' => 'api/load.sum',
  'route' => 'api/load/sum',
  'option' => 
  array (
    'merge_rule_regex' => false,
    'method' => 'get|post',
  ),
  'var' => 
  array (
  ),
)
[ info ] [ HEADER ] array (
  'host' => '172.16.101.22',
  'accept' => '*/*',
)
[ info ] [ PARAM ] array (
  'aaaa' => '1',
)
[ info ] [ DB ] INIT mysql
[ sql ] [ DB ] CONNECT:[ UseTime:0.001160s ] mysql:host=172.16.101.20;port=3306;dbname=lawyer_cmlaw;charset=utf8
[ sql ] [ SQL ] SHOW COLUMNS FROM `fensuo` [ RunTime:0.000979s ]
[ sql ] [ SQL ] SELECT * FROM `fensuo` WHERE (  `fensuo_delete` = 0 ) AND `fensuo`.`delete_time` IS NULL [ RunTime:0.000673s ]
[ sql ] [ SQL ] SHOW COLUMNS FROM `user` [ RunTime:0.001151s ]
[ sql ] [ SQL ] SELECT COUNT(*) AS tp_count FROM `user` WHERE (  `fensuoid` = 1 ) AND `user`.`delete_time` IS NULL LIMIT 1 [ RunTime:0.000687s ]
[ sql ] [ SQL ] SELECT COUNT(*) AS tp_count FROM `user` WHERE (  `fensuoid` = 2 ) AND `user`.`delete_time` IS NULL LIMIT 1 [ RunTime:0.000537s ]
[ sql ] [ SQL ] SELECT COUNT(*) AS tp_count FROM `user` WHERE (  `fensuoid` = 3 ) AND `user`.`delete_time` IS NULL LIMIT 1 [ RunTime:0.000521s ]
[ sql ] [ SQL ] SELECT COUNT(*) AS tp_count FROM `user` WHERE (  `fensuoid` = 4 ) AND `user`.`delete_time` IS NULL LIMIT 1 [ RunTime:0.000511s ]
[ sql ] [ SQL ] SELECT COUNT(*) AS tp_count FROM `user` WHERE (  `fensuoid` = 5 ) AND `user`.`delete_time` IS NULL LIMIT 1 [ RunTime:0.000563s ]
[ sql ] [ SQL ] SELECT COUNT(*) AS tp_count FROM `user` WHERE (  `fensuoid` = 13 ) AND `user`.`delete_time` IS NULL LIMIT 1 [ RunTime:0.000574s ]
[ sql ] [ SQL ] SELECT COUNT(*) AS tp_count FROM `user` WHERE (  `fensuoid` = 14 ) AND `user`.`delete_time` IS NULL LIMIT 1 [ RunTime:0.000589s ]
[ sql ] [ SQL ] UPDATE `fensuo`  SET `sum` = 19 , `update_time` = '2019-05-16 08:00:01.731219'  WHERE (  `idfensuo` = 1 ) AND `fensuo`.`delete_time` IS NULL [ RunTime:0.247708s ]
[ sql ] [ SQL ] UPDATE `fensuo`  SET `sum` = 26 , `update_time` = '2019-05-16 08:00:01.979530'  WHERE (  `idfensuo` = 2 ) AND `fensuo`.`delete_time` IS NULL [ RunTime:0.000641s ]
[ sql ] [ SQL ] UPDATE `fensuo`  SET `sum` = 1 , `update_time` = '2019-05-16 08:00:01.980824'  WHERE (  `idfensuo` = 3 ) AND `fensuo`.`delete_time` IS NULL [ RunTime:0.000659s ]
[ sql ] [ SQL ] UPDATE `fensuo`  SET `sum` = 0 , `update_time` = '2019-05-16 08:00:01.981903'  WHERE (  `idfensuo` = 4 ) AND `fensuo`.`delete_time` IS NULL [ RunTime:0.000622s ]
[ sql ] [ SQL ] UPDATE `fensuo`  SET `sum` = 0 , `update_time` = '2019-05-16 08:00:01.982918'  WHERE (  `idfensuo` = 5 ) AND `fensuo`.`delete_time` IS NULL [ RunTime:0.000593s ]
[ sql ] [ SQL ] UPDATE `fensuo`  SET `sum` = 1 , `update_time` = '2019-05-16 08:00:01.983913'  WHERE (  `idfensuo` = 13 ) AND `fensuo`.`delete_time` IS NULL [ RunTime:0.000529s ]
[ sql ] [ SQL ] UPDATE `fensuo`  SET `sum` = 0 , `update_time` = '2019-05-16 08:00:01.984879'  WHERE (  `idfensuo` = 14 ) AND `fensuo`.`delete_time` IS NULL [ RunTime:0.001789s ]
---------------------------------------------------------------
[ 2019-05-16T09:01:53+08:00 ] 192.168.101.137 GET 172.16.101.22/jishi-guanli/jishi-guanli
[运行时间：0.014326s] [吞吐率：69.80req/s] [内存消耗：646.09kb] [文件加载：52]
[ info ] [ LANG ] /var/www/manager_cmlaw/thinkphp/lang/zh-cn.php
---------------------------------------------------------------
[ 2019-05-16T09:50:55+08:00 ] 192.168.101.129 GET 172.16.101.22/admin/menu/menu_list
[运行时间：0.020249s] [吞吐率：49.38req/s] [内存消耗：1,161.18kb] [文件加载：88]
[ info ] [ LANG ] /var/www/manager_cmlaw/thinkphp/lang/zh-cn.php
[ info ] [ ROUTE ] array (
  'rule' => 'admin/menu/menu_list',
  'route' => 'admin/menu/menu_list',
  'option' => 
  array (
    'merge_rule_regex' => false,
    'method' => 'get',
  ),
  'var' => 
  array (
  ),
)
[ info ] [ HEADER ] array (
  'user-agent' => 'PostmanRuntime/7.13.0',
  'accept' => '*/*',
  'cache-control' => 'no-cache',
  'postman-token' => '32b1cd72-573e-4529-b11c-2a59be0ddcf8',
  'host' => '172.16.101.22',
  'cookie' => 'PHPSESSID=dr5pv94bdi5udcvlgt2smvubf3',
  'accept-encoding' => 'gzip, deflate',
  'connection' => 'keep-alive',
)
[ info ] [ PARAM ] array (
)
[ info ] [ DB ] INIT mysql
[ sql ] [ DB ] CONNECT:[ UseTime:0.001278s ] mysql:host=172.16.101.20;port=3306;dbname=lawyer_cmlaw;charset=utf8
[ sql ] [ SQL ] SHOW COLUMNS FROM `qx_menu` [ RunTime:0.001329s ]
[ sql ] [ SQL ] SELECT * FROM `qx_menu` [ RunTime:0.001012s ]
[ sql ] [ SQL ] SHOW COLUMNS FROM `qx_user_role` [ RunTime:0.000871s ]
[ sql ] [ SQL ] SELECT `role` FROM `qx_user_role` WHERE  `user` = 1 [ RunTime:0.000739s ]
[ sql ] [ SQL ] SHOW COLUMNS FROM `qx_role` [ RunTime:0.000879s ]
[ sql ] [ SQL ] SELECT * FROM `qx_role` WHERE  `id` IN (1,2,3) [ RunTime:0.000716s ]
[ sql ] [ SQL ] SHOW COLUMNS FROM `qx_role_node` [ RunTime:0.000828s ]
[ sql ] [ SQL ] SHOW COLUMNS FROM `qx_node` [ RunTime:0.000830s ]
[ sql ] [ SQL ] SELECT `qx_node`.*,`pivot`.`id` AS `pivot__id`,`pivot`.`role` AS `pivot__role`,`pivot`.`node` AS `pivot__node`,`pivot`.`delete_time` AS `pivot__delete_time` FROM `qx_node` INNER JOIN `qx_role_node` `pivot` ON `pivot`.`node`=`qx_node`.`id` WHERE  `pivot`.`role` IN ('1','2','3') [ RunTime:0.001175s ]
---------------------------------------------------------------
[ 2019-05-16T10:00:25+08:00 ] 192.168.101.137 GET 172.16.101.22/
[运行时间：0.019598s] [吞吐率：51.03req/s] [内存消耗：1,156.26kb] [文件加载：86]
[ info ] [ LANG ] /var/www/manager_cmlaw/thinkphp/lang/zh-cn.php
[ info ] [ ROUTE ] array (
)
[ info ] [ HEADER ] array (
  'host' => '172.16.101.22',
  'connection' => 'keep-alive',
  'upgrade-insecure-requests' => '1',
  'user-agent' => 'Mozilla/5.0 (Windows NT 10.0; Win64; x64) AppleWebKit/537.36 (KHTML, like Gecko) Chrome/74.0.3729.108 Safari/537.36',
  'accept' => 'text/html,application/xhtml+xml,application/xml;q=0.9,image/webp,image/apng,*/*;q=0.8,application/signed-exchange;v=b3',
  'accept-encoding' => 'gzip, deflate',
  'accept-language' => 'zh-CN,zh;q=0.9',
  'cookie' => 'PHPSESSID=v5df67lldm8402pi80d80qinnv; USERID=4; USERREALNAME=%E4%BB%BB%E5%B0%8F%E6%9B%BC',
)
[ info ] [ PARAM ] array (
)
[ info ] [ DB ] INIT mysql
[ sql ] [ DB ] CONNECT:[ UseTime:0.001821s ] mysql:host=172.16.101.20;port=3306;dbname=lawyer_cmlaw;charset=utf8
[ sql ] [ SQL ] SHOW COLUMNS FROM `auth_group_access` [ RunTime:0.001320s ]
[ sql ] [ SQL ] SELECT `groupid` FROM `auth_group_access` WHERE (  `userid` IS NULL ) AND `auth_group_access`.`delete_time` IS NULL [ RunTime:0.000573s ]
[ sql ] [ SQL ] SHOW COLUMNS FROM `auth_group` [ RunTime:0.000999s ]
[ sql ] [ SQL ] SELECT `rules` FROM `auth_group` WHERE (  `id` IN ('') ) AND `auth_group`.`delete_time` IS NULL [ RunTime:0.000684s ]
[ sql ] [ SQL ] SHOW COLUMNS FROM `auth_rule` [ RunTime:0.000942s ]
[ sql ] [ SQL ] SELECT * FROM `auth_rule` WHERE  `id` IN (0)  AND `ruleid` = 0  AND `type` = 1 ORDER BY `paixun` DESC [ RunTime:0.000682s ]
[ sql ] [ SQL ] SELECT * FROM `auth_rule` WHERE  `id` IN (0)  AND `title` = 'index/index' LIMIT 1 [ RunTime:0.000675s ]
[ sql ] [ SQL ] SELECT * FROM `auth_rule` WHERE  `id` IN (0)  AND `ruleid` IS NULL  AND `type` = 1 ORDER BY `paixun` DESC [ RunTime:0.000598s ]
---------------------------------------------------------------
[ 2019-05-16T10:00:25+08:00 ] 192.168.101.137 GET 172.16.101.22/home/login/
[运行时间：0.004281s] [吞吐率：233.59req/s] [内存消耗：771.40kb] [文件加载：64]
[ info ] [ LANG ] /var/www/manager_cmlaw/thinkphp/lang/zh-cn.php
[ info ] [ ROUTE ] array (
)
[ info ] [ HEADER ] array (
  'host' => '172.16.101.22',
  'connection' => 'keep-alive',
  'upgrade-insecure-requests' => '1',
  'user-agent' => 'Mozilla/5.0 (Windows NT 10.0; Win64; x64) AppleWebKit/537.36 (KHTML, like Gecko) Chrome/74.0.3729.108 Safari/537.36',
  'accept' => 'text/html,application/xhtml+xml,application/xml;q=0.9,image/webp,image/apng,*/*;q=0.8,application/signed-exchange;v=b3',
  'accept-encoding' => 'gzip, deflate',
  'accept-language' => 'zh-CN,zh;q=0.9',
  'cookie' => 'PHPSESSID=v5df67lldm8402pi80d80qinnv; USERID=4; USERREALNAME=%E4%BB%BB%E5%B0%8F%E6%9B%BC',
)
[ info ] [ PARAM ] array (
)
[ info ] [ VIEW ] /var/www/manager_cmlaw/application/home/view/login/login-1.html [ array (
) ]
---------------------------------------------------------------
[ 2019-05-16T10:00:26+08:00 ] 192.168.101.137 POST 172.16.101.22/home/login/logins/
[运行时间：0.009243s] [吞吐率：108.19req/s] [内存消耗：1,089.61kb] [文件加载：80]
[ info ] [ LANG ] /var/www/manager_cmlaw/thinkphp/lang/zh-cn.php
[ info ] [ ROUTE ] array (
)
[ info ] [ HEADER ] array (
  'host' => '172.16.101.22',
  'connection' => 'keep-alive',
  'content-length' => '42',
  'accept' => '*/*',
  'origin' => 'http://172.16.101.22',
  'x-requested-with' => 'XMLHttpRequest',
  'user-agent' => 'Mozilla/5.0 (Windows NT 10.0; Win64; x64) AppleWebKit/537.36 (KHTML, like Gecko) Chrome/74.0.3729.108 Safari/537.36',
  'content-type' => 'application/x-www-form-urlencoded; charset=UTF-8',
  'referer' => 'http://172.16.101.22/home/login/',
  'accept-encoding' => 'gzip, deflate',
  'accept-language' => 'zh-CN,zh;q=0.9',
  'cookie' => 'PHPSESSID=v5df67lldm8402pi80d80qinnv; USERID=4; USERREALNAME=%E4%BB%BB%E5%B0%8F%E6%9B%BC',
)
[ info ] [ PARAM ] array (
  'username' => 'cmlaw_renxiaoman',
  'password' => '!cmlaw0',
)
[ info ] [ DB ] INIT mysql
[ sql ] [ DB ] CONNECT:[ UseTime:0.001517s ] mysql:host=172.16.101.20;port=3306;dbname=lawyer_cmlaw;charset=utf8
[ sql ] [ SQL ] SHOW COLUMNS FROM `user_dangan` [ RunTime:0.001428s ]
[ sql ] [ SQL ] SELECT * FROM `user_dangan` WHERE (  ( `login_name` = 'renxiaoman' OR `user_phone` = 'renxiaoman' OR `user_email` = 'renxiaoman' ) ) AND `user_dangan`.`delete_time` IS NULL LIMIT 1 [ RunTime:0.001223s ]
---------------------------------------------------------------
[ 2019-05-16T10:00:26+08:00 ] 192.168.101.137 GET 172.16.101.22/home/index/index
[运行时间：0.035786s] [吞吐率：27.94req/s] [内存消耗：1,267.70kb] [文件加载：90]
[ info ] [ LANG ] /var/www/manager_cmlaw/thinkphp/lang/zh-cn.php
[ info ] [ ROUTE ] array (
)
[ info ] [ HEADER ] array (
  'host' => '172.16.101.22',
  'connection' => 'keep-alive',
  'upgrade-insecure-requests' => '1',
  'user-agent' => 'Mozilla/5.0 (Windows NT 10.0; Win64; x64) AppleWebKit/537.36 (KHTML, like Gecko) Chrome/74.0.3729.108 Safari/537.36',
  'accept' => 'text/html,application/xhtml+xml,application/xml;q=0.9,image/webp,image/apng,*/*;q=0.8,application/signed-exchange;v=b3',
  'referer' => 'http://172.16.101.22/home/login/',
  'accept-encoding' => 'gzip, deflate',
  'accept-language' => 'zh-CN,zh;q=0.9',
  'cookie' => 'PHPSESSID=v5df67lldm8402pi80d80qinnv; USERID=4; USERREALNAME=%E4%BB%BB%E5%B0%8F%E6%9B%BC',
)
[ info ] [ PARAM ] array (
)
[ info ] [ DB ] INIT mysql
[ info ] [ VIEW ] /var/www/manager_cmlaw/application/home/view/index/index.html [ array (
  0 => 'config',
  1 => 'menu',
  2 => 'system',
  3 => 'data',
) ]
[ sql ] [ DB ] CONNECT:[ UseTime:0.001327s ] mysql:host=172.16.101.20;port=3306;dbname=lawyer_cmlaw;charset=utf8
[ sql ] [ SQL ] SHOW COLUMNS FROM `auth_group_access` [ RunTime:0.001138s ]
[ sql ] [ SQL ] SELECT `groupid` FROM `auth_group_access` WHERE (  `userid` = 4 ) AND `auth_group_access`.`delete_time` IS NULL [ RunTime:0.000740s ]
[ sql ] [ SQL ] SHOW COLUMNS FROM `auth_group` [ RunTime:0.000941s ]
[ sql ] [ SQL ] SELECT `rules` FROM `auth_group` WHERE (  `id` IN (174) ) AND `auth_group`.`delete_time` IS NULL [ RunTime:0.000730s ]
[ sql ] [ SQL ] SHOW COLUMNS FROM `auth_rule` [ RunTime:0.000999s ]
[ sql ] [ SQL ] SELECT * FROM `auth_rule` WHERE  `id` IN (9,10,11,22,23,97,99,134,138,139,135,136,137,15,115,141,117,118,119,156,124,125,120,121,122,142,143,144,145,146,147,123,148,126,127,149,150,128,151,129,130,152,131,132,140,133,153,154,155,157,159,160,161,162,163,158,164,165,166,167,168)  AND `ruleid` = 0  AND `type` = 1 ORDER BY `paixun` DESC [ RunTime:0.001214s ]
[ sql ] [ SQL ] SELECT * FROM `auth_rule` WHERE  `id` IN (9,10,11,22,23,97,99,134,138,139,135,136,137,15,115,141,117,118,119,156,124,125,120,121,122,142,143,144,145,146,147,123,148,126,127,149,150,128,151,129,130,152,131,132,140,133,153,154,155,157,159,160,161,162,163,158,164,165,166,167,168)  AND `title` = 'index/index' LIMIT 1 [ RunTime:0.000878s ]
[ sql ] [ SQL ] SELECT * FROM `auth_rule` WHERE  `id` IN (9,10,11,22,23,97,99,134,138,139,135,136,137,15,115,141,117,118,119,156,124,125,120,121,122,142,143,144,145,146,147,123,148,126,127,149,150,128,151,129,130,152,131,132,140,133,153,154,155,157,159,160,161,162,163,158,164,165,166,167,168)  AND `ruleid` = 131  AND `type` = 1 ORDER BY `paixun` DESC [ RunTime:0.000916s ]
[ sql ] [ SQL ] SHOW COLUMNS FROM `user_view` [ RunTime:0.001512s ]
[ sql ] [ SQL ] SELECT * FROM `user_view` WHERE (  `iduser` = 4 ) AND `user_view`.`delete_time` IS NULL LIMIT 1 [ RunTime:0.001651s ]
[ sql ] [ SQL ] SELECT * FROM `user_view` WHERE (  `iduser` = 4 ) AND `user_view`.`delete_time` IS NULL LIMIT 1 [ RunTime:0.001023s ]
[ sql ] [ SQL ] SHOW COLUMNS FROM `anjian_user_view` [ RunTime:0.001646s ]
[ sql ] [ SQL ] SELECT COUNT(*) AS tp_count FROM `anjian_user_view` WHERE (  `iduser` = 4 ) AND `anjian_user_view`.`delete_time` IS NULL LIMIT 1 [ RunTime:0.003817s ]
[ sql ] [ SQL ] SHOW COLUMNS FROM `kehu` [ RunTime:0.001237s ]
[ sql ] [ SQL ] SELECT COUNT(*) AS tp_count FROM `kehu` WHERE `kehu`.`delete_time` IS NULL LIMIT 1 [ RunTime:0.000678s ]
[ sql ] [ SQL ] SHOW COLUMNS FROM `work` [ RunTime:0.001400s ]
[ sql ] [ SQL ] SELECT SUM(`work_unit`) AS tp_sum FROM `work` WHERE (  `userid` = 4  AND `work_end_date` LIKE '2019-05-16%' ) AND `work`.`delete_time` IS NULL LIMIT 1 [ RunTime:0.001257s ]
[ sql ] [ SQL ] SELECT SUM(`work_unit`) AS tp_sum FROM `work` WHERE (  `userid` = 4  AND `work_end_date` LIKE '2019-05%' ) AND `work`.`delete_time` IS NULL LIMIT 1 [ RunTime:0.000737s ]
[ sql ] [ SQL ] SELECT COUNT(*) AS tp_count FROM `kehu` WHERE `kehu`.`delete_time` IS NULL LIMIT 1 [ RunTime:0.000602s ]
---------------------------------------------------------------
[ 2019-05-16T10:00:27+08:00 ] 192.168.101.137 POST 172.16.101.22/home/index/getWorkChar
[运行时间：0.019239s] [吞吐率：51.98req/s] [内存消耗：1,207.25kb] [文件加载：88]
[ info ] [ LANG ] /var/www/manager_cmlaw/thinkphp/lang/zh-cn.php
[ info ] [ ROUTE ] array (
)
[ info ] [ HEADER ] array (
  'host' => '172.16.101.22',
  'connection' => 'keep-alive',
  'content-length' => '0',
  'accept' => 'application/json, text/javascript, */*; q=0.01',
  'origin' => 'http://172.16.101.22',
  'x-requested-with' => 'XMLHttpRequest',
  'user-agent' => 'Mozilla/5.0 (Windows NT 10.0; Win64; x64) AppleWebKit/537.36 (KHTML, like Gecko) Chrome/74.0.3729.108 Safari/537.36',
  'referer' => 'http://172.16.101.22/home/index/index',
  'accept-encoding' => 'gzip, deflate',
  'accept-language' => 'zh-CN,zh;q=0.9',
  'cookie' => 'PHPSESSID=v5df67lldm8402pi80d80qinnv; USERID=4; USERREALNAME=%E4%BB%BB%E5%B0%8F%E6%9B%BC',
)
[ info ] [ PARAM ] array (
)
[ info ] [ DB ] INIT mysql
[ sql ] [ DB ] CONNECT:[ UseTime:0.001545s ] mysql:host=172.16.101.20;port=3306;dbname=lawyer_cmlaw;charset=utf8
[ sql ] [ SQL ] SHOW COLUMNS FROM `auth_group_access` [ RunTime:0.001157s ]
[ sql ] [ SQL ] SELECT `groupid` FROM `auth_group_access` WHERE (  `userid` = 4 ) AND `auth_group_access`.`delete_time` IS NULL [ RunTime:0.000705s ]
[ sql ] [ SQL ] SHOW COLUMNS FROM `auth_group` [ RunTime:0.000906s ]
[ sql ] [ SQL ] SELECT `rules` FROM `auth_group` WHERE (  `id` IN (174) ) AND `auth_group`.`delete_time` IS NULL [ RunTime:0.000574s ]
[ sql ] [ SQL ] SHOW COLUMNS FROM `user_view` [ RunTime:0.001478s ]
[ sql ] [ SQL ] SELECT * FROM `user_view` WHERE (  `iduser` = 4 ) AND `user_view`.`delete_time` IS NULL LIMIT 1 [ RunTime:0.001257s ]
[ sql ] [ SQL ] SELECT * FROM `user_view` WHERE (  `iduser` = 4 ) AND `user_view`.`delete_time` IS NULL LIMIT 1 [ RunTime:0.001055s ]
[ sql ] [ SQL ] SHOW COLUMNS FROM `work_view` [ RunTime:0.001831s ]
[ sql ] [ SQL ] SELECT work_end_date as "date",sum(`work_unit`) as "sum" FROM `work_view` WHERE (  `iduser` = 4  AND `work_end_date` LIKE '%2019%' ) AND `work_view`.`delete_time` IS NULL GROUP BY `work_end_date` ORDER BY `work_end_date` ASC LIMIT 0,30 [ RunTime:0.002053s ]
---------------------------------------------------------------
[ 2019-05-16T10:00:29+08:00 ] 192.168.101.137 POST 172.16.101.22/quanxian/get.quanxian
[运行时间：0.033654s] [吞吐率：29.71req/s] [内存消耗：1,192.21kb] [文件加载：88]
[ info ] [ LANG ] /var/www/manager_cmlaw/thinkphp/lang/zh-cn.php
[ info ] [ ROUTE ] array (
  'rule' => 'quanxian/get.quanxian',
  'route' => 'api/quanxian/getQuanxian',
  'option' => 
  array (
    'merge_rule_regex' => false,
    'method' => 'get|post',
  ),
  'var' => 
  array (
  ),
)
[ info ] [ HEADER ] array (
  'host' => '172.16.101.22',
  'connection' => 'keep-alive',
  'content-length' => '0',
  'accept' => 'application/json, text/plain, */*',
  'origin' => 'http://172.16.101.22',
  'user-agent' => 'Mozilla/5.0 (Windows NT 10.0; Win64; x64) AppleWebKit/537.36 (KHTML, like Gecko) Chrome/74.0.3729.108 Safari/537.36',
  'referer' => 'http://172.16.101.22/zhangdan-guanli/zhangdan-guanli?zhangdan.html',
  'accept-encoding' => 'gzip, deflate',
  'accept-language' => 'zh-CN,zh;q=0.9',
  'cookie' => 'PHPSESSID=v5df67lldm8402pi80d80qinnv; USERID=4; USERREALNAME=%E4%BB%BB%E5%B0%8F%E6%9B%BC',
)
[ info ] [ PARAM ] array (
)
[ info ] [ DB ] INIT mysql
[ sql ] [ DB ] CONNECT:[ UseTime:0.001347s ] mysql:host=172.16.101.20;port=3306;dbname=lawyer_cmlaw;charset=utf8
[ sql ] [ SQL ] SHOW COLUMNS FROM `auth_group_access` [ RunTime:0.001274s ]
[ sql ] [ SQL ] SELECT `groupid` FROM `auth_group_access` WHERE (  `userid` = 4 ) AND `auth_group_access`.`delete_time` IS NULL [ RunTime:0.000799s ]
[ sql ] [ SQL ] SHOW COLUMNS FROM `auth_group` [ RunTime:0.000869s ]
[ sql ] [ SQL ] SELECT `rules` FROM `auth_group` WHERE (  `id` IN (174) ) AND `auth_group`.`delete_time` IS NULL [ RunTime:0.000589s ]
[ sql ] [ SQL ] SHOW COLUMNS FROM `auth_rule` [ RunTime:0.000819s ]
[ sql ] [ SQL ] SELECT * FROM `auth_rule` WHERE  `id` IN (9,10,11,22,23,97,99,134,138,139,135,136,137,15,115,141,117,118,119,156,124,125,120,121,122,142,143,144,145,146,147,123,148,126,127,149,150,128,151,129,130,152,131,132,140,133,153,154,155,157,159,160,161,162,163,158,164,165,166,167,168)  AND `ruleid` = 0  AND `type` = 1 ORDER BY `paixun` DESC [ RunTime:0.001160s ]
[ sql ] [ SQL ] SELECT * FROM `auth_rule` WHERE  `id` IN (9,10,11,22,23,97,99,134,138,139,135,136,137,15,115,141,117,118,119,156,124,125,120,121,122,142,143,144,145,146,147,123,148,126,127,149,150,128,151,129,130,152,131,132,140,133,153,154,155,157,159,160,161,162,163,158,164,165,166,167,168)  AND `title` = 'quanxian/getquanxian' LIMIT 1 [ RunTime:0.000866s ]
[ sql ] [ SQL ] SELECT * FROM `auth_rule` WHERE  `id` IN (9,10,11,22,23,97,99,134,138,139,135,136,137,15,115,141,117,118,119,156,124,125,120,121,122,142,143,144,145,146,147,123,148,126,127,149,150,128,151,129,130,152,131,132,140,133,153,154,155,157,159,160,161,162,163,158,164,165,166,167,168)  AND `ruleid` IS NULL  AND `type` = 1 ORDER BY `paixun` DESC [ RunTime:0.000763s ]
[ sql ] [ SQL ] SHOW COLUMNS FROM `user_view` [ RunTime:0.001528s ]
[ sql ] [ SQL ] SELECT * FROM `user_view` WHERE (  `iduser` = 4 ) AND `user_view`.`delete_time` IS NULL LIMIT 1 [ RunTime:0.001233s ]
[ sql ] [ SQL ] SELECT * FROM `user_view` WHERE (  `iduser` = 4 ) AND `user_view`.`delete_time` IS NULL LIMIT 1 [ RunTime:0.001067s ]
[ sql ] [ SQL ] SELECT `groupid` FROM `auth_group_access` WHERE (  `userid` = 4 ) AND `auth_group_access`.`delete_time` IS NULL [ RunTime:0.000594s ]
[ sql ] [ SQL ] SELECT `rules` FROM `auth_group` WHERE (  `id` IN (174) ) AND `auth_group`.`delete_time` IS NULL [ RunTime:0.000682s ]
[ sql ] [ SQL ] SELECT name,title as "url",substring(`title`,18) as "title" FROM `auth_rule` WHERE (  `id` IN (9,10,11,22,23,97,99,134,138,139,135,136,137,15,115,141,117,118,119,156,124,125,120,121,122,142,143,144,145,146,147,123,148,126,127,149,150,128,151,129,130,152,131,132,140,133,153,154,155,157,159,160,161,162,163,158,164,165,166,167,168)  AND `ruleid` = 157 ) AND `auth_rule`.`delete_time` IS NULL [ RunTime:0.007618s ]
[ sql ] [ SQL ] SELECT name,title as "url",substring(`title`,15) as "title" FROM `auth_rule` WHERE (  `id` IN (9,10,11,22,23,97,99,134,138,139,135,136,137,15,115,141,117,118,119,156,124,125,120,121,122,142,143,144,145,146,147,123,148,126,127,149,150,128,151,129,130,152,131,132,140,133,153,154,155,157,159,160,161,162,163,158,164,165,166,167,168)  AND `ruleid` = 158 ) AND `auth_rule`.`delete_time` IS NULL [ RunTime:0.001538s ]
[ sql ] [ SQL ] SELECT name,title as "url",substring(`title`,15) as "title" FROM `auth_rule` WHERE (  `id` IN (9,10,11,22,23,97,99,134,138,139,135,136,137,15,115,141,117,118,119,156,124,125,120,121,122,142,143,144,145,146,147,123,148,126,127,149,150,128,151,129,130,152,131,132,140,133,153,154,155,157,159,160,161,162,163,158,164,165,166,167,168)  AND `ruleid` = 0 ) AND `auth_rule`.`delete_time` IS NULL ORDER BY `paixun` DESC [ RunTime:0.000938s ]
---------------------------------------------------------------
[ 2019-05-16T10:00:29+08:00 ] 192.168.101.137 POST 172.16.101.22/quanxian/get.quanxian
[运行时间：0.057420s] [吞吐率：17.42req/s] [内存消耗：1,191.02kb] [文件加载：88]
[ info ] [ LANG ] /var/www/manager_cmlaw/thinkphp/lang/zh-cn.php
[ info ] [ ROUTE ] array (
  'rule' => 'quanxian/get.quanxian',
  'route' => 'api/quanxian/getQuanxian',
  'option' => 
  array (
    'merge_rule_regex' => false,
    'method' => 'get|post',
  ),
  'var' => 
  array (
  ),
)
[ info ] [ HEADER ] array (
  'host' => '172.16.101.22',
  'connection' => 'keep-alive',
  'content-length' => '0',
  'accept' => 'application/json, text/plain, */*',
  'origin' => 'http://172.16.101.22',
  'user-agent' => 'Mozilla/5.0 (Windows NT 10.0; Win64; x64) AppleWebKit/537.36 (KHTML, like Gecko) Chrome/74.0.3729.108 Safari/537.36',
  'referer' => 'http://172.16.101.22/zhangdan-guanli/zhangdan-guanli?zhangdan.html',
  'accept-encoding' => 'gzip, deflate',
  'accept-language' => 'zh-CN,zh;q=0.9',
  'cookie' => 'PHPSESSID=v5df67lldm8402pi80d80qinnv; USERID=4; USERREALNAME=%E4%BB%BB%E5%B0%8F%E6%9B%BC',
)
[ info ] [ PARAM ] array (
)
[ info ] [ DB ] INIT mysql
[ sql ] [ DB ] CONNECT:[ UseTime:0.001119s ] mysql:host=172.16.101.20;port=3306;dbname=lawyer_cmlaw;charset=utf8
[ sql ] [ SQL ] SHOW COLUMNS FROM `auth_group_access` [ RunTime:0.001159s ]
[ sql ] [ SQL ] SELECT `groupid` FROM `auth_group_access` WHERE (  `userid` = 4 ) AND `auth_group_access`.`delete_time` IS NULL [ RunTime:0.000684s ]
[ sql ] [ SQL ] SHOW COLUMNS FROM `auth_group` [ RunTime:0.001089s ]
[ sql ] [ SQL ] SELECT `rules` FROM `auth_group` WHERE (  `id` IN (174) ) AND `auth_group`.`delete_time` IS NULL [ RunTime:0.000586s ]
[ sql ] [ SQL ] SHOW COLUMNS FROM `auth_rule` [ RunTime:0.000914s ]
[ sql ] [ SQL ] SELECT * FROM `auth_rule` WHERE  `id` IN (9,10,11,22,23,97,99,134,138,139,135,136,137,15,115,141,117,118,119,156,124,125,120,121,122,142,143,144,145,146,147,123,148,126,127,149,150,128,151,129,130,152,131,132,140,133,153,154,155,157,159,160,161,162,163,158,164,165,166,167,168)  AND `ruleid` = 0  AND `type` = 1 ORDER BY `paixun` DESC [ RunTime:0.001097s ]
[ sql ] [ SQL ] SELECT * FROM `auth_rule` WHERE  `id` IN (9,10,11,22,23,97,99,134,138,139,135,136,137,15,115,141,117,118,119,156,124,125,120,121,122,142,143,144,145,146,147,123,148,126,127,149,150,128,151,129,130,152,131,132,140,133,153,154,155,157,159,160,161,162,163,158,164,165,166,167,168)  AND `title` = 'quanxian/getquanxian' LIMIT 1 [ RunTime:0.000877s ]
[ sql ] [ SQL ] SELECT * FROM `auth_rule` WHERE  `id` IN (9,10,11,22,23,97,99,134,138,139,135,136,137,15,115,141,117,118,119,156,124,125,120,121,122,142,143,144,145,146,147,123,148,126,127,149,150,128,151,129,130,152,131,132,140,133,153,154,155,157,159,160,161,162,163,158,164,165,166,167,168)  AND `ruleid` IS NULL  AND `type` = 1 ORDER BY `paixun` DESC [ RunTime:0.000823s ]
[ sql ] [ SQL ] SHOW COLUMNS FROM `user_view` [ RunTime:0.001430s ]
[ sql ] [ SQL ] SELECT * FROM `user_view` WHERE (  `iduser` = 4 ) AND `user_view`.`delete_time` IS NULL LIMIT 1 [ RunTime:0.001169s ]
[ sql ] [ SQL ] SELECT * FROM `user_view` WHERE (  `iduser` = 4 ) AND `user_view`.`delete_time` IS NULL LIMIT 1 [ RunTime:0.001016s ]
[ sql ] [ SQL ] SELECT `groupid` FROM `auth_group_access` WHERE (  `userid` = 4 ) AND `auth_group_access`.`delete_time` IS NULL [ RunTime:0.000588s ]
[ sql ] [ SQL ] SELECT `rules` FROM `auth_group` WHERE (  `id` IN (174) ) AND `auth_group`.`delete_time` IS NULL [ RunTime:0.000615s ]
[ sql ] [ SQL ] SELECT name,title as "url",substring(`title`,18) as "title" FROM `auth_rule` WHERE (  `id` IN (9,10,11,22,23,97,99,134,138,139,135,136,137,15,115,141,117,118,119,156,124,125,120,121,122,142,143,144,145,146,147,123,148,126,127,149,150,128,151,129,130,152,131,132,140,133,153,154,155,157,159,160,161,162,163,158,164,165,166,167,168)  AND `ruleid` = 157 ) AND `auth_rule`.`delete_time` IS NULL [ RunTime:0.000897s ]
[ sql ] [ SQL ] SELECT name,title as "url",substring(`title`,15) as "title" FROM `auth_rule` WHERE (  `id` IN (9,10,11,22,23,97,99,134,138,139,135,136,137,15,115,141,117,118,119,156,124,125,120,121,122,142,143,144,145,146,147,123,148,126,127,149,150,128,151,129,130,152,131,132,140,133,153,154,155,157,159,160,161,162,163,158,164,165,166,167,168)  AND `ruleid` = 158 ) AND `auth_rule`.`delete_time` IS NULL [ RunTime:0.000903s ]
[ sql ] [ SQL ] SELECT name,title as "url",substring(`title`,15) as "title" FROM `auth_rule` WHERE (  `id` IN (9,10,11,22,23,97,99,134,138,139,135,136,137,15,115,141,117,118,119,156,124,125,120,121,122,142,143,144,145,146,147,123,148,126,127,149,150,128,151,129,130,152,131,132,140,133,153,154,155,157,159,160,161,162,163,158,164,165,166,167,168)  AND `ruleid` = 0 ) AND `auth_rule`.`delete_time` IS NULL ORDER BY `paixun` DESC [ RunTime:0.001016s ]
---------------------------------------------------------------
[ 2019-05-16T10:00:29+08:00 ] 192.168.101.137 POST 172.16.101.22/quanxian/is.quanxian
[运行时间：0.048538s] [吞吐率：20.60req/s] [内存消耗：1,140.34kb] [文件加载：87]
[ info ] [ LANG ] /var/www/manager_cmlaw/thinkphp/lang/zh-cn.php
[ info ] [ ROUTE ] array (
  'rule' => 'quanxian/is.quanxian',
  'route' => 'api/quanxian/isQuanxian',
  'option' => 
  array (
    'merge_rule_regex' => false,
    'method' => 'get|post',
  ),
  'var' => 
  array (
  ),
)
[ info ] [ HEADER ] array (
  'host' => '172.16.101.22',
  'connection' => 'keep-alive',
  'content-length' => '42',
  'accept' => 'application/json, text/plain, */*',
  'origin' => 'http://172.16.101.22',
  'user-agent' => 'Mozilla/5.0 (Windows NT 10.0; Win64; x64) AppleWebKit/537.36 (KHTML, like Gecko) Chrome/74.0.3729.108 Safari/537.36',
  'content-type' => 'application/json;charset=UTF-8',
  'referer' => 'http://172.16.101.22/zhangdan-guanli/zhangdan-guanli?zhangdan.html',
  'accept-encoding' => 'gzip, deflate',
  'accept-language' => 'zh-CN,zh;q=0.9',
  'cookie' => 'PHPSESSID=v5df67lldm8402pi80d80qinnv; USERID=4; USERREALNAME=%E4%BB%BB%E5%B0%8F%E6%9B%BC',
)
[ info ] [ PARAM ] array (
  'url' => '/zhangdan-guanli/zhangdan-guanli',
)
[ info ] [ DB ] INIT mysql
[ sql ] [ DB ] CONNECT:[ UseTime:0.001041s ] mysql:host=172.16.101.20;port=3306;dbname=lawyer_cmlaw;charset=utf8
[ sql ] [ SQL ] SHOW COLUMNS FROM `auth_group_access` [ RunTime:0.001083s ]
[ sql ] [ SQL ] SELECT `groupid` FROM `auth_group_access` WHERE (  `userid` = 4 ) AND `auth_group_access`.`delete_time` IS NULL [ RunTime:0.000648s ]
[ sql ] [ SQL ] SHOW COLUMNS FROM `auth_group` [ RunTime:0.001022s ]
[ sql ] [ SQL ] SELECT `rules` FROM `auth_group` WHERE (  `id` IN (174) ) AND `auth_group`.`delete_time` IS NULL [ RunTime:0.000622s ]
[ sql ] [ SQL ] SHOW COLUMNS FROM `auth_rule` [ RunTime:0.000924s ]
[ sql ] [ SQL ] SELECT * FROM `auth_rule` WHERE  `id` IN (9,10,11,22,23,97,99,134,138,139,135,136,137,15,115,141,117,118,119,156,124,125,120,121,122,142,143,144,145,146,147,123,148,126,127,149,150,128,151,129,130,152,131,132,140,133,153,154,155,157,159,160,161,162,163,158,164,165,166,167,168)  AND `ruleid` = 0  AND `type` = 1 ORDER BY `paixun` DESC [ RunTime:0.001174s ]
[ sql ] [ SQL ] SELECT * FROM `auth_rule` WHERE  `id` IN (9,10,11,22,23,97,99,134,138,139,135,136,137,15,115,141,117,118,119,156,124,125,120,121,122,142,143,144,145,146,147,123,148,126,127,149,150,128,151,129,130,152,131,132,140,133,153,154,155,157,159,160,161,162,163,158,164,165,166,167,168)  AND `title` = 'quanxian/isquanxian' LIMIT 1 [ RunTime:0.000895s ]
[ sql ] [ SQL ] SELECT * FROM `auth_rule` WHERE  `id` IN (9,10,11,22,23,97,99,134,138,139,135,136,137,15,115,141,117,118,119,156,124,125,120,121,122,142,143,144,145,146,147,123,148,126,127,149,150,128,151,129,130,152,131,132,140,133,153,154,155,157,159,160,161,162,163,158,164,165,166,167,168)  AND `ruleid` IS NULL  AND `type` = 1 ORDER BY `paixun` DESC [ RunTime:0.000777s ]
[ sql ] [ SQL ] SHOW COLUMNS FROM `user_view` [ RunTime:0.001562s ]
[ sql ] [ SQL ] SELECT * FROM `user_view` WHERE (  `iduser` = 4 ) AND `user_view`.`delete_time` IS NULL LIMIT 1 [ RunTime:0.001163s ]
[ sql ] [ SQL ] SELECT * FROM `user_view` WHERE (  `iduser` = 4 ) AND `user_view`.`delete_time` IS NULL LIMIT 1 [ RunTime:0.000985s ]
[ sql ] [ SQL ] SELECT `id` FROM `auth_rule` WHERE (  `title` = '/zhangdan-guanli/zhangdan-guanli' ) AND `auth_rule`.`delete_time` IS NULL [ RunTime:0.000752s ]
[ sql ] [ SQL ] SELECT * FROM `auth_group` WHERE (  `status` = 1 ) AND `auth_group`.`delete_time` IS NULL [ RunTime:0.000666s ]
[ sql ] [ SQL ] SELECT * FROM `auth_group_access` WHERE (  `groupid` IN (1,173,174)  AND `userid` = 4 ) AND `auth_group_access`.`delete_time` IS NULL [ RunTime:0.002473s ]
---------------------------------------------------------------
[ 2019-05-16T10:00:29+08:00 ] 192.168.101.137 POST 172.16.101.22/zhangdan/zhangdan.list
[运行时间：0.083328s] [吞吐率：12.00req/s] [内存消耗：1,485.49kb] [文件加载：91]
[ info ] [ LANG ] /var/www/manager_cmlaw/thinkphp/lang/zh-cn.php
[ info ] [ ROUTE ] array (
  'rule' => 'zhangdan/zhangdan.list',
  'route' => 'api/zhangdan/zhangdan_list',
  'option' => 
  array (
    'merge_rule_regex' => false,
    'method' => 'get|post',
  ),
  'var' => 
  array (
  ),
)
[ info ] [ HEADER ] array (
  'host' => '172.16.101.22',
  'connection' => 'keep-alive',
  'content-length' => '63',
  'accept' => 'application/json, text/plain, */*',
  'origin' => 'http://172.16.101.22',
  'user-agent' => 'Mozilla/5.0 (Windows NT 10.0; Win64; x64) AppleWebKit/537.36 (KHTML, like Gecko) Chrome/74.0.3729.108 Safari/537.36',
  'content-type' => 'application/json;charset=UTF-8',
  'referer' => 'http://172.16.101.22/zhangdan-guanli/zhangdan-guanli?zhangdan.html',
  'accept-encoding' => 'gzip, deflate',
  'accept-language' => 'zh-CN,zh;q=0.9',
  'cookie' => 'PHPSESSID=v5df67lldm8402pi80d80qinnv; USERID=4; USERREALNAME=%E4%BB%BB%E5%B0%8F%E6%9B%BC',
)
[ info ] [ PARAM ] array (
  'tiaoshu' => 10,
  'zhangdan_status' => '1',
  'page' => 1,
  'type' => 'zhangdan',
)
[ info ] [ DB ] INIT mysql
[ sql ] [ DB ] CONNECT:[ UseTime:0.000870s ] mysql:host=172.16.101.20;port=3306;dbname=lawyer_cmlaw;charset=utf8
[ sql ] [ SQL ] SHOW COLUMNS FROM `auth_group_access` [ RunTime:0.000972s ]
[ sql ] [ SQL ] SELECT `groupid` FROM `auth_group_access` WHERE (  `userid` = 4 ) AND `auth_group_access`.`delete_time` IS NULL [ RunTime:0.000742s ]
[ sql ] [ SQL ] SHOW COLUMNS FROM `auth_group` [ RunTime:0.001034s ]
[ sql ] [ SQL ] SELECT `rules` FROM `auth_group` WHERE (  `id` IN (174) ) AND `auth_group`.`delete_time` IS NULL [ RunTime:0.000578s ]
[ sql ] [ SQL ] SHOW COLUMNS FROM `auth_rule` [ RunTime:0.000847s ]
[ sql ] [ SQL ] SELECT * FROM `auth_rule` WHERE  `id` IN (9,10,11,22,23,97,99,134,138,139,135,136,137,15,115,141,117,118,119,156,124,125,120,121,122,142,143,144,145,146,147,123,148,126,127,149,150,128,151,129,130,152,131,132,140,133,153,154,155,157,159,160,161,162,163,158,164,165,166,167,168)  AND `ruleid` = 0  AND `type` = 1 ORDER BY `paixun` DESC [ RunTime:0.001578s ]
[ sql ] [ SQL ] SELECT * FROM `auth_rule` WHERE  `id` IN (9,10,11,22,23,97,99,134,138,139,135,136,137,15,115,141,117,118,119,156,124,125,120,121,122,142,143,144,145,146,147,123,148,126,127,149,150,128,151,129,130,152,131,132,140,133,153,154,155,157,159,160,161,162,163,158,164,165,166,167,168)  AND `title` = 'zhangdan/zhangdan_list' LIMIT 1 [ RunTime:0.001007s ]
[ sql ] [ SQL ] SELECT * FROM `auth_rule` WHERE  `id` IN (9,10,11,22,23,97,99,134,138,139,135,136,137,15,115,141,117,118,119,156,124,125,120,121,122,142,143,144,145,146,147,123,148,126,127,149,150,128,151,129,130,152,131,132,140,133,153,154,155,157,159,160,161,162,163,158,164,165,166,167,168)  AND `ruleid` IS NULL  AND `type` = 1 ORDER BY `paixun` DESC [ RunTime:0.001315s ]
[ sql ] [ SQL ] SHOW COLUMNS FROM `user_view` [ RunTime:0.001444s ]
[ sql ] [ SQL ] SELECT * FROM `user_view` WHERE (  `iduser` = 4 ) AND `user_view`.`delete_time` IS NULL LIMIT 1 [ RunTime:0.001126s ]
[ sql ] [ SQL ] SELECT * FROM `user_view` WHERE (  `iduser` = 4 ) AND `user_view`.`delete_time` IS NULL LIMIT 1 [ RunTime:0.001060s ]
[ sql ] [ SQL ] SHOW COLUMNS FROM `anjian_has_user` [ RunTime:0.000960s ]
[ sql ] [ SQL ] SELECT `anjianid` FROM `anjian_has_user` WHERE (  `userid` = 4 ) AND `anjian_has_user`.`delete_time` IS NULL [ RunTime:0.001529s ]
[ sql ] [ SQL ] SHOW COLUMNS FROM `zhangdan_1_view` [ RunTime:0.001858s ]
[ sql ] [ SQL ] SELECT COUNT(*) AS tp_count FROM `zhangdan_1_view` WHERE (  `zhangdan_status` LIKE %1%  AND `idanjian` IN (1,2,3,4,5,6,7,8,9,10,11,12,13,14,15,16,17,18,19,21,22,23,24,25,26,27,28,29,30,31,32,33,34,35,36,37,38,39,40,41,42,43,44,45,46,47,48,49,50,51,52,53,54,55,56,57,58,59,60,61,62,63,64,65,66,67,68,69,70,71,72,73,74,75,76,77,78,79,81,82,83,84,85,86,87,88,89,90,91,92,93,94,95,96,97,98,99,100,101,102,103,104,105,106,107,108,109,110,111,112,113,114,115,116,117,118,119,120,121,122,123,124,125,126,127,128,129,130,131,132,133,134,135,137,138,139,140,141,20,145,147,151,155,156,157,158,159,160,163,172,136,176,182,183,184,185,186,189,190,171,211,216,219,222,248,252,255,256,257,258,269,271,270,274,275,277,279,280,281,282,283,284,285,286,287,294,304,306,316,323,332,333,334,336,337,338,344,345,346,324,358,359,360,361,363,364,365,366,369,371,373,387,391,191,394,395,396,401,403,80,370,410,413,415,418,420,422,423,424,425,426,427,428,429,430,432,434,435,436,437,433,441,440,445,462,439,438,446,444,431,442,463,476,477,443,478,479,481,480,483,482,484,485,486,489,493)  AND ( `add_userid` = 4 OR `iduser` = 4 ) ) AND `zhangdan_1_view`.`delete_time` IS NULL LIMIT 1 [ RunTime:0.002878s ]
[ sql ] [ SQL ] SELECT `idzhangdan`,`zhangdan_number`,`zhangdan_type`,`zhangdan_bizhong`,`zhangdan_date`,`zhangdan_money`,`zhangdan_status`,`user_realname`,`idanjian`,`anjian_number`,`anjian_title`,`create_time`,`zhangdan_jindu`,`zhangdan_fapiao` FROM `zhangdan_1_view` WHERE (  `zhangdan_status` LIKE %1%  AND `idanjian` IN (1,2,3,4,5,6,7,8,9,10,11,12,13,14,15,16,17,18,19,21,22,23,24,25,26,27,28,29,30,31,32,33,34,35,36,37,38,39,40,41,42,43,44,45,46,47,48,49,50,51,52,53,54,55,56,57,58,59,60,61,62,63,64,65,66,67,68,69,70,71,72,73,74,75,76,77,78,79,81,82,83,84,85,86,87,88,89,90,91,92,93,94,95,96,97,98,99,100,101,102,103,104,105,106,107,108,109,110,111,112,113,114,115,116,117,118,119,120,121,122,123,124,125,126,127,128,129,130,131,132,133,134,135,137,138,139,140,141,20,145,147,151,155,156,157,158,159,160,163,172,136,176,182,183,184,185,186,189,190,171,211,216,219,222,248,252,255,256,257,258,269,271,270,274,275,277,279,280,281,282,283,284,285,286,287,294,304,306,316,323,332,333,334,336,337,338,344,345,346,324,358,359,360,361,363,364,365,366,369,371,373,387,391,191,394,395,396,401,403,80,370,410,413,415,418,420,422,423,424,425,426,427,428,429,430,432,434,435,436,437,433,441,440,445,462,439,438,446,444,431,442,463,476,477,443,478,479,481,480,483,482,484,485,486,489,493)  AND ( `add_userid` = 4 OR `iduser` = 4 ) ) AND `zhangdan_1_view`.`delete_time` IS NULL ORDER BY `idzhangdan` DESC LIMIT 0,10 [ RunTime:0.003067s ]
[ sql ] [ SQL ] SELECT zhangdan_status as status,count(*) as sum FROM `zhangdan_1_view` WHERE (  `idanjian` IN (1,2,3,4,5,6,7,8,9,10,11,12,13,14,15,16,17,18,19,21,22,23,24,25,26,27,28,29,30,31,32,33,34,35,36,37,38,39,40,41,42,43,44,45,46,47,48,49,50,51,52,53,54,55,56,57,58,59,60,61,62,63,64,65,66,67,68,69,70,71,72,73,74,75,76,77,78,79,81,82,83,84,85,86,87,88,89,90,91,92,93,94,95,96,97,98,99,100,101,102,103,104,105,106,107,108,109,110,111,112,113,114,115,116,117,118,119,120,121,122,123,124,125,126,127,128,129,130,131,132,133,134,135,137,138,139,140,141,20,145,147,151,155,156,157,158,159,160,163,172,136,176,182,183,184,185,186,189,190,171,211,216,219,222,248,252,255,256,257,258,269,271,270,274,275,277,279,280,281,282,283,284,285,286,287,294,304,306,316,323,332,333,334,336,337,338,344,345,346,324,358,359,360,361,363,364,365,366,369,371,373,387,391,191,394,395,396,401,403,80,370,410,413,415,418,420,422,423,424,425,426,427,428,429,430,432,434,435,436,437,433,441,440,445,462,439,438,446,444,431,442,463,476,477,443,478,479,481,480,483,482,484,485,486,489,493)  AND ( `add_userid` = 4 OR `iduser` = 4 ) ) AND `zhangdan_1_view`.`delete_time` IS NULL GROUP BY `zhangdan_status` [ RunTime:0.002844s ]
---------------------------------------------------------------
[ 2019-05-16T10:00:29+08:00 ] 192.168.101.137 POST 172.16.101.22/user/hehuoren.list
[运行时间：0.100068s] [吞吐率：9.99req/s] [内存消耗：1,154.11kb] [文件加载：86]
[ info ] [ LANG ] /var/www/manager_cmlaw/thinkphp/lang/zh-cn.php
[ info ] [ ROUTE ] array (
  'rule' => 'user/hehuoren.list',
  'route' => 'api/user/hehuoren_list',
  'option' => 
  array (
    'merge_rule_regex' => false,
    'method' => 'get|post',
  ),
  'var' => 
  array (
  ),
)
[ info ] [ HEADER ] array (
  'host' => '172.16.101.22',
  'connection' => 'keep-alive',
  'content-length' => '0',
  'accept' => 'application/json, text/plain, */*',
  'origin' => 'http://172.16.101.22',
  'user-agent' => 'Mozilla/5.0 (Windows NT 10.0; Win64; x64) AppleWebKit/537.36 (KHTML, like Gecko) Chrome/74.0.3729.108 Safari/537.36',
  'referer' => 'http://172.16.101.22/zhangdan-guanli/zhangdan-guanli?zhangdan.html',
  'accept-encoding' => 'gzip, deflate',
  'accept-language' => 'zh-CN,zh;q=0.9',
  'cookie' => 'PHPSESSID=v5df67lldm8402pi80d80qinnv; USERID=4; USERREALNAME=%E4%BB%BB%E5%B0%8F%E6%9B%BC',
)
[ info ] [ PARAM ] array (
)
[ info ] [ DB ] INIT mysql
[ sql ] [ DB ] CONNECT:[ UseTime:0.001216s ] mysql:host=172.16.101.20;port=3306;dbname=lawyer_cmlaw;charset=utf8
[ sql ] [ SQL ] SHOW COLUMNS FROM `auth_group_access` [ RunTime:0.001130s ]
[ sql ] [ SQL ] SELECT `groupid` FROM `auth_group_access` WHERE (  `userid` = 4 ) AND `auth_group_access`.`delete_time` IS NULL [ RunTime:0.000746s ]
[ sql ] [ SQL ] SHOW COLUMNS FROM `auth_group` [ RunTime:0.000990s ]
[ sql ] [ SQL ] SELECT `rules` FROM `auth_group` WHERE (  `id` IN (174) ) AND `auth_group`.`delete_time` IS NULL [ RunTime:0.000749s ]
[ sql ] [ SQL ] SHOW COLUMNS FROM `auth_rule` [ RunTime:0.001012s ]
[ sql ] [ SQL ] SELECT * FROM `auth_rule` WHERE  `id` IN (9,10,11,22,23,97,99,134,138,139,135,136,137,15,115,141,117,118,119,156,124,125,120,121,122,142,143,144,145,146,147,123,148,126,127,149,150,128,151,129,130,152,131,132,140,133,153,154,155,157,159,160,161,162,163,158,164,165,166,167,168)  AND `ruleid` = 0  AND `type` = 1 ORDER BY `paixun` DESC [ RunTime:0.001143s ]
[ sql ] [ SQL ] SELECT * FROM `auth_rule` WHERE  `id` IN (9,10,11,22,23,97,99,134,138,139,135,136,137,15,115,141,117,118,119,156,124,125,120,121,122,142,143,144,145,146,147,123,148,126,127,149,150,128,151,129,130,152,131,132,140,133,153,154,155,157,159,160,161,162,163,158,164,165,166,167,168)  AND `title` = 'user/hehuoren_list' LIMIT 1 [ RunTime:0.000897s ]
[ sql ] [ SQL ] SELECT * FROM `auth_rule` WHERE  `id` IN (9,10,11,22,23,97,99,134,138,139,135,136,137,15,115,141,117,118,119,156,124,125,120,121,122,142,143,144,145,146,147,123,148,126,127,149,150,128,151,129,130,152,131,132,140,133,153,154,155,157,159,160,161,162,163,158,164,165,166,167,168)  AND `ruleid` IS NULL  AND `type` = 1 ORDER BY `paixun` DESC [ RunTime:0.000812s ]
[ sql ] [ SQL ] SHOW COLUMNS FROM `user_view` [ RunTime:0.001552s ]
[ sql ] [ SQL ] SELECT * FROM `user_view` WHERE (  `iduser` = 4 ) AND `user_view`.`delete_time` IS NULL LIMIT 1 [ RunTime:0.001188s ]
[ sql ] [ SQL ] SELECT * FROM `user_view` WHERE (  `iduser` = 4 ) AND `user_view`.`delete_time` IS NULL LIMIT 1 [ RunTime:0.001079s ]
[ sql ] [ SQL ] SELECT `iduser`,`user_realname`,`bumen_name` FROM `user_view` WHERE (  `idzhiwei` = 2 ) AND `user_view`.`delete_time` IS NULL [ RunTime:0.000900s ]
---------------------------------------------------------------
[ 2019-05-16T10:00:29+08:00 ] 192.168.101.137 POST 172.16.101.22/anjian/anjian.list
[运行时间：0.113406s] [吞吐率：8.82req/s] [内存消耗：1,189.94kb] [文件加载：87]
[ info ] [ LANG ] /var/www/manager_cmlaw/thinkphp/lang/zh-cn.php
[ info ] [ ROUTE ] array (
  'rule' => 'anjian/anjian.list',
  'route' => 'api/anjian/anjian_list',
  'option' => 
  array (
    'merge_rule_regex' => false,
    'method' => 'get|post',
  ),
  'var' => 
  array (
  ),
)
[ info ] [ HEADER ] array (
  'host' => '172.16.101.22',
  'connection' => 'keep-alive',
  'content-length' => '0',
  'accept' => 'application/json, text/plain, */*',
  'origin' => 'http://172.16.101.22',
  'user-agent' => 'Mozilla/5.0 (Windows NT 10.0; Win64; x64) AppleWebKit/537.36 (KHTML, like Gecko) Chrome/74.0.3729.108 Safari/537.36',
  'referer' => 'http://172.16.101.22/zhangdan-guanli/zhangdan-guanli?zhangdan.html',
  'accept-encoding' => 'gzip, deflate',
  'accept-language' => 'zh-CN,zh;q=0.9',
  'cookie' => 'PHPSESSID=v5df67lldm8402pi80d80qinnv; USERID=4; USERREALNAME=%E4%BB%BB%E5%B0%8F%E6%9B%BC',
)
[ info ] [ PARAM ] array (
)
[ info ] [ DB ] INIT mysql
[ sql ] [ DB ] CONNECT:[ UseTime:0.000821s ] mysql:host=172.16.101.20;port=3306;dbname=lawyer_cmlaw;charset=utf8
[ sql ] [ SQL ] SHOW COLUMNS FROM `auth_group_access` [ RunTime:0.000937s ]
[ sql ] [ SQL ] SELECT `groupid` FROM `auth_group_access` WHERE (  `userid` = 4 ) AND `auth_group_access`.`delete_time` IS NULL [ RunTime:0.000602s ]
[ sql ] [ SQL ] SHOW COLUMNS FROM `auth_group` [ RunTime:0.000913s ]
[ sql ] [ SQL ] SELECT `rules` FROM `auth_group` WHERE (  `id` IN (174) ) AND `auth_group`.`delete_time` IS NULL [ RunTime:0.000599s ]
[ sql ] [ SQL ] SHOW COLUMNS FROM `auth_rule` [ RunTime:0.000900s ]
[ sql ] [ SQL ] SELECT * FROM `auth_rule` WHERE  `id` IN (9,10,11,22,23,97,99,134,138,139,135,136,137,15,115,141,117,118,119,156,124,125,120,121,122,142,143,144,145,146,147,123,148,126,127,149,150,128,151,129,130,152,131,132,140,133,153,154,155,157,159,160,161,162,163,158,164,165,166,167,168)  AND `ruleid` = 0  AND `type` = 1 ORDER BY `paixun` DESC [ RunTime:0.001081s ]
[ sql ] [ SQL ] SELECT * FROM `auth_rule` WHERE  `id` IN (9,10,11,22,23,97,99,134,138,139,135,136,137,15,115,141,117,118,119,156,124,125,120,121,122,142,143,144,145,146,147,123,148,126,127,149,150,128,151,129,130,152,131,132,140,133,153,154,155,157,159,160,161,162,163,158,164,165,166,167,168)  AND `title` = 'anjian/anjian_list' LIMIT 1 [ RunTime:0.000849s ]
[ sql ] [ SQL ] SELECT * FROM `auth_rule` WHERE  `id` IN (9,10,11,22,23,97,99,134,138,139,135,136,137,15,115,141,117,118,119,156,124,125,120,121,122,142,143,144,145,146,147,123,148,126,127,149,150,128,151,129,130,152,131,132,140,133,153,154,155,157,159,160,161,162,163,158,164,165,166,167,168)  AND `ruleid` IS NULL  AND `type` = 1 ORDER BY `paixun` DESC [ RunTime:0.000756s ]
[ sql ] [ SQL ] SHOW COLUMNS FROM `user_view` [ RunTime:0.001380s ]
[ sql ] [ SQL ] SELECT * FROM `user_view` WHERE (  `iduser` = 4 ) AND `user_view`.`delete_time` IS NULL LIMIT 1 [ RunTime:0.001171s ]
[ sql ] [ SQL ] SELECT * FROM `user_view` WHERE (  `iduser` = 4 ) AND `user_view`.`delete_time` IS NULL LIMIT 1 [ RunTime:0.001014s ]
[ sql ] [ SQL ] SHOW COLUMNS FROM `anjian_user_view` [ RunTime:0.001651s ]
[ sql ] [ SQL ] SELECT `idanjian`,`anjian_number`,`anjian_title`,`anjian_date`,`anjian_status`,`fensuo_name`,`zhonglei_name`,`idkehu`,`kehu_name` FROM `anjian_user_view` WHERE (  `iduser` = 4  AND `anjian_status` = 3 ) AND `anjian_user_view`.`delete_time` IS NULL ORDER BY `idanjian` ASC [ RunTime:0.001704s ]
---------------------------------------------------------------
[ 2019-05-16T15:47:59+08:00 ] 192.168.101.129 GET 172.16.101.22/admin/role/role_list
[运行时间：0.089746s] [吞吐率：11.14req/s] [内存消耗：1,372.91kb] [文件加载：80]
[ info ] [ LANG ] /var/www/manager_cmlaw/thinkphp/lang/zh-cn.php
[ info ] [ ROUTE ] array (
  'rule' => 'admin/role/role_list',
  'route' => 'admin/role/role_list',
  'option' => 
  array (
    'merge_rule_regex' => false,
    'method' => 'get',
  ),
  'var' => 
  array (
  ),
)
[ info ] [ HEADER ] array (
  'user-agent' => 'PostmanRuntime/7.13.0',
  'accept' => '*/*',
  'cache-control' => 'no-cache',
  'postman-token' => '352b2781-5a75-42e0-899f-871f58cfa125',
  'host' => '172.16.101.22',
  'cookie' => 'PHPSESSID=dr5pv94bdi5udcvlgt2smvubf3',
  'accept-encoding' => 'gzip, deflate',
  'connection' => 'keep-alive',
)
[ info ] [ PARAM ] array (
)
[ info ] [ DB ] INIT mysql
[ sql ] [ DB ] CONNECT:[ UseTime:0.002215s ] mysql:host=172.16.101.20;port=3306;dbname=lawyer_cmlaw;charset=utf8
[ sql ] [ SQL ] SHOW COLUMNS FROM `qx_role` [ RunTime:0.001467s ]
[ sql ] [ SQL ] SELECT * FROM `qx_role` [ RunTime:0.000880s ]
---------------------------------------------------------------
[ 2019-05-16T15:54:18+08:00 ] 192.168.101.129 GET 172.16.101.22/admin/role/role_list
[运行时间：0.018485s] [吞吐率：54.10req/s] [内存消耗：975.26kb] [文件加载：80]
[ info ] [ LANG ] /var/www/manager_cmlaw/thinkphp/lang/zh-cn.php
[ info ] [ ROUTE ] array (
  'rule' => 'admin/role/role_list',
  'route' => 'admin/role/role_list',
  'option' => 
  array (
    'merge_rule_regex' => false,
    'method' => 'get',
  ),
  'var' => 
  array (
  ),
)
[ info ] [ HEADER ] array (
  'user-agent' => 'PostmanRuntime/7.13.0',
  'accept' => '*/*',
  'cache-control' => 'no-cache',
  'postman-token' => '01068054-b2b8-4f79-9c10-3b1700ec7a5f',
  'host' => '172.16.101.22',
  'cookie' => 'PHPSESSID=dr5pv94bdi5udcvlgt2smvubf3',
  'accept-encoding' => 'gzip, deflate',
  'connection' => 'keep-alive',
)
[ info ] [ PARAM ] array (
)
[ info ] [ DB ] INIT mysql
[ sql ] [ DB ] CONNECT:[ UseTime:0.001737s ] mysql:host=172.16.101.20;port=3306;dbname=lawyer_cmlaw;charset=utf8
[ sql ] [ SQL ] SHOW COLUMNS FROM `qx_role` [ RunTime:0.001663s ]
[ sql ] [ SQL ] SELECT * FROM `qx_role` [ RunTime:0.000891s ]
